[0.039s] Invoking command in '/home/manuel/robotic-models/ws_moveit2/build/moveit_setup_app_plugins': AMENT_PREFIX_PATH=/home/manuel/robotic-models/ws_moveit2/install/moveit_setup_framework:/home/manuel/robotic-models/ws_moveit2/install/moveit_ros_visualization:/home/manuel/robotic-models/ws_moveit2/install/moveit_ros_planning_interface:/home/manuel/robotic-models/ws_moveit2/install/moveit_ros_move_group:/home/manuel/robotic-models/ws_moveit2/install/moveit_ros_warehouse:/home/manuel/robotic-models/ws_moveit2/install/moveit_ros_robot_interaction:/home/manuel/robotic-models/ws_moveit2/install/moveit_kinematics:/home/manuel/robotic-models/ws_moveit2/install/moveit_ros_planning:/home/manuel/robotic-models/ws_moveit2/install/moveit_ros_occupancy_map_monitor:/home/manuel/robotic-models/ws_moveit2/install/moveit_core:/home/manuel/robotic-models/ws_moveit2/install/moveit_configs_utils:/home/manuel/robotic-models/ws_moveit2/install/srdfdom:/home/manuel/robotic-models/ws_moveit2/install/moveit_common:/home/manuel/robotic-models/ws_moveit2/install/launch_param_builder:${AMENT_PREFIX_PATH} CMAKE_PREFIX_PATH=/home/manuel/robotic-models/ws_moveit2/install/moveit_setup_framework:/home/manuel/robotic-models/ws_moveit2/install/moveit_ros_visualization:/home/manuel/robotic-models/ws_moveit2/install/moveit_ros_planning_interface:/home/manuel/robotic-models/ws_moveit2/install/moveit_ros_move_group:/home/manuel/robotic-models/ws_moveit2/install/moveit_ros_warehouse:/home/manuel/robotic-models/ws_moveit2/install/moveit_ros_robot_interaction:/home/manuel/robotic-models/ws_moveit2/install/moveit_kinematics:/home/manuel/robotic-models/ws_moveit2/install/moveit_ros_planning:/home/manuel/robotic-models/ws_moveit2/install/moveit_ros_occupancy_map_monitor:/home/manuel/robotic-models/ws_moveit2/install/moveit_core:/home/manuel/robotic-models/ws_moveit2/install/srdfdom:/home/manuel/robotic-models/ws_moveit2/install/moveit_common:/opt/ros/humble LD_LIBRARY_PATH=/home/manuel/robotic-models/ws_moveit2/install/moveit_setup_framework/lib:/home/manuel/robotic-models/ws_moveit2/install/moveit_ros_visualization/lib:/home/manuel/robotic-models/ws_moveit2/install/moveit_ros_planning_interface/lib:/home/manuel/robotic-models/ws_moveit2/install/moveit_ros_move_group/lib:/home/manuel/robotic-models/ws_moveit2/install/moveit_ros_warehouse/lib:/home/manuel/robotic-models/ws_moveit2/install/moveit_ros_robot_interaction/lib:/home/manuel/robotic-models/ws_moveit2/install/moveit_kinematics/lib:/home/manuel/robotic-models/ws_moveit2/install/moveit_ros_planning/lib:/home/manuel/robotic-models/ws_moveit2/install/moveit_ros_occupancy_map_monitor/lib:/home/manuel/robotic-models/ws_moveit2/install/moveit_core/lib:/home/manuel/robotic-models/ws_moveit2/install/srdfdom/lib:${LD_LIBRARY_PATH} PATH=/home/manuel/robotic-models/ws_moveit2/install/moveit_core/bin:${PATH} PYTHONPATH=/home/manuel/robotic-models/ws_moveit2/install/moveit_configs_utils/lib/python3.10/site-packages:/home/manuel/robotic-models/ws_moveit2/install/srdfdom/local/lib/python3.10/dist-packages:/home/manuel/robotic-models/ws_moveit2/install/launch_param_builder/lib/python3.10/site-packages:${PYTHONPATH} /usr/bin/cmake /home/manuel/robotic-models/ws_moveit2/src/moveit2/moveit_setup_assistant/moveit_setup_app_plugins -DCMAKE_BUILD_TYPE=Release -DCMAKE_INSTALL_PREFIX=/home/manuel/robotic-models/ws_moveit2/install/moveit_setup_app_plugins
[0.109s] -- The C compiler identification is GNU 11.4.0
[0.182s] -- The CXX compiler identification is GNU 11.4.0
[0.190s] -- Detecting C compiler ABI info
[0.277s] -- Detecting C compiler ABI info - done
[0.286s] -- Check for working C compiler: /usr/bin/cc - skipped
[0.287s] -- Detecting C compile features
[0.287s] -- Detecting C compile features - done
[0.292s] -- Detecting CXX compiler ABI info
[0.442s] -- Detecting CXX compiler ABI info - done
[0.453s] -- Check for working CXX compiler: /usr/bin/c++ - skipped
[0.453s] -- Detecting CXX compile features
[0.453s] -- Detecting CXX compile features - done
[0.457s] -- Found moveit_common: 2.5.5 (/home/manuel/robotic-models/ws_moveit2/install/moveit_common/share/moveit_common/cmake)
[0.460s] -- Found ament_cmake: 1.3.8 (/opt/ros/humble/share/ament_cmake/cmake)
[0.672s] -- Found Python3: /usr/bin/python3 (found version "3.10.12") found components: Interpreter 
[0.956s] -- Found libdw: /usr/lib/x86_64-linux-gnu/libdw.so  
[0.966s] -- Could NOT find libbfd (missing: LIBBFD_LIBRARY LIBBFD_INCLUDE_DIR) 
[0.966s] -- BACKWARD_HAS_UNWIND=1
[0.966s] -- BACKWARD_HAS_BACKTRACE=0
[0.967s] -- BACKWARD_HAS_BACKTRACE_SYMBOL=0
[0.967s] -- BACKWARD_HAS_DW=1
[0.967s] -- BACKWARD_HAS_BFD=0
[0.967s] -- Found Backward: /opt/ros/humble/share/backward_ros/cmake  
[0.973s] -- Found ament_cmake_ros: 0.10.0 (/opt/ros/humble/share/ament_cmake_ros/cmake)
[0.991s] -- Found ament_index_cpp: 1.4.0 (/opt/ros/humble/share/ament_index_cpp/cmake)
[0.992s] -- Found moveit_ros_visualization: 2.5.5 (/home/manuel/robotic-models/ws_moveit2/install/moveit_ros_visualization/share/moveit_ros_visualization/cmake)
[1.442s] -- Found Boost: /usr/lib/x86_64-linux-gnu/cmake/Boost-1.74.0/BoostConfig.cmake (found version "1.74.0") found components: thread date_time system filesystem 
[1.487s] -- Found Boost: /usr/lib/x86_64-linux-gnu/cmake/Boost-1.74.0/BoostConfig.cmake (found version "1.74.0") found components: filesystem 
[1.576s] -- Found rosidl_generator_c: 3.1.5 (/opt/ros/humble/share/rosidl_generator_c/cmake)
[1.585s] -- Found rosidl_adapter: 3.1.5 (/opt/ros/humble/share/rosidl_adapter/cmake)
[1.603s] -- Found rosidl_generator_cpp: 3.1.5 (/opt/ros/humble/share/rosidl_generator_cpp/cmake)
[1.632s] -- Using all available rosidl_typesupport_c: rosidl_typesupport_fastrtps_c;rosidl_typesupport_introspection_c
[1.659s] -- Using all available rosidl_typesupport_cpp: rosidl_typesupport_fastrtps_cpp;rosidl_typesupport_introspection_cpp
[1.951s] -- Found rmw_implementation_cmake: 6.1.1 (/opt/ros/humble/share/rmw_implementation_cmake/cmake)
[1.957s] -- Found rmw_fastrtps_cpp: 6.2.6 (/opt/ros/humble/share/rmw_fastrtps_cpp/cmake)
[2.114s] -- Found OpenSSL: /usr/lib/x86_64-linux-gnu/libcrypto.so (found version "3.0.2")  
[2.163s] -- Found FastRTPS: /opt/ros/humble/include  
[2.259s] -- Using RMW implementation 'rmw_fastrtps_cpp' as default
[2.282s] -- Found Threads: TRUE  
[2.591s] -- library: /usr/lib/x86_64-linux-gnu/libcurl.so
[3.056s] -- Found Boost: /usr/lib/x86_64-linux-gnu/cmake/Boost-1.74.0/BoostConfig.cmake (found version "1.74.0") found components: system filesystem date_time program_options thread chrono 
[3.665s] -- Found Boost: /usr/lib/x86_64-linux-gnu/cmake/Boost-1.74.0/BoostConfig.cmake (found version "1.74.0") found components: chrono date_time filesystem iostreams program_options regex serialization system thread 
[3.724s] -- Found parameter_traits: 0.3.8 (/opt/ros/humble/share/parameter_traits/cmake)
[3.749s] -- Found Eigen3: TRUE (found version "3.4.0") 
[3.754s] -- Found rclcpp_lifecycle: 16.0.8 (/opt/ros/humble/share/rclcpp_lifecycle/cmake)
[3.851s] -- Ensuring Eigen3 include directory is part of orocos-kdl CMake target
[5.898s] -- Found Boost: /usr/lib/x86_64-linux-gnu/cmake/Boost-1.74.0/BoostConfig.cmake (found version "1.74.0") found components: date_time filesystem program_options system thread 
[6.200s] -- Found Boost: /usr/lib/x86_64-linux-gnu/cmake/Boost-1.74.0/BoostConfig.cmake (found version "1.74.0") found components: thread system filesystem regex date_time program_options 
[6.573s] -- Found Boost: /usr/lib/x86_64-linux-gnu/cmake/Boost-1.74.0/BoostConfig.cmake (found version "1.74.0") found components: system filesystem date_time program_options thread 
[8.704s] -- Setting OGRE_DIR to: '/opt/ros/humble/share/rviz_ogre_vendor/cmake/../../../opt/rviz_ogre_vendor/lib/OGRE/cmake'
[8.707s] -- Found OGRE
[8.707s] --   static     : OFF
[8.707s] --   components : HLMS;MeshLodGenerator;Overlay;Paging;Property;RTShaderSystem;Terrain;Volume
[8.707s] --   plugins    : Plugin_BSPSceneManager;Plugin_OctreeSceneManager;Plugin_PCZSceneManager;Plugin_ParticleFX;RenderSystem_GL;RenderSystem_GL3Plus;Codec_STBI
[8.708s] --   media      : /opt/ros/humble/opt/rviz_ogre_vendor/share/OGRE/Media
[8.708s] -- OGRE_LIBRARIES: OgreHLMS;OgreMeshLodGenerator;OgreOverlay;OgrePaging;OgreProperty;OgreRTShaderSystem;OgreTerrain;OgreVolume;OgreMain
[8.708s] -- OGRE_LIBRARY_DIRS: /opt/ros/humble/opt/rviz_ogre_vendor/lib
[8.708s] -- OGRE_PLUGINS: Plugin_BSPSceneManager;Plugin_OctreeSceneManager;Plugin_PCZSceneManager;Plugin_ParticleFX;RenderSystem_GL;RenderSystem_GL3Plus;Codec_STBI
[8.708s] -- OGRE_PLUGIN_DIR: /opt/ros/humble/opt/rviz_ogre_vendor/lib/OGRE
[8.709s] -- rviz_ogre_vendor::OgreOverlay for IMPORTED_LOCATION_RELEASE: /opt/ros/humble/opt/rviz_ogre_vendor/lib/libOgreOverlay.so
[8.709s] -- rviz_ogre_vendor::OgreOverlay for IMPORTED_LOCATION_DEBUG: /opt/ros/humble/opt/rviz_ogre_vendor/lib/libOgreOverlay.so
[8.709s] -- rviz_ogre_vendor::OgreMain for IMPORTED_LOCATION_RELEASE: /opt/ros/humble/opt/rviz_ogre_vendor/lib/libOgreMain.so
[8.709s] -- rviz_ogre_vendor::OgreMain for IMPORTED_LOCATION_DEBUG: /opt/ros/humble/opt/rviz_ogre_vendor/lib/libOgreMain.so
[8.741s] -- Found ZLIB: /usr/lib/x86_64-linux-gnu/libz.so (found version "1.2.11") 
[8.750s] -- Found OpenGL: /usr/lib/x86_64-linux-gnu/libOpenGL.so   
[9.074s] -- Found X11: /usr/include   
[9.074s] -- Looking for XOpenDisplay in /usr/lib/x86_64-linux-gnu/libX11.so;/usr/lib/x86_64-linux-gnu/libXext.so
[9.379s] -- Looking for XOpenDisplay in /usr/lib/x86_64-linux-gnu/libX11.so;/usr/lib/x86_64-linux-gnu/libXext.so - found
[9.379s] -- Looking for gethostbyname
[9.884s] -- Looking for gethostbyname - found
[9.884s] -- Looking for connect
[10.298s] -- Looking for connect - found
[10.298s] -- Looking for remove
[10.789s] -- Looking for remove - found
[10.789s] -- Looking for shmat
[11.225s] -- Looking for shmat - found
[11.226s] -- Looking for IceConnectionNumber in ICE
[11.708s] -- Looking for IceConnectionNumber in ICE - found
[11.714s] -- rviz_ogre_vendor::RenderSystem_GL for IMPORTED_LOCATION_RELEASE: _render_system_gl_static_library_abs-NOTFOUND
[11.714s] -- rviz_ogre_vendor::RenderSystem_GL for IMPORTED_LOCATION_DEBUG: _render_system_gl_static_library_abs-NOTFOUND
[12.912s] -- Found moveit_setup_framework: 2.5.5 (/home/manuel/robotic-models/ws_moveit2/install/moveit_setup_framework/share/moveit_setup_framework/cmake)
[13.210s] -- Found ament_lint_auto: 0.12.10 (/opt/ros/humble/share/ament_lint_auto/cmake)
[13.251s] -- Found gtest sources under '/opt/ros/humble/src/gtest_vendor': C++ tests using 'Google Test' will be built
[13.314s] -- Added test 'lint_cmake' to check CMake code style
[13.316s] -- Added test 'xmllint' to check XML markup files
[13.323s] -- Configuring done
[13.586s] -- Generating done
[13.598s] -- Build files have been written to: /home/manuel/robotic-models/ws_moveit2/build/moveit_setup_app_plugins
[13.674s] Invoked command in '/home/manuel/robotic-models/ws_moveit2/build/moveit_setup_app_plugins' returned '0': AMENT_PREFIX_PATH=/home/manuel/robotic-models/ws_moveit2/install/moveit_setup_framework:/home/manuel/robotic-models/ws_moveit2/install/moveit_ros_visualization:/home/manuel/robotic-models/ws_moveit2/install/moveit_ros_planning_interface:/home/manuel/robotic-models/ws_moveit2/install/moveit_ros_move_group:/home/manuel/robotic-models/ws_moveit2/install/moveit_ros_warehouse:/home/manuel/robotic-models/ws_moveit2/install/moveit_ros_robot_interaction:/home/manuel/robotic-models/ws_moveit2/install/moveit_kinematics:/home/manuel/robotic-models/ws_moveit2/install/moveit_ros_planning:/home/manuel/robotic-models/ws_moveit2/install/moveit_ros_occupancy_map_monitor:/home/manuel/robotic-models/ws_moveit2/install/moveit_core:/home/manuel/robotic-models/ws_moveit2/install/moveit_configs_utils:/home/manuel/robotic-models/ws_moveit2/install/srdfdom:/home/manuel/robotic-models/ws_moveit2/install/moveit_common:/home/manuel/robotic-models/ws_moveit2/install/launch_param_builder:${AMENT_PREFIX_PATH} CMAKE_PREFIX_PATH=/home/manuel/robotic-models/ws_moveit2/install/moveit_setup_framework:/home/manuel/robotic-models/ws_moveit2/install/moveit_ros_visualization:/home/manuel/robotic-models/ws_moveit2/install/moveit_ros_planning_interface:/home/manuel/robotic-models/ws_moveit2/install/moveit_ros_move_group:/home/manuel/robotic-models/ws_moveit2/install/moveit_ros_warehouse:/home/manuel/robotic-models/ws_moveit2/install/moveit_ros_robot_interaction:/home/manuel/robotic-models/ws_moveit2/install/moveit_kinematics:/home/manuel/robotic-models/ws_moveit2/install/moveit_ros_planning:/home/manuel/robotic-models/ws_moveit2/install/moveit_ros_occupancy_map_monitor:/home/manuel/robotic-models/ws_moveit2/install/moveit_core:/home/manuel/robotic-models/ws_moveit2/install/srdfdom:/home/manuel/robotic-models/ws_moveit2/install/moveit_common:/opt/ros/humble LD_LIBRARY_PATH=/home/manuel/robotic-models/ws_moveit2/install/moveit_setup_framework/lib:/home/manuel/robotic-models/ws_moveit2/install/moveit_ros_visualization/lib:/home/manuel/robotic-models/ws_moveit2/install/moveit_ros_planning_interface/lib:/home/manuel/robotic-models/ws_moveit2/install/moveit_ros_move_group/lib:/home/manuel/robotic-models/ws_moveit2/install/moveit_ros_warehouse/lib:/home/manuel/robotic-models/ws_moveit2/install/moveit_ros_robot_interaction/lib:/home/manuel/robotic-models/ws_moveit2/install/moveit_kinematics/lib:/home/manuel/robotic-models/ws_moveit2/install/moveit_ros_planning/lib:/home/manuel/robotic-models/ws_moveit2/install/moveit_ros_occupancy_map_monitor/lib:/home/manuel/robotic-models/ws_moveit2/install/moveit_core/lib:/home/manuel/robotic-models/ws_moveit2/install/srdfdom/lib:${LD_LIBRARY_PATH} PATH=/home/manuel/robotic-models/ws_moveit2/install/moveit_core/bin:${PATH} PYTHONPATH=/home/manuel/robotic-models/ws_moveit2/install/moveit_configs_utils/lib/python3.10/site-packages:/home/manuel/robotic-models/ws_moveit2/install/srdfdom/local/lib/python3.10/dist-packages:/home/manuel/robotic-models/ws_moveit2/install/launch_param_builder/lib/python3.10/site-packages:${PYTHONPATH} /usr/bin/cmake /home/manuel/robotic-models/ws_moveit2/src/moveit2/moveit_setup_assistant/moveit_setup_app_plugins -DCMAKE_BUILD_TYPE=Release -DCMAKE_INSTALL_PREFIX=/home/manuel/robotic-models/ws_moveit2/install/moveit_setup_app_plugins
[13.675s] Invoking command in '/home/manuel/robotic-models/ws_moveit2/build/moveit_setup_app_plugins': AMENT_PREFIX_PATH=/home/manuel/robotic-models/ws_moveit2/install/moveit_setup_framework:/home/manuel/robotic-models/ws_moveit2/install/moveit_ros_visualization:/home/manuel/robotic-models/ws_moveit2/install/moveit_ros_planning_interface:/home/manuel/robotic-models/ws_moveit2/install/moveit_ros_move_group:/home/manuel/robotic-models/ws_moveit2/install/moveit_ros_warehouse:/home/manuel/robotic-models/ws_moveit2/install/moveit_ros_robot_interaction:/home/manuel/robotic-models/ws_moveit2/install/moveit_kinematics:/home/manuel/robotic-models/ws_moveit2/install/moveit_ros_planning:/home/manuel/robotic-models/ws_moveit2/install/moveit_ros_occupancy_map_monitor:/home/manuel/robotic-models/ws_moveit2/install/moveit_core:/home/manuel/robotic-models/ws_moveit2/install/moveit_configs_utils:/home/manuel/robotic-models/ws_moveit2/install/srdfdom:/home/manuel/robotic-models/ws_moveit2/install/moveit_common:/home/manuel/robotic-models/ws_moveit2/install/launch_param_builder:${AMENT_PREFIX_PATH} CMAKE_PREFIX_PATH=/home/manuel/robotic-models/ws_moveit2/install/moveit_setup_framework:/home/manuel/robotic-models/ws_moveit2/install/moveit_ros_visualization:/home/manuel/robotic-models/ws_moveit2/install/moveit_ros_planning_interface:/home/manuel/robotic-models/ws_moveit2/install/moveit_ros_move_group:/home/manuel/robotic-models/ws_moveit2/install/moveit_ros_warehouse:/home/manuel/robotic-models/ws_moveit2/install/moveit_ros_robot_interaction:/home/manuel/robotic-models/ws_moveit2/install/moveit_kinematics:/home/manuel/robotic-models/ws_moveit2/install/moveit_ros_planning:/home/manuel/robotic-models/ws_moveit2/install/moveit_ros_occupancy_map_monitor:/home/manuel/robotic-models/ws_moveit2/install/moveit_core:/home/manuel/robotic-models/ws_moveit2/install/srdfdom:/home/manuel/robotic-models/ws_moveit2/install/moveit_common:/opt/ros/humble LD_LIBRARY_PATH=/home/manuel/robotic-models/ws_moveit2/install/moveit_setup_framework/lib:/home/manuel/robotic-models/ws_moveit2/install/moveit_ros_visualization/lib:/home/manuel/robotic-models/ws_moveit2/install/moveit_ros_planning_interface/lib:/home/manuel/robotic-models/ws_moveit2/install/moveit_ros_move_group/lib:/home/manuel/robotic-models/ws_moveit2/install/moveit_ros_warehouse/lib:/home/manuel/robotic-models/ws_moveit2/install/moveit_ros_robot_interaction/lib:/home/manuel/robotic-models/ws_moveit2/install/moveit_kinematics/lib:/home/manuel/robotic-models/ws_moveit2/install/moveit_ros_planning/lib:/home/manuel/robotic-models/ws_moveit2/install/moveit_ros_occupancy_map_monitor/lib:/home/manuel/robotic-models/ws_moveit2/install/moveit_core/lib:/home/manuel/robotic-models/ws_moveit2/install/srdfdom/lib:${LD_LIBRARY_PATH} PATH=/home/manuel/robotic-models/ws_moveit2/install/moveit_core/bin:${PATH} PYTHONPATH=/home/manuel/robotic-models/ws_moveit2/install/moveit_configs_utils/lib/python3.10/site-packages:/home/manuel/robotic-models/ws_moveit2/install/srdfdom/local/lib/python3.10/dist-packages:/home/manuel/robotic-models/ws_moveit2/install/launch_param_builder/lib/python3.10/site-packages:${PYTHONPATH} /usr/bin/cmake --build /home/manuel/robotic-models/ws_moveit2/build/moveit_setup_app_plugins -- -j16 -l16
[13.883s] [  4%] [34m[1mAutomatic MOC for target gtest[0m
[13.938s] [  8%] [34m[1mAutomatic MOC for target moveit_setup_app_plugins[0m
[13.953s] [ 12%] [34m[1mAutomatic MOC for target gtest_main[0m
[14.013s] [ 12%] Built target gtest_autogen
[14.051s] [ 12%] Built target moveit_setup_app_plugins_autogen
[14.087s] [ 12%] Built target gtest_main_autogen
[14.111s] [ 16%] [32mBuilding CXX object gtest/CMakeFiles/gtest.dir/gtest_autogen/mocs_compilation.cpp.o[0m
[14.132s] [ 20%] [32mBuilding CXX object gtest/CMakeFiles/gtest.dir/src/gtest-all.cc.o[0m
[14.133s] [ 24%] [34m[1mGenerating include/moveit_setup_app_plugins/moc_perception_widget.cpp[0m
[14.145s] [ 28%] [34m[1mGenerating include/moveit_setup_app_plugins/moc_launches_widget.cpp[0m
[14.207s] [ 32%] [32mBuilding CXX object gtest/CMakeFiles/gtest_main.dir/gtest_main_autogen/mocs_compilation.cpp.o[0m
[14.232s] [ 36%] [32mBuilding CXX object gtest/CMakeFiles/gtest_main.dir/src/gtest_main.cc.o[0m
[14.266s] [ 40%] [32mBuilding CXX object CMakeFiles/moveit_setup_app_plugins.dir/moveit_setup_app_plugins_autogen/mocs_compilation.cpp.o[0m
[14.295s] [ 44%] [32mBuilding CXX object CMakeFiles/moveit_setup_app_plugins.dir/src/launches.cpp.o[0m
[14.376s] [ 48%] [32mBuilding CXX object CMakeFiles/moveit_setup_app_plugins.dir/src/launches_widget.cpp.o[0m
[14.393s] [ 52%] [32mBuilding CXX object CMakeFiles/moveit_setup_app_plugins.dir/src/launches_config.cpp.o[0m
[14.415s] [ 56%] [32mBuilding CXX object CMakeFiles/moveit_setup_app_plugins.dir/src/perception_config.cpp.o[0m
[14.434s] [ 60%] [32mBuilding CXX object CMakeFiles/moveit_setup_app_plugins.dir/src/perception.cpp.o[0m
[14.446s] [ 64%] [32mBuilding CXX object CMakeFiles/moveit_setup_app_plugins.dir/src/perception_widget.cpp.o[0m
[14.542s] [ 68%] [32mBuilding CXX object CMakeFiles/moveit_setup_app_plugins.dir/include/moveit_setup_app_plugins/moc_perception_widget.cpp.o[0m
[14.575s] [ 72%] [32mBuilding CXX object CMakeFiles/moveit_setup_app_plugins.dir/include/moveit_setup_app_plugins/moc_launches_widget.cpp.o[0m
[17.823s] [ 76%] [32m[1mLinking CXX static library libgtest_main.a[0m
[18.265s] [ 76%] Built target gtest_main
[201.690s] [ 80%] [32m[1mLinking CXX static library libgtest.a[0m
[203.572s] [ 80%] Built target gtest
[366.814s] [01m[Kc++:[m[K [01;31m[Kfatal error: [m[KKilled signal terminated program cc1plus
[366.820s] compilation terminated.
[366.823s] gmake[2]: *** [CMakeFiles/moveit_setup_app_plugins.dir/build.make:196: CMakeFiles/moveit_setup_app_plugins.dir/include/moveit_setup_app_plugins/moc_perception_widget.cpp.o] Error 1
[366.836s] gmake[2]: *** Waiting for unfinished jobs....
[371.746s] gmake[2]: *** [CMakeFiles/moveit_setup_app_plugins.dir/build.make:168: CMakeFiles/moveit_setup_app_plugins.dir/src/perception_widget.cpp.o] Interrupt
[371.827s] gmake[2]: *** [CMakeFiles/moveit_setup_app_plugins.dir/build.make:182: CMakeFiles/moveit_setup_app_plugins.dir/include/moveit_setup_app_plugins/moc_launches_widget.cpp.o] Interrupt
[371.827s] gmake[2]: *** [CMakeFiles/moveit_setup_app_plugins.dir/build.make:112: CMakeFiles/moveit_setup_app_plugins.dir/src/launches_widget.cpp.o] Interrupt
[371.827s] gmake[1]: *** [CMakeFiles/Makefile2:161: CMakeFiles/moveit_setup_app_plugins.dir/all] Interrupt
[371.827s] gmake: *** [Makefile:146: all] Interrupt
