[0.027s] Invoking command in '/home/manuel/robotic-models/ws_moveit2/build/moveit_servo': AMENT_PREFIX_PATH=/home/manuel/robotic-models/ws_moveit2/install/moveit_ros_planning_interface:/home/manuel/robotic-models/ws_moveit2/install/moveit_ros_move_group:/home/manuel/robotic-models/ws_moveit2/install/moveit_ros_warehouse:/home/manuel/robotic-models/ws_moveit2/install/moveit_kinematics:/home/manuel/robotic-models/ws_moveit2/install/moveit_ros_planning:/home/manuel/robotic-models/ws_moveit2/install/moveit_ros_occupancy_map_monitor:/home/manuel/robotic-models/ws_moveit2/install/moveit_core:/home/manuel/robotic-models/ws_moveit2/install/moveit_resources_panda_moveit_config:/home/manuel/robotic-models/ws_moveit2/install/moveit_configs_utils:/home/manuel/robotic-models/ws_moveit2/install/srdfdom:/home/manuel/robotic-models/ws_moveit2/install/moveit_resources_panda_description:/home/manuel/robotic-models/ws_moveit2/install/moveit_common:/home/manuel/robotic-models/ws_moveit2/install/launch_param_builder:${AMENT_PREFIX_PATH} CMAKE_PREFIX_PATH=/home/manuel/robotic-models/ws_moveit2/install/moveit_ros_planning_interface:/home/manuel/robotic-models/ws_moveit2/install/moveit_ros_move_group:/home/manuel/robotic-models/ws_moveit2/install/moveit_ros_warehouse:/home/manuel/robotic-models/ws_moveit2/install/moveit_kinematics:/home/manuel/robotic-models/ws_moveit2/install/moveit_ros_planning:/home/manuel/robotic-models/ws_moveit2/install/moveit_ros_occupancy_map_monitor:/home/manuel/robotic-models/ws_moveit2/install/moveit_core:/home/manuel/robotic-models/ws_moveit2/install/moveit_resources_panda_moveit_config:/home/manuel/robotic-models/ws_moveit2/install/srdfdom:/home/manuel/robotic-models/ws_moveit2/install/moveit_resources_panda_description:/home/manuel/robotic-models/ws_moveit2/install/moveit_common:/opt/ros/humble LD_LIBRARY_PATH=/home/manuel/robotic-models/ws_moveit2/install/moveit_ros_planning_interface/lib:/home/manuel/robotic-models/ws_moveit2/install/moveit_ros_move_group/lib:/home/manuel/robotic-models/ws_moveit2/install/moveit_ros_warehouse/lib:/home/manuel/robotic-models/ws_moveit2/install/moveit_kinematics/lib:/home/manuel/robotic-models/ws_moveit2/install/moveit_ros_planning/lib:/home/manuel/robotic-models/ws_moveit2/install/moveit_ros_occupancy_map_monitor/lib:/home/manuel/robotic-models/ws_moveit2/install/moveit_core/lib:/home/manuel/robotic-models/ws_moveit2/install/srdfdom/lib:${LD_LIBRARY_PATH} PATH=/home/manuel/robotic-models/ws_moveit2/install/moveit_core/bin:${PATH} PYTHONPATH=/home/manuel/robotic-models/ws_moveit2/install/moveit_configs_utils/lib/python3.10/site-packages:/home/manuel/robotic-models/ws_moveit2/install/srdfdom/local/lib/python3.10/dist-packages:/home/manuel/robotic-models/ws_moveit2/install/launch_param_builder/lib/python3.10/site-packages:${PYTHONPATH} /usr/bin/cmake --build /home/manuel/robotic-models/ws_moveit2/build/moveit_servo -- -j16 -l16
[0.093s] [  9%] Built target moveit_servo_lib_parameters
[0.114s] [ 15%] Built target gtest
[0.156s] [ 33%] Built target moveit_servo_lib
[0.177s] [ 39%] Built target gtest_main
[0.190s] [35m[1mConsolidate compiler generated dependencies of target servo_node[0m
[0.218s] [ 45%] Built target servo_node
[0.230s] [35m[1mConsolidate compiler generated dependencies of target servo_calcs_unit_tests[0m
[0.256s] [ 51%] Built target servo_calcs_unit_tests
[0.270s] [35m[1mConsolidate compiler generated dependencies of target servo_node_main[0m
[0.304s] [ 57%] Built target servo_node_main
[0.343s] [ 63%] Built target test_servo_collision
[0.374s] [ 69%] Built target test_servo_integration
[0.419s] [ 75%] Built target pose_tracking
[0.443s] [ 81%] Built target fake_command_publisher
[0.458s] [35m[1mConsolidate compiler generated dependencies of target test_servo_pose_tracking[0m
[0.491s] [ 87%] Built target test_servo_pose_tracking
[0.503s] [35m[1mConsolidate compiler generated dependencies of target servo_pose_tracking_demo[0m
[0.534s] [ 93%] Built target servo_pose_tracking_demo
[0.560s] [100%] Built target servo_controller_input
[0.570s] Invoked command in '/home/manuel/robotic-models/ws_moveit2/build/moveit_servo' returned '0': AMENT_PREFIX_PATH=/home/manuel/robotic-models/ws_moveit2/install/moveit_ros_planning_interface:/home/manuel/robotic-models/ws_moveit2/install/moveit_ros_move_group:/home/manuel/robotic-models/ws_moveit2/install/moveit_ros_warehouse:/home/manuel/robotic-models/ws_moveit2/install/moveit_kinematics:/home/manuel/robotic-models/ws_moveit2/install/moveit_ros_planning:/home/manuel/robotic-models/ws_moveit2/install/moveit_ros_occupancy_map_monitor:/home/manuel/robotic-models/ws_moveit2/install/moveit_core:/home/manuel/robotic-models/ws_moveit2/install/moveit_resources_panda_moveit_config:/home/manuel/robotic-models/ws_moveit2/install/moveit_configs_utils:/home/manuel/robotic-models/ws_moveit2/install/srdfdom:/home/manuel/robotic-models/ws_moveit2/install/moveit_resources_panda_description:/home/manuel/robotic-models/ws_moveit2/install/moveit_common:/home/manuel/robotic-models/ws_moveit2/install/launch_param_builder:${AMENT_PREFIX_PATH} CMAKE_PREFIX_PATH=/home/manuel/robotic-models/ws_moveit2/install/moveit_ros_planning_interface:/home/manuel/robotic-models/ws_moveit2/install/moveit_ros_move_group:/home/manuel/robotic-models/ws_moveit2/install/moveit_ros_warehouse:/home/manuel/robotic-models/ws_moveit2/install/moveit_kinematics:/home/manuel/robotic-models/ws_moveit2/install/moveit_ros_planning:/home/manuel/robotic-models/ws_moveit2/install/moveit_ros_occupancy_map_monitor:/home/manuel/robotic-models/ws_moveit2/install/moveit_core:/home/manuel/robotic-models/ws_moveit2/install/moveit_resources_panda_moveit_config:/home/manuel/robotic-models/ws_moveit2/install/srdfdom:/home/manuel/robotic-models/ws_moveit2/install/moveit_resources_panda_description:/home/manuel/robotic-models/ws_moveit2/install/moveit_common:/opt/ros/humble LD_LIBRARY_PATH=/home/manuel/robotic-models/ws_moveit2/install/moveit_ros_planning_interface/lib:/home/manuel/robotic-models/ws_moveit2/install/moveit_ros_move_group/lib:/home/manuel/robotic-models/ws_moveit2/install/moveit_ros_warehouse/lib:/home/manuel/robotic-models/ws_moveit2/install/moveit_kinematics/lib:/home/manuel/robotic-models/ws_moveit2/install/moveit_ros_planning/lib:/home/manuel/robotic-models/ws_moveit2/install/moveit_ros_occupancy_map_monitor/lib:/home/manuel/robotic-models/ws_moveit2/install/moveit_core/lib:/home/manuel/robotic-models/ws_moveit2/install/srdfdom/lib:${LD_LIBRARY_PATH} PATH=/home/manuel/robotic-models/ws_moveit2/install/moveit_core/bin:${PATH} PYTHONPATH=/home/manuel/robotic-models/ws_moveit2/install/moveit_configs_utils/lib/python3.10/site-packages:/home/manuel/robotic-models/ws_moveit2/install/srdfdom/local/lib/python3.10/dist-packages:/home/manuel/robotic-models/ws_moveit2/install/launch_param_builder/lib/python3.10/site-packages:${PYTHONPATH} /usr/bin/cmake --build /home/manuel/robotic-models/ws_moveit2/build/moveit_servo -- -j16 -l16
[0.616s] Invoking command in '/home/manuel/robotic-models/ws_moveit2/build/moveit_servo': AMENT_PREFIX_PATH=/home/manuel/robotic-models/ws_moveit2/install/moveit_ros_planning_interface:/home/manuel/robotic-models/ws_moveit2/install/moveit_ros_move_group:/home/manuel/robotic-models/ws_moveit2/install/moveit_ros_warehouse:/home/manuel/robotic-models/ws_moveit2/install/moveit_kinematics:/home/manuel/robotic-models/ws_moveit2/install/moveit_ros_planning:/home/manuel/robotic-models/ws_moveit2/install/moveit_ros_occupancy_map_monitor:/home/manuel/robotic-models/ws_moveit2/install/moveit_core:/home/manuel/robotic-models/ws_moveit2/install/moveit_resources_panda_moveit_config:/home/manuel/robotic-models/ws_moveit2/install/moveit_configs_utils:/home/manuel/robotic-models/ws_moveit2/install/srdfdom:/home/manuel/robotic-models/ws_moveit2/install/moveit_resources_panda_description:/home/manuel/robotic-models/ws_moveit2/install/moveit_common:/home/manuel/robotic-models/ws_moveit2/install/launch_param_builder:${AMENT_PREFIX_PATH} CMAKE_PREFIX_PATH=/home/manuel/robotic-models/ws_moveit2/install/moveit_ros_planning_interface:/home/manuel/robotic-models/ws_moveit2/install/moveit_ros_move_group:/home/manuel/robotic-models/ws_moveit2/install/moveit_ros_warehouse:/home/manuel/robotic-models/ws_moveit2/install/moveit_kinematics:/home/manuel/robotic-models/ws_moveit2/install/moveit_ros_planning:/home/manuel/robotic-models/ws_moveit2/install/moveit_ros_occupancy_map_monitor:/home/manuel/robotic-models/ws_moveit2/install/moveit_core:/home/manuel/robotic-models/ws_moveit2/install/moveit_resources_panda_moveit_config:/home/manuel/robotic-models/ws_moveit2/install/srdfdom:/home/manuel/robotic-models/ws_moveit2/install/moveit_resources_panda_description:/home/manuel/robotic-models/ws_moveit2/install/moveit_common:/opt/ros/humble LD_LIBRARY_PATH=/home/manuel/robotic-models/ws_moveit2/install/moveit_ros_planning_interface/lib:/home/manuel/robotic-models/ws_moveit2/install/moveit_ros_move_group/lib:/home/manuel/robotic-models/ws_moveit2/install/moveit_ros_warehouse/lib:/home/manuel/robotic-models/ws_moveit2/install/moveit_kinematics/lib:/home/manuel/robotic-models/ws_moveit2/install/moveit_ros_planning/lib:/home/manuel/robotic-models/ws_moveit2/install/moveit_ros_occupancy_map_monitor/lib:/home/manuel/robotic-models/ws_moveit2/install/moveit_core/lib:/home/manuel/robotic-models/ws_moveit2/install/srdfdom/lib:${LD_LIBRARY_PATH} PATH=/home/manuel/robotic-models/ws_moveit2/install/moveit_core/bin:${PATH} PYTHONPATH=/home/manuel/robotic-models/ws_moveit2/install/moveit_configs_utils/lib/python3.10/site-packages:/home/manuel/robotic-models/ws_moveit2/install/srdfdom/local/lib/python3.10/dist-packages:/home/manuel/robotic-models/ws_moveit2/install/launch_param_builder/lib/python3.10/site-packages:${PYTHONPATH} /usr/bin/cmake --install /home/manuel/robotic-models/ws_moveit2/build/moveit_servo
[0.623s] -- Install configuration: "Release"
[0.624s] -- Up-to-date: /home/manuel/robotic-models/ws_moveit2/install/moveit_servo/lib/libmoveit_servo_lib.so.2.5.5
[0.624s] -- Up-to-date: /home/manuel/robotic-models/ws_moveit2/install/moveit_servo/lib/libmoveit_servo_lib.so
[0.625s] -- Up-to-date: /home/manuel/robotic-models/ws_moveit2/install/moveit_servo/lib/libmoveit_servo_lib_parameters.so.2.5.5
[0.625s] -- Up-to-date: /home/manuel/robotic-models/ws_moveit2/install/moveit_servo/lib/libmoveit_servo_lib_parameters.so
[0.626s] -- Up-to-date: /home/manuel/robotic-models/ws_moveit2/install/moveit_servo/lib/libpose_tracking.so
[0.627s] -- Up-to-date: /home/manuel/robotic-models/ws_moveit2/install/moveit_servo/lib/libservo_node.so
[0.628s] -- Up-to-date: /home/manuel/robotic-models/ws_moveit2/install/moveit_servo/lib/libservo_controller_input.so
[0.629s] -- Up-to-date: /home/manuel/robotic-models/ws_moveit2/install/moveit_servo/lib/moveit_servo/servo_node_main
[0.630s] -- Up-to-date: /home/manuel/robotic-models/ws_moveit2/install/moveit_servo/lib/moveit_servo/servo_pose_tracking_demo
[0.633s] -- Up-to-date: /home/manuel/robotic-models/ws_moveit2/install/moveit_servo/lib/moveit_servo/fake_command_publisher
[0.633s] -- Up-to-date: /home/manuel/robotic-models/ws_moveit2/install/moveit_servo/include
[0.633s] -- Up-to-date: /home/manuel/robotic-models/ws_moveit2/install/moveit_servo/include/moveit_servo
[0.633s] -- Up-to-date: /home/manuel/robotic-models/ws_moveit2/install/moveit_servo/include/moveit_servo/servo.h
[0.634s] -- Up-to-date: /home/manuel/robotic-models/ws_moveit2/install/moveit_servo/include/moveit_servo/make_shared_from_pool.h
[0.634s] -- Up-to-date: /home/manuel/robotic-models/ws_moveit2/install/moveit_servo/include/moveit_servo/servo_calcs.h
[0.634s] -- Up-to-date: /home/manuel/robotic-models/ws_moveit2/install/moveit_servo/include/moveit_servo/status_codes.h
[0.634s] -- Up-to-date: /home/manuel/robotic-models/ws_moveit2/install/moveit_servo/include/moveit_servo/enforce_limits.hpp
[0.634s] -- Up-to-date: /home/manuel/robotic-models/ws_moveit2/install/moveit_servo/include/moveit_servo/servo_server.h
[0.634s] -- Up-to-date: /home/manuel/robotic-models/ws_moveit2/install/moveit_servo/include/moveit_servo/parameter_descriptor_builder.hpp
[0.634s] -- Up-to-date: /home/manuel/robotic-models/ws_moveit2/install/moveit_servo/include/moveit_servo/utilities.h
[0.634s] -- Up-to-date: /home/manuel/robotic-models/ws_moveit2/install/moveit_servo/include/moveit_servo/collision_check.h
[0.634s] -- Up-to-date: /home/manuel/robotic-models/ws_moveit2/install/moveit_servo/include/moveit_servo/pose_tracking.h
[0.634s] -- Up-to-date: /home/manuel/robotic-models/ws_moveit2/install/moveit_servo/include/moveit_servo/servo_node.h
[0.634s] -- Up-to-date: /home/manuel/robotic-models/ws_moveit2/install/moveit_servo/include/moveit_servo/servo_parameters.h
[0.634s] -- Up-to-date: /home/manuel/robotic-models/ws_moveit2/install/moveit_servo/share/moveit_servo/launch
[0.635s] -- Up-to-date: /home/manuel/robotic-models/ws_moveit2/install/moveit_servo/share/moveit_servo/launch/pose_tracking_example.launch.py
[0.635s] -- Up-to-date: /home/manuel/robotic-models/ws_moveit2/install/moveit_servo/share/moveit_servo/launch/servo_example.launch.py
[0.635s] -- Up-to-date: /home/manuel/robotic-models/ws_moveit2/install/moveit_servo/share/moveit_servo/config
[0.635s] -- Up-to-date: /home/manuel/robotic-models/ws_moveit2/install/moveit_servo/share/moveit_servo/config/panda_simulated_config_pose_tracking.yaml
[0.635s] -- Up-to-date: /home/manuel/robotic-models/ws_moveit2/install/moveit_servo/share/moveit_servo/config/panda_simulated_config.yaml
[0.636s] -- Up-to-date: /home/manuel/robotic-models/ws_moveit2/install/moveit_servo/share/moveit_servo/config/pose_tracking_settings.yaml
[0.636s] -- Up-to-date: /home/manuel/robotic-models/ws_moveit2/install/moveit_servo/share/moveit_servo/config/demo_rviz_pose_tracking.rviz
[0.636s] -- Up-to-date: /home/manuel/robotic-models/ws_moveit2/install/moveit_servo/share/moveit_servo/config/demo_rviz_config.rviz
[0.636s] -- Up-to-date: /home/manuel/robotic-models/ws_moveit2/install/moveit_servo/share/moveit_servo/environment/library_path.sh
[0.636s] -- Up-to-date: /home/manuel/robotic-models/ws_moveit2/install/moveit_servo/share/moveit_servo/environment/library_path.dsv
[0.637s] -- Up-to-date: /home/manuel/robotic-models/ws_moveit2/install/moveit_servo/share/ament_index/resource_index/package_run_dependencies/moveit_servo
[0.637s] -- Up-to-date: /home/manuel/robotic-models/ws_moveit2/install/moveit_servo/share/ament_index/resource_index/parent_prefix_path/moveit_servo
[0.637s] -- Up-to-date: /home/manuel/robotic-models/ws_moveit2/install/moveit_servo/share/moveit_servo/environment/ament_prefix_path.sh
[0.637s] -- Up-to-date: /home/manuel/robotic-models/ws_moveit2/install/moveit_servo/share/moveit_servo/environment/ament_prefix_path.dsv
[0.638s] -- Up-to-date: /home/manuel/robotic-models/ws_moveit2/install/moveit_servo/share/moveit_servo/environment/path.sh
[0.638s] -- Up-to-date: /home/manuel/robotic-models/ws_moveit2/install/moveit_servo/share/moveit_servo/environment/path.dsv
[0.638s] -- Up-to-date: /home/manuel/robotic-models/ws_moveit2/install/moveit_servo/share/moveit_servo/local_setup.bash
[0.638s] -- Up-to-date: /home/manuel/robotic-models/ws_moveit2/install/moveit_servo/share/moveit_servo/local_setup.sh
[0.638s] -- Up-to-date: /home/manuel/robotic-models/ws_moveit2/install/moveit_servo/share/moveit_servo/local_setup.zsh
[0.638s] -- Up-to-date: /home/manuel/robotic-models/ws_moveit2/install/moveit_servo/share/moveit_servo/local_setup.dsv
[0.638s] -- Installing: /home/manuel/robotic-models/ws_moveit2/install/moveit_servo/share/moveit_servo/package.dsv
[0.638s] -- Up-to-date: /home/manuel/robotic-models/ws_moveit2/install/moveit_servo/share/ament_index/resource_index/packages/moveit_servo
[0.639s] -- Up-to-date: /home/manuel/robotic-models/ws_moveit2/install/moveit_servo/share/ament_index/resource_index/rclcpp_components/moveit_servo
[0.641s] -- Up-to-date: /home/manuel/robotic-models/ws_moveit2/install/moveit_servo/share/moveit_servo/cmake/export_moveit_servoExport.cmake
[0.642s] -- Up-to-date: /home/manuel/robotic-models/ws_moveit2/install/moveit_servo/share/moveit_servo/cmake/export_moveit_servoExport-release.cmake
[0.642s] -- Up-to-date: /home/manuel/robotic-models/ws_moveit2/install/moveit_servo/share/moveit_servo/cmake/ament_cmake_export_targets-extras.cmake
[0.642s] -- Up-to-date: /home/manuel/robotic-models/ws_moveit2/install/moveit_servo/share/moveit_servo/cmake/ament_cmake_export_dependencies-extras.cmake
[0.642s] -- Up-to-date: /home/manuel/robotic-models/ws_moveit2/install/moveit_servo/share/moveit_servo/cmake/moveit_servoConfig.cmake
[0.642s] -- Up-to-date: /home/manuel/robotic-models/ws_moveit2/install/moveit_servo/share/moveit_servo/cmake/moveit_servoConfig-version.cmake
[0.642s] -- Up-to-date: /home/manuel/robotic-models/ws_moveit2/install/moveit_servo/share/moveit_servo/package.xml
[0.644s] Invoked command in '/home/manuel/robotic-models/ws_moveit2/build/moveit_servo' returned '0': AMENT_PREFIX_PATH=/home/manuel/robotic-models/ws_moveit2/install/moveit_ros_planning_interface:/home/manuel/robotic-models/ws_moveit2/install/moveit_ros_move_group:/home/manuel/robotic-models/ws_moveit2/install/moveit_ros_warehouse:/home/manuel/robotic-models/ws_moveit2/install/moveit_kinematics:/home/manuel/robotic-models/ws_moveit2/install/moveit_ros_planning:/home/manuel/robotic-models/ws_moveit2/install/moveit_ros_occupancy_map_monitor:/home/manuel/robotic-models/ws_moveit2/install/moveit_core:/home/manuel/robotic-models/ws_moveit2/install/moveit_resources_panda_moveit_config:/home/manuel/robotic-models/ws_moveit2/install/moveit_configs_utils:/home/manuel/robotic-models/ws_moveit2/install/srdfdom:/home/manuel/robotic-models/ws_moveit2/install/moveit_resources_panda_description:/home/manuel/robotic-models/ws_moveit2/install/moveit_common:/home/manuel/robotic-models/ws_moveit2/install/launch_param_builder:${AMENT_PREFIX_PATH} CMAKE_PREFIX_PATH=/home/manuel/robotic-models/ws_moveit2/install/moveit_ros_planning_interface:/home/manuel/robotic-models/ws_moveit2/install/moveit_ros_move_group:/home/manuel/robotic-models/ws_moveit2/install/moveit_ros_warehouse:/home/manuel/robotic-models/ws_moveit2/install/moveit_kinematics:/home/manuel/robotic-models/ws_moveit2/install/moveit_ros_planning:/home/manuel/robotic-models/ws_moveit2/install/moveit_ros_occupancy_map_monitor:/home/manuel/robotic-models/ws_moveit2/install/moveit_core:/home/manuel/robotic-models/ws_moveit2/install/moveit_resources_panda_moveit_config:/home/manuel/robotic-models/ws_moveit2/install/srdfdom:/home/manuel/robotic-models/ws_moveit2/install/moveit_resources_panda_description:/home/manuel/robotic-models/ws_moveit2/install/moveit_common:/opt/ros/humble LD_LIBRARY_PATH=/home/manuel/robotic-models/ws_moveit2/install/moveit_ros_planning_interface/lib:/home/manuel/robotic-models/ws_moveit2/install/moveit_ros_move_group/lib:/home/manuel/robotic-models/ws_moveit2/install/moveit_ros_warehouse/lib:/home/manuel/robotic-models/ws_moveit2/install/moveit_kinematics/lib:/home/manuel/robotic-models/ws_moveit2/install/moveit_ros_planning/lib:/home/manuel/robotic-models/ws_moveit2/install/moveit_ros_occupancy_map_monitor/lib:/home/manuel/robotic-models/ws_moveit2/install/moveit_core/lib:/home/manuel/robotic-models/ws_moveit2/install/srdfdom/lib:${LD_LIBRARY_PATH} PATH=/home/manuel/robotic-models/ws_moveit2/install/moveit_core/bin:${PATH} PYTHONPATH=/home/manuel/robotic-models/ws_moveit2/install/moveit_configs_utils/lib/python3.10/site-packages:/home/manuel/robotic-models/ws_moveit2/install/srdfdom/local/lib/python3.10/dist-packages:/home/manuel/robotic-models/ws_moveit2/install/launch_param_builder/lib/python3.10/site-packages:${PYTHONPATH} /usr/bin/cmake --install /home/manuel/robotic-models/ws_moveit2/build/moveit_servo
