[0.021s] Invoking command in '/home/manuel/robotic-models/ws_moveit2/build/moveit_ros_perception': AMENT_PREFIX_PATH=/home/manuel/robotic-models/ws_moveit2/install/moveit_ros_planning:/home/manuel/robotic-models/ws_moveit2/install/moveit_ros_occupancy_map_monitor:/home/manuel/robotic-models/ws_moveit2/install/moveit_core:/home/manuel/robotic-models/ws_moveit2/install/srdfdom:/home/manuel/robotic-models/ws_moveit2/install/moveit_common:${AMENT_PREFIX_PATH} CMAKE_PREFIX_PATH=/home/manuel/robotic-models/ws_moveit2/install/moveit_ros_planning:/home/manuel/robotic-models/ws_moveit2/install/moveit_ros_occupancy_map_monitor:/home/manuel/robotic-models/ws_moveit2/install/moveit_core:/home/manuel/robotic-models/ws_moveit2/install/srdfdom:/home/manuel/robotic-models/ws_moveit2/install/moveit_common:/opt/ros/humble LD_LIBRARY_PATH=/home/manuel/robotic-models/ws_moveit2/install/moveit_ros_planning/lib:/home/manuel/robotic-models/ws_moveit2/install/moveit_ros_occupancy_map_monitor/lib:/home/manuel/robotic-models/ws_moveit2/install/moveit_core/lib:/home/manuel/robotic-models/ws_moveit2/install/srdfdom/lib:${LD_LIBRARY_PATH} PATH=/home/manuel/robotic-models/ws_moveit2/install/moveit_core/bin:${PATH} PYTHONPATH=/home/manuel/robotic-models/ws_moveit2/install/srdfdom/local/lib/python3.10/dist-packages:${PYTHONPATH} /usr/bin/cmake /home/manuel/robotic-models/ws_moveit2/src/moveit2/moveit_ros/perception -DCMAKE_BUILD_TYPE=Release -DCMAKE_INSTALL_PREFIX=/home/manuel/robotic-models/ws_moveit2/install/moveit_ros_perception
[0.066s] -- The C compiler identification is GNU 11.4.0
[0.110s] -- The CXX compiler identification is GNU 11.4.0
[0.115s] -- Detecting C compiler ABI info
[0.168s] -- Detecting C compiler ABI info - done
[0.176s] -- Check for working C compiler: /usr/bin/cc - skipped
[0.176s] -- Detecting C compile features
[0.176s] -- Detecting C compile features - done
[0.180s] -- Detecting CXX compiler ABI info
[0.241s] -- Detecting CXX compiler ABI info - done
[0.249s] -- Check for working CXX compiler: /usr/bin/c++ - skipped
[0.249s] -- Detecting CXX compile features
[0.250s] -- Detecting CXX compile features - done
[0.251s] -- Found moveit_common: 2.5.5 (/home/manuel/robotic-models/ws_moveit2/install/moveit_common/share/moveit_common/cmake)
[0.253s] -- Found ament_cmake: 1.3.8 (/opt/ros/humble/share/ament_cmake/cmake)
[0.386s] -- Found Python3: /usr/bin/python3 (found version "3.10.12") found components: Interpreter 
[0.543s] -- Found libdw: /usr/lib/x86_64-linux-gnu/libdw.so  
[0.548s] -- Could NOT find libbfd (missing: LIBBFD_LIBRARY LIBBFD_INCLUDE_DIR) 
[0.548s] -- BACKWARD_HAS_UNWIND=1
[0.548s] -- BACKWARD_HAS_BACKTRACE=0
[0.548s] -- BACKWARD_HAS_BACKTRACE_SYMBOL=0
[0.548s] -- BACKWARD_HAS_DW=1
[0.549s] -- BACKWARD_HAS_BFD=0
[0.549s] -- Found Backward: /opt/ros/humble/share/backward_ros/cmake  
[0.558s] -- Found OpenGL: /usr/lib/x86_64-linux-gnu/libOpenGL.so   
[0.610s] -- Found GLEW: /usr/include (found version "2.2.0") 
[0.616s] -- Found PkgConfig: /usr/bin/pkg-config (found version "0.29.2") 
[0.616s] -- Checking for module 'glut'
[0.619s] --   No package 'glut' found
[0.622s] -- Found GLUT: /usr/lib/x86_64-linux-gnu/libglut.so  
[0.626s] -- Found cv_bridge: 3.2.1 (/opt/ros/humble/share/cv_bridge/cmake)
[0.684s] -- Found rosidl_generator_c: 3.1.5 (/opt/ros/humble/share/rosidl_generator_c/cmake)
[0.690s] -- Found rosidl_adapter: 3.1.5 (/opt/ros/humble/share/rosidl_adapter/cmake)
[0.699s] -- Found rosidl_generator_cpp: 3.1.5 (/opt/ros/humble/share/rosidl_generator_cpp/cmake)
[0.714s] -- Using all available rosidl_typesupport_c: rosidl_typesupport_fastrtps_c;rosidl_typesupport_introspection_c
[0.734s] -- Using all available rosidl_typesupport_cpp: rosidl_typesupport_fastrtps_cpp;rosidl_typesupport_introspection_cpp
[0.969s] -- Found moveit_core: 2.5.5 (/home/manuel/robotic-models/ws_moveit2/install/moveit_core/share/moveit_core/cmake)
[1.193s] -- Found Boost: /usr/lib/x86_64-linux-gnu/cmake/Boost-1.74.0/BoostConfig.cmake (found version "1.74.0") found components: chrono date_time filesystem iostreams program_options regex serialization system thread 
[1.246s] -- Found parameter_traits: 0.3.8 (/opt/ros/humble/share/parameter_traits/cmake)
[1.320s] -- Found rmw_implementation_cmake: 6.1.1 (/opt/ros/humble/share/rmw_implementation_cmake/cmake)
[1.324s] -- Found rmw_fastrtps_cpp: 6.2.6 (/opt/ros/humble/share/rmw_fastrtps_cpp/cmake)
[1.425s] -- Found OpenSSL: /usr/lib/x86_64-linux-gnu/libcrypto.so (found version "3.0.2")  
[1.455s] -- Found FastRTPS: /opt/ros/humble/include  
[1.504s] -- Using RMW implementation 'rmw_fastrtps_cpp' as default
[1.514s] -- Found Threads: TRUE  
[1.680s] -- Found Eigen3: TRUE (found version "3.4.0") 
[1.683s] -- Found rclcpp_lifecycle: 16.0.8 (/opt/ros/humble/share/rclcpp_lifecycle/cmake)
[1.729s] -- Found Boost: /usr/lib/x86_64-linux-gnu/cmake/Boost-1.74.0/BoostConfig.cmake (found version "1.74.0") found components: filesystem 
[1.818s] -- library: /usr/lib/x86_64-linux-gnu/libcurl.so
[2.008s] -- Ensuring Eigen3 include directory is part of orocos-kdl CMake target
[3.049s] -- Found image_transport: 3.1.9 (/opt/ros/humble/share/image_transport/cmake)
[3.062s] -- Found moveit_ros_occupancy_map_monitor: 2.5.5 (/home/manuel/robotic-models/ws_moveit2/install/moveit_ros_occupancy_map_monitor/share/moveit_ros_occupancy_map_monitor/cmake)
[3.546s] -- Found OpenMP_C: -fopenmp (found version "4.5") 
[3.641s] -- Found OpenMP_CXX: -fopenmp (found version "4.5") 
[3.641s] -- Found OpenMP: TRUE (found version "4.5")  
[3.646s] -- Found OpenCV: /usr (found version "4.5.4") 
[3.651s] -- Found Boost: /usr/lib/x86_64-linux-gnu/cmake/Boost-1.74.0/BoostConfig.cmake (found version "1.74.0") found components: thread 
[3.672s] -- Performing Test COMPILER_HAS_HIDDEN_VISIBILITY
[3.777s] -- Performing Test COMPILER_HAS_HIDDEN_VISIBILITY - Success
[3.777s] -- Performing Test COMPILER_HAS_HIDDEN_INLINE_VISIBILITY
[3.911s] -- Performing Test COMPILER_HAS_HIDDEN_INLINE_VISIBILITY - Success
[3.911s] -- Performing Test COMPILER_HAS_DEPRECATED_ATTR
[4.053s] -- Performing Test COMPILER_HAS_DEPRECATED_ATTR - Success
[4.088s] -- Found ament_lint_auto: 0.12.10 (/opt/ros/humble/share/ament_lint_auto/cmake)
[4.116s] -- Added test 'cppcheck' to perform static code analysis on C / C++ code
[4.117s] -- Configured cppcheck include dirs: /home/manuel/robotic-models/ws_moveit2/src/moveit2/moveit_ros/perception/depth_image_octomap_updater/include;/home/manuel/robotic-models/ws_moveit2/src/moveit2/moveit_ros/perception/lazy_free_space_updater/include;/home/manuel/robotic-models/ws_moveit2/src/moveit2/moveit_ros/perception/mesh_filter/include;/home/manuel/robotic-models/ws_moveit2/src/moveit2/moveit_ros/perception/point_containment_filter/include;/home/manuel/robotic-models/ws_moveit2/src/moveit2/moveit_ros/perception/pointcloud_octomap_updater/include;/home/manuel/robotic-models/ws_moveit2/src/moveit2/moveit_ros/perception/semantic_world/include
[4.117s] -- Configured cppcheck exclude dirs and/or files: 
[4.121s] -- Added test 'lint_cmake' to check CMake code style
[4.123s] -- Added test 'xmllint' to check XML markup files
[4.126s] -- Configuring done
[4.555s] -- Generating done
[4.585s] -- Build files have been written to: /home/manuel/robotic-models/ws_moveit2/build/moveit_ros_perception
[4.700s] Invoked command in '/home/manuel/robotic-models/ws_moveit2/build/moveit_ros_perception' returned '0': AMENT_PREFIX_PATH=/home/manuel/robotic-models/ws_moveit2/install/moveit_ros_planning:/home/manuel/robotic-models/ws_moveit2/install/moveit_ros_occupancy_map_monitor:/home/manuel/robotic-models/ws_moveit2/install/moveit_core:/home/manuel/robotic-models/ws_moveit2/install/srdfdom:/home/manuel/robotic-models/ws_moveit2/install/moveit_common:${AMENT_PREFIX_PATH} CMAKE_PREFIX_PATH=/home/manuel/robotic-models/ws_moveit2/install/moveit_ros_planning:/home/manuel/robotic-models/ws_moveit2/install/moveit_ros_occupancy_map_monitor:/home/manuel/robotic-models/ws_moveit2/install/moveit_core:/home/manuel/robotic-models/ws_moveit2/install/srdfdom:/home/manuel/robotic-models/ws_moveit2/install/moveit_common:/opt/ros/humble LD_LIBRARY_PATH=/home/manuel/robotic-models/ws_moveit2/install/moveit_ros_planning/lib:/home/manuel/robotic-models/ws_moveit2/install/moveit_ros_occupancy_map_monitor/lib:/home/manuel/robotic-models/ws_moveit2/install/moveit_core/lib:/home/manuel/robotic-models/ws_moveit2/install/srdfdom/lib:${LD_LIBRARY_PATH} PATH=/home/manuel/robotic-models/ws_moveit2/install/moveit_core/bin:${PATH} PYTHONPATH=/home/manuel/robotic-models/ws_moveit2/install/srdfdom/local/lib/python3.10/dist-packages:${PYTHONPATH} /usr/bin/cmake /home/manuel/robotic-models/ws_moveit2/src/moveit2/moveit_ros/perception -DCMAKE_BUILD_TYPE=Release -DCMAKE_INSTALL_PREFIX=/home/manuel/robotic-models/ws_moveit2/install/moveit_ros_perception
[4.700s] Invoking command in '/home/manuel/robotic-models/ws_moveit2/build/moveit_ros_perception': AMENT_PREFIX_PATH=/home/manuel/robotic-models/ws_moveit2/install/moveit_ros_planning:/home/manuel/robotic-models/ws_moveit2/install/moveit_ros_occupancy_map_monitor:/home/manuel/robotic-models/ws_moveit2/install/moveit_core:/home/manuel/robotic-models/ws_moveit2/install/srdfdom:/home/manuel/robotic-models/ws_moveit2/install/moveit_common:${AMENT_PREFIX_PATH} CMAKE_PREFIX_PATH=/home/manuel/robotic-models/ws_moveit2/install/moveit_ros_planning:/home/manuel/robotic-models/ws_moveit2/install/moveit_ros_occupancy_map_monitor:/home/manuel/robotic-models/ws_moveit2/install/moveit_core:/home/manuel/robotic-models/ws_moveit2/install/srdfdom:/home/manuel/robotic-models/ws_moveit2/install/moveit_common:/opt/ros/humble LD_LIBRARY_PATH=/home/manuel/robotic-models/ws_moveit2/install/moveit_ros_planning/lib:/home/manuel/robotic-models/ws_moveit2/install/moveit_ros_occupancy_map_monitor/lib:/home/manuel/robotic-models/ws_moveit2/install/moveit_core/lib:/home/manuel/robotic-models/ws_moveit2/install/srdfdom/lib:${LD_LIBRARY_PATH} PATH=/home/manuel/robotic-models/ws_moveit2/install/moveit_core/bin:${PATH} PYTHONPATH=/home/manuel/robotic-models/ws_moveit2/install/srdfdom/local/lib/python3.10/dist-packages:${PYTHONPATH} /usr/bin/cmake --build /home/manuel/robotic-models/ws_moveit2/build/moveit_ros_perception -- -j16 -l16
[5.008s] [  5%] [32mBuilding CXX object lazy_free_space_updater/CMakeFiles/moveit_lazy_free_space_updater.dir/src/lazy_free_space_updater.cpp.o[0m
[5.040s] [ 10%] [32mBuilding CXX object point_containment_filter/CMakeFiles/moveit_point_containment_filter.dir/src/shape_mask.cpp.o[0m
[5.056s] [ 15%] [32mBuilding CXX object mesh_filter/CMakeFiles/moveit_mesh_filter.dir/src/mesh_filter_base.cpp.o[0m
[5.081s] [ 20%] [32mBuilding CXX object mesh_filter/CMakeFiles/moveit_mesh_filter.dir/src/sensor_model.cpp.o[0m
[5.092s] [ 25%] [32mBuilding CXX object mesh_filter/CMakeFiles/moveit_mesh_filter.dir/src/stereo_camera_model.cpp.o[0m
[5.112s] [ 30%] [32mBuilding CXX object semantic_world/CMakeFiles/moveit_semantic_world.dir/src/semantic_world.cpp.o[0m
[5.148s] [ 35%] [32mBuilding CXX object mesh_filter/CMakeFiles/moveit_mesh_filter.dir/src/gl_renderer.cpp.o[0m
[5.228s] [ 40%] [32mBuilding CXX object mesh_filter/CMakeFiles/moveit_mesh_filter.dir/src/gl_mesh.cpp.o[0m
[14.259s] [ 45%] [32m[1mLinking CXX shared library libmoveit_lazy_free_space_updater.so[0m
[15.598s] [ 45%] Built target moveit_lazy_free_space_updater
[19.292s] [ 50%] [32m[1mLinking CXX shared library libmoveit_point_containment_filter.so[0m
[20.325s] [ 50%] Built target moveit_point_containment_filter
[20.535s] [ 55%] [32mBuilding CXX object pointcloud_octomap_updater/CMakeFiles/moveit_pointcloud_octomap_updater_core.dir/src/pointcloud_octomap_updater.cpp.o[0m
[20.831s] [ 60%] [32m[1mLinking CXX shared library libmoveit_mesh_filter.so[0m
[37.750s] [ 60%] Built target moveit_mesh_filter
[69.415s] [ 65%] [32m[1mLinking CXX shared library libmoveit_pointcloud_octomap_updater_core.so[0m
[69.833s] [ 65%] Built target moveit_pointcloud_octomap_updater_core
[72.315s] [ 70%] [32m[1mLinking CXX shared library libmoveit_semantic_world.so[0m
[73.040s] [ 70%] Built target moveit_semantic_world
[73.079s] [ 75%] [32mBuilding CXX object pointcloud_octomap_updater/CMakeFiles/moveit_pointcloud_octomap_updater.dir/src/plugin_init.cpp.o[0m
[80.027s] [ 80%] [32m[1mLinking CXX shared library libmoveit_pointcloud_octomap_updater.so[0m
[80.204s] [ 80%] Built target moveit_pointcloud_octomap_updater
[80.235s] [ 85%] [32mBuilding CXX object depth_image_octomap_updater/CMakeFiles/moveit_depth_image_octomap_updater_core.dir/src/depth_image_octomap_updater.cpp.o[0m
[87.757s] [ 90%] [32m[1mLinking CXX shared library libmoveit_depth_image_octomap_updater_core.so[0m
[87.966s] [ 90%] Built target moveit_depth_image_octomap_updater_core
[87.991s] [ 95%] [32mBuilding CXX object depth_image_octomap_updater/CMakeFiles/moveit_depth_image_octomap_updater.dir/src/updater_plugin.cpp.o[0m
[93.083s] [100%] [32m[1mLinking CXX shared library libmoveit_depth_image_octomap_updater.so[0m
[93.235s] [100%] Built target moveit_depth_image_octomap_updater
[93.278s] Invoked command in '/home/manuel/robotic-models/ws_moveit2/build/moveit_ros_perception' returned '0': AMENT_PREFIX_PATH=/home/manuel/robotic-models/ws_moveit2/install/moveit_ros_planning:/home/manuel/robotic-models/ws_moveit2/install/moveit_ros_occupancy_map_monitor:/home/manuel/robotic-models/ws_moveit2/install/moveit_core:/home/manuel/robotic-models/ws_moveit2/install/srdfdom:/home/manuel/robotic-models/ws_moveit2/install/moveit_common:${AMENT_PREFIX_PATH} CMAKE_PREFIX_PATH=/home/manuel/robotic-models/ws_moveit2/install/moveit_ros_planning:/home/manuel/robotic-models/ws_moveit2/install/moveit_ros_occupancy_map_monitor:/home/manuel/robotic-models/ws_moveit2/install/moveit_core:/home/manuel/robotic-models/ws_moveit2/install/srdfdom:/home/manuel/robotic-models/ws_moveit2/install/moveit_common:/opt/ros/humble LD_LIBRARY_PATH=/home/manuel/robotic-models/ws_moveit2/install/moveit_ros_planning/lib:/home/manuel/robotic-models/ws_moveit2/install/moveit_ros_occupancy_map_monitor/lib:/home/manuel/robotic-models/ws_moveit2/install/moveit_core/lib:/home/manuel/robotic-models/ws_moveit2/install/srdfdom/lib:${LD_LIBRARY_PATH} PATH=/home/manuel/robotic-models/ws_moveit2/install/moveit_core/bin:${PATH} PYTHONPATH=/home/manuel/robotic-models/ws_moveit2/install/srdfdom/local/lib/python3.10/dist-packages:${PYTHONPATH} /usr/bin/cmake --build /home/manuel/robotic-models/ws_moveit2/build/moveit_ros_perception -- -j16 -l16
[93.306s] Invoking command in '/home/manuel/robotic-models/ws_moveit2/build/moveit_ros_perception': AMENT_PREFIX_PATH=/home/manuel/robotic-models/ws_moveit2/install/moveit_ros_planning:/home/manuel/robotic-models/ws_moveit2/install/moveit_ros_occupancy_map_monitor:/home/manuel/robotic-models/ws_moveit2/install/moveit_core:/home/manuel/robotic-models/ws_moveit2/install/srdfdom:/home/manuel/robotic-models/ws_moveit2/install/moveit_common:${AMENT_PREFIX_PATH} CMAKE_PREFIX_PATH=/home/manuel/robotic-models/ws_moveit2/install/moveit_ros_planning:/home/manuel/robotic-models/ws_moveit2/install/moveit_ros_occupancy_map_monitor:/home/manuel/robotic-models/ws_moveit2/install/moveit_core:/home/manuel/robotic-models/ws_moveit2/install/srdfdom:/home/manuel/robotic-models/ws_moveit2/install/moveit_common:/opt/ros/humble LD_LIBRARY_PATH=/home/manuel/robotic-models/ws_moveit2/install/moveit_ros_planning/lib:/home/manuel/robotic-models/ws_moveit2/install/moveit_ros_occupancy_map_monitor/lib:/home/manuel/robotic-models/ws_moveit2/install/moveit_core/lib:/home/manuel/robotic-models/ws_moveit2/install/srdfdom/lib:${LD_LIBRARY_PATH} PATH=/home/manuel/robotic-models/ws_moveit2/install/moveit_core/bin:${PATH} PYTHONPATH=/home/manuel/robotic-models/ws_moveit2/install/srdfdom/local/lib/python3.10/dist-packages:${PYTHONPATH} /usr/bin/cmake --install /home/manuel/robotic-models/ws_moveit2/build/moveit_ros_perception
[93.312s] -- Install configuration: "Release"
[93.312s] -- Installing: /home/manuel/robotic-models/ws_moveit2/install/moveit_ros_perception/include
[93.313s] -- Installing: /home/manuel/robotic-models/ws_moveit2/install/moveit_ros_perception/include/moveit
[93.314s] -- Installing: /home/manuel/robotic-models/ws_moveit2/install/moveit_ros_perception/include/moveit/lazy_free_space_updater
[93.314s] -- Installing: /home/manuel/robotic-models/ws_moveit2/install/moveit_ros_perception/include/moveit/lazy_free_space_updater/lazy_free_space_updater.h
[93.315s] -- Up-to-date: /home/manuel/robotic-models/ws_moveit2/install/moveit_ros_perception/include
[93.315s] -- Up-to-date: /home/manuel/robotic-models/ws_moveit2/install/moveit_ros_perception/include/moveit
[93.315s] -- Installing: /home/manuel/robotic-models/ws_moveit2/install/moveit_ros_perception/include/moveit/point_containment_filter
[93.316s] -- Installing: /home/manuel/robotic-models/ws_moveit2/install/moveit_ros_perception/include/moveit/point_containment_filter/shape_mask.h
[93.316s] -- Up-to-date: /home/manuel/robotic-models/ws_moveit2/install/moveit_ros_perception/include
[93.317s] -- Up-to-date: /home/manuel/robotic-models/ws_moveit2/install/moveit_ros_perception/include/moveit
[93.317s] -- Installing: /home/manuel/robotic-models/ws_moveit2/install/moveit_ros_perception/include/moveit/pointcloud_octomap_updater
[93.317s] -- Installing: /home/manuel/robotic-models/ws_moveit2/install/moveit_ros_perception/include/moveit/pointcloud_octomap_updater/pointcloud_octomap_updater.h
[93.317s] -- Up-to-date: /home/manuel/robotic-models/ws_moveit2/install/moveit_ros_perception/include
[93.317s] -- Up-to-date: /home/manuel/robotic-models/ws_moveit2/install/moveit_ros_perception/include/moveit
[93.318s] -- Installing: /home/manuel/robotic-models/ws_moveit2/install/moveit_ros_perception/include/moveit/mesh_filter
[93.318s] -- Installing: /home/manuel/robotic-models/ws_moveit2/install/moveit_ros_perception/include/moveit/mesh_filter/transform_provider.h
[93.318s] -- Installing: /home/manuel/robotic-models/ws_moveit2/install/moveit_ros_perception/include/moveit/mesh_filter/mesh_filter.h
[93.319s] -- Installing: /home/manuel/robotic-models/ws_moveit2/install/moveit_ros_perception/include/moveit/mesh_filter/mesh_filter_base.h
[93.319s] -- Installing: /home/manuel/robotic-models/ws_moveit2/install/moveit_ros_perception/include/moveit/mesh_filter/sensor_model.h
[93.319s] -- Installing: /home/manuel/robotic-models/ws_moveit2/install/moveit_ros_perception/include/moveit/mesh_filter/stereo_camera_model.h
[93.319s] -- Installing: /home/manuel/robotic-models/ws_moveit2/install/moveit_ros_perception/include/moveit/mesh_filter/filter_job.h
[93.319s] -- Installing: /home/manuel/robotic-models/ws_moveit2/install/moveit_ros_perception/include/moveit/mesh_filter/depth_self_filter_nodelet.h
[93.320s] -- Installing: /home/manuel/robotic-models/ws_moveit2/install/moveit_ros_perception/include/moveit/mesh_filter/gl_renderer.h
[93.320s] -- Installing: /home/manuel/robotic-models/ws_moveit2/install/moveit_ros_perception/include/moveit/mesh_filter/gl_mesh.h
[93.320s] -- Installing: /home/manuel/robotic-models/ws_moveit2/install/moveit_ros_perception/include/moveit_mesh_filter_export.h
[93.321s] -- Up-to-date: /home/manuel/robotic-models/ws_moveit2/install/moveit_ros_perception/include
[93.321s] -- Up-to-date: /home/manuel/robotic-models/ws_moveit2/install/moveit_ros_perception/include/moveit
[93.321s] -- Installing: /home/manuel/robotic-models/ws_moveit2/install/moveit_ros_perception/include/moveit/depth_image_octomap_updater
[93.321s] -- Installing: /home/manuel/robotic-models/ws_moveit2/install/moveit_ros_perception/include/moveit/depth_image_octomap_updater/depth_image_octomap_updater.h
[93.321s] -- Up-to-date: /home/manuel/robotic-models/ws_moveit2/install/moveit_ros_perception/include
[93.322s] -- Up-to-date: /home/manuel/robotic-models/ws_moveit2/install/moveit_ros_perception/include/moveit
[93.322s] -- Installing: /home/manuel/robotic-models/ws_moveit2/install/moveit_ros_perception/include/moveit/semantic_world
[93.322s] -- Installing: /home/manuel/robotic-models/ws_moveit2/install/moveit_ros_perception/include/moveit/semantic_world/semantic_world.h
[93.325s] -- Installing: /home/manuel/robotic-models/ws_moveit2/install/moveit_ros_perception/lib/libmoveit_depth_image_octomap_updater.so.2.5.5
[93.325s] -- Set runtime path of "/home/manuel/robotic-models/ws_moveit2/install/moveit_ros_perception/lib/libmoveit_depth_image_octomap_updater.so.2.5.5" to ""
[93.325s] -- Installing: /home/manuel/robotic-models/ws_moveit2/install/moveit_ros_perception/lib/libmoveit_depth_image_octomap_updater.so
[93.325s] -- Installing: /home/manuel/robotic-models/ws_moveit2/install/moveit_ros_perception/lib/libmoveit_depth_image_octomap_updater_core.so.2.5.5
[93.326s] -- Set runtime path of "/home/manuel/robotic-models/ws_moveit2/install/moveit_ros_perception/lib/libmoveit_depth_image_octomap_updater_core.so.2.5.5" to ""
[93.326s] -- Installing: /home/manuel/robotic-models/ws_moveit2/install/moveit_ros_perception/lib/libmoveit_depth_image_octomap_updater_core.so
[93.326s] -- Installing: /home/manuel/robotic-models/ws_moveit2/install/moveit_ros_perception/lib/libmoveit_lazy_free_space_updater.so.2.5.5
[93.326s] -- Set runtime path of "/home/manuel/robotic-models/ws_moveit2/install/moveit_ros_perception/lib/libmoveit_lazy_free_space_updater.so.2.5.5" to ""
[93.327s] -- Installing: /home/manuel/robotic-models/ws_moveit2/install/moveit_ros_perception/lib/libmoveit_lazy_free_space_updater.so
[93.327s] -- Installing: /home/manuel/robotic-models/ws_moveit2/install/moveit_ros_perception/lib/libmoveit_mesh_filter.so.2.5.5
[93.327s] -- Set runtime path of "/home/manuel/robotic-models/ws_moveit2/install/moveit_ros_perception/lib/libmoveit_mesh_filter.so.2.5.5" to ""
[93.327s] -- Installing: /home/manuel/robotic-models/ws_moveit2/install/moveit_ros_perception/lib/libmoveit_mesh_filter.so
[93.327s] -- Installing: /home/manuel/robotic-models/ws_moveit2/install/moveit_ros_perception/lib/libmoveit_point_containment_filter.so.2.5.5
[93.327s] -- Set runtime path of "/home/manuel/robotic-models/ws_moveit2/install/moveit_ros_perception/lib/libmoveit_point_containment_filter.so.2.5.5" to ""
[93.327s] -- Installing: /home/manuel/robotic-models/ws_moveit2/install/moveit_ros_perception/lib/libmoveit_point_containment_filter.so
[93.327s] -- Installing: /home/manuel/robotic-models/ws_moveit2/install/moveit_ros_perception/lib/libmoveit_pointcloud_octomap_updater.so.2.5.5
[93.328s] -- Set runtime path of "/home/manuel/robotic-models/ws_moveit2/install/moveit_ros_perception/lib/libmoveit_pointcloud_octomap_updater.so.2.5.5" to ""
[93.328s] -- Installing: /home/manuel/robotic-models/ws_moveit2/install/moveit_ros_perception/lib/libmoveit_pointcloud_octomap_updater.so
[93.328s] -- Installing: /home/manuel/robotic-models/ws_moveit2/install/moveit_ros_perception/lib/libmoveit_pointcloud_octomap_updater_core.so.2.5.5
[93.329s] -- Set runtime path of "/home/manuel/robotic-models/ws_moveit2/install/moveit_ros_perception/lib/libmoveit_pointcloud_octomap_updater_core.so.2.5.5" to ""
[93.329s] -- Installing: /home/manuel/robotic-models/ws_moveit2/install/moveit_ros_perception/lib/libmoveit_pointcloud_octomap_updater_core.so
[93.329s] -- Installing: /home/manuel/robotic-models/ws_moveit2/install/moveit_ros_perception/lib/libmoveit_semantic_world.so.2.5.5
[93.331s] -- Set runtime path of "/home/manuel/robotic-models/ws_moveit2/install/moveit_ros_perception/lib/libmoveit_semantic_world.so.2.5.5" to ""
[93.331s] -- Installing: /home/manuel/robotic-models/ws_moveit2/install/moveit_ros_perception/lib/libmoveit_semantic_world.so
[93.332s] -- Installing: /home/manuel/robotic-models/ws_moveit2/install/moveit_ros_perception/share/moveit_ros_perception/environment/library_path.sh
[93.332s] -- Installing: /home/manuel/robotic-models/ws_moveit2/install/moveit_ros_perception/share/moveit_ros_perception/environment/library_path.dsv
[93.333s] -- Installing: /home/manuel/robotic-models/ws_moveit2/install/moveit_ros_perception/share/moveit_ros_perception/pointcloud_octomap_updater_plugin_description.xml
[93.333s] -- Installing: /home/manuel/robotic-models/ws_moveit2/install/moveit_ros_perception/share/moveit_ros_perception/depth_image_octomap_updater_plugin_description.xml
[93.335s] -- Installing: /home/manuel/robotic-models/ws_moveit2/install/moveit_ros_perception/share/ament_index/resource_index/package_run_dependencies/moveit_ros_perception
[93.336s] -- Installing: /home/manuel/robotic-models/ws_moveit2/install/moveit_ros_perception/share/ament_index/resource_index/parent_prefix_path/moveit_ros_perception
[93.336s] -- Installing: /home/manuel/robotic-models/ws_moveit2/install/moveit_ros_perception/share/moveit_ros_perception/environment/ament_prefix_path.sh
[93.336s] -- Installing: /home/manuel/robotic-models/ws_moveit2/install/moveit_ros_perception/share/moveit_ros_perception/environment/ament_prefix_path.dsv
[93.337s] -- Installing: /home/manuel/robotic-models/ws_moveit2/install/moveit_ros_perception/share/moveit_ros_perception/environment/path.sh
[93.337s] -- Installing: /home/manuel/robotic-models/ws_moveit2/install/moveit_ros_perception/share/moveit_ros_perception/environment/path.dsv
[93.337s] -- Installing: /home/manuel/robotic-models/ws_moveit2/install/moveit_ros_perception/share/moveit_ros_perception/local_setup.bash
[93.337s] -- Installing: /home/manuel/robotic-models/ws_moveit2/install/moveit_ros_perception/share/moveit_ros_perception/local_setup.sh
[93.338s] -- Installing: /home/manuel/robotic-models/ws_moveit2/install/moveit_ros_perception/share/moveit_ros_perception/local_setup.zsh
[93.338s] -- Installing: /home/manuel/robotic-models/ws_moveit2/install/moveit_ros_perception/share/moveit_ros_perception/local_setup.dsv
[93.338s] -- Installing: /home/manuel/robotic-models/ws_moveit2/install/moveit_ros_perception/share/moveit_ros_perception/package.dsv
[93.339s] -- Installing: /home/manuel/robotic-models/ws_moveit2/install/moveit_ros_perception/share/ament_index/resource_index/packages/moveit_ros_perception
[93.340s] -- Installing: /home/manuel/robotic-models/ws_moveit2/install/moveit_ros_perception/share/ament_index/resource_index/moveit_ros_occupancy_map_monitor__pluginlib__plugin/moveit_ros_perception
[93.341s] -- Installing: /home/manuel/robotic-models/ws_moveit2/install/moveit_ros_perception/share/moveit_ros_perception/cmake/export_moveit_ros_perceptionExport.cmake
[93.342s] -- Installing: /home/manuel/robotic-models/ws_moveit2/install/moveit_ros_perception/share/moveit_ros_perception/cmake/export_moveit_ros_perceptionExport-release.cmake
[93.342s] -- Installing: /home/manuel/robotic-models/ws_moveit2/install/moveit_ros_perception/share/moveit_ros_perception/cmake/ConfigExtras.cmake
[93.342s] -- Installing: /home/manuel/robotic-models/ws_moveit2/install/moveit_ros_perception/share/moveit_ros_perception/cmake/ament_cmake_export_targets-extras.cmake
[93.343s] -- Installing: /home/manuel/robotic-models/ws_moveit2/install/moveit_ros_perception/share/moveit_ros_perception/cmake/ament_cmake_export_dependencies-extras.cmake
[93.343s] -- Installing: /home/manuel/robotic-models/ws_moveit2/install/moveit_ros_perception/share/moveit_ros_perception/cmake/moveit_ros_perceptionConfig.cmake
[93.344s] -- Installing: /home/manuel/robotic-models/ws_moveit2/install/moveit_ros_perception/share/moveit_ros_perception/cmake/moveit_ros_perceptionConfig-version.cmake
[93.344s] -- Installing: /home/manuel/robotic-models/ws_moveit2/install/moveit_ros_perception/share/moveit_ros_perception/package.xml
[93.346s] Invoked command in '/home/manuel/robotic-models/ws_moveit2/build/moveit_ros_perception' returned '0': AMENT_PREFIX_PATH=/home/manuel/robotic-models/ws_moveit2/install/moveit_ros_planning:/home/manuel/robotic-models/ws_moveit2/install/moveit_ros_occupancy_map_monitor:/home/manuel/robotic-models/ws_moveit2/install/moveit_core:/home/manuel/robotic-models/ws_moveit2/install/srdfdom:/home/manuel/robotic-models/ws_moveit2/install/moveit_common:${AMENT_PREFIX_PATH} CMAKE_PREFIX_PATH=/home/manuel/robotic-models/ws_moveit2/install/moveit_ros_planning:/home/manuel/robotic-models/ws_moveit2/install/moveit_ros_occupancy_map_monitor:/home/manuel/robotic-models/ws_moveit2/install/moveit_core:/home/manuel/robotic-models/ws_moveit2/install/srdfdom:/home/manuel/robotic-models/ws_moveit2/install/moveit_common:/opt/ros/humble LD_LIBRARY_PATH=/home/manuel/robotic-models/ws_moveit2/install/moveit_ros_planning/lib:/home/manuel/robotic-models/ws_moveit2/install/moveit_ros_occupancy_map_monitor/lib:/home/manuel/robotic-models/ws_moveit2/install/moveit_core/lib:/home/manuel/robotic-models/ws_moveit2/install/srdfdom/lib:${LD_LIBRARY_PATH} PATH=/home/manuel/robotic-models/ws_moveit2/install/moveit_core/bin:${PATH} PYTHONPATH=/home/manuel/robotic-models/ws_moveit2/install/srdfdom/local/lib/python3.10/dist-packages:${PYTHONPATH} /usr/bin/cmake --install /home/manuel/robotic-models/ws_moveit2/build/moveit_ros_perception
