[0.013s] Invoking command in '/home/manuel/robotic-models/ws_moveit2/build/moveit_core': AMENT_PREFIX_PATH=/home/manuel/robotic-models/ws_moveit2/install/moveit_resources_panda_moveit_config:/home/manuel/robotic-models/ws_moveit2/install/srdfdom:/home/manuel/robotic-models/ws_moveit2/install/moveit_resources_pr2_description:/home/manuel/robotic-models/ws_moveit2/install/moveit_resources_panda_description:/home/manuel/robotic-models/ws_moveit2/install/moveit_common:${AMENT_PREFIX_PATH} CMAKE_PREFIX_PATH=/home/manuel/robotic-models/ws_moveit2/install/moveit_resources_panda_moveit_config:/home/manuel/robotic-models/ws_moveit2/install/srdfdom:/home/manuel/robotic-models/ws_moveit2/install/moveit_resources_pr2_description:/home/manuel/robotic-models/ws_moveit2/install/moveit_resources_panda_description:/home/manuel/robotic-models/ws_moveit2/install/moveit_common:/opt/ros/humble LD_LIBRARY_PATH=/home/manuel/robotic-models/ws_moveit2/install/srdfdom/lib:${LD_LIBRARY_PATH} PYTHONPATH=/home/manuel/robotic-models/ws_moveit2/install/srdfdom/local/lib/python3.10/dist-packages:${PYTHONPATH} /usr/bin/cmake --build /home/manuel/robotic-models/ws_moveit2/build/moveit_core -- -j16 -l16
[0.098s] [35m[1mConsolidate compiler generated dependencies of target moveit_exceptions[0m
[0.099s] [35m[1mConsolidate compiler generated dependencies of target gtest[0m
[0.099s] [35m[1mConsolidate compiler generated dependencies of target moveit_version[0m
[0.099s] [35m[1mConsolidate compiler generated dependencies of target moveit_transforms[0m
[0.099s] [35m[1mConsolidate compiler generated dependencies of target gtest_main[0m
[0.099s] [35m[1mConsolidate compiler generated dependencies of target gmock_main[0m
[0.100s] [35m[1mConsolidate compiler generated dependencies of target moveit_kinematics_base[0m
[0.101s] [35m[1mConsolidate compiler generated dependencies of target moveit_smoothing_base[0m
[0.102s] [35m[1mConsolidate compiler generated dependencies of target gmock[0m
[0.108s] [  2%] Built target moveit_version
[0.108s] [35m[1mConsolidate compiler generated dependencies of target moveit_utils[0m
[0.111s] [  3%] Built target gtest_main
[0.111s] [35m[1mConsolidate compiler generated dependencies of target moveit_distance_field[0m
[0.112s] [  4%] Built target gtest
[0.114s] [  5%] Built target gmock_main
[0.115s] [  6%] Built target moveit_butterworth_parameters
[0.116s] [  7%] Built target moveit_exceptions
[0.117s] [  9%] Built target gmock
[0.124s] [ 10%] Built target moveit_smoothing_base
[0.124s] [ 12%] Built target moveit_utils
[0.124s] [ 13%] Built target moveit_transforms
[0.125s] [ 14%] Built target moveit_kinematics_base
[0.134s] [35m[1mConsolidate compiler generated dependencies of target test_transforms[0m
[0.146s] [35m[1mConsolidate compiler generated dependencies of target moveit_robot_model[0m
[0.148s] [ 15%] Built target test_transforms
[0.156s] [ 17%] Built target moveit_distance_field
[0.168s] [35m[1mConsolidate compiler generated dependencies of target test_voxel_grid[0m
[0.168s] [35m[1mConsolidate compiler generated dependencies of target test_distance_field[0m
[0.186s] [ 18%] Built target test_voxel_grid
[0.191s] [ 25%] Built target moveit_robot_model
[0.191s] [ 26%] Built target test_distance_field
[0.204s] [35m[1mConsolidate compiler generated dependencies of target moveit_butterworth_filter[0m
[0.205s] [35m[1mConsolidate compiler generated dependencies of target moveit_test_utils[0m
[0.208s] [35m[1mConsolidate compiler generated dependencies of target moveit_robot_state[0m
[0.231s] [ 27%] Built target moveit_butterworth_filter
[0.241s] [ 28%] Built target moveit_test_utils
[0.244s] [35m[1mConsolidate compiler generated dependencies of target test_butterworth_filter[0m
[0.244s] [ 31%] Built target moveit_robot_state
[0.252s] [35m[1mConsolidate compiler generated dependencies of target test_robot_model[0m
[0.257s] [35m[1mConsolidate compiler generated dependencies of target test_aabb[0m
[0.258s] [35m[1mConsolidate compiler generated dependencies of target moveit_kinematics_metrics[0m
[0.258s] [35m[1mConsolidate compiler generated dependencies of target moveit_dynamics_solver[0m
[0.258s] [35m[1mConsolidate compiler generated dependencies of target moveit_robot_trajectory[0m
[0.258s] [35m[1mConsolidate compiler generated dependencies of target test_robot_state_complex[0m
[0.259s] [35m[1mConsolidate compiler generated dependencies of target test_robot_state_benchmark[0m
[0.260s] [35m[1mConsolidate compiler generated dependencies of target test_robot_state[0m
[0.264s] [35m[1mConsolidate compiler generated dependencies of target test_cartesian_interpolator[0m
[0.267s] [ 32%] Built target test_butterworth_filter
[0.277s] [35m[1mConsolidate compiler generated dependencies of target moveit_collision_detection[0m
[0.280s] [ 33%] Built target test_robot_model
[0.284s] [ 35%] Built target test_robot_state_complex
[0.285s] [ 35%] Built target test_robot_state_benchmark
[0.285s] [ 37%] Built target moveit_dynamics_solver
[0.285s] [ 38%] Built target test_cartesian_interpolator
[0.286s] [ 39%] Built target moveit_robot_trajectory
[0.286s] [ 40%] Built target moveit_kinematics_metrics
[0.290s] [ 42%] Built target test_aabb
[0.290s] [ 43%] Built target test_robot_state
[0.298s] [35m[1mConsolidate compiler generated dependencies of target test_robot_trajectory[0m
[0.300s] [35m[1mConsolidate compiler generated dependencies of target moveit_planning_interface[0m
[0.304s] [35m[1mConsolidate compiler generated dependencies of target moveit_trajectory_processing[0m
[0.320s] [ 44%] Built target test_robot_trajectory
[0.334s] [ 46%] Built target moveit_planning_interface
[0.339s] [ 55%] Built target moveit_trajectory_processing
[0.339s] [ 56%] Built target moveit_collision_detection
[0.353s] [35m[1mConsolidate compiler generated dependencies of target test_world[0m
[0.353s] [35m[1mConsolidate compiler generated dependencies of target test_all_valid[0m
[0.353s] [35m[1mConsolidate compiler generated dependencies of target test_world_diff[0m
[0.354s] [35m[1mConsolidate compiler generated dependencies of target test_time_optimal_trajectory_generation[0m
[0.354s] [35m[1mConsolidate compiler generated dependencies of target test_ruckig_traj_smoothing[0m
[0.354s] [35m[1mConsolidate compiler generated dependencies of target test_time_parameterization[0m
[0.355s] [35m[1mConsolidate compiler generated dependencies of target moveit_collision_detection_fcl[0m
[0.366s] [35m[1mConsolidate compiler generated dependencies of target moveit_collision_detection_bullet[0m
[0.369s] [ 59%] Built target test_world
[0.369s] [ 59%] Built target test_world_diff
[0.375s] [ 60%] Built target test_ruckig_traj_smoothing
[0.375s] [ 61%] Built target test_all_valid
[0.375s] [ 62%] Built target test_time_parameterization
[0.375s] [ 64%] Built target test_time_optimal_trajectory_generation
[0.397s] [ 66%] Built target moveit_collision_detection_fcl
[0.410s] [35m[1mConsolidate compiler generated dependencies of target test_fcl_collision_env[0m
[0.411s] [35m[1mConsolidate compiler generated dependencies of target test_fcl_collision_detection_panda[0m
[0.412s] [35m[1mConsolidate compiler generated dependencies of target test_fcl_collision_detection[0m
[0.414s] [35m[1mConsolidate compiler generated dependencies of target moveit_kinematic_constraints[0m
[0.420s] [ 71%] Built target moveit_collision_detection_bullet
[0.435s] [35m[1mConsolidate compiler generated dependencies of target test_bullet_continuous_collision_checking[0m
[0.435s] [35m[1mConsolidate compiler generated dependencies of target test_bullet_collision_detection[0m
[0.436s] [35m[1mConsolidate compiler generated dependencies of target test_bullet_collision_detection_panda[0m
[0.440s] [ 73%] Built target test_fcl_collision_env
[0.442s] [ 74%] Built target test_fcl_collision_detection_panda
[0.442s] [ 75%] Built target test_fcl_collision_detection
[0.455s] [ 77%] Built target moveit_kinematic_constraints
[0.463s] [ 81%] Built target test_bullet_collision_detection_panda
[0.463s] [ 81%] Built target test_bullet_collision_detection
[0.463s] [ 81%] Built target test_bullet_continuous_collision_checking
[0.467s] [35m[1mConsolidate compiler generated dependencies of target test_orientation_constraints[0m
[0.468s] [35m[1mConsolidate compiler generated dependencies of target test_constraints[0m
[0.468s] [35m[1mConsolidate compiler generated dependencies of target moveit_planning_scene[0m
[0.490s] [ 83%] Built target test_constraints
[0.490s] [ 83%] Built target test_orientation_constraints
[0.495s] [ 84%] Built target moveit_planning_scene
[0.517s] [35m[1mConsolidate compiler generated dependencies of target collision_detector_fcl_plugin[0m
[0.517s] [35m[1mConsolidate compiler generated dependencies of target moveit_planning_request_adapter[0m
[0.519s] [35m[1mConsolidate compiler generated dependencies of target collision_detector_bullet_plugin[0m
[0.519s] [35m[1mConsolidate compiler generated dependencies of target test_multi_threaded[0m
[0.520s] [35m[1mConsolidate compiler generated dependencies of target test_planning_scene[0m
[0.520s] [35m[1mConsolidate compiler generated dependencies of target test_collision_objects[0m
[0.530s] [35m[1mConsolidate compiler generated dependencies of target moveit_collision_distance_field[0m
[0.537s] [35m[1mConsolidate compiler generated dependencies of target moveit_constraint_samplers[0m
[0.544s] [ 85%] Built target collision_detector_fcl_plugin
[0.544s] [ 87%] Built target test_multi_threaded
[0.544s] [ 87%] Built target moveit_planning_request_adapter
[0.544s] [ 88%] Built target collision_detector_bullet_plugin
[0.544s] [ 89%] Built target test_collision_objects
[0.553s] [ 90%] Built target test_planning_scene
[0.574s] [ 93%] Built target moveit_collision_distance_field
[0.577s] [ 96%] Built target moveit_constraint_samplers
[0.587s] [35m[1mConsolidate compiler generated dependencies of target test_collision_distance_field[0m
[0.594s] [35m[1mConsolidate compiler generated dependencies of target test_constraint_samplers[0m
[0.611s] [ 97%] Built target test_collision_distance_field
[0.625s] [100%] Built target test_constraint_samplers
[0.814s] Invoked command in '/home/manuel/robotic-models/ws_moveit2/build/moveit_core' returned '0': AMENT_PREFIX_PATH=/home/manuel/robotic-models/ws_moveit2/install/moveit_resources_panda_moveit_config:/home/manuel/robotic-models/ws_moveit2/install/srdfdom:/home/manuel/robotic-models/ws_moveit2/install/moveit_resources_pr2_description:/home/manuel/robotic-models/ws_moveit2/install/moveit_resources_panda_description:/home/manuel/robotic-models/ws_moveit2/install/moveit_common:${AMENT_PREFIX_PATH} CMAKE_PREFIX_PATH=/home/manuel/robotic-models/ws_moveit2/install/moveit_resources_panda_moveit_config:/home/manuel/robotic-models/ws_moveit2/install/srdfdom:/home/manuel/robotic-models/ws_moveit2/install/moveit_resources_pr2_description:/home/manuel/robotic-models/ws_moveit2/install/moveit_resources_panda_description:/home/manuel/robotic-models/ws_moveit2/install/moveit_common:/opt/ros/humble LD_LIBRARY_PATH=/home/manuel/robotic-models/ws_moveit2/install/srdfdom/lib:${LD_LIBRARY_PATH} PYTHONPATH=/home/manuel/robotic-models/ws_moveit2/install/srdfdom/local/lib/python3.10/dist-packages:${PYTHONPATH} /usr/bin/cmake --build /home/manuel/robotic-models/ws_moveit2/build/moveit_core -- -j16 -l16
[0.857s] Invoking command in '/home/manuel/robotic-models/ws_moveit2/build/moveit_core': AMENT_PREFIX_PATH=/home/manuel/robotic-models/ws_moveit2/install/moveit_resources_panda_moveit_config:/home/manuel/robotic-models/ws_moveit2/install/srdfdom:/home/manuel/robotic-models/ws_moveit2/install/moveit_resources_pr2_description:/home/manuel/robotic-models/ws_moveit2/install/moveit_resources_panda_description:/home/manuel/robotic-models/ws_moveit2/install/moveit_common:${AMENT_PREFIX_PATH} CMAKE_PREFIX_PATH=/home/manuel/robotic-models/ws_moveit2/install/moveit_resources_panda_moveit_config:/home/manuel/robotic-models/ws_moveit2/install/srdfdom:/home/manuel/robotic-models/ws_moveit2/install/moveit_resources_pr2_description:/home/manuel/robotic-models/ws_moveit2/install/moveit_resources_panda_description:/home/manuel/robotic-models/ws_moveit2/install/moveit_common:/opt/ros/humble LD_LIBRARY_PATH=/home/manuel/robotic-models/ws_moveit2/install/srdfdom/lib:${LD_LIBRARY_PATH} PYTHONPATH=/home/manuel/robotic-models/ws_moveit2/install/srdfdom/local/lib/python3.10/dist-packages:${PYTHONPATH} /usr/bin/cmake --install /home/manuel/robotic-models/ws_moveit2/build/moveit_core
[0.863s] -- Install configuration: "Release"
[0.863s] -- Up-to-date: /home/manuel/robotic-models/ws_moveit2/install/moveit_core/include/moveit/version.h
[0.864s] -- Up-to-date: /home/manuel/robotic-models/ws_moveit2/install/moveit_core/include
[0.864s] -- Up-to-date: /home/manuel/robotic-models/ws_moveit2/install/moveit_core/include/moveit
[0.864s] -- Up-to-date: /home/manuel/robotic-models/ws_moveit2/install/moveit_core/include/moveit/collision_distance_field
[0.864s] -- Up-to-date: /home/manuel/robotic-models/ws_moveit2/install/moveit_core/include/moveit/collision_distance_field/collision_distance_field_types.h
[0.864s] -- Up-to-date: /home/manuel/robotic-models/ws_moveit2/install/moveit_core/include/moveit/collision_distance_field/collision_detector_allocator_hybrid.h
[0.864s] -- Up-to-date: /home/manuel/robotic-models/ws_moveit2/install/moveit_core/include/moveit/collision_distance_field/collision_env_distance_field.h
[0.864s] -- Up-to-date: /home/manuel/robotic-models/ws_moveit2/install/moveit_core/include/moveit/collision_distance_field/collision_common_distance_field.h
[0.864s] -- Up-to-date: /home/manuel/robotic-models/ws_moveit2/install/moveit_core/include/moveit/collision_distance_field/collision_detector_allocator_distance_field.h
[0.864s] -- Up-to-date: /home/manuel/robotic-models/ws_moveit2/install/moveit_core/include/moveit/collision_distance_field/collision_env_hybrid.h
[0.865s] -- Up-to-date: /home/manuel/robotic-models/ws_moveit2/install/moveit_core/include/moveit_collision_distance_field_export.h
[0.865s] -- Up-to-date: /home/manuel/robotic-models/ws_moveit2/install/moveit_core/include
[0.865s] -- Up-to-date: /home/manuel/robotic-models/ws_moveit2/install/moveit_core/include/moveit
[0.865s] -- Up-to-date: /home/manuel/robotic-models/ws_moveit2/install/moveit_core/include/moveit/constraint_samplers
[0.866s] -- Up-to-date: /home/manuel/robotic-models/ws_moveit2/install/moveit_core/include/moveit/constraint_samplers/constraint_sampler.h
[0.866s] -- Up-to-date: /home/manuel/robotic-models/ws_moveit2/install/moveit_core/include/moveit/constraint_samplers/constraint_sampler_manager.h
[0.866s] -- Up-to-date: /home/manuel/robotic-models/ws_moveit2/install/moveit_core/include/moveit/constraint_samplers/constraint_sampler_tools.h
[0.866s] -- Up-to-date: /home/manuel/robotic-models/ws_moveit2/install/moveit_core/include/moveit/constraint_samplers/union_constraint_sampler.h
[0.866s] -- Up-to-date: /home/manuel/robotic-models/ws_moveit2/install/moveit_core/include/moveit/constraint_samplers/constraint_sampler_allocator.h
[0.866s] -- Up-to-date: /home/manuel/robotic-models/ws_moveit2/install/moveit_core/include/moveit/constraint_samplers/default_constraint_samplers.h
[0.866s] -- Up-to-date: /home/manuel/robotic-models/ws_moveit2/install/moveit_core/include
[0.866s] -- Up-to-date: /home/manuel/robotic-models/ws_moveit2/install/moveit_core/include/moveit
[0.867s] -- Up-to-date: /home/manuel/robotic-models/ws_moveit2/install/moveit_core/include/moveit/controller_manager
[0.867s] -- Up-to-date: /home/manuel/robotic-models/ws_moveit2/install/moveit_core/include/moveit/controller_manager/controller_manager.h
[0.868s] -- Up-to-date: /home/manuel/robotic-models/ws_moveit2/install/moveit_core/include
[0.868s] -- Up-to-date: /home/manuel/robotic-models/ws_moveit2/install/moveit_core/include/moveit
[0.868s] -- Up-to-date: /home/manuel/robotic-models/ws_moveit2/install/moveit_core/include/moveit/distance_field
[0.868s] -- Up-to-date: /home/manuel/robotic-models/ws_moveit2/install/moveit_core/include/moveit/distance_field/propagation_distance_field.h
[0.868s] -- Up-to-date: /home/manuel/robotic-models/ws_moveit2/install/moveit_core/include/moveit/distance_field/voxel_grid.h
[0.868s] -- Up-to-date: /home/manuel/robotic-models/ws_moveit2/install/moveit_core/include/moveit/distance_field/find_internal_points.h
[0.868s] -- Up-to-date: /home/manuel/robotic-models/ws_moveit2/install/moveit_core/include/moveit/distance_field/distance_field.h
[0.868s] -- Up-to-date: /home/manuel/robotic-models/ws_moveit2/install/moveit_core/include
[0.868s] -- Up-to-date: /home/manuel/robotic-models/ws_moveit2/install/moveit_core/include/moveit
[0.869s] -- Up-to-date: /home/manuel/robotic-models/ws_moveit2/install/moveit_core/include/moveit/dynamics_solver
[0.869s] -- Up-to-date: /home/manuel/robotic-models/ws_moveit2/install/moveit_core/include/moveit/dynamics_solver/dynamics_solver.h
[0.869s] -- Up-to-date: /home/manuel/robotic-models/ws_moveit2/install/moveit_core/include
[0.869s] -- Up-to-date: /home/manuel/robotic-models/ws_moveit2/install/moveit_core/include/moveit
[0.869s] -- Up-to-date: /home/manuel/robotic-models/ws_moveit2/install/moveit_core/include/moveit/exceptions
[0.869s] -- Up-to-date: /home/manuel/robotic-models/ws_moveit2/install/moveit_core/include/moveit/exceptions/exceptions.h
[0.869s] -- Up-to-date: /home/manuel/robotic-models/ws_moveit2/install/moveit_core/include
[0.869s] -- Up-to-date: /home/manuel/robotic-models/ws_moveit2/install/moveit_core/include/moveit
[0.869s] -- Up-to-date: /home/manuel/robotic-models/ws_moveit2/install/moveit_core/include/moveit/kinematics_base
[0.869s] -- Up-to-date: /home/manuel/robotic-models/ws_moveit2/install/moveit_core/include/moveit/kinematics_base/kinematics_base.h
[0.870s] -- Up-to-date: /home/manuel/robotic-models/ws_moveit2/install/moveit_core/include/moveit_kinematics_base_export.h
[0.870s] -- Up-to-date: /home/manuel/robotic-models/ws_moveit2/install/moveit_core/include
[0.870s] -- Up-to-date: /home/manuel/robotic-models/ws_moveit2/install/moveit_core/include/moveit
[0.870s] -- Up-to-date: /home/manuel/robotic-models/ws_moveit2/install/moveit_core/include/moveit/kinematic_constraints
[0.870s] -- Up-to-date: /home/manuel/robotic-models/ws_moveit2/install/moveit_core/include/moveit/kinematic_constraints/utils.h
[0.870s] -- Up-to-date: /home/manuel/robotic-models/ws_moveit2/install/moveit_core/include/moveit/kinematic_constraints/kinematic_constraint.h
[0.870s] -- Up-to-date: /home/manuel/robotic-models/ws_moveit2/install/moveit_core/include
[0.871s] -- Up-to-date: /home/manuel/robotic-models/ws_moveit2/install/moveit_core/include/moveit
[0.871s] -- Up-to-date: /home/manuel/robotic-models/ws_moveit2/install/moveit_core/include/moveit/kinematics_metrics
[0.871s] -- Up-to-date: /home/manuel/robotic-models/ws_moveit2/install/moveit_core/include/moveit/kinematics_metrics/kinematics_metrics.h
[0.871s] -- Up-to-date: /home/manuel/robotic-models/ws_moveit2/install/moveit_core/include
[0.871s] -- Up-to-date: /home/manuel/robotic-models/ws_moveit2/install/moveit_core/include/moveit
[0.871s] -- Up-to-date: /home/manuel/robotic-models/ws_moveit2/install/moveit_core/include/moveit/macros
[0.871s] -- Up-to-date: /home/manuel/robotic-models/ws_moveit2/install/moveit_core/include/moveit/macros/console_colors.h
[0.871s] -- Up-to-date: /home/manuel/robotic-models/ws_moveit2/install/moveit_core/include/moveit/macros/deprecation.h
[0.872s] -- Up-to-date: /home/manuel/robotic-models/ws_moveit2/install/moveit_core/include/moveit/macros/declare_ptr.h
[0.872s] -- Up-to-date: /home/manuel/robotic-models/ws_moveit2/install/moveit_core/include/moveit/macros/class_forward.h
[0.872s] -- Up-to-date: /home/manuel/robotic-models/ws_moveit2/install/moveit_core/include/moveit_butterworth_parameters
[0.872s] -- Up-to-date: /home/manuel/robotic-models/ws_moveit2/install/moveit_core/include/moveit_butterworth_parameters/moveit_butterworth_parameters.hpp
[0.872s] -- Up-to-date: /home/manuel/robotic-models/ws_moveit2/install/moveit_core/include
[0.872s] -- Up-to-date: /home/manuel/robotic-models/ws_moveit2/install/moveit_core/include/moveit
[0.872s] -- Up-to-date: /home/manuel/robotic-models/ws_moveit2/install/moveit_core/include/moveit/online_signal_smoothing
[0.872s] -- Up-to-date: /home/manuel/robotic-models/ws_moveit2/install/moveit_core/include/moveit/online_signal_smoothing/smoothing_base_class.h
[0.873s] -- Up-to-date: /home/manuel/robotic-models/ws_moveit2/install/moveit_core/include/moveit/online_signal_smoothing/butterworth_filter.h
[0.873s] -- Up-to-date: /home/manuel/robotic-models/ws_moveit2/install/moveit_core/include/moveit_smoothing_base_export.h
[0.873s] -- Up-to-date: /home/manuel/robotic-models/ws_moveit2/install/moveit_core/include/moveit_butterworth_filter_export.h
[0.873s] -- Up-to-date: /home/manuel/robotic-models/ws_moveit2/install/moveit_core/include
[0.873s] -- Up-to-date: /home/manuel/robotic-models/ws_moveit2/install/moveit_core/include/moveit
[0.873s] -- Up-to-date: /home/manuel/robotic-models/ws_moveit2/install/moveit_core/include/moveit/planning_interface
[0.873s] -- Up-to-date: /home/manuel/robotic-models/ws_moveit2/install/moveit_core/include/moveit/planning_interface/planning_request.h
[0.873s] -- Up-to-date: /home/manuel/robotic-models/ws_moveit2/install/moveit_core/include/moveit/planning_interface/planning_interface.h
[0.873s] -- Up-to-date: /home/manuel/robotic-models/ws_moveit2/install/moveit_core/include/moveit/planning_interface/planning_response.h
[0.873s] -- Up-to-date: /home/manuel/robotic-models/ws_moveit2/install/moveit_core/include
[0.874s] -- Up-to-date: /home/manuel/robotic-models/ws_moveit2/install/moveit_core/include/moveit
[0.874s] -- Up-to-date: /home/manuel/robotic-models/ws_moveit2/install/moveit_core/include/moveit/planning_request_adapter
[0.874s] -- Up-to-date: /home/manuel/robotic-models/ws_moveit2/install/moveit_core/include/moveit/planning_request_adapter/planning_request_adapter.h
[0.874s] -- Up-to-date: /home/manuel/robotic-models/ws_moveit2/install/moveit_core/include
[0.874s] -- Up-to-date: /home/manuel/robotic-models/ws_moveit2/install/moveit_core/include/moveit
[0.874s] -- Up-to-date: /home/manuel/robotic-models/ws_moveit2/install/moveit_core/include/moveit/planning_scene
[0.874s] -- Up-to-date: /home/manuel/robotic-models/ws_moveit2/install/moveit_core/include/moveit/planning_scene/planning_scene.h
[0.874s] -- Up-to-date: /home/manuel/robotic-models/ws_moveit2/install/moveit_core/include/moveit_planning_scene_export.h
[0.875s] -- Up-to-date: /home/manuel/robotic-models/ws_moveit2/install/moveit_core/include
[0.875s] -- Up-to-date: /home/manuel/robotic-models/ws_moveit2/install/moveit_core/include/moveit
[0.875s] -- Up-to-date: /home/manuel/robotic-models/ws_moveit2/install/moveit_core/include/moveit/robot_model
[0.875s] -- Up-to-date: /home/manuel/robotic-models/ws_moveit2/install/moveit_core/include/moveit/robot_model/floating_joint_model.h
[0.875s] -- Up-to-date: /home/manuel/robotic-models/ws_moveit2/install/moveit_core/include/moveit/robot_model/fixed_joint_model.h
[0.875s] -- Up-to-date: /home/manuel/robotic-models/ws_moveit2/install/moveit_core/include/moveit/robot_model/planar_joint_model.h
[0.875s] -- Up-to-date: /home/manuel/robotic-models/ws_moveit2/install/moveit_core/include/moveit/robot_model/joint_model.h
[0.875s] -- Up-to-date: /home/manuel/robotic-models/ws_moveit2/install/moveit_core/include/moveit/robot_model/robot_model.h
[0.876s] -- Up-to-date: /home/manuel/robotic-models/ws_moveit2/install/moveit_core/include/moveit/robot_model/joint_model_group.h
[0.876s] -- Up-to-date: /home/manuel/robotic-models/ws_moveit2/install/moveit_core/include/moveit/robot_model/revolute_joint_model.h
[0.876s] -- Up-to-date: /home/manuel/robotic-models/ws_moveit2/install/moveit_core/include/moveit/robot_model/aabb.h
[0.876s] -- Up-to-date: /home/manuel/robotic-models/ws_moveit2/install/moveit_core/include/moveit/robot_model/prismatic_joint_model.h
[0.876s] -- Up-to-date: /home/manuel/robotic-models/ws_moveit2/install/moveit_core/include/moveit/robot_model/link_model.h
[0.876s] -- Up-to-date: /home/manuel/robotic-models/ws_moveit2/install/moveit_core/include
[0.876s] -- Up-to-date: /home/manuel/robotic-models/ws_moveit2/install/moveit_core/include/moveit
[0.876s] -- Up-to-date: /home/manuel/robotic-models/ws_moveit2/install/moveit_core/include/moveit/robot_state
[0.876s] -- Up-to-date: /home/manuel/robotic-models/ws_moveit2/install/moveit_core/include/moveit/robot_state/robot_state.h
[0.876s] -- Up-to-date: /home/manuel/robotic-models/ws_moveit2/install/moveit_core/include/moveit/robot_state/attached_body.h
[0.876s] -- Up-to-date: /home/manuel/robotic-models/ws_moveit2/install/moveit_core/include/moveit/robot_state/cartesian_interpolator.h
[0.876s] -- Up-to-date: /home/manuel/robotic-models/ws_moveit2/install/moveit_core/include/moveit/robot_state/conversions.h
[0.876s] -- Up-to-date: /home/manuel/robotic-models/ws_moveit2/install/moveit_core/include
[0.876s] -- Up-to-date: /home/manuel/robotic-models/ws_moveit2/install/moveit_core/include/moveit
[0.877s] -- Up-to-date: /home/manuel/robotic-models/ws_moveit2/install/moveit_core/include/moveit/robot_trajectory
[0.877s] -- Up-to-date: /home/manuel/robotic-models/ws_moveit2/install/moveit_core/include/moveit/robot_trajectory/robot_trajectory.h
[0.877s] -- Up-to-date: /home/manuel/robotic-models/ws_moveit2/install/moveit_core/include
[0.877s] -- Up-to-date: /home/manuel/robotic-models/ws_moveit2/install/moveit_core/include/moveit
[0.878s] -- Up-to-date: /home/manuel/robotic-models/ws_moveit2/install/moveit_core/include/moveit/sensor_manager
[0.878s] -- Up-to-date: /home/manuel/robotic-models/ws_moveit2/install/moveit_core/include/moveit/sensor_manager/sensor_manager.h
[0.879s] -- Up-to-date: /home/manuel/robotic-models/ws_moveit2/install/moveit_core/include
[0.879s] -- Up-to-date: /home/manuel/robotic-models/ws_moveit2/install/moveit_core/include/moveit
[0.879s] -- Up-to-date: /home/manuel/robotic-models/ws_moveit2/install/moveit_core/include/moveit/trajectory_processing
[0.879s] -- Up-to-date: /home/manuel/robotic-models/ws_moveit2/install/moveit_core/include/moveit/trajectory_processing/time_optimal_trajectory_generation.h
[0.879s] -- Up-to-date: /home/manuel/robotic-models/ws_moveit2/install/moveit_core/include/moveit/trajectory_processing/iterative_time_parameterization.h
[0.879s] -- Up-to-date: /home/manuel/robotic-models/ws_moveit2/install/moveit_core/include/moveit/trajectory_processing/time_parameterization.h
[0.879s] -- Up-to-date: /home/manuel/robotic-models/ws_moveit2/install/moveit_core/include/moveit/trajectory_processing/iterative_spline_parameterization.h
[0.879s] -- Up-to-date: /home/manuel/robotic-models/ws_moveit2/install/moveit_core/include/moveit/trajectory_processing/ruckig_traj_smoothing.h
[0.880s] -- Up-to-date: /home/manuel/robotic-models/ws_moveit2/install/moveit_core/include/moveit/trajectory_processing/trajectory_tools.h
[0.880s] -- Up-to-date: /home/manuel/robotic-models/ws_moveit2/install/moveit_core/include
[0.880s] -- Up-to-date: /home/manuel/robotic-models/ws_moveit2/install/moveit_core/include/moveit
[0.880s] -- Up-to-date: /home/manuel/robotic-models/ws_moveit2/install/moveit_core/include/moveit/transforms
[0.880s] -- Up-to-date: /home/manuel/robotic-models/ws_moveit2/install/moveit_core/include/moveit/transforms/transforms.h
[0.880s] -- Up-to-date: /home/manuel/robotic-models/ws_moveit2/install/moveit_core/include
[0.880s] -- Up-to-date: /home/manuel/robotic-models/ws_moveit2/install/moveit_core/include/moveit
[0.880s] -- Up-to-date: /home/manuel/robotic-models/ws_moveit2/install/moveit_core/include/moveit/utils
[0.880s] -- Up-to-date: /home/manuel/robotic-models/ws_moveit2/install/moveit_core/include/moveit/utils/moveit_error_code.h
[0.881s] -- Up-to-date: /home/manuel/robotic-models/ws_moveit2/install/moveit_core/include/moveit/utils/lexical_casts.h
[0.881s] -- Up-to-date: /home/manuel/robotic-models/ws_moveit2/install/moveit_core/include/moveit/utils/message_checks.h
[0.881s] -- Up-to-date: /home/manuel/robotic-models/ws_moveit2/install/moveit_core/include/moveit/utils/rclcpp_utils.h
[0.881s] -- Up-to-date: /home/manuel/robotic-models/ws_moveit2/install/moveit_core/include/moveit/utils/robot_model_test_utils.h
[0.881s] -- Up-to-date: /home/manuel/robotic-models/ws_moveit2/install/moveit_core/bin/moveit_version
[0.882s] -- Up-to-date: /home/manuel/robotic-models/ws_moveit2/install/moveit_core/include
[0.882s] -- Up-to-date: /home/manuel/robotic-models/ws_moveit2/install/moveit_core/include/moveit
[0.882s] -- Up-to-date: /home/manuel/robotic-models/ws_moveit2/install/moveit_core/include/moveit/collision_detection
[0.882s] -- Up-to-date: /home/manuel/robotic-models/ws_moveit2/install/moveit_core/include/moveit/collision_detection/collision_env.h
[0.882s] -- Up-to-date: /home/manuel/robotic-models/ws_moveit2/install/moveit_core/include/moveit/collision_detection/occupancy_map.h
[0.882s] -- Up-to-date: /home/manuel/robotic-models/ws_moveit2/install/moveit_core/include/moveit/collision_detection/world_diff.h
[0.882s] -- Up-to-date: /home/manuel/robotic-models/ws_moveit2/install/moveit_core/include/moveit/collision_detection/collision_plugin.h
[0.882s] -- Up-to-date: /home/manuel/robotic-models/ws_moveit2/install/moveit_core/include/moveit/collision_detection/world.h
[0.882s] -- Up-to-date: /home/manuel/robotic-models/ws_moveit2/install/moveit_core/include/moveit/collision_detection/collision_matrix.h
[0.882s] -- Up-to-date: /home/manuel/robotic-models/ws_moveit2/install/moveit_core/include/moveit/collision_detection/collision_common.h
[0.882s] -- Up-to-date: /home/manuel/robotic-models/ws_moveit2/install/moveit_core/include/moveit/collision_detection/test_collision_common_panda.h
[0.882s] -- Up-to-date: /home/manuel/robotic-models/ws_moveit2/install/moveit_core/include/moveit/collision_detection/collision_plugin_cache.h
[0.882s] -- Up-to-date: /home/manuel/robotic-models/ws_moveit2/install/moveit_core/include/moveit/collision_detection/collision_detector_allocator.h
[0.882s] -- Up-to-date: /home/manuel/robotic-models/ws_moveit2/install/moveit_core/include/moveit/collision_detection/allvalid
[0.883s] -- Up-to-date: /home/manuel/robotic-models/ws_moveit2/install/moveit_core/include/moveit/collision_detection/allvalid/collision_env_allvalid.h
[0.883s] -- Up-to-date: /home/manuel/robotic-models/ws_moveit2/install/moveit_core/include/moveit/collision_detection/allvalid/collision_detector_allocator_allvalid.h
[0.883s] -- Up-to-date: /home/manuel/robotic-models/ws_moveit2/install/moveit_core/include/moveit/collision_detection/collision_tools.h
[0.883s] -- Up-to-date: /home/manuel/robotic-models/ws_moveit2/install/moveit_core/include/moveit/collision_detection/test_collision_common_pr2.h
[0.883s] -- Up-to-date: /home/manuel/robotic-models/ws_moveit2/install/moveit_core/include/moveit/collision_detection/collision_octomap_filter.h
[0.883s] -- Up-to-date: /home/manuel/robotic-models/ws_moveit2/install/moveit_core/include/moveit_collision_detection_export.h
[0.883s] -- Up-to-date: /home/manuel/robotic-models/ws_moveit2/install/moveit_core/include
[0.883s] -- Up-to-date: /home/manuel/robotic-models/ws_moveit2/install/moveit_core/include/moveit
[0.883s] -- Up-to-date: /home/manuel/robotic-models/ws_moveit2/install/moveit_core/include/moveit/collision_detection_bullet
[0.883s] -- Up-to-date: /home/manuel/robotic-models/ws_moveit2/install/moveit_core/include/moveit/collision_detection_bullet/collision_detector_allocator_bullet.h
[0.884s] -- Up-to-date: /home/manuel/robotic-models/ws_moveit2/install/moveit_core/include/moveit/collision_detection_bullet/bullet_integration
[0.884s] -- Up-to-date: /home/manuel/robotic-models/ws_moveit2/install/moveit_core/include/moveit/collision_detection_bullet/bullet_integration/bullet_cast_bvh_manager.h
[0.884s] -- Up-to-date: /home/manuel/robotic-models/ws_moveit2/install/moveit_core/include/moveit/collision_detection_bullet/bullet_integration/ros_bullet_utils.h
[0.884s] -- Up-to-date: /home/manuel/robotic-models/ws_moveit2/install/moveit_core/include/moveit/collision_detection_bullet/bullet_integration/bullet_utils.h
[0.884s] -- Up-to-date: /home/manuel/robotic-models/ws_moveit2/install/moveit_core/include/moveit/collision_detection_bullet/bullet_integration/bullet_bvh_manager.h
[0.884s] -- Up-to-date: /home/manuel/robotic-models/ws_moveit2/install/moveit_core/include/moveit/collision_detection_bullet/bullet_integration/bullet_discrete_bvh_manager.h
[0.884s] -- Up-to-date: /home/manuel/robotic-models/ws_moveit2/install/moveit_core/include/moveit/collision_detection_bullet/bullet_integration/basic_types.h
[0.884s] -- Up-to-date: /home/manuel/robotic-models/ws_moveit2/install/moveit_core/include/moveit/collision_detection_bullet/bullet_integration/contact_checker_common.h
[0.885s] -- Up-to-date: /home/manuel/robotic-models/ws_moveit2/install/moveit_core/include/moveit/collision_detection_bullet/collision_env_bullet.h
[0.885s] -- Up-to-date: /home/manuel/robotic-models/ws_moveit2/install/moveit_core/include/moveit/collision_detection_bullet/collision_detector_bullet_plugin_loader.h
[0.885s] -- Up-to-date: /home/manuel/robotic-models/ws_moveit2/install/moveit_core/include/moveit_collision_detection_bullet_export.h
[0.885s] -- Up-to-date: /home/manuel/robotic-models/ws_moveit2/install/moveit_core/include
[0.885s] -- Up-to-date: /home/manuel/robotic-models/ws_moveit2/install/moveit_core/include/moveit
[0.885s] -- Up-to-date: /home/manuel/robotic-models/ws_moveit2/install/moveit_core/include/moveit/collision_detection_fcl
[0.885s] -- Up-to-date: /home/manuel/robotic-models/ws_moveit2/install/moveit_core/include/moveit/collision_detection_fcl/collision_env_fcl.h
[0.885s] -- Up-to-date: /home/manuel/robotic-models/ws_moveit2/install/moveit_core/include/moveit/collision_detection_fcl/collision_detector_fcl_plugin_loader.h
[0.885s] -- Up-to-date: /home/manuel/robotic-models/ws_moveit2/install/moveit_core/include/moveit/collision_detection_fcl/collision_detector_allocator_fcl.h
[0.885s] -- Up-to-date: /home/manuel/robotic-models/ws_moveit2/install/moveit_core/include/moveit/collision_detection_fcl/collision_common.h
[0.885s] -- Up-to-date: /home/manuel/robotic-models/ws_moveit2/install/moveit_core/include/moveit/collision_detection_fcl/fcl_compat.h
[0.885s] -- Up-to-date: /home/manuel/robotic-models/ws_moveit2/install/moveit_core/include/moveit_collision_detection_fcl_export.h
[0.885s] -- Up-to-date: /home/manuel/robotic-models/ws_moveit2/install/moveit_core/lib/libcollision_detector_bullet_plugin.so.2.5.5
[0.886s] -- Up-to-date: /home/manuel/robotic-models/ws_moveit2/install/moveit_core/lib/libcollision_detector_bullet_plugin.so
[0.887s] -- Up-to-date: /home/manuel/robotic-models/ws_moveit2/install/moveit_core/lib/libmoveit_butterworth_filter.so.2.5.5
[0.887s] -- Up-to-date: /home/manuel/robotic-models/ws_moveit2/install/moveit_core/lib/libmoveit_butterworth_filter.so
[0.887s] -- Up-to-date: /home/manuel/robotic-models/ws_moveit2/install/moveit_core/lib/libmoveit_collision_distance_field.so.2.5.5
[0.888s] -- Up-to-date: /home/manuel/robotic-models/ws_moveit2/install/moveit_core/lib/libmoveit_collision_distance_field.so
[0.889s] -- Up-to-date: /home/manuel/robotic-models/ws_moveit2/install/moveit_core/lib/libmoveit_collision_detection.so.2.5.5
[0.889s] -- Up-to-date: /home/manuel/robotic-models/ws_moveit2/install/moveit_core/lib/libmoveit_collision_detection.so
[0.889s] -- Up-to-date: /home/manuel/robotic-models/ws_moveit2/install/moveit_core/lib/libmoveit_collision_detection_fcl.so.2.5.5
[0.890s] -- Up-to-date: /home/manuel/robotic-models/ws_moveit2/install/moveit_core/lib/libmoveit_collision_detection_fcl.so
[0.890s] -- Up-to-date: /home/manuel/robotic-models/ws_moveit2/install/moveit_core/lib/libmoveit_collision_detection_bullet.so.2.5.5
[0.890s] -- Up-to-date: /home/manuel/robotic-models/ws_moveit2/install/moveit_core/lib/libmoveit_collision_detection_bullet.so
[0.891s] -- Up-to-date: /home/manuel/robotic-models/ws_moveit2/install/moveit_core/lib/libmoveit_dynamics_solver.so.2.5.5
[0.891s] -- Up-to-date: /home/manuel/robotic-models/ws_moveit2/install/moveit_core/lib/libmoveit_dynamics_solver.so
[0.892s] -- Up-to-date: /home/manuel/robotic-models/ws_moveit2/install/moveit_core/lib/libmoveit_constraint_samplers.so.2.5.5
[0.892s] -- Up-to-date: /home/manuel/robotic-models/ws_moveit2/install/moveit_core/lib/libmoveit_constraint_samplers.so
[0.893s] -- Up-to-date: /home/manuel/robotic-models/ws_moveit2/install/moveit_core/lib/libmoveit_distance_field.so.2.5.5
[0.894s] -- Up-to-date: /home/manuel/robotic-models/ws_moveit2/install/moveit_core/lib/libmoveit_distance_field.so
[0.894s] -- Up-to-date: /home/manuel/robotic-models/ws_moveit2/install/moveit_core/lib/libmoveit_exceptions.so.2.5.5
[0.895s] -- Up-to-date: /home/manuel/robotic-models/ws_moveit2/install/moveit_core/lib/libmoveit_exceptions.so
[0.895s] -- Up-to-date: /home/manuel/robotic-models/ws_moveit2/install/moveit_core/lib/libmoveit_kinematics_base.so
[0.896s] -- Up-to-date: /home/manuel/robotic-models/ws_moveit2/install/moveit_core/lib/libmoveit_kinematic_constraints.so.2.5.5
[0.896s] -- Up-to-date: /home/manuel/robotic-models/ws_moveit2/install/moveit_core/lib/libmoveit_kinematic_constraints.so
[0.897s] -- Up-to-date: /home/manuel/robotic-models/ws_moveit2/install/moveit_core/lib/libmoveit_kinematics_metrics.so.2.5.5
[0.898s] -- Up-to-date: /home/manuel/robotic-models/ws_moveit2/install/moveit_core/lib/libmoveit_kinematics_metrics.so
[0.898s] -- Up-to-date: /home/manuel/robotic-models/ws_moveit2/install/moveit_core/lib/libmoveit_planning_interface.so.2.5.5
[0.898s] -- Up-to-date: /home/manuel/robotic-models/ws_moveit2/install/moveit_core/lib/libmoveit_planning_interface.so
[0.899s] -- Up-to-date: /home/manuel/robotic-models/ws_moveit2/install/moveit_core/lib/libmoveit_planning_scene.so.2.5.5
[0.899s] -- Up-to-date: /home/manuel/robotic-models/ws_moveit2/install/moveit_core/lib/libmoveit_planning_scene.so
[0.900s] -- Up-to-date: /home/manuel/robotic-models/ws_moveit2/install/moveit_core/lib/libmoveit_planning_request_adapter.so.2.5.5
[0.901s] -- Up-to-date: /home/manuel/robotic-models/ws_moveit2/install/moveit_core/lib/libmoveit_planning_request_adapter.so
[0.901s] -- Up-to-date: /home/manuel/robotic-models/ws_moveit2/install/moveit_core/lib/libmoveit_robot_model.so.2.5.5
[0.902s] -- Up-to-date: /home/manuel/robotic-models/ws_moveit2/install/moveit_core/lib/libmoveit_robot_model.so
[0.902s] -- Up-to-date: /home/manuel/robotic-models/ws_moveit2/install/moveit_core/lib/libmoveit_robot_state.so.2.5.5
[0.903s] -- Up-to-date: /home/manuel/robotic-models/ws_moveit2/install/moveit_core/lib/libmoveit_robot_state.so
[0.903s] -- Up-to-date: /home/manuel/robotic-models/ws_moveit2/install/moveit_core/lib/libmoveit_robot_trajectory.so.2.5.5
[0.904s] -- Up-to-date: /home/manuel/robotic-models/ws_moveit2/install/moveit_core/lib/libmoveit_robot_trajectory.so
[0.904s] -- Up-to-date: /home/manuel/robotic-models/ws_moveit2/install/moveit_core/lib/libmoveit_smoothing_base.so.2.5.5
[0.904s] -- Up-to-date: /home/manuel/robotic-models/ws_moveit2/install/moveit_core/lib/libmoveit_smoothing_base.so
[0.905s] -- Up-to-date: /home/manuel/robotic-models/ws_moveit2/install/moveit_core/lib/libmoveit_test_utils.so.2.5.5
[0.905s] -- Up-to-date: /home/manuel/robotic-models/ws_moveit2/install/moveit_core/lib/libmoveit_test_utils.so
[0.906s] -- Up-to-date: /home/manuel/robotic-models/ws_moveit2/install/moveit_core/lib/libmoveit_trajectory_processing.so.2.5.5
[0.906s] -- Up-to-date: /home/manuel/robotic-models/ws_moveit2/install/moveit_core/lib/libmoveit_trajectory_processing.so
[0.913s] -- Up-to-date: /home/manuel/robotic-models/ws_moveit2/install/moveit_core/lib/libmoveit_transforms.so.2.5.5
[0.913s] -- Up-to-date: /home/manuel/robotic-models/ws_moveit2/install/moveit_core/lib/libmoveit_transforms.so
[0.916s] -- Up-to-date: /home/manuel/robotic-models/ws_moveit2/install/moveit_core/lib/libmoveit_utils.so.2.5.5
[0.916s] -- Up-to-date: /home/manuel/robotic-models/ws_moveit2/install/moveit_core/lib/libmoveit_utils.so
[0.917s] -- Up-to-date: /home/manuel/robotic-models/ws_moveit2/install/moveit_core/share/moveit_core/environment/library_path.sh
[0.917s] -- Up-to-date: /home/manuel/robotic-models/ws_moveit2/install/moveit_core/share/moveit_core/environment/library_path.dsv
[0.917s] -- Up-to-date: /home/manuel/robotic-models/ws_moveit2/install/moveit_core/share/moveit_core/collision_detector_fcl_description.xml
[0.917s] -- Up-to-date: /home/manuel/robotic-models/ws_moveit2/install/moveit_core/share/moveit_core/collision_detector_bullet_description.xml
[0.917s] -- Up-to-date: /home/manuel/robotic-models/ws_moveit2/install/moveit_core/share/moveit_core/filter_plugin_butterworth.xml
[0.924s] -- Up-to-date: /home/manuel/robotic-models/ws_moveit2/install/moveit_core/share/ament_index/resource_index/package_run_dependencies/moveit_core
[0.924s] -- Up-to-date: /home/manuel/robotic-models/ws_moveit2/install/moveit_core/share/ament_index/resource_index/parent_prefix_path/moveit_core
[0.924s] -- Up-to-date: /home/manuel/robotic-models/ws_moveit2/install/moveit_core/share/moveit_core/environment/ament_prefix_path.sh
[0.924s] -- Up-to-date: /home/manuel/robotic-models/ws_moveit2/install/moveit_core/share/moveit_core/environment/ament_prefix_path.dsv
[0.924s] -- Up-to-date: /home/manuel/robotic-models/ws_moveit2/install/moveit_core/share/moveit_core/environment/path.sh
[0.924s] -- Up-to-date: /home/manuel/robotic-models/ws_moveit2/install/moveit_core/share/moveit_core/environment/path.dsv
[0.924s] -- Up-to-date: /home/manuel/robotic-models/ws_moveit2/install/moveit_core/share/moveit_core/local_setup.bash
[0.925s] -- Up-to-date: /home/manuel/robotic-models/ws_moveit2/install/moveit_core/share/moveit_core/local_setup.sh
[0.925s] -- Up-to-date: /home/manuel/robotic-models/ws_moveit2/install/moveit_core/share/moveit_core/local_setup.zsh
[0.925s] -- Up-to-date: /home/manuel/robotic-models/ws_moveit2/install/moveit_core/share/moveit_core/local_setup.dsv
[0.925s] -- Installing: /home/manuel/robotic-models/ws_moveit2/install/moveit_core/share/moveit_core/package.dsv
[0.925s] -- Up-to-date: /home/manuel/robotic-models/ws_moveit2/install/moveit_core/share/ament_index/resource_index/packages/moveit_core
[0.925s] -- Up-to-date: /home/manuel/robotic-models/ws_moveit2/install/moveit_core/share/ament_index/resource_index/moveit_core__pluginlib__plugin/moveit_core
[0.927s] -- Up-to-date: /home/manuel/robotic-models/ws_moveit2/install/moveit_core/share/moveit_core/cmake/export_moveit_coreExport.cmake
[0.928s] -- Up-to-date: /home/manuel/robotic-models/ws_moveit2/install/moveit_core/share/moveit_core/cmake/export_moveit_coreExport-release.cmake
[0.928s] -- Up-to-date: /home/manuel/robotic-models/ws_moveit2/install/moveit_core/share/moveit_core/cmake/ConfigExtras.cmake
[0.928s] -- Up-to-date: /home/manuel/robotic-models/ws_moveit2/install/moveit_core/share/moveit_core/cmake/ament_cmake_export_targets-extras.cmake
[0.928s] -- Up-to-date: /home/manuel/robotic-models/ws_moveit2/install/moveit_core/share/moveit_core/cmake/ament_cmake_export_dependencies-extras.cmake
[0.928s] -- Up-to-date: /home/manuel/robotic-models/ws_moveit2/install/moveit_core/share/moveit_core/cmake/moveit_coreConfig.cmake
[0.928s] -- Up-to-date: /home/manuel/robotic-models/ws_moveit2/install/moveit_core/share/moveit_core/cmake/moveit_coreConfig-version.cmake
[0.928s] -- Up-to-date: /home/manuel/robotic-models/ws_moveit2/install/moveit_core/share/moveit_core/package.xml
[0.930s] Invoked command in '/home/manuel/robotic-models/ws_moveit2/build/moveit_core' returned '0': AMENT_PREFIX_PATH=/home/manuel/robotic-models/ws_moveit2/install/moveit_resources_panda_moveit_config:/home/manuel/robotic-models/ws_moveit2/install/srdfdom:/home/manuel/robotic-models/ws_moveit2/install/moveit_resources_pr2_description:/home/manuel/robotic-models/ws_moveit2/install/moveit_resources_panda_description:/home/manuel/robotic-models/ws_moveit2/install/moveit_common:${AMENT_PREFIX_PATH} CMAKE_PREFIX_PATH=/home/manuel/robotic-models/ws_moveit2/install/moveit_resources_panda_moveit_config:/home/manuel/robotic-models/ws_moveit2/install/srdfdom:/home/manuel/robotic-models/ws_moveit2/install/moveit_resources_pr2_description:/home/manuel/robotic-models/ws_moveit2/install/moveit_resources_panda_description:/home/manuel/robotic-models/ws_moveit2/install/moveit_common:/opt/ros/humble LD_LIBRARY_PATH=/home/manuel/robotic-models/ws_moveit2/install/srdfdom/lib:${LD_LIBRARY_PATH} PYTHONPATH=/home/manuel/robotic-models/ws_moveit2/install/srdfdom/local/lib/python3.10/dist-packages:${PYTHONPATH} /usr/bin/cmake --install /home/manuel/robotic-models/ws_moveit2/build/moveit_core
