[0.051s] Invoking command in '/home/manuel/robotic-models/ws_moveit2/build/rviz_marker_tools': AMENT_PREFIX_PATH=/home/manuel/robotic-models/ws_moveit2/install/moveit_common:${AMENT_PREFIX_PATH} CMAKE_PREFIX_PATH=/home/manuel/robotic-models/ws_moveit2/install/moveit_common:/opt/ros/humble /usr/bin/cmake --build /home/manuel/robotic-models/ws_moveit2/build/rviz_marker_tools -- -j16 -l16
[0.102s] [ 50%] [32mBuilding CXX object CMakeFiles/rviz_marker_tools.dir/src/marker_creation.cpp.o[0m
[7.897s] [100%] [32m[1mLinking CXX shared library librviz_marker_tools.so[0m
[8.131s] [100%] Built target rviz_marker_tools
[8.156s] Invoked command in '/home/manuel/robotic-models/ws_moveit2/build/rviz_marker_tools' returned '0': AMENT_PREFIX_PATH=/home/manuel/robotic-models/ws_moveit2/install/moveit_common:${AMENT_PREFIX_PATH} CMAKE_PREFIX_PATH=/home/manuel/robotic-models/ws_moveit2/install/moveit_common:/opt/ros/humble /usr/bin/cmake --build /home/manuel/robotic-models/ws_moveit2/build/rviz_marker_tools -- -j16 -l16
[8.414s] Invoking command in '/home/manuel/robotic-models/ws_moveit2/build/rviz_marker_tools': AMENT_PREFIX_PATH=/home/manuel/robotic-models/ws_moveit2/install/moveit_common:${AMENT_PREFIX_PATH} CMAKE_PREFIX_PATH=/home/manuel/robotic-models/ws_moveit2/install/moveit_common:/opt/ros/humble /usr/bin/cmake --install /home/manuel/robotic-models/ws_moveit2/build/rviz_marker_tools
[8.426s] -- Install configuration: "Release"
[8.426s] -- Installing: /home/manuel/robotic-models/ws_moveit2/install/rviz_marker_tools/include
[8.426s] -- Installing: /home/manuel/robotic-models/ws_moveit2/install/rviz_marker_tools/include/rviz_marker_tools
[8.426s] -- Installing: /home/manuel/robotic-models/ws_moveit2/install/rviz_marker_tools/include/rviz_marker_tools/marker_creation.h
[8.426s] -- Installing: /home/manuel/robotic-models/ws_moveit2/install/rviz_marker_tools/lib/librviz_marker_tools.so
[8.439s] -- Set runtime path of "/home/manuel/robotic-models/ws_moveit2/install/rviz_marker_tools/lib/librviz_marker_tools.so" to ""
[8.440s] -- Installing: /home/manuel/robotic-models/ws_moveit2/install/rviz_marker_tools/share/rviz_marker_tools/environment/library_path.sh
[8.440s] -- Installing: /home/manuel/robotic-models/ws_moveit2/install/rviz_marker_tools/share/rviz_marker_tools/environment/library_path.dsv
[8.441s] -- Installing: /home/manuel/robotic-models/ws_moveit2/install/rviz_marker_tools/share/ament_index/resource_index/package_run_dependencies/rviz_marker_tools
[8.441s] -- Installing: /home/manuel/robotic-models/ws_moveit2/install/rviz_marker_tools/share/ament_index/resource_index/parent_prefix_path/rviz_marker_tools
[8.441s] -- Installing: /home/manuel/robotic-models/ws_moveit2/install/rviz_marker_tools/share/rviz_marker_tools/environment/ament_prefix_path.sh
[8.442s] -- Installing: /home/manuel/robotic-models/ws_moveit2/install/rviz_marker_tools/share/rviz_marker_tools/environment/ament_prefix_path.dsv
[8.442s] -- Installing: /home/manuel/robotic-models/ws_moveit2/install/rviz_marker_tools/share/rviz_marker_tools/environment/path.sh
[8.442s] -- Installing: /home/manuel/robotic-models/ws_moveit2/install/rviz_marker_tools/share/rviz_marker_tools/environment/path.dsv
[8.442s] -- Installing: /home/manuel/robotic-models/ws_moveit2/install/rviz_marker_tools/share/rviz_marker_tools/local_setup.bash
[8.442s] -- Installing: /home/manuel/robotic-models/ws_moveit2/install/rviz_marker_tools/share/rviz_marker_tools/local_setup.sh
[8.443s] -- Installing: /home/manuel/robotic-models/ws_moveit2/install/rviz_marker_tools/share/rviz_marker_tools/local_setup.zsh
[8.443s] -- Installing: /home/manuel/robotic-models/ws_moveit2/install/rviz_marker_tools/share/rviz_marker_tools/local_setup.dsv
[8.443s] -- Installing: /home/manuel/robotic-models/ws_moveit2/install/rviz_marker_tools/share/rviz_marker_tools/package.dsv
[8.443s] -- Installing: /home/manuel/robotic-models/ws_moveit2/install/rviz_marker_tools/share/ament_index/resource_index/packages/rviz_marker_tools
[8.443s] -- Installing: /home/manuel/robotic-models/ws_moveit2/install/rviz_marker_tools/share/rviz_marker_tools/cmake/rviz_marker_toolsTargetsExport.cmake
[8.443s] -- Installing: /home/manuel/robotic-models/ws_moveit2/install/rviz_marker_tools/share/rviz_marker_tools/cmake/rviz_marker_toolsTargetsExport-release.cmake
[8.443s] -- Installing: /home/manuel/robotic-models/ws_moveit2/install/rviz_marker_tools/share/rviz_marker_tools/cmake/ament_cmake_export_targets-extras.cmake
[8.444s] -- Installing: /home/manuel/robotic-models/ws_moveit2/install/rviz_marker_tools/share/rviz_marker_tools/cmake/ament_cmake_export_dependencies-extras.cmake
[8.444s] -- Installing: /home/manuel/robotic-models/ws_moveit2/install/rviz_marker_tools/share/rviz_marker_tools/cmake/rviz_marker_toolsConfig.cmake
[8.444s] -- Installing: /home/manuel/robotic-models/ws_moveit2/install/rviz_marker_tools/share/rviz_marker_tools/cmake/rviz_marker_toolsConfig-version.cmake
[8.444s] -- Installing: /home/manuel/robotic-models/ws_moveit2/install/rviz_marker_tools/share/rviz_marker_tools/package.xml
[8.444s] Invoked command in '/home/manuel/robotic-models/ws_moveit2/build/rviz_marker_tools' returned '0': AMENT_PREFIX_PATH=/home/manuel/robotic-models/ws_moveit2/install/moveit_common:${AMENT_PREFIX_PATH} CMAKE_PREFIX_PATH=/home/manuel/robotic-models/ws_moveit2/install/moveit_common:/opt/ros/humble /usr/bin/cmake --install /home/manuel/robotic-models/ws_moveit2/build/rviz_marker_tools
