[0.099s] Invoking command in '/home/manuel/robotic-models/ws_moveit2/build/moveit_setup_assistant': AMENT_PREFIX_PATH=/home/manuel/robotic-models/ws_moveit2/install/moveit_setup_srdf_plugins:/home/manuel/robotic-models/ws_moveit2/install/moveit_setup_core_plugins:/home/manuel/robotic-models/ws_moveit2/install/moveit_setup_controllers:/home/manuel/robotic-models/ws_moveit2/install/moveit_setup_app_plugins:/home/manuel/robotic-models/ws_moveit2/install/moveit_setup_framework:/home/manuel/robotic-models/ws_moveit2/install/moveit_ros_visualization:/home/manuel/robotic-models/ws_moveit2/install/moveit_ros_planning_interface:/home/manuel/robotic-models/ws_moveit2/install/moveit_ros_move_group:/home/manuel/robotic-models/ws_moveit2/install/moveit_ros_warehouse:/home/manuel/robotic-models/ws_moveit2/install/moveit_ros_robot_interaction:/home/manuel/robotic-models/ws_moveit2/install/moveit_kinematics:/home/manuel/robotic-models/ws_moveit2/install/moveit_ros_planning:/home/manuel/robotic-models/ws_moveit2/install/moveit_ros_occupancy_map_monitor:/home/manuel/robotic-models/ws_moveit2/install/moveit_core:/home/manuel/robotic-models/ws_moveit2/install/moveit_resources_panda_moveit_config:/home/manuel/robotic-models/ws_moveit2/install/moveit_configs_utils:/home/manuel/robotic-models/ws_moveit2/install/srdfdom:/home/manuel/robotic-models/ws_moveit2/install/moveit_resources_panda_description:/home/manuel/robotic-models/ws_moveit2/install/moveit_common:/home/manuel/robotic-models/ws_moveit2/install/launch_param_builder:${AMENT_PREFIX_PATH} CMAKE_PREFIX_PATH=/home/manuel/robotic-models/ws_moveit2/install/moveit_setup_srdf_plugins:/home/manuel/robotic-models/ws_moveit2/install/moveit_setup_core_plugins:/home/manuel/robotic-models/ws_moveit2/install/moveit_setup_controllers:/home/manuel/robotic-models/ws_moveit2/install/moveit_setup_app_plugins:/home/manuel/robotic-models/ws_moveit2/install/moveit_setup_framework:/home/manuel/robotic-models/ws_moveit2/install/moveit_ros_visualization:/home/manuel/robotic-models/ws_moveit2/install/moveit_ros_planning_interface:/home/manuel/robotic-models/ws_moveit2/install/moveit_ros_move_group:/home/manuel/robotic-models/ws_moveit2/install/moveit_ros_warehouse:/home/manuel/robotic-models/ws_moveit2/install/moveit_ros_robot_interaction:/home/manuel/robotic-models/ws_moveit2/install/moveit_kinematics:/home/manuel/robotic-models/ws_moveit2/install/moveit_ros_planning:/home/manuel/robotic-models/ws_moveit2/install/moveit_ros_occupancy_map_monitor:/home/manuel/robotic-models/ws_moveit2/install/moveit_core:/home/manuel/robotic-models/ws_moveit2/install/moveit_resources_panda_moveit_config:/home/manuel/robotic-models/ws_moveit2/install/srdfdom:/home/manuel/robotic-models/ws_moveit2/install/moveit_resources_panda_description:/home/manuel/robotic-models/ws_moveit2/install/moveit_common:/opt/ros/humble LD_LIBRARY_PATH=/home/manuel/robotic-models/ws_moveit2/install/moveit_setup_srdf_plugins/lib:/home/manuel/robotic-models/ws_moveit2/install/moveit_setup_core_plugins/lib:/home/manuel/robotic-models/ws_moveit2/install/moveit_setup_controllers/lib:/home/manuel/robotic-models/ws_moveit2/install/moveit_setup_app_plugins/lib:/home/manuel/robotic-models/ws_moveit2/install/moveit_setup_framework/lib:/home/manuel/robotic-models/ws_moveit2/install/moveit_ros_visualization/lib:/home/manuel/robotic-models/ws_moveit2/install/moveit_ros_planning_interface/lib:/home/manuel/robotic-models/ws_moveit2/install/moveit_ros_move_group/lib:/home/manuel/robotic-models/ws_moveit2/install/moveit_ros_warehouse/lib:/home/manuel/robotic-models/ws_moveit2/install/moveit_ros_robot_interaction/lib:/home/manuel/robotic-models/ws_moveit2/install/moveit_kinematics/lib:/home/manuel/robotic-models/ws_moveit2/install/moveit_ros_planning/lib:/home/manuel/robotic-models/ws_moveit2/install/moveit_ros_occupancy_map_monitor/lib:/home/manuel/robotic-models/ws_moveit2/install/moveit_core/lib:/home/manuel/robotic-models/ws_moveit2/install/srdfdom/lib:${LD_LIBRARY_PATH} PATH=/home/manuel/robotic-models/ws_moveit2/install/moveit_core/bin:${PATH} PYTHONPATH=/home/manuel/robotic-models/ws_moveit2/install/moveit_configs_utils/lib/python3.10/site-packages:/home/manuel/robotic-models/ws_moveit2/install/srdfdom/local/lib/python3.10/dist-packages:/home/manuel/robotic-models/ws_moveit2/install/launch_param_builder/lib/python3.10/site-packages:${PYTHONPATH} /usr/bin/cmake /home/manuel/robotic-models/ws_moveit2/src/moveit2/moveit_setup_assistant/moveit_setup_assistant -DCMAKE_BUILD_TYPE=Release -DCMAKE_INSTALL_PREFIX=/home/manuel/robotic-models/ws_moveit2/install/moveit_setup_assistant
[0.232s] -- The C compiler identification is GNU 11.4.0
[0.282s] -- The CXX compiler identification is GNU 11.4.0
[0.292s] -- Detecting C compiler ABI info
[0.353s] -- Detecting C compiler ABI info - done
[0.358s] -- Check for working C compiler: /usr/bin/cc - skipped
[0.359s] -- Detecting C compile features
[0.360s] -- Detecting C compile features - done
[0.363s] -- Detecting CXX compiler ABI info
[0.430s] -- Detecting CXX compiler ABI info - done
[0.435s] -- Check for working CXX compiler: /usr/bin/c++ - skipped
[0.435s] -- Detecting CXX compile features
[0.435s] -- Detecting CXX compile features - done
[0.438s] -- Found moveit_common: 2.5.5 (/home/manuel/robotic-models/ws_moveit2/install/moveit_common/share/moveit_common/cmake)
[0.454s] -- Found ament_cmake: 1.3.8 (/opt/ros/humble/share/ament_cmake/cmake)
[0.624s] -- Found Python3: /usr/bin/python3 (found version "3.10.12") found components: Interpreter 
[0.837s] -- Found libdw: /usr/lib/x86_64-linux-gnu/libdw.so  
[0.843s] -- Could NOT find libbfd (missing: LIBBFD_LIBRARY LIBBFD_INCLUDE_DIR) 
[0.843s] -- BACKWARD_HAS_UNWIND=1
[0.843s] -- BACKWARD_HAS_BACKTRACE=0
[0.843s] -- BACKWARD_HAS_BACKTRACE_SYMBOL=0
[0.843s] -- BACKWARD_HAS_DW=1
[0.843s] -- BACKWARD_HAS_BFD=0
[0.844s] -- Found Backward: /opt/ros/humble/share/backward_ros/cmake  
[0.848s] -- Found ament_index_cpp: 1.4.0 (/opt/ros/humble/share/ament_index_cpp/cmake)
[0.873s] -- Found Boost: /usr/lib/x86_64-linux-gnu/cmake/Boost-1.74.0/BoostConfig.cmake (found version "1.74.0") found components: program_options 
[0.874s] -- Found moveit_setup_framework: 2.5.5 (/home/manuel/robotic-models/ws_moveit2/install/moveit_setup_framework/share/moveit_setup_framework/cmake)
[0.951s] -- Found rosidl_generator_c: 3.1.5 (/opt/ros/humble/share/rosidl_generator_c/cmake)
[0.962s] -- Found rosidl_adapter: 3.1.5 (/opt/ros/humble/share/rosidl_adapter/cmake)
[0.978s] -- Found rosidl_generator_cpp: 3.1.5 (/opt/ros/humble/share/rosidl_generator_cpp/cmake)
[1.008s] -- Using all available rosidl_typesupport_c: rosidl_typesupport_fastrtps_c;rosidl_typesupport_introspection_c
[1.039s] -- Using all available rosidl_typesupport_cpp: rosidl_typesupport_fastrtps_cpp;rosidl_typesupport_introspection_cpp
[1.143s] -- Found rmw_implementation_cmake: 6.1.1 (/opt/ros/humble/share/rmw_implementation_cmake/cmake)
[1.150s] -- Found rmw_fastrtps_cpp: 6.2.6 (/opt/ros/humble/share/rmw_fastrtps_cpp/cmake)
[1.278s] -- Found OpenSSL: /usr/lib/x86_64-linux-gnu/libcrypto.so (found version "3.0.2")  
[1.311s] -- Found FastRTPS: /opt/ros/humble/include  
[1.372s] -- Using RMW implementation 'rmw_fastrtps_cpp' as default
[1.390s] -- Looking for pthread.h
[1.472s] -- Looking for pthread.h - found
[1.472s] -- Performing Test CMAKE_HAVE_LIBC_PTHREAD
[1.554s] -- Performing Test CMAKE_HAVE_LIBC_PTHREAD - Success
[1.555s] -- Found Threads: TRUE  
[1.802s] -- Found Boost: /usr/lib/x86_64-linux-gnu/cmake/Boost-1.74.0/BoostConfig.cmake (found version "1.74.0") found components: chrono date_time filesystem iostreams program_options regex serialization system thread 
[1.866s] -- Found parameter_traits: 0.3.8 (/opt/ros/humble/share/parameter_traits/cmake)
[1.891s] -- Found Eigen3: TRUE (found version "3.4.0") 
[1.895s] -- Found rclcpp_lifecycle: 16.0.8 (/opt/ros/humble/share/rclcpp_lifecycle/cmake)
[1.958s] -- Found Boost: /usr/lib/x86_64-linux-gnu/cmake/Boost-1.74.0/BoostConfig.cmake (found version "1.74.0") found components: filesystem 
[2.105s] -- library: /usr/lib/x86_64-linux-gnu/libcurl.so
[2.384s] -- Ensuring Eigen3 include directory is part of orocos-kdl CMake target
[3.465s] -- Found Boost: /usr/lib/x86_64-linux-gnu/cmake/Boost-1.74.0/BoostConfig.cmake (found version "1.74.0") found components: system filesystem date_time program_options thread chrono 
[3.887s] -- Found Boost: /usr/lib/x86_64-linux-gnu/cmake/Boost-1.74.0/BoostConfig.cmake (found version "1.74.0") found components: thread date_time system filesystem 
[3.962s] -- Found Boost: /usr/lib/x86_64-linux-gnu/cmake/Boost-1.74.0/BoostConfig.cmake (found version "1.74.0") found components: date_time filesystem program_options system thread 
[4.113s] -- Found Boost: /usr/lib/x86_64-linux-gnu/cmake/Boost-1.74.0/BoostConfig.cmake (found version "1.74.0") found components: thread system filesystem regex date_time program_options 
[4.324s] -- Found Boost: /usr/lib/x86_64-linux-gnu/cmake/Boost-1.74.0/BoostConfig.cmake (found version "1.74.0") found components: system filesystem date_time program_options thread 
[5.235s] -- Setting OGRE_DIR to: '/opt/ros/humble/share/rviz_ogre_vendor/cmake/../../../opt/rviz_ogre_vendor/lib/OGRE/cmake'
[5.237s] -- Found OGRE
[5.238s] --   static     : OFF
[5.238s] --   components : HLMS;MeshLodGenerator;Overlay;Paging;Property;RTShaderSystem;Terrain;Volume
[5.238s] --   plugins    : Plugin_BSPSceneManager;Plugin_OctreeSceneManager;Plugin_PCZSceneManager;Plugin_ParticleFX;RenderSystem_GL;RenderSystem_GL3Plus;Codec_STBI
[5.238s] --   media      : /opt/ros/humble/opt/rviz_ogre_vendor/share/OGRE/Media
[5.238s] -- OGRE_LIBRARIES: OgreHLMS;OgreMeshLodGenerator;OgreOverlay;OgrePaging;OgreProperty;OgreRTShaderSystem;OgreTerrain;OgreVolume;OgreMain
[5.238s] -- OGRE_LIBRARY_DIRS: /opt/ros/humble/opt/rviz_ogre_vendor/lib
[5.238s] -- OGRE_PLUGINS: Plugin_BSPSceneManager;Plugin_OctreeSceneManager;Plugin_PCZSceneManager;Plugin_ParticleFX;RenderSystem_GL;RenderSystem_GL3Plus;Codec_STBI
[5.238s] -- OGRE_PLUGIN_DIR: /opt/ros/humble/opt/rviz_ogre_vendor/lib/OGRE
[5.239s] -- rviz_ogre_vendor::OgreOverlay for IMPORTED_LOCATION_RELEASE: /opt/ros/humble/opt/rviz_ogre_vendor/lib/libOgreOverlay.so
[5.239s] -- rviz_ogre_vendor::OgreOverlay for IMPORTED_LOCATION_DEBUG: /opt/ros/humble/opt/rviz_ogre_vendor/lib/libOgreOverlay.so
[5.239s] -- rviz_ogre_vendor::OgreMain for IMPORTED_LOCATION_RELEASE: /opt/ros/humble/opt/rviz_ogre_vendor/lib/libOgreMain.so
[5.239s] -- rviz_ogre_vendor::OgreMain for IMPORTED_LOCATION_DEBUG: /opt/ros/humble/opt/rviz_ogre_vendor/lib/libOgreMain.so
[5.260s] -- Found ZLIB: /usr/lib/x86_64-linux-gnu/libz.so (found version "1.2.11") 
[5.268s] -- Found OpenGL: /usr/lib/x86_64-linux-gnu/libOpenGL.so   
[5.358s] -- Found X11: /usr/include   
[5.359s] -- Looking for XOpenDisplay in /usr/lib/x86_64-linux-gnu/libX11.so;/usr/lib/x86_64-linux-gnu/libXext.so
[5.453s] -- Looking for XOpenDisplay in /usr/lib/x86_64-linux-gnu/libX11.so;/usr/lib/x86_64-linux-gnu/libXext.so - found
[5.453s] -- Looking for gethostbyname
[5.538s] -- Looking for gethostbyname - found
[5.538s] -- Looking for connect
[5.617s] -- Looking for connect - found
[5.617s] -- Looking for remove
[5.696s] -- Looking for remove - found
[5.696s] -- Looking for shmat
[5.778s] -- Looking for shmat - found
[5.778s] -- Looking for IceConnectionNumber in ICE
[5.868s] -- Looking for IceConnectionNumber in ICE - found
[5.870s] -- rviz_ogre_vendor::RenderSystem_GL for IMPORTED_LOCATION_RELEASE: _render_system_gl_static_library_abs-NOTFOUND
[5.870s] -- rviz_ogre_vendor::RenderSystem_GL for IMPORTED_LOCATION_DEBUG: _render_system_gl_static_library_abs-NOTFOUND
[6.510s] -- Found moveit_setup_srdf_plugins: 2.5.5 (/home/manuel/robotic-models/ws_moveit2/install/moveit_setup_srdf_plugins/share/moveit_setup_srdf_plugins/cmake)
[6.528s] -- Found ament_lint_auto: 0.12.10 (/opt/ros/humble/share/ament_lint_auto/cmake)
[6.570s] -- Added test 'lint_cmake' to check CMake code style
[6.571s] -- Added test 'xmllint' to check XML markup files
[6.574s] -- Configuring done
[6.685s] -- Generating done
[6.687s] -- Build files have been written to: /home/manuel/robotic-models/ws_moveit2/build/moveit_setup_assistant
[6.708s] Invoked command in '/home/manuel/robotic-models/ws_moveit2/build/moveit_setup_assistant' returned '0': AMENT_PREFIX_PATH=/home/manuel/robotic-models/ws_moveit2/install/moveit_setup_srdf_plugins:/home/manuel/robotic-models/ws_moveit2/install/moveit_setup_core_plugins:/home/manuel/robotic-models/ws_moveit2/install/moveit_setup_controllers:/home/manuel/robotic-models/ws_moveit2/install/moveit_setup_app_plugins:/home/manuel/robotic-models/ws_moveit2/install/moveit_setup_framework:/home/manuel/robotic-models/ws_moveit2/install/moveit_ros_visualization:/home/manuel/robotic-models/ws_moveit2/install/moveit_ros_planning_interface:/home/manuel/robotic-models/ws_moveit2/install/moveit_ros_move_group:/home/manuel/robotic-models/ws_moveit2/install/moveit_ros_warehouse:/home/manuel/robotic-models/ws_moveit2/install/moveit_ros_robot_interaction:/home/manuel/robotic-models/ws_moveit2/install/moveit_kinematics:/home/manuel/robotic-models/ws_moveit2/install/moveit_ros_planning:/home/manuel/robotic-models/ws_moveit2/install/moveit_ros_occupancy_map_monitor:/home/manuel/robotic-models/ws_moveit2/install/moveit_core:/home/manuel/robotic-models/ws_moveit2/install/moveit_resources_panda_moveit_config:/home/manuel/robotic-models/ws_moveit2/install/moveit_configs_utils:/home/manuel/robotic-models/ws_moveit2/install/srdfdom:/home/manuel/robotic-models/ws_moveit2/install/moveit_resources_panda_description:/home/manuel/robotic-models/ws_moveit2/install/moveit_common:/home/manuel/robotic-models/ws_moveit2/install/launch_param_builder:${AMENT_PREFIX_PATH} CMAKE_PREFIX_PATH=/home/manuel/robotic-models/ws_moveit2/install/moveit_setup_srdf_plugins:/home/manuel/robotic-models/ws_moveit2/install/moveit_setup_core_plugins:/home/manuel/robotic-models/ws_moveit2/install/moveit_setup_controllers:/home/manuel/robotic-models/ws_moveit2/install/moveit_setup_app_plugins:/home/manuel/robotic-models/ws_moveit2/install/moveit_setup_framework:/home/manuel/robotic-models/ws_moveit2/install/moveit_ros_visualization:/home/manuel/robotic-models/ws_moveit2/install/moveit_ros_planning_interface:/home/manuel/robotic-models/ws_moveit2/install/moveit_ros_move_group:/home/manuel/robotic-models/ws_moveit2/install/moveit_ros_warehouse:/home/manuel/robotic-models/ws_moveit2/install/moveit_ros_robot_interaction:/home/manuel/robotic-models/ws_moveit2/install/moveit_kinematics:/home/manuel/robotic-models/ws_moveit2/install/moveit_ros_planning:/home/manuel/robotic-models/ws_moveit2/install/moveit_ros_occupancy_map_monitor:/home/manuel/robotic-models/ws_moveit2/install/moveit_core:/home/manuel/robotic-models/ws_moveit2/install/moveit_resources_panda_moveit_config:/home/manuel/robotic-models/ws_moveit2/install/srdfdom:/home/manuel/robotic-models/ws_moveit2/install/moveit_resources_panda_description:/home/manuel/robotic-models/ws_moveit2/install/moveit_common:/opt/ros/humble LD_LIBRARY_PATH=/home/manuel/robotic-models/ws_moveit2/install/moveit_setup_srdf_plugins/lib:/home/manuel/robotic-models/ws_moveit2/install/moveit_setup_core_plugins/lib:/home/manuel/robotic-models/ws_moveit2/install/moveit_setup_controllers/lib:/home/manuel/robotic-models/ws_moveit2/install/moveit_setup_app_plugins/lib:/home/manuel/robotic-models/ws_moveit2/install/moveit_setup_framework/lib:/home/manuel/robotic-models/ws_moveit2/install/moveit_ros_visualization/lib:/home/manuel/robotic-models/ws_moveit2/install/moveit_ros_planning_interface/lib:/home/manuel/robotic-models/ws_moveit2/install/moveit_ros_move_group/lib:/home/manuel/robotic-models/ws_moveit2/install/moveit_ros_warehouse/lib:/home/manuel/robotic-models/ws_moveit2/install/moveit_ros_robot_interaction/lib:/home/manuel/robotic-models/ws_moveit2/install/moveit_kinematics/lib:/home/manuel/robotic-models/ws_moveit2/install/moveit_ros_planning/lib:/home/manuel/robotic-models/ws_moveit2/install/moveit_ros_occupancy_map_monitor/lib:/home/manuel/robotic-models/ws_moveit2/install/moveit_core/lib:/home/manuel/robotic-models/ws_moveit2/install/srdfdom/lib:${LD_LIBRARY_PATH} PATH=/home/manuel/robotic-models/ws_moveit2/install/moveit_core/bin:${PATH} PYTHONPATH=/home/manuel/robotic-models/ws_moveit2/install/moveit_configs_utils/lib/python3.10/site-packages:/home/manuel/robotic-models/ws_moveit2/install/srdfdom/local/lib/python3.10/dist-packages:/home/manuel/robotic-models/ws_moveit2/install/launch_param_builder/lib/python3.10/site-packages:${PYTHONPATH} /usr/bin/cmake /home/manuel/robotic-models/ws_moveit2/src/moveit2/moveit_setup_assistant/moveit_setup_assistant -DCMAKE_BUILD_TYPE=Release -DCMAKE_INSTALL_PREFIX=/home/manuel/robotic-models/ws_moveit2/install/moveit_setup_assistant
[6.712s] Invoking command in '/home/manuel/robotic-models/ws_moveit2/build/moveit_setup_assistant': AMENT_PREFIX_PATH=/home/manuel/robotic-models/ws_moveit2/install/moveit_setup_srdf_plugins:/home/manuel/robotic-models/ws_moveit2/install/moveit_setup_core_plugins:/home/manuel/robotic-models/ws_moveit2/install/moveit_setup_controllers:/home/manuel/robotic-models/ws_moveit2/install/moveit_setup_app_plugins:/home/manuel/robotic-models/ws_moveit2/install/moveit_setup_framework:/home/manuel/robotic-models/ws_moveit2/install/moveit_ros_visualization:/home/manuel/robotic-models/ws_moveit2/install/moveit_ros_planning_interface:/home/manuel/robotic-models/ws_moveit2/install/moveit_ros_move_group:/home/manuel/robotic-models/ws_moveit2/install/moveit_ros_warehouse:/home/manuel/robotic-models/ws_moveit2/install/moveit_ros_robot_interaction:/home/manuel/robotic-models/ws_moveit2/install/moveit_kinematics:/home/manuel/robotic-models/ws_moveit2/install/moveit_ros_planning:/home/manuel/robotic-models/ws_moveit2/install/moveit_ros_occupancy_map_monitor:/home/manuel/robotic-models/ws_moveit2/install/moveit_core:/home/manuel/robotic-models/ws_moveit2/install/moveit_resources_panda_moveit_config:/home/manuel/robotic-models/ws_moveit2/install/moveit_configs_utils:/home/manuel/robotic-models/ws_moveit2/install/srdfdom:/home/manuel/robotic-models/ws_moveit2/install/moveit_resources_panda_description:/home/manuel/robotic-models/ws_moveit2/install/moveit_common:/home/manuel/robotic-models/ws_moveit2/install/launch_param_builder:${AMENT_PREFIX_PATH} CMAKE_PREFIX_PATH=/home/manuel/robotic-models/ws_moveit2/install/moveit_setup_srdf_plugins:/home/manuel/robotic-models/ws_moveit2/install/moveit_setup_core_plugins:/home/manuel/robotic-models/ws_moveit2/install/moveit_setup_controllers:/home/manuel/robotic-models/ws_moveit2/install/moveit_setup_app_plugins:/home/manuel/robotic-models/ws_moveit2/install/moveit_setup_framework:/home/manuel/robotic-models/ws_moveit2/install/moveit_ros_visualization:/home/manuel/robotic-models/ws_moveit2/install/moveit_ros_planning_interface:/home/manuel/robotic-models/ws_moveit2/install/moveit_ros_move_group:/home/manuel/robotic-models/ws_moveit2/install/moveit_ros_warehouse:/home/manuel/robotic-models/ws_moveit2/install/moveit_ros_robot_interaction:/home/manuel/robotic-models/ws_moveit2/install/moveit_kinematics:/home/manuel/robotic-models/ws_moveit2/install/moveit_ros_planning:/home/manuel/robotic-models/ws_moveit2/install/moveit_ros_occupancy_map_monitor:/home/manuel/robotic-models/ws_moveit2/install/moveit_core:/home/manuel/robotic-models/ws_moveit2/install/moveit_resources_panda_moveit_config:/home/manuel/robotic-models/ws_moveit2/install/srdfdom:/home/manuel/robotic-models/ws_moveit2/install/moveit_resources_panda_description:/home/manuel/robotic-models/ws_moveit2/install/moveit_common:/opt/ros/humble LD_LIBRARY_PATH=/home/manuel/robotic-models/ws_moveit2/install/moveit_setup_srdf_plugins/lib:/home/manuel/robotic-models/ws_moveit2/install/moveit_setup_core_plugins/lib:/home/manuel/robotic-models/ws_moveit2/install/moveit_setup_controllers/lib:/home/manuel/robotic-models/ws_moveit2/install/moveit_setup_app_plugins/lib:/home/manuel/robotic-models/ws_moveit2/install/moveit_setup_framework/lib:/home/manuel/robotic-models/ws_moveit2/install/moveit_ros_visualization/lib:/home/manuel/robotic-models/ws_moveit2/install/moveit_ros_planning_interface/lib:/home/manuel/robotic-models/ws_moveit2/install/moveit_ros_move_group/lib:/home/manuel/robotic-models/ws_moveit2/install/moveit_ros_warehouse/lib:/home/manuel/robotic-models/ws_moveit2/install/moveit_ros_robot_interaction/lib:/home/manuel/robotic-models/ws_moveit2/install/moveit_kinematics/lib:/home/manuel/robotic-models/ws_moveit2/install/moveit_ros_planning/lib:/home/manuel/robotic-models/ws_moveit2/install/moveit_ros_occupancy_map_monitor/lib:/home/manuel/robotic-models/ws_moveit2/install/moveit_core/lib:/home/manuel/robotic-models/ws_moveit2/install/srdfdom/lib:${LD_LIBRARY_PATH} PATH=/home/manuel/robotic-models/ws_moveit2/install/moveit_core/bin:${PATH} PYTHONPATH=/home/manuel/robotic-models/ws_moveit2/install/moveit_configs_utils/lib/python3.10/site-packages:/home/manuel/robotic-models/ws_moveit2/install/srdfdom/local/lib/python3.10/dist-packages:/home/manuel/robotic-models/ws_moveit2/install/launch_param_builder/lib/python3.10/site-packages:${PYTHONPATH} /usr/bin/cmake --build /home/manuel/robotic-models/ws_moveit2/build/moveit_setup_assistant -- -j16 -l16
[6.760s] [ 14%] [34m[1mAutomatic MOC for target moveit_setup_assistant[0m
[6.760s] [ 14%] [34m[1mAutomatic MOC for target moveit_setup_assistant_updater[0m
[6.788s] [ 14%] Built target moveit_setup_assistant_updater_autogen
[6.788s] [ 14%] Built target moveit_setup_assistant_autogen
[6.795s] [ 28%] [34m[1mGenerating include/moveit_setup_assistant/moc_navigation_widget.cpp[0m
[6.795s] [ 28%] [34m[1mGenerating include/moveit_setup_assistant/moc_setup_assistant_widget.cpp[0m
[6.803s] [ 35%] [32mBuilding CXX object CMakeFiles/moveit_setup_assistant_updater.dir/moveit_setup_assistant_updater_autogen/mocs_compilation.cpp.o[0m
[6.804s] [ 42%] [32mBuilding CXX object CMakeFiles/moveit_setup_assistant_updater.dir/src/collisions_updater.cpp.o[0m
[6.815s] [ 57%] [32mBuilding CXX object CMakeFiles/moveit_setup_assistant.dir/src/main.cpp.o[0m
[6.815s] [ 57%] [32mBuilding CXX object CMakeFiles/moveit_setup_assistant.dir/include/moveit_setup_assistant/moc_setup_assistant_widget.cpp.o[0m
[6.815s] [ 64%] [32mBuilding CXX object CMakeFiles/moveit_setup_assistant.dir/src/navigation_widget.cpp.o[0m
[6.815s] [ 78%] [32mBuilding CXX object CMakeFiles/moveit_setup_assistant.dir/src/setup_assistant_widget.cpp.o[0m
[6.815s] [ 78%] [32mBuilding CXX object CMakeFiles/moveit_setup_assistant.dir/moveit_setup_assistant_autogen/mocs_compilation.cpp.o[0m
[6.816s] [ 85%] [32mBuilding CXX object CMakeFiles/moveit_setup_assistant.dir/include/moveit_setup_assistant/moc_navigation_widget.cpp.o[0m
[22.892s] [ 92%] [32m[1mLinking CXX executable collisions_updater[0m
[23.644s] [ 92%] Built target moveit_setup_assistant_updater
[26.463s] [100%] [32m[1mLinking CXX executable moveit_setup_assistant[0m
[27.549s] [100%] Built target moveit_setup_assistant
[27.558s] Invoked command in '/home/manuel/robotic-models/ws_moveit2/build/moveit_setup_assistant' returned '0': AMENT_PREFIX_PATH=/home/manuel/robotic-models/ws_moveit2/install/moveit_setup_srdf_plugins:/home/manuel/robotic-models/ws_moveit2/install/moveit_setup_core_plugins:/home/manuel/robotic-models/ws_moveit2/install/moveit_setup_controllers:/home/manuel/robotic-models/ws_moveit2/install/moveit_setup_app_plugins:/home/manuel/robotic-models/ws_moveit2/install/moveit_setup_framework:/home/manuel/robotic-models/ws_moveit2/install/moveit_ros_visualization:/home/manuel/robotic-models/ws_moveit2/install/moveit_ros_planning_interface:/home/manuel/robotic-models/ws_moveit2/install/moveit_ros_move_group:/home/manuel/robotic-models/ws_moveit2/install/moveit_ros_warehouse:/home/manuel/robotic-models/ws_moveit2/install/moveit_ros_robot_interaction:/home/manuel/robotic-models/ws_moveit2/install/moveit_kinematics:/home/manuel/robotic-models/ws_moveit2/install/moveit_ros_planning:/home/manuel/robotic-models/ws_moveit2/install/moveit_ros_occupancy_map_monitor:/home/manuel/robotic-models/ws_moveit2/install/moveit_core:/home/manuel/robotic-models/ws_moveit2/install/moveit_resources_panda_moveit_config:/home/manuel/robotic-models/ws_moveit2/install/moveit_configs_utils:/home/manuel/robotic-models/ws_moveit2/install/srdfdom:/home/manuel/robotic-models/ws_moveit2/install/moveit_resources_panda_description:/home/manuel/robotic-models/ws_moveit2/install/moveit_common:/home/manuel/robotic-models/ws_moveit2/install/launch_param_builder:${AMENT_PREFIX_PATH} CMAKE_PREFIX_PATH=/home/manuel/robotic-models/ws_moveit2/install/moveit_setup_srdf_plugins:/home/manuel/robotic-models/ws_moveit2/install/moveit_setup_core_plugins:/home/manuel/robotic-models/ws_moveit2/install/moveit_setup_controllers:/home/manuel/robotic-models/ws_moveit2/install/moveit_setup_app_plugins:/home/manuel/robotic-models/ws_moveit2/install/moveit_setup_framework:/home/manuel/robotic-models/ws_moveit2/install/moveit_ros_visualization:/home/manuel/robotic-models/ws_moveit2/install/moveit_ros_planning_interface:/home/manuel/robotic-models/ws_moveit2/install/moveit_ros_move_group:/home/manuel/robotic-models/ws_moveit2/install/moveit_ros_warehouse:/home/manuel/robotic-models/ws_moveit2/install/moveit_ros_robot_interaction:/home/manuel/robotic-models/ws_moveit2/install/moveit_kinematics:/home/manuel/robotic-models/ws_moveit2/install/moveit_ros_planning:/home/manuel/robotic-models/ws_moveit2/install/moveit_ros_occupancy_map_monitor:/home/manuel/robotic-models/ws_moveit2/install/moveit_core:/home/manuel/robotic-models/ws_moveit2/install/moveit_resources_panda_moveit_config:/home/manuel/robotic-models/ws_moveit2/install/srdfdom:/home/manuel/robotic-models/ws_moveit2/install/moveit_resources_panda_description:/home/manuel/robotic-models/ws_moveit2/install/moveit_common:/opt/ros/humble LD_LIBRARY_PATH=/home/manuel/robotic-models/ws_moveit2/install/moveit_setup_srdf_plugins/lib:/home/manuel/robotic-models/ws_moveit2/install/moveit_setup_core_plugins/lib:/home/manuel/robotic-models/ws_moveit2/install/moveit_setup_controllers/lib:/home/manuel/robotic-models/ws_moveit2/install/moveit_setup_app_plugins/lib:/home/manuel/robotic-models/ws_moveit2/install/moveit_setup_framework/lib:/home/manuel/robotic-models/ws_moveit2/install/moveit_ros_visualization/lib:/home/manuel/robotic-models/ws_moveit2/install/moveit_ros_planning_interface/lib:/home/manuel/robotic-models/ws_moveit2/install/moveit_ros_move_group/lib:/home/manuel/robotic-models/ws_moveit2/install/moveit_ros_warehouse/lib:/home/manuel/robotic-models/ws_moveit2/install/moveit_ros_robot_interaction/lib:/home/manuel/robotic-models/ws_moveit2/install/moveit_kinematics/lib:/home/manuel/robotic-models/ws_moveit2/install/moveit_ros_planning/lib:/home/manuel/robotic-models/ws_moveit2/install/moveit_ros_occupancy_map_monitor/lib:/home/manuel/robotic-models/ws_moveit2/install/moveit_core/lib:/home/manuel/robotic-models/ws_moveit2/install/srdfdom/lib:${LD_LIBRARY_PATH} PATH=/home/manuel/robotic-models/ws_moveit2/install/moveit_core/bin:${PATH} PYTHONPATH=/home/manuel/robotic-models/ws_moveit2/install/moveit_configs_utils/lib/python3.10/site-packages:/home/manuel/robotic-models/ws_moveit2/install/srdfdom/local/lib/python3.10/dist-packages:/home/manuel/robotic-models/ws_moveit2/install/launch_param_builder/lib/python3.10/site-packages:${PYTHONPATH} /usr/bin/cmake --build /home/manuel/robotic-models/ws_moveit2/build/moveit_setup_assistant -- -j16 -l16
[27.586s] Invoking command in '/home/manuel/robotic-models/ws_moveit2/build/moveit_setup_assistant': AMENT_PREFIX_PATH=/home/manuel/robotic-models/ws_moveit2/install/moveit_setup_srdf_plugins:/home/manuel/robotic-models/ws_moveit2/install/moveit_setup_core_plugins:/home/manuel/robotic-models/ws_moveit2/install/moveit_setup_controllers:/home/manuel/robotic-models/ws_moveit2/install/moveit_setup_app_plugins:/home/manuel/robotic-models/ws_moveit2/install/moveit_setup_framework:/home/manuel/robotic-models/ws_moveit2/install/moveit_ros_visualization:/home/manuel/robotic-models/ws_moveit2/install/moveit_ros_planning_interface:/home/manuel/robotic-models/ws_moveit2/install/moveit_ros_move_group:/home/manuel/robotic-models/ws_moveit2/install/moveit_ros_warehouse:/home/manuel/robotic-models/ws_moveit2/install/moveit_ros_robot_interaction:/home/manuel/robotic-models/ws_moveit2/install/moveit_kinematics:/home/manuel/robotic-models/ws_moveit2/install/moveit_ros_planning:/home/manuel/robotic-models/ws_moveit2/install/moveit_ros_occupancy_map_monitor:/home/manuel/robotic-models/ws_moveit2/install/moveit_core:/home/manuel/robotic-models/ws_moveit2/install/moveit_resources_panda_moveit_config:/home/manuel/robotic-models/ws_moveit2/install/moveit_configs_utils:/home/manuel/robotic-models/ws_moveit2/install/srdfdom:/home/manuel/robotic-models/ws_moveit2/install/moveit_resources_panda_description:/home/manuel/robotic-models/ws_moveit2/install/moveit_common:/home/manuel/robotic-models/ws_moveit2/install/launch_param_builder:${AMENT_PREFIX_PATH} CMAKE_PREFIX_PATH=/home/manuel/robotic-models/ws_moveit2/install/moveit_setup_srdf_plugins:/home/manuel/robotic-models/ws_moveit2/install/moveit_setup_core_plugins:/home/manuel/robotic-models/ws_moveit2/install/moveit_setup_controllers:/home/manuel/robotic-models/ws_moveit2/install/moveit_setup_app_plugins:/home/manuel/robotic-models/ws_moveit2/install/moveit_setup_framework:/home/manuel/robotic-models/ws_moveit2/install/moveit_ros_visualization:/home/manuel/robotic-models/ws_moveit2/install/moveit_ros_planning_interface:/home/manuel/robotic-models/ws_moveit2/install/moveit_ros_move_group:/home/manuel/robotic-models/ws_moveit2/install/moveit_ros_warehouse:/home/manuel/robotic-models/ws_moveit2/install/moveit_ros_robot_interaction:/home/manuel/robotic-models/ws_moveit2/install/moveit_kinematics:/home/manuel/robotic-models/ws_moveit2/install/moveit_ros_planning:/home/manuel/robotic-models/ws_moveit2/install/moveit_ros_occupancy_map_monitor:/home/manuel/robotic-models/ws_moveit2/install/moveit_core:/home/manuel/robotic-models/ws_moveit2/install/moveit_resources_panda_moveit_config:/home/manuel/robotic-models/ws_moveit2/install/srdfdom:/home/manuel/robotic-models/ws_moveit2/install/moveit_resources_panda_description:/home/manuel/robotic-models/ws_moveit2/install/moveit_common:/opt/ros/humble LD_LIBRARY_PATH=/home/manuel/robotic-models/ws_moveit2/install/moveit_setup_srdf_plugins/lib:/home/manuel/robotic-models/ws_moveit2/install/moveit_setup_core_plugins/lib:/home/manuel/robotic-models/ws_moveit2/install/moveit_setup_controllers/lib:/home/manuel/robotic-models/ws_moveit2/install/moveit_setup_app_plugins/lib:/home/manuel/robotic-models/ws_moveit2/install/moveit_setup_framework/lib:/home/manuel/robotic-models/ws_moveit2/install/moveit_ros_visualization/lib:/home/manuel/robotic-models/ws_moveit2/install/moveit_ros_planning_interface/lib:/home/manuel/robotic-models/ws_moveit2/install/moveit_ros_move_group/lib:/home/manuel/robotic-models/ws_moveit2/install/moveit_ros_warehouse/lib:/home/manuel/robotic-models/ws_moveit2/install/moveit_ros_robot_interaction/lib:/home/manuel/robotic-models/ws_moveit2/install/moveit_kinematics/lib:/home/manuel/robotic-models/ws_moveit2/install/moveit_ros_planning/lib:/home/manuel/robotic-models/ws_moveit2/install/moveit_ros_occupancy_map_monitor/lib:/home/manuel/robotic-models/ws_moveit2/install/moveit_core/lib:/home/manuel/robotic-models/ws_moveit2/install/srdfdom/lib:${LD_LIBRARY_PATH} PATH=/home/manuel/robotic-models/ws_moveit2/install/moveit_core/bin:${PATH} PYTHONPATH=/home/manuel/robotic-models/ws_moveit2/install/moveit_configs_utils/lib/python3.10/site-packages:/home/manuel/robotic-models/ws_moveit2/install/srdfdom/local/lib/python3.10/dist-packages:/home/manuel/robotic-models/ws_moveit2/install/launch_param_builder/lib/python3.10/site-packages:${PYTHONPATH} /usr/bin/cmake --install /home/manuel/robotic-models/ws_moveit2/build/moveit_setup_assistant
[27.593s] -- Install configuration: "Release"
[27.594s] -- Installing: /home/manuel/robotic-models/ws_moveit2/install/moveit_setup_assistant/lib/moveit_setup_assistant/moveit_setup_assistant
[27.595s] -- Set runtime path of "/home/manuel/robotic-models/ws_moveit2/install/moveit_setup_assistant/lib/moveit_setup_assistant/moveit_setup_assistant" to ""
[27.595s] -- Installing: /home/manuel/robotic-models/ws_moveit2/install/moveit_setup_assistant/lib/moveit_setup_assistant/collisions_updater
[27.596s] -- Set runtime path of "/home/manuel/robotic-models/ws_moveit2/install/moveit_setup_assistant/lib/moveit_setup_assistant/collisions_updater" to ""
[27.596s] -- Installing: /home/manuel/robotic-models/ws_moveit2/install/moveit_setup_assistant/include
[27.596s] -- Installing: /home/manuel/robotic-models/ws_moveit2/install/moveit_setup_assistant/include/moveit_setup_assistant
[27.597s] -- Installing: /home/manuel/robotic-models/ws_moveit2/install/moveit_setup_assistant/include/moveit_setup_assistant/setup_assistant_widget.hpp
[27.597s] -- Installing: /home/manuel/robotic-models/ws_moveit2/install/moveit_setup_assistant/include/moveit_setup_assistant/navigation_widget.hpp
[27.597s] -- Installing: /home/manuel/robotic-models/ws_moveit2/install/moveit_setup_assistant/share/moveit_setup_assistant/launch
[27.597s] -- Installing: /home/manuel/robotic-models/ws_moveit2/install/moveit_setup_assistant/share/moveit_setup_assistant/launch/setup_assistant.launch.py
[27.598s] -- Installing: /home/manuel/robotic-models/ws_moveit2/install/moveit_setup_assistant/share/moveit_setup_assistant/resources
[27.598s] -- Installing: /home/manuel/robotic-models/ws_moveit2/install/moveit_setup_assistant/share/moveit_setup_assistant/resources/MoveIt_Setup_Assistant2.png
[27.599s] -- Installing: /home/manuel/robotic-models/ws_moveit2/install/moveit_setup_assistant/share/moveit_setup_assistant/environment/library_path.sh
[27.600s] -- Installing: /home/manuel/robotic-models/ws_moveit2/install/moveit_setup_assistant/share/moveit_setup_assistant/environment/library_path.dsv
[27.600s] -- Installing: /home/manuel/robotic-models/ws_moveit2/install/moveit_setup_assistant/share/ament_index/resource_index/package_run_dependencies/moveit_setup_assistant
[27.600s] -- Installing: /home/manuel/robotic-models/ws_moveit2/install/moveit_setup_assistant/share/ament_index/resource_index/parent_prefix_path/moveit_setup_assistant
[27.600s] -- Installing: /home/manuel/robotic-models/ws_moveit2/install/moveit_setup_assistant/share/moveit_setup_assistant/environment/ament_prefix_path.sh
[27.601s] -- Installing: /home/manuel/robotic-models/ws_moveit2/install/moveit_setup_assistant/share/moveit_setup_assistant/environment/ament_prefix_path.dsv
[27.601s] -- Installing: /home/manuel/robotic-models/ws_moveit2/install/moveit_setup_assistant/share/moveit_setup_assistant/environment/path.sh
[27.601s] -- Installing: /home/manuel/robotic-models/ws_moveit2/install/moveit_setup_assistant/share/moveit_setup_assistant/environment/path.dsv
[27.601s] -- Installing: /home/manuel/robotic-models/ws_moveit2/install/moveit_setup_assistant/share/moveit_setup_assistant/local_setup.bash
[27.601s] -- Installing: /home/manuel/robotic-models/ws_moveit2/install/moveit_setup_assistant/share/moveit_setup_assistant/local_setup.sh
[27.601s] -- Installing: /home/manuel/robotic-models/ws_moveit2/install/moveit_setup_assistant/share/moveit_setup_assistant/local_setup.zsh
[27.601s] -- Installing: /home/manuel/robotic-models/ws_moveit2/install/moveit_setup_assistant/share/moveit_setup_assistant/local_setup.dsv
[27.602s] -- Installing: /home/manuel/robotic-models/ws_moveit2/install/moveit_setup_assistant/share/moveit_setup_assistant/package.dsv
[27.602s] -- Installing: /home/manuel/robotic-models/ws_moveit2/install/moveit_setup_assistant/share/ament_index/resource_index/packages/moveit_setup_assistant
[27.602s] -- Installing: /home/manuel/robotic-models/ws_moveit2/install/moveit_setup_assistant/share/moveit_setup_assistant/cmake/moveit_setup_assistantTargetsExport.cmake
[27.603s] -- Installing: /home/manuel/robotic-models/ws_moveit2/install/moveit_setup_assistant/share/moveit_setup_assistant/cmake/moveit_setup_assistantTargetsExport-release.cmake
[27.603s] -- Installing: /home/manuel/robotic-models/ws_moveit2/install/moveit_setup_assistant/share/moveit_setup_assistant/cmake/ament_cmake_export_include_directories-extras.cmake
[27.603s] -- Installing: /home/manuel/robotic-models/ws_moveit2/install/moveit_setup_assistant/share/moveit_setup_assistant/cmake/ament_cmake_export_targets-extras.cmake
[27.603s] -- Installing: /home/manuel/robotic-models/ws_moveit2/install/moveit_setup_assistant/share/moveit_setup_assistant/cmake/ament_cmake_export_dependencies-extras.cmake
[27.603s] -- Installing: /home/manuel/robotic-models/ws_moveit2/install/moveit_setup_assistant/share/moveit_setup_assistant/cmake/moveit_setup_assistantConfig.cmake
[27.603s] -- Installing: /home/manuel/robotic-models/ws_moveit2/install/moveit_setup_assistant/share/moveit_setup_assistant/cmake/moveit_setup_assistantConfig-version.cmake
[27.604s] -- Installing: /home/manuel/robotic-models/ws_moveit2/install/moveit_setup_assistant/share/moveit_setup_assistant/package.xml
[27.607s] Invoked command in '/home/manuel/robotic-models/ws_moveit2/build/moveit_setup_assistant' returned '0': AMENT_PREFIX_PATH=/home/manuel/robotic-models/ws_moveit2/install/moveit_setup_srdf_plugins:/home/manuel/robotic-models/ws_moveit2/install/moveit_setup_core_plugins:/home/manuel/robotic-models/ws_moveit2/install/moveit_setup_controllers:/home/manuel/robotic-models/ws_moveit2/install/moveit_setup_app_plugins:/home/manuel/robotic-models/ws_moveit2/install/moveit_setup_framework:/home/manuel/robotic-models/ws_moveit2/install/moveit_ros_visualization:/home/manuel/robotic-models/ws_moveit2/install/moveit_ros_planning_interface:/home/manuel/robotic-models/ws_moveit2/install/moveit_ros_move_group:/home/manuel/robotic-models/ws_moveit2/install/moveit_ros_warehouse:/home/manuel/robotic-models/ws_moveit2/install/moveit_ros_robot_interaction:/home/manuel/robotic-models/ws_moveit2/install/moveit_kinematics:/home/manuel/robotic-models/ws_moveit2/install/moveit_ros_planning:/home/manuel/robotic-models/ws_moveit2/install/moveit_ros_occupancy_map_monitor:/home/manuel/robotic-models/ws_moveit2/install/moveit_core:/home/manuel/robotic-models/ws_moveit2/install/moveit_resources_panda_moveit_config:/home/manuel/robotic-models/ws_moveit2/install/moveit_configs_utils:/home/manuel/robotic-models/ws_moveit2/install/srdfdom:/home/manuel/robotic-models/ws_moveit2/install/moveit_resources_panda_description:/home/manuel/robotic-models/ws_moveit2/install/moveit_common:/home/manuel/robotic-models/ws_moveit2/install/launch_param_builder:${AMENT_PREFIX_PATH} CMAKE_PREFIX_PATH=/home/manuel/robotic-models/ws_moveit2/install/moveit_setup_srdf_plugins:/home/manuel/robotic-models/ws_moveit2/install/moveit_setup_core_plugins:/home/manuel/robotic-models/ws_moveit2/install/moveit_setup_controllers:/home/manuel/robotic-models/ws_moveit2/install/moveit_setup_app_plugins:/home/manuel/robotic-models/ws_moveit2/install/moveit_setup_framework:/home/manuel/robotic-models/ws_moveit2/install/moveit_ros_visualization:/home/manuel/robotic-models/ws_moveit2/install/moveit_ros_planning_interface:/home/manuel/robotic-models/ws_moveit2/install/moveit_ros_move_group:/home/manuel/robotic-models/ws_moveit2/install/moveit_ros_warehouse:/home/manuel/robotic-models/ws_moveit2/install/moveit_ros_robot_interaction:/home/manuel/robotic-models/ws_moveit2/install/moveit_kinematics:/home/manuel/robotic-models/ws_moveit2/install/moveit_ros_planning:/home/manuel/robotic-models/ws_moveit2/install/moveit_ros_occupancy_map_monitor:/home/manuel/robotic-models/ws_moveit2/install/moveit_core:/home/manuel/robotic-models/ws_moveit2/install/moveit_resources_panda_moveit_config:/home/manuel/robotic-models/ws_moveit2/install/srdfdom:/home/manuel/robotic-models/ws_moveit2/install/moveit_resources_panda_description:/home/manuel/robotic-models/ws_moveit2/install/moveit_common:/opt/ros/humble LD_LIBRARY_PATH=/home/manuel/robotic-models/ws_moveit2/install/moveit_setup_srdf_plugins/lib:/home/manuel/robotic-models/ws_moveit2/install/moveit_setup_core_plugins/lib:/home/manuel/robotic-models/ws_moveit2/install/moveit_setup_controllers/lib:/home/manuel/robotic-models/ws_moveit2/install/moveit_setup_app_plugins/lib:/home/manuel/robotic-models/ws_moveit2/install/moveit_setup_framework/lib:/home/manuel/robotic-models/ws_moveit2/install/moveit_ros_visualization/lib:/home/manuel/robotic-models/ws_moveit2/install/moveit_ros_planning_interface/lib:/home/manuel/robotic-models/ws_moveit2/install/moveit_ros_move_group/lib:/home/manuel/robotic-models/ws_moveit2/install/moveit_ros_warehouse/lib:/home/manuel/robotic-models/ws_moveit2/install/moveit_ros_robot_interaction/lib:/home/manuel/robotic-models/ws_moveit2/install/moveit_kinematics/lib:/home/manuel/robotic-models/ws_moveit2/install/moveit_ros_planning/lib:/home/manuel/robotic-models/ws_moveit2/install/moveit_ros_occupancy_map_monitor/lib:/home/manuel/robotic-models/ws_moveit2/install/moveit_core/lib:/home/manuel/robotic-models/ws_moveit2/install/srdfdom/lib:${LD_LIBRARY_PATH} PATH=/home/manuel/robotic-models/ws_moveit2/install/moveit_core/bin:${PATH} PYTHONPATH=/home/manuel/robotic-models/ws_moveit2/install/moveit_configs_utils/lib/python3.10/site-packages:/home/manuel/robotic-models/ws_moveit2/install/srdfdom/local/lib/python3.10/dist-packages:/home/manuel/robotic-models/ws_moveit2/install/launch_param_builder/lib/python3.10/site-packages:${PYTHONPATH} /usr/bin/cmake --install /home/manuel/robotic-models/ws_moveit2/build/moveit_setup_assistant
