[0.013s] Invoking command in '/home/manuel/robotic-models/ws_moveit2/build/moveit_ros_planning': AMENT_PREFIX_PATH=/home/manuel/robotic-models/ws_moveit2/install/moveit_ros_occupancy_map_monitor:/home/manuel/robotic-models/ws_moveit2/install/moveit_core:/home/manuel/robotic-models/ws_moveit2/install/moveit_resources_panda_moveit_config:/home/manuel/robotic-models/ws_moveit2/install/srdfdom:/home/manuel/robotic-models/ws_moveit2/install/moveit_resources_panda_description:/home/manuel/robotic-models/ws_moveit2/install/moveit_common:${AMENT_PREFIX_PATH} CMAKE_PREFIX_PATH=/home/manuel/robotic-models/ws_moveit2/install/moveit_ros_occupancy_map_monitor:/home/manuel/robotic-models/ws_moveit2/install/moveit_core:/home/manuel/robotic-models/ws_moveit2/install/moveit_resources_panda_moveit_config:/home/manuel/robotic-models/ws_moveit2/install/srdfdom:/home/manuel/robotic-models/ws_moveit2/install/moveit_resources_panda_description:/home/manuel/robotic-models/ws_moveit2/install/moveit_common:/opt/ros/humble LD_LIBRARY_PATH=/home/manuel/robotic-models/ws_moveit2/install/moveit_ros_occupancy_map_monitor/lib:/home/manuel/robotic-models/ws_moveit2/install/moveit_core/lib:/home/manuel/robotic-models/ws_moveit2/install/srdfdom/lib:${LD_LIBRARY_PATH} PATH=/home/manuel/robotic-models/ws_moveit2/install/moveit_core/bin:${PATH} PYTHONPATH=/home/manuel/robotic-models/ws_moveit2/install/srdfdom/local/lib/python3.10/dist-packages:${PYTHONPATH} /usr/bin/cmake /home/manuel/robotic-models/ws_moveit2/src/moveit2/moveit_ros/planning -DCMAKE_BUILD_TYPE=Release -DCMAKE_INSTALL_PREFIX=/home/manuel/robotic-models/ws_moveit2/install/moveit_ros_planning
[0.064s] -- The C compiler identification is GNU 11.4.0
[0.115s] -- The CXX compiler identification is GNU 11.4.0
[0.121s] -- Detecting C compiler ABI info
[0.183s] -- Detecting C compiler ABI info - done
[0.191s] -- Check for working C compiler: /usr/bin/cc - skipped
[0.191s] -- Detecting C compile features
[0.192s] -- Detecting C compile features - done
[0.195s] -- Detecting CXX compiler ABI info
[0.264s] -- Detecting CXX compiler ABI info - done
[0.269s] -- Check for working CXX compiler: /usr/bin/c++ - skipped
[0.269s] -- Detecting CXX compile features
[0.269s] -- Detecting CXX compile features - done
[0.270s] -- Found moveit_common: 2.5.5 (/home/manuel/robotic-models/ws_moveit2/install/moveit_common/share/moveit_common/cmake)
[0.273s] -- Found ament_cmake: 1.3.8 (/opt/ros/humble/share/ament_cmake/cmake)
[0.399s] -- Found Python3: /usr/bin/python3 (found version "3.10.12") found components: Interpreter 
[0.562s] -- Found libdw: /usr/lib/x86_64-linux-gnu/libdw.so  
[0.568s] -- Could NOT find libbfd (missing: LIBBFD_LIBRARY LIBBFD_INCLUDE_DIR) 
[0.568s] -- BACKWARD_HAS_UNWIND=1
[0.569s] -- BACKWARD_HAS_BACKTRACE=0
[0.569s] -- BACKWARD_HAS_BACKTRACE_SYMBOL=0
[0.569s] -- BACKWARD_HAS_DW=1
[0.569s] -- BACKWARD_HAS_BFD=0
[0.569s] -- Found Backward: /opt/ros/humble/share/backward_ros/cmake  
[0.571s] -- Found moveit_msgs: 2.2.1 (/opt/ros/humble/share/moveit_msgs/cmake)
[0.607s] -- Found rosidl_generator_c: 3.1.5 (/opt/ros/humble/share/rosidl_generator_c/cmake)
[0.614s] -- Found rosidl_adapter: 3.1.5 (/opt/ros/humble/share/rosidl_adapter/cmake)
[0.625s] -- Found rosidl_generator_cpp: 3.1.5 (/opt/ros/humble/share/rosidl_generator_cpp/cmake)
[0.641s] -- Using all available rosidl_typesupport_c: rosidl_typesupport_fastrtps_c;rosidl_typesupport_introspection_c
[0.661s] -- Using all available rosidl_typesupport_cpp: rosidl_typesupport_fastrtps_cpp;rosidl_typesupport_introspection_cpp
[1.466s] -- Found pluginlib: 5.1.0 (/opt/ros/humble/share/pluginlib/cmake)
[1.500s] -- Found rclcpp: 16.0.8 (/opt/ros/humble/share/rclcpp/cmake)
[1.565s] -- Found rmw_implementation_cmake: 6.1.1 (/opt/ros/humble/share/rmw_implementation_cmake/cmake)
[1.568s] -- Found rmw_fastrtps_cpp: 6.2.6 (/opt/ros/humble/share/rmw_fastrtps_cpp/cmake)
[1.606s] -- Found TinyXML2 via Config file: TinyXML2_DIR-NOTFOUND
[1.644s] -- Found OpenSSL: /usr/lib/x86_64-linux-gnu/libcrypto.so (found version "3.0.2")  
[1.646s] -- Found TinyXML2 via Config file: TinyXML2_DIR-NOTFOUND
[1.660s] -- Found FastRTPS: /opt/ros/humble/include  
[1.669s] -- Found TinyXML2 via Config file: TinyXML2_DIR-NOTFOUND
[1.676s] -- Found TinyXML2 via Config file: TinyXML2_DIR-NOTFOUND
[1.687s] -- Using RMW implementation 'rmw_fastrtps_cpp' as default
[1.699s] -- Looking for pthread.h
[1.788s] -- Looking for pthread.h - found
[1.788s] -- Performing Test CMAKE_HAVE_LIBC_PTHREAD
[1.875s] -- Performing Test CMAKE_HAVE_LIBC_PTHREAD - Success
[1.876s] -- Found Threads: TRUE  
[1.999s] -- Found message_filters: 4.3.3 (/opt/ros/humble/share/message_filters/cmake)
[2.004s] -- Found srdfdom: 2.0.4 (/home/manuel/robotic-models/ws_moveit2/install/srdfdom/share/srdfdom/cmake)
[2.018s] -- Found tf2: 0.25.6 (/opt/ros/humble/share/tf2/cmake)
[2.025s] -- Found tf2_geometry_msgs: 0.25.6 (/opt/ros/humble/share/tf2_geometry_msgs/cmake)
[2.043s] -- Found eigen3_cmake_module: 0.1.1 (/opt/ros/humble/share/eigen3_cmake_module/cmake)
[2.045s] -- Found Eigen3: TRUE (found version "3.4.0") 
[2.045s] -- Ensuring Eigen3 include directory is part of orocos-kdl CMake target
[2.305s] -- Found tf2_eigen: 0.25.6 (/opt/ros/humble/share/tf2_eigen/cmake)
[2.311s] -- Found moveit_core: 2.5.5 (/home/manuel/robotic-models/ws_moveit2/install/moveit_core/share/moveit_core/cmake)
[2.350s] -- Found Boost: /usr/lib/x86_64-linux-gnu/cmake/Boost-1.74.0/BoostConfig.cmake (found version "1.74.0") found components: chrono date_time filesystem iostreams program_options regex serialization system thread 
[2.384s] -- Found parameter_traits: 0.3.8 (/opt/ros/humble/share/parameter_traits/cmake)
[2.401s] -- Found rclcpp_lifecycle: 16.0.8 (/opt/ros/humble/share/rclcpp_lifecycle/cmake)
[2.439s] -- Found Boost: /usr/lib/x86_64-linux-gnu/cmake/Boost-1.74.0/BoostConfig.cmake (found version "1.74.0") found components: filesystem 
[2.527s] -- library: /usr/lib/x86_64-linux-gnu/libcurl.so
[2.844s] -- Found moveit_ros_occupancy_map_monitor: 2.5.5 (/home/manuel/robotic-models/ws_moveit2/install/moveit_ros_occupancy_map_monitor/share/moveit_ros_occupancy_map_monitor/cmake)
[3.040s] -- Found Boost: /usr/lib/x86_64-linux-gnu/cmake/Boost-1.74.0/BoostConfig.cmake (found version "1.74.0") found components: system filesystem date_time program_options thread chrono 
[3.079s] -- Performing Test COMPILER_HAS_HIDDEN_VISIBILITY
[3.185s] -- Performing Test COMPILER_HAS_HIDDEN_VISIBILITY - Success
[3.186s] -- Performing Test COMPILER_HAS_HIDDEN_INLINE_VISIBILITY
[3.285s] -- Performing Test COMPILER_HAS_HIDDEN_INLINE_VISIBILITY - Success
[3.285s] -- Performing Test COMPILER_HAS_DEPRECATED_ATTR
[3.379s] -- Performing Test COMPILER_HAS_DEPRECATED_ATTR - Success
[3.412s] -- Found ament_cmake_gtest: 1.3.8 (/opt/ros/humble/share/ament_cmake_gtest/cmake)
[3.415s] -- Found ament_cmake_gmock: 1.3.8 (/opt/ros/humble/share/ament_cmake_gmock/cmake)
[3.418s] -- Found gmock sources under '/opt/ros/humble/src/gmock_vendor': C++ tests using 'Google Mock' will be built
[3.423s] -- Found gtest sources under '/opt/ros/humble/src/gtest_vendor': C++ tests using 'Google Test' will be built
[3.462s] -- Found ament_lint_auto: 0.12.10 (/opt/ros/humble/share/ament_lint_auto/cmake)
[3.481s] -- Found launch_testing_ament_cmake: 1.0.5 (/opt/ros/humble/share/launch_testing_ament_cmake/cmake)
[3.484s] -- Found python_cmake_module: 0.10.0 (/opt/ros/humble/share/python_cmake_module/cmake)
[3.501s] -- Found PythonInterp: /usr/bin/python3 (found suitable version "3.10.12", minimum required is "3.6") 
[3.506s] -- Found PythonLibs: /usr/lib/x86_64-linux-gnu/libpython3.10.so (found suitable version "3.10.12", minimum required is "3.5") 
[3.506s] -- Using PYTHON_EXECUTABLE: /usr/bin/python3
[3.506s] -- Using PYTHON_INCLUDE_DIRS: /usr/include/python3.10
[3.506s] -- Using PYTHON_LIBRARIES: /usr/lib/x86_64-linux-gnu/libpython3.10.so
[3.528s] -- Found PythonExtra: .so  
[3.543s] -- Added test 'cppcheck' to perform static code analysis on C / C++ code
[3.543s] -- Configured cppcheck include dirs: /home/manuel/robotic-models/ws_moveit2/src/moveit2/moveit_ros/planning/rdf_loader/include;/home/manuel/robotic-models/ws_moveit2/src/moveit2/moveit_ros/planning/kinematics_plugin_loader/include;/home/manuel/robotic-models/ws_moveit2/src/moveit2/moveit_ros/planning/robot_model_loader/include;/home/manuel/robotic-models/ws_moveit2/src/moveit2/moveit_ros/planning/constraint_sampler_manager_loader/include;/home/manuel/robotic-models/ws_moveit2/src/moveit2/moveit_ros/planning/planning_pipeline/include;/home/manuel/robotic-models/ws_moveit2/src/moveit2/moveit_ros/planning/planning_scene_monitor/include;/home/manuel/robotic-models/ws_moveit2/src/moveit2/moveit_ros/planning/trajectory_execution_manager/include;/home/manuel/robotic-models/ws_moveit2/src/moveit2/moveit_ros/planning/plan_execution/include;/home/manuel/robotic-models/ws_moveit2/src/moveit2/moveit_ros/planning/collision_plugin_loader/include;/home/manuel/robotic-models/ws_moveit2/src/moveit2/moveit_ros/planning/moveit_cpp/include
[3.543s] -- Configured cppcheck exclude dirs and/or files: 
[3.547s] -- Added test 'lint_cmake' to check CMake code style
[3.549s] -- Added test 'pep257' to check Python code against some of the docstring style conventions in PEP 257
[3.552s] -- Added test 'xmllint' to check XML markup files
[3.555s] -- Configuring done
[3.945s] -- Generating done
[3.951s] -- Build files have been written to: /home/manuel/robotic-models/ws_moveit2/build/moveit_ros_planning
[3.991s] Invoked command in '/home/manuel/robotic-models/ws_moveit2/build/moveit_ros_planning' returned '0': AMENT_PREFIX_PATH=/home/manuel/robotic-models/ws_moveit2/install/moveit_ros_occupancy_map_monitor:/home/manuel/robotic-models/ws_moveit2/install/moveit_core:/home/manuel/robotic-models/ws_moveit2/install/moveit_resources_panda_moveit_config:/home/manuel/robotic-models/ws_moveit2/install/srdfdom:/home/manuel/robotic-models/ws_moveit2/install/moveit_resources_panda_description:/home/manuel/robotic-models/ws_moveit2/install/moveit_common:${AMENT_PREFIX_PATH} CMAKE_PREFIX_PATH=/home/manuel/robotic-models/ws_moveit2/install/moveit_ros_occupancy_map_monitor:/home/manuel/robotic-models/ws_moveit2/install/moveit_core:/home/manuel/robotic-models/ws_moveit2/install/moveit_resources_panda_moveit_config:/home/manuel/robotic-models/ws_moveit2/install/srdfdom:/home/manuel/robotic-models/ws_moveit2/install/moveit_resources_panda_description:/home/manuel/robotic-models/ws_moveit2/install/moveit_common:/opt/ros/humble LD_LIBRARY_PATH=/home/manuel/robotic-models/ws_moveit2/install/moveit_ros_occupancy_map_monitor/lib:/home/manuel/robotic-models/ws_moveit2/install/moveit_core/lib:/home/manuel/robotic-models/ws_moveit2/install/srdfdom/lib:${LD_LIBRARY_PATH} PATH=/home/manuel/robotic-models/ws_moveit2/install/moveit_core/bin:${PATH} PYTHONPATH=/home/manuel/robotic-models/ws_moveit2/install/srdfdom/local/lib/python3.10/dist-packages:${PYTHONPATH} /usr/bin/cmake /home/manuel/robotic-models/ws_moveit2/src/moveit2/moveit_ros/planning -DCMAKE_BUILD_TYPE=Release -DCMAKE_INSTALL_PREFIX=/home/manuel/robotic-models/ws_moveit2/install/moveit_ros_planning
[3.993s] Invoking command in '/home/manuel/robotic-models/ws_moveit2/build/moveit_ros_planning': AMENT_PREFIX_PATH=/home/manuel/robotic-models/ws_moveit2/install/moveit_ros_occupancy_map_monitor:/home/manuel/robotic-models/ws_moveit2/install/moveit_core:/home/manuel/robotic-models/ws_moveit2/install/moveit_resources_panda_moveit_config:/home/manuel/robotic-models/ws_moveit2/install/srdfdom:/home/manuel/robotic-models/ws_moveit2/install/moveit_resources_panda_description:/home/manuel/robotic-models/ws_moveit2/install/moveit_common:${AMENT_PREFIX_PATH} CMAKE_PREFIX_PATH=/home/manuel/robotic-models/ws_moveit2/install/moveit_ros_occupancy_map_monitor:/home/manuel/robotic-models/ws_moveit2/install/moveit_core:/home/manuel/robotic-models/ws_moveit2/install/moveit_resources_panda_moveit_config:/home/manuel/robotic-models/ws_moveit2/install/srdfdom:/home/manuel/robotic-models/ws_moveit2/install/moveit_resources_panda_description:/home/manuel/robotic-models/ws_moveit2/install/moveit_common:/opt/ros/humble LD_LIBRARY_PATH=/home/manuel/robotic-models/ws_moveit2/install/moveit_ros_occupancy_map_monitor/lib:/home/manuel/robotic-models/ws_moveit2/install/moveit_core/lib:/home/manuel/robotic-models/ws_moveit2/install/srdfdom/lib:${LD_LIBRARY_PATH} PATH=/home/manuel/robotic-models/ws_moveit2/install/moveit_core/bin:${PATH} PYTHONPATH=/home/manuel/robotic-models/ws_moveit2/install/srdfdom/local/lib/python3.10/dist-packages:${PYTHONPATH} /usr/bin/cmake --build /home/manuel/robotic-models/ws_moveit2/build/moveit_ros_planning -- -j16 -l16
[4.044s] [  4%] [32mBuilding CXX object rdf_loader/CMakeFiles/moveit_rdf_loader.dir/src/rdf_loader.cpp.o[0m
[4.044s] [  4%] [32mBuilding CXX object planning_request_adapter_plugins/CMakeFiles/moveit_list_request_adapter_plugins.dir/src/list.cpp.o[0m
[4.044s] [  4%] [32mBuilding CXX object gmock/CMakeFiles/gmock_main.dir/src/gmock_main.cc.o[0m
[4.045s] [  8%] [32mBuilding CXX object planning_pipeline/CMakeFiles/moveit_planning_pipeline.dir/src/planning_pipeline.cpp.o[0m
[4.045s] [  8%] [32mBuilding CXX object planning_request_adapter_plugins/CMakeFiles/moveit_default_planning_request_adapter_plugins.dir/src/fix_start_state_path_constraints.cpp.o[0m
[4.045s] [  9%] [32mBuilding CXX object planning_request_adapter_plugins/CMakeFiles/moveit_default_planning_request_adapter_plugins.dir/src/fix_start_state_collision.cpp.o[0m
[4.046s] [ 11%] [32mBuilding CXX object planning_request_adapter_plugins/CMakeFiles/moveit_default_planning_request_adapter_plugins.dir/src/fix_workspace_bounds.cpp.o[0m
[4.046s] [ 14%] [32mBuilding CXX object gmock/CMakeFiles/gmock.dir/src/gmock-all.cc.o[0m
[4.046s] [ 14%] [32mBuilding CXX object planning_request_adapter_plugins/CMakeFiles/moveit_default_planning_request_adapter_plugins.dir/src/fix_start_state_bounds.cpp.o[0m
[4.046s] [ 16%] [32mBuilding CXX object collision_plugin_loader/CMakeFiles/moveit_collision_plugin_loader.dir/src/collision_plugin_loader.cpp.o[0m
[4.046s] [ 17%] [32mBuilding CXX object rdf_loader/CMakeFiles/moveit_rdf_loader.dir/src/synchronized_string_parameter.cpp.o[0m
[4.047s] [ 19%] [32mBuilding CXX object planning_request_adapter_plugins/CMakeFiles/moveit_default_planning_request_adapter_plugins.dir/src/empty.cpp.o[0m
[4.048s] [ 20%] [32mBuilding CXX object gmock/CMakeFiles/gmock.dir/opt/ros/humble/src/gtest_vendor/src/gtest-all.cc.o[0m
[4.054s] [ 22%] [32mBuilding CXX object planning_request_adapter_plugins/CMakeFiles/moveit_default_planning_request_adapter_plugins.dir/src/add_time_parameterization.cpp.o[0m
[4.059s] [ 24%] [32mBuilding CXX object planning_request_adapter_plugins/CMakeFiles/moveit_default_planning_request_adapter_plugins.dir/src/add_ruckig_traj_smoothing.cpp.o[0m
[4.091s] [ 25%] [32mBuilding CXX object planning_request_adapter_plugins/CMakeFiles/moveit_default_planning_request_adapter_plugins.dir/src/add_iterative_spline_parameterization.cpp.o[0m
[6.130s] [ 27%] [32m[1mLinking CXX static library libgmock_main.a[0m
[6.381s] [ 27%] Built target gmock_main
[6.444s] [ 29%] [32mBuilding CXX object planning_request_adapter_plugins/CMakeFiles/moveit_default_planning_request_adapter_plugins.dir/src/add_time_optimal_parameterization.cpp.o[0m
[10.249s] [ 30%] [32mBuilding CXX object planning_request_adapter_plugins/CMakeFiles/moveit_default_planning_request_adapter_plugins.dir/src/resolve_constraint_frames.cpp.o[0m
[18.416s] [ 32%] [32m[1mLinking CXX static library libgmock.a[0m
[18.673s] [ 32%] Built target gmock
[20.995s] [ 33%] [32m[1mLinking CXX shared library libmoveit_collision_plugin_loader.so[0m
[21.271s] [ 33%] Built target moveit_collision_plugin_loader
[25.386s] [ 35%] [32m[1mLinking CXX shared library libmoveit_rdf_loader.so[0m
[25.607s] [ 37%] [32m[1mLinking CXX shared library libmoveit_default_planning_request_adapter_plugins.so[0m
[25.646s] [ 37%] Built target moveit_rdf_loader
[25.666s] [ 40%] [32mBuilding CXX object constraint_sampler_manager_loader/CMakeFiles/moveit_constraint_sampler_manager_loader.dir/src/constraint_sampler_manager_loader.cpp.o[0m
[25.666s] [ 40%] [32mBuilding CXX object kinematics_plugin_loader/CMakeFiles/moveit_kinematics_plugin_loader.dir/src/kinematics_plugin_loader.cpp.o[0m
[25.849s] [ 40%] Built target moveit_default_planning_request_adapter_plugins
[26.400s] [ 41%] [32m[1mLinking CXX executable moveit_list_request_adapter_plugins[0m
[26.609s] [ 41%] Built target moveit_list_request_adapter_plugins
[32.333s] [ 43%] [32m[1mLinking CXX shared library libmoveit_planning_pipeline.so[0m
[32.521s] [ 43%] Built target moveit_planning_pipeline
[37.132s] [ 45%] [32m[1mLinking CXX shared library libmoveit_kinematics_plugin_loader.so[0m
[37.286s] [ 45%] Built target moveit_kinematics_plugin_loader
[37.303s] [ 46%] [32mBuilding CXX object robot_model_loader/CMakeFiles/moveit_robot_model_loader.dir/src/robot_model_loader.cpp.o[0m
[38.290s] [ 48%] [32m[1mLinking CXX shared library libmoveit_constraint_sampler_manager_loader.so[0m
[38.487s] [ 48%] Built target moveit_constraint_sampler_manager_loader
[43.046s] [ 50%] [32m[1mLinking CXX shared library libmoveit_robot_model_loader.so[0m
[43.185s] [ 50%] Built target moveit_robot_model_loader
[43.201s] [ 54%] [32mBuilding CXX object planning_scene_monitor/CMakeFiles/moveit_planning_scene_monitor.dir/src/planning_scene_monitor.cpp.o[0m
[43.201s] [ 54%] [32mBuilding CXX object planning_scene_monitor/CMakeFiles/moveit_planning_scene_monitor.dir/src/current_state_monitor.cpp.o[0m
[43.201s] [ 54%] [32mBuilding CXX object planning_scene_monitor/CMakeFiles/moveit_planning_scene_monitor.dir/src/trajectory_monitor.cpp.o[0m
[43.201s] [ 58%] [32mBuilding CXX object planning_components_tools/CMakeFiles/moveit_print_planning_model_info.dir/src/print_planning_model_info.cpp.o[0m
[43.201s] [ 58%] [32mBuilding CXX object planning_scene_monitor/CMakeFiles/moveit_planning_scene_monitor.dir/src/current_state_monitor_middleware_handle.cpp.o[0m
[43.201s] [ 59%] [32mBuilding CXX object planning_scene_monitor/CMakeFiles/moveit_planning_scene_monitor.dir/src/trajectory_monitor_middleware_handle.cpp.o[0m
[49.633s] [ 61%] [32m[1mLinking CXX executable moveit_print_planning_model_info[0m
[49.917s] [ 61%] Built target moveit_print_planning_model_info
[73.378s] [ 62%] [32m[1mLinking CXX shared library libmoveit_planning_scene_monitor.so[0m
[73.697s] [ 62%] Built target moveit_planning_scene_monitor
[73.713s] [ 64%] [32mBuilding CXX object planning_components_tools/CMakeFiles/moveit_publish_scene_from_text.dir/src/publish_scene_from_text.cpp.o[0m
[73.713s] [ 66%] [32mBuilding CXX object planning_scene_monitor/CMakeFiles/trajectory_monitor_tests.dir/test/trajectory_monitor_tests.cpp.o[0m
[73.713s] [ 69%] [32mBuilding CXX object planning_components_tools/CMakeFiles/moveit_visualize_robot_collision_volume.dir/src/visualize_robot_collision_volume.cpp.o[0m
[73.714s] [ 69%] [32mBuilding CXX object planning_scene_monitor/CMakeFiles/demo_scene.dir/demos/demo_scene.cpp.o[0m
[73.714s] [ 72%] [32mBuilding CXX object planning_scene_monitor/CMakeFiles/current_state_monitor_tests.dir/test/current_state_monitor_tests.cpp.o[0m
[73.714s] [ 72%] [32mBuilding CXX object planning_components_tools/CMakeFiles/moveit_print_planning_scene_info.dir/src/print_planning_scene_info.cpp.o[0m
[73.714s] [ 74%] [32mBuilding CXX object planning_components_tools/CMakeFiles/moveit_display_random_state.dir/src/display_random_state.cpp.o[0m
[73.714s] [ 75%] [32mBuilding CXX object planning_components_tools/CMakeFiles/moveit_evaluate_collision_checking_speed.dir/src/evaluate_collision_checking_speed.cpp.o[0m
[73.715s] [ 77%] [32mBuilding CXX object trajectory_execution_manager/CMakeFiles/moveit_trajectory_execution_manager.dir/src/trajectory_execution_manager.cpp.o[0m
[86.525s] [ 79%] [32m[1mLinking CXX executable moveit_print_planning_scene_info[0m
[86.962s] [ 79%] Built target moveit_print_planning_scene_info
[88.673s] [ 82%] [32m[1mLinking CXX executable moveit_evaluate_collision_checking_speed[0m
[88.673s] [ 82%] [32m[1mLinking CXX executable current_state_monitor_tests[0m
[88.838s] [ 83%] [32m[1mLinking CXX executable trajectory_monitor_tests[0m
[89.149s] [ 83%] Built target moveit_evaluate_collision_checking_speed
[89.219s] [ 83%] Built target current_state_monitor_tests
[89.335s] [ 83%] Built target trajectory_monitor_tests
[89.643s] [ 85%] [32m[1mLinking CXX executable demo_scene[0m
[89.732s] [ 87%] [32m[1mLinking CXX executable moveit_visualize_robot_collision_volume[0m
[89.874s] [ 87%] Built target demo_scene
[89.891s] [ 88%] [32m[1mLinking CXX executable moveit_display_random_state[0m
[90.110s] [ 88%] Built target moveit_visualize_robot_collision_volume
[90.219s] [ 88%] Built target moveit_display_random_state
[90.467s] [ 90%] [32m[1mLinking CXX executable moveit_publish_scene_from_text[0m
[90.768s] [ 90%] Built target moveit_publish_scene_from_text
[100.945s] [ 91%] [32m[1mLinking CXX shared library libmoveit_trajectory_execution_manager.so[0m
[101.169s] [ 91%] Built target moveit_trajectory_execution_manager
[101.184s] [ 96%] [32mBuilding CXX object moveit_cpp/CMakeFiles/moveit_cpp.dir/src/planning_component.cpp.o[0m
[101.184s] [ 96%] [32mBuilding CXX object plan_execution/CMakeFiles/moveit_plan_execution.dir/src/plan_execution.cpp.o[0m
[101.184s] [ 96%] [32mBuilding CXX object moveit_cpp/CMakeFiles/moveit_cpp.dir/src/moveit_cpp.cpp.o[0m
[111.930s] [ 98%] [32m[1mLinking CXX shared library libmoveit_plan_execution.so[0m
[112.126s] [ 98%] Built target moveit_plan_execution
[115.609s] [100%] [32m[1mLinking CXX shared library libmoveit_cpp.so[0m
[115.821s] [100%] Built target moveit_cpp
[115.831s] Invoked command in '/home/manuel/robotic-models/ws_moveit2/build/moveit_ros_planning' returned '0': AMENT_PREFIX_PATH=/home/manuel/robotic-models/ws_moveit2/install/moveit_ros_occupancy_map_monitor:/home/manuel/robotic-models/ws_moveit2/install/moveit_core:/home/manuel/robotic-models/ws_moveit2/install/moveit_resources_panda_moveit_config:/home/manuel/robotic-models/ws_moveit2/install/srdfdom:/home/manuel/robotic-models/ws_moveit2/install/moveit_resources_panda_description:/home/manuel/robotic-models/ws_moveit2/install/moveit_common:${AMENT_PREFIX_PATH} CMAKE_PREFIX_PATH=/home/manuel/robotic-models/ws_moveit2/install/moveit_ros_occupancy_map_monitor:/home/manuel/robotic-models/ws_moveit2/install/moveit_core:/home/manuel/robotic-models/ws_moveit2/install/moveit_resources_panda_moveit_config:/home/manuel/robotic-models/ws_moveit2/install/srdfdom:/home/manuel/robotic-models/ws_moveit2/install/moveit_resources_panda_description:/home/manuel/robotic-models/ws_moveit2/install/moveit_common:/opt/ros/humble LD_LIBRARY_PATH=/home/manuel/robotic-models/ws_moveit2/install/moveit_ros_occupancy_map_monitor/lib:/home/manuel/robotic-models/ws_moveit2/install/moveit_core/lib:/home/manuel/robotic-models/ws_moveit2/install/srdfdom/lib:${LD_LIBRARY_PATH} PATH=/home/manuel/robotic-models/ws_moveit2/install/moveit_core/bin:${PATH} PYTHONPATH=/home/manuel/robotic-models/ws_moveit2/install/srdfdom/local/lib/python3.10/dist-packages:${PYTHONPATH} /usr/bin/cmake --build /home/manuel/robotic-models/ws_moveit2/build/moveit_ros_planning -- -j16 -l16
[115.858s] Invoking command in '/home/manuel/robotic-models/ws_moveit2/build/moveit_ros_planning': AMENT_PREFIX_PATH=/home/manuel/robotic-models/ws_moveit2/install/moveit_ros_occupancy_map_monitor:/home/manuel/robotic-models/ws_moveit2/install/moveit_core:/home/manuel/robotic-models/ws_moveit2/install/moveit_resources_panda_moveit_config:/home/manuel/robotic-models/ws_moveit2/install/srdfdom:/home/manuel/robotic-models/ws_moveit2/install/moveit_resources_panda_description:/home/manuel/robotic-models/ws_moveit2/install/moveit_common:${AMENT_PREFIX_PATH} CMAKE_PREFIX_PATH=/home/manuel/robotic-models/ws_moveit2/install/moveit_ros_occupancy_map_monitor:/home/manuel/robotic-models/ws_moveit2/install/moveit_core:/home/manuel/robotic-models/ws_moveit2/install/moveit_resources_panda_moveit_config:/home/manuel/robotic-models/ws_moveit2/install/srdfdom:/home/manuel/robotic-models/ws_moveit2/install/moveit_resources_panda_description:/home/manuel/robotic-models/ws_moveit2/install/moveit_common:/opt/ros/humble LD_LIBRARY_PATH=/home/manuel/robotic-models/ws_moveit2/install/moveit_ros_occupancy_map_monitor/lib:/home/manuel/robotic-models/ws_moveit2/install/moveit_core/lib:/home/manuel/robotic-models/ws_moveit2/install/srdfdom/lib:${LD_LIBRARY_PATH} PATH=/home/manuel/robotic-models/ws_moveit2/install/moveit_core/bin:${PATH} PYTHONPATH=/home/manuel/robotic-models/ws_moveit2/install/srdfdom/local/lib/python3.10/dist-packages:${PYTHONPATH} /usr/bin/cmake --install /home/manuel/robotic-models/ws_moveit2/build/moveit_ros_planning
[115.864s] -- Install configuration: "Release"
[115.864s] -- Installing: /home/manuel/robotic-models/ws_moveit2/install/moveit_ros_planning/include
[115.865s] -- Installing: /home/manuel/robotic-models/ws_moveit2/install/moveit_ros_planning/include/moveit
[115.865s] -- Installing: /home/manuel/robotic-models/ws_moveit2/install/moveit_ros_planning/include/moveit/rdf_loader
[115.865s] -- Installing: /home/manuel/robotic-models/ws_moveit2/install/moveit_ros_planning/include/moveit/rdf_loader/rdf_loader.h
[115.865s] -- Installing: /home/manuel/robotic-models/ws_moveit2/install/moveit_ros_planning/include/moveit/rdf_loader/synchronized_string_parameter.h
[115.865s] -- Installing: /home/manuel/robotic-models/ws_moveit2/install/moveit_ros_planning/share/moveit_ros_planning/rdf_loader/test/data
[115.866s] -- Installing: /home/manuel/robotic-models/ws_moveit2/install/moveit_ros_planning/share/moveit_ros_planning/rdf_loader/test/data/robin.srdf.xacro
[115.867s] -- Installing: /home/manuel/robotic-models/ws_moveit2/install/moveit_ros_planning/share/moveit_ros_planning/rdf_loader/test/data/kermit.srdf
[115.867s] -- Installing: /home/manuel/robotic-models/ws_moveit2/install/moveit_ros_planning/share/moveit_ros_planning/rdf_loader/test/data/gonzo.srdf
[115.867s] -- Installing: /home/manuel/robotic-models/ws_moveit2/install/moveit_ros_planning/share/moveit_ros_planning/rdf_loader/test/data/kermit.urdf
[115.867s] -- Installing: /home/manuel/robotic-models/ws_moveit2/install/moveit_ros_planning/share/moveit_ros_planning/rdf_loader/test/data/gonzo.urdf
[115.867s] -- Installing: /home/manuel/robotic-models/ws_moveit2/install/moveit_ros_planning/share/moveit_ros_planning/rdf_loader/test/launch
[115.867s] -- Installing: /home/manuel/robotic-models/ws_moveit2/install/moveit_ros_planning/share/moveit_ros_planning/rdf_loader/test/launch/test_rdf_integration.test.py
[115.867s] -- Up-to-date: /home/manuel/robotic-models/ws_moveit2/install/moveit_ros_planning/include
[115.867s] -- Up-to-date: /home/manuel/robotic-models/ws_moveit2/install/moveit_ros_planning/include/moveit
[115.868s] -- Installing: /home/manuel/robotic-models/ws_moveit2/install/moveit_ros_planning/include/moveit/collision_plugin_loader
[115.868s] -- Installing: /home/manuel/robotic-models/ws_moveit2/install/moveit_ros_planning/include/moveit/collision_plugin_loader/collision_plugin_loader.h
[115.868s] -- Up-to-date: /home/manuel/robotic-models/ws_moveit2/install/moveit_ros_planning/include
[115.868s] -- Up-to-date: /home/manuel/robotic-models/ws_moveit2/install/moveit_ros_planning/include/moveit
[115.868s] -- Installing: /home/manuel/robotic-models/ws_moveit2/install/moveit_ros_planning/include/moveit/kinematics_plugin_loader
[115.868s] -- Installing: /home/manuel/robotic-models/ws_moveit2/install/moveit_ros_planning/include/moveit/kinematics_plugin_loader/kinematics_plugin_loader.h
[115.868s] -- Up-to-date: /home/manuel/robotic-models/ws_moveit2/install/moveit_ros_planning/include
[115.868s] -- Up-to-date: /home/manuel/robotic-models/ws_moveit2/install/moveit_ros_planning/include/moveit
[115.868s] -- Installing: /home/manuel/robotic-models/ws_moveit2/install/moveit_ros_planning/include/moveit/robot_model_loader
[115.868s] -- Installing: /home/manuel/robotic-models/ws_moveit2/install/moveit_ros_planning/include/moveit/robot_model_loader/robot_model_loader.h
[115.869s] -- Up-to-date: /home/manuel/robotic-models/ws_moveit2/install/moveit_ros_planning/include
[115.869s] -- Up-to-date: /home/manuel/robotic-models/ws_moveit2/install/moveit_ros_planning/include/moveit
[115.869s] -- Installing: /home/manuel/robotic-models/ws_moveit2/install/moveit_ros_planning/include/moveit/constraint_sampler_manager_loader
[115.869s] -- Installing: /home/manuel/robotic-models/ws_moveit2/install/moveit_ros_planning/include/moveit/constraint_sampler_manager_loader/constraint_sampler_manager_loader.h
[115.869s] -- Up-to-date: /home/manuel/robotic-models/ws_moveit2/install/moveit_ros_planning/include
[115.869s] -- Up-to-date: /home/manuel/robotic-models/ws_moveit2/install/moveit_ros_planning/include/moveit
[115.869s] -- Installing: /home/manuel/robotic-models/ws_moveit2/install/moveit_ros_planning/include/moveit/planning_pipeline
[115.869s] -- Installing: /home/manuel/robotic-models/ws_moveit2/install/moveit_ros_planning/include/moveit/planning_pipeline/planning_pipeline.h
[115.870s] -- Installing: /home/manuel/robotic-models/ws_moveit2/install/moveit_ros_planning/include/moveit_planning_pipeline_export.h
[115.870s] -- Installing: /home/manuel/robotic-models/ws_moveit2/install/moveit_ros_planning/lib/moveit_ros_planning/moveit_list_request_adapter_plugins
[115.871s] -- Set runtime path of "/home/manuel/robotic-models/ws_moveit2/install/moveit_ros_planning/lib/moveit_ros_planning/moveit_list_request_adapter_plugins" to ""
[115.871s] -- Installing: /home/manuel/robotic-models/ws_moveit2/install/moveit_ros_planning/lib/moveit_ros_planning/demo_scene
[115.871s] -- Set runtime path of "/home/manuel/robotic-models/ws_moveit2/install/moveit_ros_planning/lib/moveit_ros_planning/demo_scene" to ""
[115.871s] -- Up-to-date: /home/manuel/robotic-models/ws_moveit2/install/moveit_ros_planning/include
[115.872s] -- Up-to-date: /home/manuel/robotic-models/ws_moveit2/install/moveit_ros_planning/include/moveit
[115.872s] -- Installing: /home/manuel/robotic-models/ws_moveit2/install/moveit_ros_planning/include/moveit/planning_scene_monitor
[115.872s] -- Installing: /home/manuel/robotic-models/ws_moveit2/install/moveit_ros_planning/include/moveit/planning_scene_monitor/planning_scene_monitor.h
[115.872s] -- Installing: /home/manuel/robotic-models/ws_moveit2/install/moveit_ros_planning/include/moveit/planning_scene_monitor/current_state_monitor.h
[115.872s] -- Installing: /home/manuel/robotic-models/ws_moveit2/install/moveit_ros_planning/include/moveit/planning_scene_monitor/trajectory_monitor.h
[115.872s] -- Installing: /home/manuel/robotic-models/ws_moveit2/install/moveit_ros_planning/include/moveit/planning_scene_monitor/trajectory_monitor_middleware_handle.hpp
[115.872s] -- Installing: /home/manuel/robotic-models/ws_moveit2/install/moveit_ros_planning/include/moveit/planning_scene_monitor/current_state_monitor_middleware_handle.hpp
[115.872s] -- Installing: /home/manuel/robotic-models/ws_moveit2/install/moveit_ros_planning/include/moveit_planning_scene_monitor_export.h
[115.873s] -- Installing: /home/manuel/robotic-models/ws_moveit2/install/moveit_ros_planning/lib/moveit_ros_planning/moveit_print_planning_model_info
[115.873s] -- Set runtime path of "/home/manuel/robotic-models/ws_moveit2/install/moveit_ros_planning/lib/moveit_ros_planning/moveit_print_planning_model_info" to ""
[115.873s] -- Installing: /home/manuel/robotic-models/ws_moveit2/install/moveit_ros_planning/lib/moveit_ros_planning/moveit_print_planning_scene_info
[115.873s] -- Set runtime path of "/home/manuel/robotic-models/ws_moveit2/install/moveit_ros_planning/lib/moveit_ros_planning/moveit_print_planning_scene_info" to ""
[115.873s] -- Installing: /home/manuel/robotic-models/ws_moveit2/install/moveit_ros_planning/lib/moveit_ros_planning/moveit_display_random_state
[115.874s] -- Set runtime path of "/home/manuel/robotic-models/ws_moveit2/install/moveit_ros_planning/lib/moveit_ros_planning/moveit_display_random_state" to ""
[115.874s] -- Installing: /home/manuel/robotic-models/ws_moveit2/install/moveit_ros_planning/lib/moveit_ros_planning/moveit_visualize_robot_collision_volume
[115.874s] -- Set runtime path of "/home/manuel/robotic-models/ws_moveit2/install/moveit_ros_planning/lib/moveit_ros_planning/moveit_visualize_robot_collision_volume" to ""
[115.875s] -- Installing: /home/manuel/robotic-models/ws_moveit2/install/moveit_ros_planning/lib/moveit_ros_planning/moveit_evaluate_collision_checking_speed
[115.875s] -- Set runtime path of "/home/manuel/robotic-models/ws_moveit2/install/moveit_ros_planning/lib/moveit_ros_planning/moveit_evaluate_collision_checking_speed" to ""
[115.875s] -- Installing: /home/manuel/robotic-models/ws_moveit2/install/moveit_ros_planning/lib/moveit_ros_planning/moveit_publish_scene_from_text
[115.876s] -- Set runtime path of "/home/manuel/robotic-models/ws_moveit2/install/moveit_ros_planning/lib/moveit_ros_planning/moveit_publish_scene_from_text" to ""
[115.876s] -- Up-to-date: /home/manuel/robotic-models/ws_moveit2/install/moveit_ros_planning/include
[115.876s] -- Up-to-date: /home/manuel/robotic-models/ws_moveit2/install/moveit_ros_planning/include/moveit
[115.876s] -- Installing: /home/manuel/robotic-models/ws_moveit2/install/moveit_ros_planning/include/moveit/trajectory_execution_manager
[115.876s] -- Installing: /home/manuel/robotic-models/ws_moveit2/install/moveit_ros_planning/include/moveit/trajectory_execution_manager/trajectory_execution_manager.h
[115.876s] -- Installing: /home/manuel/robotic-models/ws_moveit2/install/moveit_ros_planning/include/moveit_trajectory_execution_manager_export.h
[115.876s] -- Up-to-date: /home/manuel/robotic-models/ws_moveit2/install/moveit_ros_planning/include
[115.877s] -- Up-to-date: /home/manuel/robotic-models/ws_moveit2/install/moveit_ros_planning/include/moveit
[115.877s] -- Installing: /home/manuel/robotic-models/ws_moveit2/install/moveit_ros_planning/include/moveit/plan_execution
[115.877s] -- Installing: /home/manuel/robotic-models/ws_moveit2/install/moveit_ros_planning/include/moveit/plan_execution/plan_representation.h
[115.877s] -- Installing: /home/manuel/robotic-models/ws_moveit2/install/moveit_ros_planning/include/moveit/plan_execution/plan_execution.h
[115.877s] -- Up-to-date: /home/manuel/robotic-models/ws_moveit2/install/moveit_ros_planning/include
[115.877s] -- Up-to-date: /home/manuel/robotic-models/ws_moveit2/install/moveit_ros_planning/include/moveit
[115.877s] -- Installing: /home/manuel/robotic-models/ws_moveit2/install/moveit_ros_planning/include/moveit/moveit_cpp
[115.877s] -- Installing: /home/manuel/robotic-models/ws_moveit2/install/moveit_ros_planning/include/moveit/moveit_cpp/moveit_cpp.h
[115.877s] -- Installing: /home/manuel/robotic-models/ws_moveit2/install/moveit_ros_planning/include/moveit/moveit_cpp/planning_component.h
[115.878s] -- Installing: /home/manuel/robotic-models/ws_moveit2/install/moveit_ros_planning/lib/libmoveit_rdf_loader.so.2.5.5
[115.879s] -- Set runtime path of "/home/manuel/robotic-models/ws_moveit2/install/moveit_ros_planning/lib/libmoveit_rdf_loader.so.2.5.5" to ""
[115.879s] -- Installing: /home/manuel/robotic-models/ws_moveit2/install/moveit_ros_planning/lib/libmoveit_rdf_loader.so
[115.879s] -- Installing: /home/manuel/robotic-models/ws_moveit2/install/moveit_ros_planning/lib/libmoveit_kinematics_plugin_loader.so.2.5.5
[115.880s] -- Set runtime path of "/home/manuel/robotic-models/ws_moveit2/install/moveit_ros_planning/lib/libmoveit_kinematics_plugin_loader.so.2.5.5" to ""
[115.880s] -- Installing: /home/manuel/robotic-models/ws_moveit2/install/moveit_ros_planning/lib/libmoveit_kinematics_plugin_loader.so
[115.880s] -- Installing: /home/manuel/robotic-models/ws_moveit2/install/moveit_ros_planning/lib/libmoveit_robot_model_loader.so.2.5.5
[115.880s] -- Set runtime path of "/home/manuel/robotic-models/ws_moveit2/install/moveit_ros_planning/lib/libmoveit_robot_model_loader.so.2.5.5" to ""
[115.880s] -- Installing: /home/manuel/robotic-models/ws_moveit2/install/moveit_ros_planning/lib/libmoveit_robot_model_loader.so
[115.880s] -- Installing: /home/manuel/robotic-models/ws_moveit2/install/moveit_ros_planning/lib/libmoveit_constraint_sampler_manager_loader.so.2.5.5
[115.881s] -- Set runtime path of "/home/manuel/robotic-models/ws_moveit2/install/moveit_ros_planning/lib/libmoveit_constraint_sampler_manager_loader.so.2.5.5" to ""
[115.881s] -- Installing: /home/manuel/robotic-models/ws_moveit2/install/moveit_ros_planning/lib/libmoveit_constraint_sampler_manager_loader.so
[115.881s] -- Installing: /home/manuel/robotic-models/ws_moveit2/install/moveit_ros_planning/lib/libmoveit_planning_pipeline.so.2.5.5
[115.882s] -- Set runtime path of "/home/manuel/robotic-models/ws_moveit2/install/moveit_ros_planning/lib/libmoveit_planning_pipeline.so.2.5.5" to ""
[115.883s] -- Installing: /home/manuel/robotic-models/ws_moveit2/install/moveit_ros_planning/lib/libmoveit_planning_pipeline.so
[115.883s] -- Installing: /home/manuel/robotic-models/ws_moveit2/install/moveit_ros_planning/lib/libmoveit_trajectory_execution_manager.so.2.5.5
[115.884s] -- Set runtime path of "/home/manuel/robotic-models/ws_moveit2/install/moveit_ros_planning/lib/libmoveit_trajectory_execution_manager.so.2.5.5" to ""
[115.884s] -- Installing: /home/manuel/robotic-models/ws_moveit2/install/moveit_ros_planning/lib/libmoveit_trajectory_execution_manager.so
[115.884s] -- Installing: /home/manuel/robotic-models/ws_moveit2/install/moveit_ros_planning/lib/libmoveit_plan_execution.so.2.5.5
[115.885s] -- Set runtime path of "/home/manuel/robotic-models/ws_moveit2/install/moveit_ros_planning/lib/libmoveit_plan_execution.so.2.5.5" to ""
[115.885s] -- Installing: /home/manuel/robotic-models/ws_moveit2/install/moveit_ros_planning/lib/libmoveit_plan_execution.so
[115.885s] -- Installing: /home/manuel/robotic-models/ws_moveit2/install/moveit_ros_planning/lib/libmoveit_planning_scene_monitor.so.2.5.5
[115.889s] -- Set runtime path of "/home/manuel/robotic-models/ws_moveit2/install/moveit_ros_planning/lib/libmoveit_planning_scene_monitor.so.2.5.5" to ""
[115.889s] -- Installing: /home/manuel/robotic-models/ws_moveit2/install/moveit_ros_planning/lib/libmoveit_planning_scene_monitor.so
[115.890s] -- Installing: /home/manuel/robotic-models/ws_moveit2/install/moveit_ros_planning/lib/libmoveit_collision_plugin_loader.so.2.5.5
[115.890s] -- Set runtime path of "/home/manuel/robotic-models/ws_moveit2/install/moveit_ros_planning/lib/libmoveit_collision_plugin_loader.so.2.5.5" to ""
[115.890s] -- Installing: /home/manuel/robotic-models/ws_moveit2/install/moveit_ros_planning/lib/libmoveit_collision_plugin_loader.so
[115.890s] -- Installing: /home/manuel/robotic-models/ws_moveit2/install/moveit_ros_planning/lib/libmoveit_default_planning_request_adapter_plugins.so.2.5.5
[115.890s] -- Set runtime path of "/home/manuel/robotic-models/ws_moveit2/install/moveit_ros_planning/lib/libmoveit_default_planning_request_adapter_plugins.so.2.5.5" to ""
[115.890s] -- Installing: /home/manuel/robotic-models/ws_moveit2/install/moveit_ros_planning/lib/libmoveit_default_planning_request_adapter_plugins.so
[115.890s] -- Installing: /home/manuel/robotic-models/ws_moveit2/install/moveit_ros_planning/lib/libmoveit_cpp.so.2.5.5
[115.892s] -- Set runtime path of "/home/manuel/robotic-models/ws_moveit2/install/moveit_ros_planning/lib/libmoveit_cpp.so.2.5.5" to ""
[115.892s] -- Installing: /home/manuel/robotic-models/ws_moveit2/install/moveit_ros_planning/lib/libmoveit_cpp.so
[115.892s] -- Installing: /home/manuel/robotic-models/ws_moveit2/install/moveit_ros_planning/share/moveit_ros_planning/environment/library_path.sh
[115.892s] -- Installing: /home/manuel/robotic-models/ws_moveit2/install/moveit_ros_planning/share/moveit_ros_planning/environment/library_path.dsv
[115.892s] -- Installing: /home/manuel/robotic-models/ws_moveit2/install/moveit_ros_planning/share/moveit_ros_planning/planning_request_adapters_plugin_description.xml
[115.893s] -- Installing: /home/manuel/robotic-models/ws_moveit2/install/moveit_ros_planning/share/ament_index/resource_index/package_run_dependencies/moveit_ros_planning
[115.894s] -- Installing: /home/manuel/robotic-models/ws_moveit2/install/moveit_ros_planning/share/ament_index/resource_index/parent_prefix_path/moveit_ros_planning
[115.894s] -- Installing: /home/manuel/robotic-models/ws_moveit2/install/moveit_ros_planning/share/moveit_ros_planning/environment/ament_prefix_path.sh
[115.894s] -- Installing: /home/manuel/robotic-models/ws_moveit2/install/moveit_ros_planning/share/moveit_ros_planning/environment/ament_prefix_path.dsv
[115.894s] -- Installing: /home/manuel/robotic-models/ws_moveit2/install/moveit_ros_planning/share/moveit_ros_planning/environment/path.sh
[115.894s] -- Installing: /home/manuel/robotic-models/ws_moveit2/install/moveit_ros_planning/share/moveit_ros_planning/environment/path.dsv
[115.894s] -- Installing: /home/manuel/robotic-models/ws_moveit2/install/moveit_ros_planning/share/moveit_ros_planning/local_setup.bash
[115.895s] -- Installing: /home/manuel/robotic-models/ws_moveit2/install/moveit_ros_planning/share/moveit_ros_planning/local_setup.sh
[115.895s] -- Installing: /home/manuel/robotic-models/ws_moveit2/install/moveit_ros_planning/share/moveit_ros_planning/local_setup.zsh
[115.895s] -- Installing: /home/manuel/robotic-models/ws_moveit2/install/moveit_ros_planning/share/moveit_ros_planning/local_setup.dsv
[115.895s] -- Installing: /home/manuel/robotic-models/ws_moveit2/install/moveit_ros_planning/share/moveit_ros_planning/package.dsv
[115.895s] -- Installing: /home/manuel/robotic-models/ws_moveit2/install/moveit_ros_planning/share/ament_index/resource_index/packages/moveit_ros_planning
[115.896s] -- Installing: /home/manuel/robotic-models/ws_moveit2/install/moveit_ros_planning/share/ament_index/resource_index/moveit_core__pluginlib__plugin/moveit_ros_planning
[115.896s] -- Installing: /home/manuel/robotic-models/ws_moveit2/install/moveit_ros_planning/share/moveit_ros_planning/cmake/export_moveit_ros_planningExport.cmake
[115.896s] -- Installing: /home/manuel/robotic-models/ws_moveit2/install/moveit_ros_planning/share/moveit_ros_planning/cmake/export_moveit_ros_planningExport-release.cmake
[115.896s] -- Installing: /home/manuel/robotic-models/ws_moveit2/install/moveit_ros_planning/share/moveit_ros_planning/cmake/ConfigExtras.cmake
[115.897s] -- Installing: /home/manuel/robotic-models/ws_moveit2/install/moveit_ros_planning/share/moveit_ros_planning/cmake/ament_cmake_export_targets-extras.cmake
[115.897s] -- Installing: /home/manuel/robotic-models/ws_moveit2/install/moveit_ros_planning/share/moveit_ros_planning/cmake/ament_cmake_export_dependencies-extras.cmake
[115.897s] -- Installing: /home/manuel/robotic-models/ws_moveit2/install/moveit_ros_planning/share/moveit_ros_planning/cmake/moveit_ros_planningConfig.cmake
[115.897s] -- Installing: /home/manuel/robotic-models/ws_moveit2/install/moveit_ros_planning/share/moveit_ros_planning/cmake/moveit_ros_planningConfig-version.cmake
[115.897s] -- Installing: /home/manuel/robotic-models/ws_moveit2/install/moveit_ros_planning/share/moveit_ros_planning/package.xml
[115.900s] Invoked command in '/home/manuel/robotic-models/ws_moveit2/build/moveit_ros_planning' returned '0': AMENT_PREFIX_PATH=/home/manuel/robotic-models/ws_moveit2/install/moveit_ros_occupancy_map_monitor:/home/manuel/robotic-models/ws_moveit2/install/moveit_core:/home/manuel/robotic-models/ws_moveit2/install/moveit_resources_panda_moveit_config:/home/manuel/robotic-models/ws_moveit2/install/srdfdom:/home/manuel/robotic-models/ws_moveit2/install/moveit_resources_panda_description:/home/manuel/robotic-models/ws_moveit2/install/moveit_common:${AMENT_PREFIX_PATH} CMAKE_PREFIX_PATH=/home/manuel/robotic-models/ws_moveit2/install/moveit_ros_occupancy_map_monitor:/home/manuel/robotic-models/ws_moveit2/install/moveit_core:/home/manuel/robotic-models/ws_moveit2/install/moveit_resources_panda_moveit_config:/home/manuel/robotic-models/ws_moveit2/install/srdfdom:/home/manuel/robotic-models/ws_moveit2/install/moveit_resources_panda_description:/home/manuel/robotic-models/ws_moveit2/install/moveit_common:/opt/ros/humble LD_LIBRARY_PATH=/home/manuel/robotic-models/ws_moveit2/install/moveit_ros_occupancy_map_monitor/lib:/home/manuel/robotic-models/ws_moveit2/install/moveit_core/lib:/home/manuel/robotic-models/ws_moveit2/install/srdfdom/lib:${LD_LIBRARY_PATH} PATH=/home/manuel/robotic-models/ws_moveit2/install/moveit_core/bin:${PATH} PYTHONPATH=/home/manuel/robotic-models/ws_moveit2/install/srdfdom/local/lib/python3.10/dist-packages:${PYTHONPATH} /usr/bin/cmake --install /home/manuel/robotic-models/ws_moveit2/build/moveit_ros_planning
