[0.810s] Invoking command in '/home/manuel/robotic-models/ws_moveit2/src/launch_param_builder': PYTHONPATH=/home/manuel/robotic-models/ws_moveit2/build/launch_param_builder/prefix_override:/home/manuel/robotic-models/ws_moveit2/install/launch_param_builder/lib/python3.10/site-packages:${PYTHONPATH} /usr/bin/python3 -W ignore:setup.py install is deprecated setup.py egg_info --egg-base ../../build/launch_param_builder build --build-base /home/manuel/robotic-models/ws_moveit2/build/launch_param_builder/build install --record /home/manuel/robotic-models/ws_moveit2/build/launch_param_builder/install.log --single-version-externally-managed install_data
[1.095s] running egg_info
[1.096s] writing ../../build/launch_param_builder/launch_param_builder.egg-info/PKG-INFO
[1.096s] writing dependency_links to ../../build/launch_param_builder/launch_param_builder.egg-info/dependency_links.txt
[1.097s] writing entry points to ../../build/launch_param_builder/launch_param_builder.egg-info/entry_points.txt
[1.097s] writing requirements to ../../build/launch_param_builder/launch_param_builder.egg-info/requires.txt
[1.097s] writing top-level names to ../../build/launch_param_builder/launch_param_builder.egg-info/top_level.txt
[1.099s] reading manifest file '../../build/launch_param_builder/launch_param_builder.egg-info/SOURCES.txt'
[1.102s] adding license file 'LICENSE'
[1.103s] writing manifest file '../../build/launch_param_builder/launch_param_builder.egg-info/SOURCES.txt'
[1.103s] running build
[1.104s] running build_py
[1.104s] running install
[1.105s] running install_lib
[1.107s] running install_data
[1.107s] running install_egg_info
[1.109s] removing '/home/manuel/robotic-models/ws_moveit2/install/launch_param_builder/lib/python3.10/site-packages/launch_param_builder-0.1.1-py3.10.egg-info' (and everything under it)
[1.109s] Copying ../../build/launch_param_builder/launch_param_builder.egg-info to /home/manuel/robotic-models/ws_moveit2/install/launch_param_builder/lib/python3.10/site-packages/launch_param_builder-0.1.1-py3.10.egg-info
[1.111s] running install_scripts
[1.131s] writing list of installed files to '/home/manuel/robotic-models/ws_moveit2/build/launch_param_builder/install.log'
[1.175s] Invoked command in '/home/manuel/robotic-models/ws_moveit2/src/launch_param_builder' returned '0': PYTHONPATH=/home/manuel/robotic-models/ws_moveit2/build/launch_param_builder/prefix_override:/home/manuel/robotic-models/ws_moveit2/install/launch_param_builder/lib/python3.10/site-packages:${PYTHONPATH} /usr/bin/python3 -W ignore:setup.py install is deprecated setup.py egg_info --egg-base ../../build/launch_param_builder build --build-base /home/manuel/robotic-models/ws_moveit2/build/launch_param_builder/build install --record /home/manuel/robotic-models/ws_moveit2/build/launch_param_builder/install.log --single-version-externally-managed install_data
