[0.013s] Invoking command in '/home/manuel/robotic-models/ws_moveit2/build/moveit_core': AMENT_PREFIX_PATH=/home/manuel/robotic-models/ws_moveit2/install/moveit_resources_panda_moveit_config:/home/manuel/robotic-models/ws_moveit2/install/srdfdom:/home/manuel/robotic-models/ws_moveit2/install/moveit_resources_pr2_description:/home/manuel/robotic-models/ws_moveit2/install/moveit_resources_panda_description:/home/manuel/robotic-models/ws_moveit2/install/moveit_common:${AMENT_PREFIX_PATH} CMAKE_PREFIX_PATH=/home/manuel/robotic-models/ws_moveit2/install/moveit_resources_panda_moveit_config:/home/manuel/robotic-models/ws_moveit2/install/srdfdom:/home/manuel/robotic-models/ws_moveit2/install/moveit_resources_pr2_description:/home/manuel/robotic-models/ws_moveit2/install/moveit_resources_panda_description:/home/manuel/robotic-models/ws_moveit2/install/moveit_common:/opt/ros/humble LD_LIBRARY_PATH=/home/manuel/robotic-models/ws_moveit2/install/srdfdom/lib:${LD_LIBRARY_PATH} PYTHONPATH=/home/manuel/robotic-models/ws_moveit2/install/srdfdom/local/lib/python3.10/dist-packages:${PYTHONPATH} /usr/bin/cmake --build /home/manuel/robotic-models/ws_moveit2/build/moveit_core -- -j16 -l16
[0.114s] [  1%] Built target moveit_transforms
[0.131s] [  3%] Built target moveit_version
[0.158s] [  4%] Built target moveit_butterworth_parameters
[0.186s] [  5%] Built target moveit_smoothing_base
[0.217s] [  6%] Built target gmock_main
[0.235s] [  8%] Built target gmock
[0.253s] [  9%] Built target gtest_main
[0.277s] [ 10%] Built target gtest
[0.301s] [ 12%] Built target moveit_utils
[0.324s] [ 13%] Built target test_transforms
[0.368s] [ 15%] Built target moveit_distance_field
[0.400s] [ 16%] Built target moveit_kinematics_base
[0.431s] [ 17%] Built target test_distance_field
[0.458s] [ 18%] Built target test_voxel_grid
[0.478s] [ 19%] Built target moveit_exceptions
[0.518s] [ 26%] Built target moveit_robot_model
[0.554s] [ 29%] Built target moveit_robot_state
[0.584s] [ 30%] Built target moveit_butterworth_filter
[0.617s] [ 31%] Built target moveit_kinematics_metrics
[0.646s] [ 32%] Built target test_butterworth_filter
[0.677s] [ 34%] Built target moveit_dynamics_solver
[0.705s] [ 35%] Built target moveit_robot_trajectory
[0.754s] [ 41%] Built target moveit_collision_detection
[0.787s] [ 43%] Built target moveit_planning_interface
[0.828s] [ 48%] Built target moveit_collision_detection_bullet
[0.858s] [ 49%] Built target test_all_valid
[0.881s] [ 51%] Built target test_world_diff
[0.904s] [ 52%] Built target test_world
[0.942s] [ 54%] Built target moveit_collision_detection_fcl
[0.980s] [ 58%] Built target moveit_trajectory_processing
[1.018s] [ 60%] Built target moveit_kinematic_constraints
[1.053s] [ 61%] Built target moveit_test_utils
[1.094s] [ 62%] Built target moveit_planning_scene
[1.126s] [ 64%] Built target test_bullet_continuous_collision_checking
[1.155s] [ 66%] Built target test_fcl_collision_env
[1.192s] [ 67%] Built target test_fcl_collision_detection
[1.224s] [ 68%] Built target test_fcl_collision_detection_panda
[1.263s] [ 71%] Built target moveit_collision_distance_field
[1.300s] [ 74%] Built target moveit_constraint_samplers
[1.329s] [ 75%] Built target moveit_planning_request_adapter
[1.359s] [ 76%] Built target test_planning_scene
[1.387s] [ 77%] Built target test_collision_objects
[1.418s] [ 78%] Built target test_multi_threaded
[1.448s] [ 79%] Built target collision_detector_bullet_plugin
[1.478s] [ 80%] Built target collision_detector_fcl_plugin
[1.507s] [ 81%] Built target test_collision_distance_field
[1.544s] [ 84%] Built target test_constraint_samplers
[1.572s] [ 85%] Built target test_bullet_collision_detection_panda
[1.597s] [ 86%] Built target test_bullet_collision_detection
[1.625s] [ 87%] Built target test_ruckig_traj_smoothing
[1.652s] [ 89%] Built target test_time_optimal_trajectory_generation
[1.679s] [ 90%] Built target test_time_parameterization
[1.702s] [ 91%] Built target test_robot_trajectory
[1.729s] [ 92%] Built target test_cartesian_interpolator
[1.754s] [ 93%] Built target test_aabb
[1.780s] [ 94%] Built target test_robot_state_complex
[1.804s] [ 95%] Built target test_robot_state_benchmark
[1.828s] [ 97%] Built target test_robot_state
[1.853s] [ 98%] Built target test_robot_model
[1.882s] [ 99%] Built target test_orientation_constraints
[1.907s] [100%] Built target test_constraints
[1.916s] Invoked command in '/home/manuel/robotic-models/ws_moveit2/build/moveit_core' returned '0': AMENT_PREFIX_PATH=/home/manuel/robotic-models/ws_moveit2/install/moveit_resources_panda_moveit_config:/home/manuel/robotic-models/ws_moveit2/install/srdfdom:/home/manuel/robotic-models/ws_moveit2/install/moveit_resources_pr2_description:/home/manuel/robotic-models/ws_moveit2/install/moveit_resources_panda_description:/home/manuel/robotic-models/ws_moveit2/install/moveit_common:${AMENT_PREFIX_PATH} CMAKE_PREFIX_PATH=/home/manuel/robotic-models/ws_moveit2/install/moveit_resources_panda_moveit_config:/home/manuel/robotic-models/ws_moveit2/install/srdfdom:/home/manuel/robotic-models/ws_moveit2/install/moveit_resources_pr2_description:/home/manuel/robotic-models/ws_moveit2/install/moveit_resources_panda_description:/home/manuel/robotic-models/ws_moveit2/install/moveit_common:/opt/ros/humble LD_LIBRARY_PATH=/home/manuel/robotic-models/ws_moveit2/install/srdfdom/lib:${LD_LIBRARY_PATH} PYTHONPATH=/home/manuel/robotic-models/ws_moveit2/install/srdfdom/local/lib/python3.10/dist-packages:${PYTHONPATH} /usr/bin/cmake --build /home/manuel/robotic-models/ws_moveit2/build/moveit_core -- -j16 -l16
[1.958s] Invoking command in '/home/manuel/robotic-models/ws_moveit2/build/moveit_core': AMENT_PREFIX_PATH=/home/manuel/robotic-models/ws_moveit2/install/moveit_resources_panda_moveit_config:/home/manuel/robotic-models/ws_moveit2/install/srdfdom:/home/manuel/robotic-models/ws_moveit2/install/moveit_resources_pr2_description:/home/manuel/robotic-models/ws_moveit2/install/moveit_resources_panda_description:/home/manuel/robotic-models/ws_moveit2/install/moveit_common:${AMENT_PREFIX_PATH} CMAKE_PREFIX_PATH=/home/manuel/robotic-models/ws_moveit2/install/moveit_resources_panda_moveit_config:/home/manuel/robotic-models/ws_moveit2/install/srdfdom:/home/manuel/robotic-models/ws_moveit2/install/moveit_resources_pr2_description:/home/manuel/robotic-models/ws_moveit2/install/moveit_resources_panda_description:/home/manuel/robotic-models/ws_moveit2/install/moveit_common:/opt/ros/humble LD_LIBRARY_PATH=/home/manuel/robotic-models/ws_moveit2/install/srdfdom/lib:${LD_LIBRARY_PATH} PYTHONPATH=/home/manuel/robotic-models/ws_moveit2/install/srdfdom/local/lib/python3.10/dist-packages:${PYTHONPATH} /usr/bin/cmake --install /home/manuel/robotic-models/ws_moveit2/build/moveit_core
[1.965s] -- Install configuration: "Release"
[1.965s] -- Up-to-date: /home/manuel/robotic-models/ws_moveit2/install/moveit_core/include/moveit/version.h
[1.966s] -- Up-to-date: /home/manuel/robotic-models/ws_moveit2/install/moveit_core/include
[1.966s] -- Up-to-date: /home/manuel/robotic-models/ws_moveit2/install/moveit_core/include/moveit
[1.966s] -- Up-to-date: /home/manuel/robotic-models/ws_moveit2/install/moveit_core/include/moveit/collision_distance_field
[1.966s] -- Up-to-date: /home/manuel/robotic-models/ws_moveit2/install/moveit_core/include/moveit/collision_distance_field/collision_distance_field_types.h
[1.966s] -- Up-to-date: /home/manuel/robotic-models/ws_moveit2/install/moveit_core/include/moveit/collision_distance_field/collision_detector_allocator_hybrid.h
[1.966s] -- Up-to-date: /home/manuel/robotic-models/ws_moveit2/install/moveit_core/include/moveit/collision_distance_field/collision_env_distance_field.h
[1.967s] -- Up-to-date: /home/manuel/robotic-models/ws_moveit2/install/moveit_core/include/moveit/collision_distance_field/collision_common_distance_field.h
[1.967s] -- Up-to-date: /home/manuel/robotic-models/ws_moveit2/install/moveit_core/include/moveit/collision_distance_field/collision_detector_allocator_distance_field.h
[1.967s] -- Up-to-date: /home/manuel/robotic-models/ws_moveit2/install/moveit_core/include/moveit/collision_distance_field/collision_env_hybrid.h
[1.967s] -- Up-to-date: /home/manuel/robotic-models/ws_moveit2/install/moveit_core/include/moveit_collision_distance_field_export.h
[1.967s] -- Up-to-date: /home/manuel/robotic-models/ws_moveit2/install/moveit_core/include
[1.967s] -- Up-to-date: /home/manuel/robotic-models/ws_moveit2/install/moveit_core/include/moveit
[1.967s] -- Up-to-date: /home/manuel/robotic-models/ws_moveit2/install/moveit_core/include/moveit/constraint_samplers
[1.967s] -- Up-to-date: /home/manuel/robotic-models/ws_moveit2/install/moveit_core/include/moveit/constraint_samplers/constraint_sampler.h
[1.968s] -- Up-to-date: /home/manuel/robotic-models/ws_moveit2/install/moveit_core/include/moveit/constraint_samplers/constraint_sampler_manager.h
[1.968s] -- Up-to-date: /home/manuel/robotic-models/ws_moveit2/install/moveit_core/include/moveit/constraint_samplers/constraint_sampler_tools.h
[1.968s] -- Up-to-date: /home/manuel/robotic-models/ws_moveit2/install/moveit_core/include/moveit/constraint_samplers/union_constraint_sampler.h
[1.968s] -- Up-to-date: /home/manuel/robotic-models/ws_moveit2/install/moveit_core/include/moveit/constraint_samplers/constraint_sampler_allocator.h
[1.968s] -- Up-to-date: /home/manuel/robotic-models/ws_moveit2/install/moveit_core/include/moveit/constraint_samplers/default_constraint_samplers.h
[1.968s] -- Up-to-date: /home/manuel/robotic-models/ws_moveit2/install/moveit_core/include
[1.969s] -- Up-to-date: /home/manuel/robotic-models/ws_moveit2/install/moveit_core/include/moveit
[1.969s] -- Up-to-date: /home/manuel/robotic-models/ws_moveit2/install/moveit_core/include/moveit/controller_manager
[1.969s] -- Up-to-date: /home/manuel/robotic-models/ws_moveit2/install/moveit_core/include/moveit/controller_manager/controller_manager.h
[1.970s] -- Up-to-date: /home/manuel/robotic-models/ws_moveit2/install/moveit_core/include
[1.970s] -- Up-to-date: /home/manuel/robotic-models/ws_moveit2/install/moveit_core/include/moveit
[1.970s] -- Up-to-date: /home/manuel/robotic-models/ws_moveit2/install/moveit_core/include/moveit/distance_field
[1.970s] -- Up-to-date: /home/manuel/robotic-models/ws_moveit2/install/moveit_core/include/moveit/distance_field/propagation_distance_field.h
[1.970s] -- Up-to-date: /home/manuel/robotic-models/ws_moveit2/install/moveit_core/include/moveit/distance_field/voxel_grid.h
[1.970s] -- Up-to-date: /home/manuel/robotic-models/ws_moveit2/install/moveit_core/include/moveit/distance_field/find_internal_points.h
[1.970s] -- Up-to-date: /home/manuel/robotic-models/ws_moveit2/install/moveit_core/include/moveit/distance_field/distance_field.h
[1.970s] -- Up-to-date: /home/manuel/robotic-models/ws_moveit2/install/moveit_core/include
[1.970s] -- Up-to-date: /home/manuel/robotic-models/ws_moveit2/install/moveit_core/include/moveit
[1.971s] -- Up-to-date: /home/manuel/robotic-models/ws_moveit2/install/moveit_core/include/moveit/dynamics_solver
[1.971s] -- Up-to-date: /home/manuel/robotic-models/ws_moveit2/install/moveit_core/include/moveit/dynamics_solver/dynamics_solver.h
[1.971s] -- Up-to-date: /home/manuel/robotic-models/ws_moveit2/install/moveit_core/include
[1.971s] -- Up-to-date: /home/manuel/robotic-models/ws_moveit2/install/moveit_core/include/moveit
[1.971s] -- Up-to-date: /home/manuel/robotic-models/ws_moveit2/install/moveit_core/include/moveit/exceptions
[1.971s] -- Up-to-date: /home/manuel/robotic-models/ws_moveit2/install/moveit_core/include/moveit/exceptions/exceptions.h
[1.972s] -- Up-to-date: /home/manuel/robotic-models/ws_moveit2/install/moveit_core/include
[1.972s] -- Up-to-date: /home/manuel/robotic-models/ws_moveit2/install/moveit_core/include/moveit
[1.972s] -- Up-to-date: /home/manuel/robotic-models/ws_moveit2/install/moveit_core/include/moveit/kinematics_base
[1.972s] -- Up-to-date: /home/manuel/robotic-models/ws_moveit2/install/moveit_core/include/moveit/kinematics_base/kinematics_base.h
[1.972s] -- Up-to-date: /home/manuel/robotic-models/ws_moveit2/install/moveit_core/include/moveit_kinematics_base_export.h
[1.972s] -- Up-to-date: /home/manuel/robotic-models/ws_moveit2/install/moveit_core/include
[1.972s] -- Up-to-date: /home/manuel/robotic-models/ws_moveit2/install/moveit_core/include/moveit
[1.972s] -- Up-to-date: /home/manuel/robotic-models/ws_moveit2/install/moveit_core/include/moveit/kinematic_constraints
[1.972s] -- Up-to-date: /home/manuel/robotic-models/ws_moveit2/install/moveit_core/include/moveit/kinematic_constraints/utils.h
[1.973s] -- Up-to-date: /home/manuel/robotic-models/ws_moveit2/install/moveit_core/include/moveit/kinematic_constraints/kinematic_constraint.h
[1.973s] -- Up-to-date: /home/manuel/robotic-models/ws_moveit2/install/moveit_core/include
[1.973s] -- Up-to-date: /home/manuel/robotic-models/ws_moveit2/install/moveit_core/include/moveit
[1.973s] -- Up-to-date: /home/manuel/robotic-models/ws_moveit2/install/moveit_core/include/moveit/kinematics_metrics
[1.973s] -- Up-to-date: /home/manuel/robotic-models/ws_moveit2/install/moveit_core/include/moveit/kinematics_metrics/kinematics_metrics.h
[1.974s] -- Up-to-date: /home/manuel/robotic-models/ws_moveit2/install/moveit_core/include
[1.974s] -- Up-to-date: /home/manuel/robotic-models/ws_moveit2/install/moveit_core/include/moveit
[1.974s] -- Up-to-date: /home/manuel/robotic-models/ws_moveit2/install/moveit_core/include/moveit/macros
[1.974s] -- Up-to-date: /home/manuel/robotic-models/ws_moveit2/install/moveit_core/include/moveit/macros/console_colors.h
[1.974s] -- Up-to-date: /home/manuel/robotic-models/ws_moveit2/install/moveit_core/include/moveit/macros/deprecation.h
[1.974s] -- Up-to-date: /home/manuel/robotic-models/ws_moveit2/install/moveit_core/include/moveit/macros/declare_ptr.h
[1.974s] -- Up-to-date: /home/manuel/robotic-models/ws_moveit2/install/moveit_core/include/moveit/macros/class_forward.h
[1.975s] -- Up-to-date: /home/manuel/robotic-models/ws_moveit2/install/moveit_core/include/moveit_butterworth_parameters
[1.975s] -- Up-to-date: /home/manuel/robotic-models/ws_moveit2/install/moveit_core/include/moveit_butterworth_parameters/moveit_butterworth_parameters.hpp
[1.975s] -- Up-to-date: /home/manuel/robotic-models/ws_moveit2/install/moveit_core/include
[1.975s] -- Up-to-date: /home/manuel/robotic-models/ws_moveit2/install/moveit_core/include/moveit
[1.975s] -- Up-to-date: /home/manuel/robotic-models/ws_moveit2/install/moveit_core/include/moveit/online_signal_smoothing
[1.975s] -- Up-to-date: /home/manuel/robotic-models/ws_moveit2/install/moveit_core/include/moveit/online_signal_smoothing/smoothing_base_class.h
[1.976s] -- Up-to-date: /home/manuel/robotic-models/ws_moveit2/install/moveit_core/include/moveit/online_signal_smoothing/butterworth_filter.h
[1.976s] -- Up-to-date: /home/manuel/robotic-models/ws_moveit2/install/moveit_core/include/moveit_smoothing_base_export.h
[1.976s] -- Up-to-date: /home/manuel/robotic-models/ws_moveit2/install/moveit_core/include/moveit_butterworth_filter_export.h
[1.976s] -- Up-to-date: /home/manuel/robotic-models/ws_moveit2/install/moveit_core/include
[1.976s] -- Up-to-date: /home/manuel/robotic-models/ws_moveit2/install/moveit_core/include/moveit
[1.976s] -- Up-to-date: /home/manuel/robotic-models/ws_moveit2/install/moveit_core/include/moveit/planning_interface
[1.976s] -- Up-to-date: /home/manuel/robotic-models/ws_moveit2/install/moveit_core/include/moveit/planning_interface/planning_request.h
[1.976s] -- Up-to-date: /home/manuel/robotic-models/ws_moveit2/install/moveit_core/include/moveit/planning_interface/planning_interface.h
[1.976s] -- Up-to-date: /home/manuel/robotic-models/ws_moveit2/install/moveit_core/include/moveit/planning_interface/planning_response.h
[1.977s] -- Up-to-date: /home/manuel/robotic-models/ws_moveit2/install/moveit_core/include
[1.977s] -- Up-to-date: /home/manuel/robotic-models/ws_moveit2/install/moveit_core/include/moveit
[1.977s] -- Up-to-date: /home/manuel/robotic-models/ws_moveit2/install/moveit_core/include/moveit/planning_request_adapter
[1.977s] -- Up-to-date: /home/manuel/robotic-models/ws_moveit2/install/moveit_core/include/moveit/planning_request_adapter/planning_request_adapter.h
[1.977s] -- Up-to-date: /home/manuel/robotic-models/ws_moveit2/install/moveit_core/include
[1.977s] -- Up-to-date: /home/manuel/robotic-models/ws_moveit2/install/moveit_core/include/moveit
[1.978s] -- Up-to-date: /home/manuel/robotic-models/ws_moveit2/install/moveit_core/include/moveit/planning_scene
[1.978s] -- Up-to-date: /home/manuel/robotic-models/ws_moveit2/install/moveit_core/include/moveit/planning_scene/planning_scene.h
[1.978s] -- Up-to-date: /home/manuel/robotic-models/ws_moveit2/install/moveit_core/include/moveit_planning_scene_export.h
[1.978s] -- Up-to-date: /home/manuel/robotic-models/ws_moveit2/install/moveit_core/include
[1.978s] -- Up-to-date: /home/manuel/robotic-models/ws_moveit2/install/moveit_core/include/moveit
[1.978s] -- Up-to-date: /home/manuel/robotic-models/ws_moveit2/install/moveit_core/include/moveit/robot_model
[1.979s] -- Up-to-date: /home/manuel/robotic-models/ws_moveit2/install/moveit_core/include/moveit/robot_model/floating_joint_model.h
[1.979s] -- Up-to-date: /home/manuel/robotic-models/ws_moveit2/install/moveit_core/include/moveit/robot_model/fixed_joint_model.h
[1.979s] -- Up-to-date: /home/manuel/robotic-models/ws_moveit2/install/moveit_core/include/moveit/robot_model/planar_joint_model.h
[1.979s] -- Up-to-date: /home/manuel/robotic-models/ws_moveit2/install/moveit_core/include/moveit/robot_model/joint_model.h
[1.979s] -- Up-to-date: /home/manuel/robotic-models/ws_moveit2/install/moveit_core/include/moveit/robot_model/robot_model.h
[1.979s] -- Up-to-date: /home/manuel/robotic-models/ws_moveit2/install/moveit_core/include/moveit/robot_model/joint_model_group.h
[1.979s] -- Up-to-date: /home/manuel/robotic-models/ws_moveit2/install/moveit_core/include/moveit/robot_model/revolute_joint_model.h
[1.979s] -- Up-to-date: /home/manuel/robotic-models/ws_moveit2/install/moveit_core/include/moveit/robot_model/aabb.h
[1.979s] -- Up-to-date: /home/manuel/robotic-models/ws_moveit2/install/moveit_core/include/moveit/robot_model/prismatic_joint_model.h
[1.979s] -- Up-to-date: /home/manuel/robotic-models/ws_moveit2/install/moveit_core/include/moveit/robot_model/link_model.h
[1.979s] -- Up-to-date: /home/manuel/robotic-models/ws_moveit2/install/moveit_core/include
[1.979s] -- Up-to-date: /home/manuel/robotic-models/ws_moveit2/install/moveit_core/include/moveit
[1.979s] -- Up-to-date: /home/manuel/robotic-models/ws_moveit2/install/moveit_core/include/moveit/robot_state
[1.979s] -- Up-to-date: /home/manuel/robotic-models/ws_moveit2/install/moveit_core/include/moveit/robot_state/robot_state.h
[1.980s] -- Up-to-date: /home/manuel/robotic-models/ws_moveit2/install/moveit_core/include/moveit/robot_state/attached_body.h
[1.980s] -- Up-to-date: /home/manuel/robotic-models/ws_moveit2/install/moveit_core/include/moveit/robot_state/cartesian_interpolator.h
[1.980s] -- Up-to-date: /home/manuel/robotic-models/ws_moveit2/install/moveit_core/include/moveit/robot_state/conversions.h
[1.980s] -- Up-to-date: /home/manuel/robotic-models/ws_moveit2/install/moveit_core/include
[1.980s] -- Up-to-date: /home/manuel/robotic-models/ws_moveit2/install/moveit_core/include/moveit
[1.980s] -- Up-to-date: /home/manuel/robotic-models/ws_moveit2/install/moveit_core/include/moveit/robot_trajectory
[1.980s] -- Up-to-date: /home/manuel/robotic-models/ws_moveit2/install/moveit_core/include/moveit/robot_trajectory/robot_trajectory.h
[1.980s] -- Up-to-date: /home/manuel/robotic-models/ws_moveit2/install/moveit_core/include
[1.980s] -- Up-to-date: /home/manuel/robotic-models/ws_moveit2/install/moveit_core/include/moveit
[1.981s] -- Up-to-date: /home/manuel/robotic-models/ws_moveit2/install/moveit_core/include/moveit/sensor_manager
[1.981s] -- Up-to-date: /home/manuel/robotic-models/ws_moveit2/install/moveit_core/include/moveit/sensor_manager/sensor_manager.h
[1.981s] -- Up-to-date: /home/manuel/robotic-models/ws_moveit2/install/moveit_core/include
[1.982s] -- Up-to-date: /home/manuel/robotic-models/ws_moveit2/install/moveit_core/include/moveit
[1.982s] -- Up-to-date: /home/manuel/robotic-models/ws_moveit2/install/moveit_core/include/moveit/trajectory_processing
[1.982s] -- Up-to-date: /home/manuel/robotic-models/ws_moveit2/install/moveit_core/include/moveit/trajectory_processing/time_optimal_trajectory_generation.h
[1.982s] -- Up-to-date: /home/manuel/robotic-models/ws_moveit2/install/moveit_core/include/moveit/trajectory_processing/iterative_time_parameterization.h
[1.982s] -- Up-to-date: /home/manuel/robotic-models/ws_moveit2/install/moveit_core/include/moveit/trajectory_processing/time_parameterization.h
[1.982s] -- Up-to-date: /home/manuel/robotic-models/ws_moveit2/install/moveit_core/include/moveit/trajectory_processing/iterative_spline_parameterization.h
[1.982s] -- Up-to-date: /home/manuel/robotic-models/ws_moveit2/install/moveit_core/include/moveit/trajectory_processing/ruckig_traj_smoothing.h
[1.982s] -- Up-to-date: /home/manuel/robotic-models/ws_moveit2/install/moveit_core/include/moveit/trajectory_processing/trajectory_tools.h
[1.982s] -- Up-to-date: /home/manuel/robotic-models/ws_moveit2/install/moveit_core/include
[1.982s] -- Up-to-date: /home/manuel/robotic-models/ws_moveit2/install/moveit_core/include/moveit
[1.983s] -- Up-to-date: /home/manuel/robotic-models/ws_moveit2/install/moveit_core/include/moveit/transforms
[1.983s] -- Up-to-date: /home/manuel/robotic-models/ws_moveit2/install/moveit_core/include/moveit/transforms/transforms.h
[1.983s] -- Up-to-date: /home/manuel/robotic-models/ws_moveit2/install/moveit_core/include
[1.983s] -- Up-to-date: /home/manuel/robotic-models/ws_moveit2/install/moveit_core/include/moveit
[1.983s] -- Up-to-date: /home/manuel/robotic-models/ws_moveit2/install/moveit_core/include/moveit/utils
[1.983s] -- Up-to-date: /home/manuel/robotic-models/ws_moveit2/install/moveit_core/include/moveit/utils/moveit_error_code.h
[1.983s] -- Up-to-date: /home/manuel/robotic-models/ws_moveit2/install/moveit_core/include/moveit/utils/lexical_casts.h
[1.983s] -- Up-to-date: /home/manuel/robotic-models/ws_moveit2/install/moveit_core/include/moveit/utils/message_checks.h
[1.984s] -- Up-to-date: /home/manuel/robotic-models/ws_moveit2/install/moveit_core/include/moveit/utils/rclcpp_utils.h
[1.984s] -- Up-to-date: /home/manuel/robotic-models/ws_moveit2/install/moveit_core/include/moveit/utils/robot_model_test_utils.h
[1.985s] -- Up-to-date: /home/manuel/robotic-models/ws_moveit2/install/moveit_core/bin/moveit_version
[1.985s] -- Up-to-date: /home/manuel/robotic-models/ws_moveit2/install/moveit_core/include
[1.985s] -- Up-to-date: /home/manuel/robotic-models/ws_moveit2/install/moveit_core/include/moveit
[1.985s] -- Up-to-date: /home/manuel/robotic-models/ws_moveit2/install/moveit_core/include/moveit/collision_detection
[1.985s] -- Up-to-date: /home/manuel/robotic-models/ws_moveit2/install/moveit_core/include/moveit/collision_detection/collision_env.h
[1.985s] -- Up-to-date: /home/manuel/robotic-models/ws_moveit2/install/moveit_core/include/moveit/collision_detection/occupancy_map.h
[1.985s] -- Up-to-date: /home/manuel/robotic-models/ws_moveit2/install/moveit_core/include/moveit/collision_detection/world_diff.h
[1.986s] -- Up-to-date: /home/manuel/robotic-models/ws_moveit2/install/moveit_core/include/moveit/collision_detection/collision_plugin.h
[1.986s] -- Up-to-date: /home/manuel/robotic-models/ws_moveit2/install/moveit_core/include/moveit/collision_detection/world.h
[1.986s] -- Up-to-date: /home/manuel/robotic-models/ws_moveit2/install/moveit_core/include/moveit/collision_detection/collision_matrix.h
[1.986s] -- Up-to-date: /home/manuel/robotic-models/ws_moveit2/install/moveit_core/include/moveit/collision_detection/collision_common.h
[1.986s] -- Up-to-date: /home/manuel/robotic-models/ws_moveit2/install/moveit_core/include/moveit/collision_detection/test_collision_common_panda.h
[1.986s] -- Up-to-date: /home/manuel/robotic-models/ws_moveit2/install/moveit_core/include/moveit/collision_detection/collision_plugin_cache.h
[1.986s] -- Up-to-date: /home/manuel/robotic-models/ws_moveit2/install/moveit_core/include/moveit/collision_detection/collision_detector_allocator.h
[1.986s] -- Up-to-date: /home/manuel/robotic-models/ws_moveit2/install/moveit_core/include/moveit/collision_detection/allvalid
[1.986s] -- Up-to-date: /home/manuel/robotic-models/ws_moveit2/install/moveit_core/include/moveit/collision_detection/allvalid/collision_env_allvalid.h
[1.986s] -- Up-to-date: /home/manuel/robotic-models/ws_moveit2/install/moveit_core/include/moveit/collision_detection/allvalid/collision_detector_allocator_allvalid.h
[1.986s] -- Up-to-date: /home/manuel/robotic-models/ws_moveit2/install/moveit_core/include/moveit/collision_detection/collision_tools.h
[1.986s] -- Up-to-date: /home/manuel/robotic-models/ws_moveit2/install/moveit_core/include/moveit/collision_detection/test_collision_common_pr2.h
[1.986s] -- Up-to-date: /home/manuel/robotic-models/ws_moveit2/install/moveit_core/include/moveit/collision_detection/collision_octomap_filter.h
[1.987s] -- Up-to-date: /home/manuel/robotic-models/ws_moveit2/install/moveit_core/include/moveit_collision_detection_export.h
[1.987s] -- Up-to-date: /home/manuel/robotic-models/ws_moveit2/install/moveit_core/include
[1.987s] -- Up-to-date: /home/manuel/robotic-models/ws_moveit2/install/moveit_core/include/moveit
[1.987s] -- Up-to-date: /home/manuel/robotic-models/ws_moveit2/install/moveit_core/include/moveit/collision_detection_bullet
[1.987s] -- Up-to-date: /home/manuel/robotic-models/ws_moveit2/install/moveit_core/include/moveit/collision_detection_bullet/collision_detector_allocator_bullet.h
[1.987s] -- Up-to-date: /home/manuel/robotic-models/ws_moveit2/install/moveit_core/include/moveit/collision_detection_bullet/bullet_integration
[1.987s] -- Up-to-date: /home/manuel/robotic-models/ws_moveit2/install/moveit_core/include/moveit/collision_detection_bullet/bullet_integration/bullet_cast_bvh_manager.h
[1.987s] -- Up-to-date: /home/manuel/robotic-models/ws_moveit2/install/moveit_core/include/moveit/collision_detection_bullet/bullet_integration/ros_bullet_utils.h
[1.987s] -- Up-to-date: /home/manuel/robotic-models/ws_moveit2/install/moveit_core/include/moveit/collision_detection_bullet/bullet_integration/bullet_utils.h
[1.988s] -- Up-to-date: /home/manuel/robotic-models/ws_moveit2/install/moveit_core/include/moveit/collision_detection_bullet/bullet_integration/bullet_bvh_manager.h
[1.988s] -- Up-to-date: /home/manuel/robotic-models/ws_moveit2/install/moveit_core/include/moveit/collision_detection_bullet/bullet_integration/bullet_discrete_bvh_manager.h
[1.988s] -- Up-to-date: /home/manuel/robotic-models/ws_moveit2/install/moveit_core/include/moveit/collision_detection_bullet/bullet_integration/basic_types.h
[1.988s] -- Up-to-date: /home/manuel/robotic-models/ws_moveit2/install/moveit_core/include/moveit/collision_detection_bullet/bullet_integration/contact_checker_common.h
[1.988s] -- Up-to-date: /home/manuel/robotic-models/ws_moveit2/install/moveit_core/include/moveit/collision_detection_bullet/collision_env_bullet.h
[1.988s] -- Up-to-date: /home/manuel/robotic-models/ws_moveit2/install/moveit_core/include/moveit/collision_detection_bullet/collision_detector_bullet_plugin_loader.h
[1.988s] -- Up-to-date: /home/manuel/robotic-models/ws_moveit2/install/moveit_core/include/moveit_collision_detection_bullet_export.h
[1.988s] -- Up-to-date: /home/manuel/robotic-models/ws_moveit2/install/moveit_core/include
[1.988s] -- Up-to-date: /home/manuel/robotic-models/ws_moveit2/install/moveit_core/include/moveit
[1.988s] -- Up-to-date: /home/manuel/robotic-models/ws_moveit2/install/moveit_core/include/moveit/collision_detection_fcl
[1.988s] -- Up-to-date: /home/manuel/robotic-models/ws_moveit2/install/moveit_core/include/moveit/collision_detection_fcl/collision_env_fcl.h
[1.988s] -- Up-to-date: /home/manuel/robotic-models/ws_moveit2/install/moveit_core/include/moveit/collision_detection_fcl/collision_detector_fcl_plugin_loader.h
[1.988s] -- Up-to-date: /home/manuel/robotic-models/ws_moveit2/install/moveit_core/include/moveit/collision_detection_fcl/collision_detector_allocator_fcl.h
[1.988s] -- Up-to-date: /home/manuel/robotic-models/ws_moveit2/install/moveit_core/include/moveit/collision_detection_fcl/collision_common.h
[1.988s] -- Up-to-date: /home/manuel/robotic-models/ws_moveit2/install/moveit_core/include/moveit/collision_detection_fcl/fcl_compat.h
[1.989s] -- Up-to-date: /home/manuel/robotic-models/ws_moveit2/install/moveit_core/include/moveit_collision_detection_fcl_export.h
[1.989s] -- Up-to-date: /home/manuel/robotic-models/ws_moveit2/install/moveit_core/lib/libcollision_detector_bullet_plugin.so.2.5.5
[1.989s] -- Up-to-date: /home/manuel/robotic-models/ws_moveit2/install/moveit_core/lib/libcollision_detector_bullet_plugin.so
[1.990s] -- Up-to-date: /home/manuel/robotic-models/ws_moveit2/install/moveit_core/lib/libmoveit_butterworth_filter.so.2.5.5
[1.990s] -- Up-to-date: /home/manuel/robotic-models/ws_moveit2/install/moveit_core/lib/libmoveit_butterworth_filter.so
[1.991s] -- Up-to-date: /home/manuel/robotic-models/ws_moveit2/install/moveit_core/lib/libmoveit_collision_distance_field.so.2.5.5
[1.991s] -- Up-to-date: /home/manuel/robotic-models/ws_moveit2/install/moveit_core/lib/libmoveit_collision_distance_field.so
[1.992s] -- Up-to-date: /home/manuel/robotic-models/ws_moveit2/install/moveit_core/lib/libmoveit_collision_detection.so.2.5.5
[1.992s] -- Up-to-date: /home/manuel/robotic-models/ws_moveit2/install/moveit_core/lib/libmoveit_collision_detection.so
[1.993s] -- Up-to-date: /home/manuel/robotic-models/ws_moveit2/install/moveit_core/lib/libmoveit_collision_detection_fcl.so.2.5.5
[1.993s] -- Up-to-date: /home/manuel/robotic-models/ws_moveit2/install/moveit_core/lib/libmoveit_collision_detection_fcl.so
[1.994s] -- Up-to-date: /home/manuel/robotic-models/ws_moveit2/install/moveit_core/lib/libmoveit_collision_detection_bullet.so.2.5.5
[1.994s] -- Up-to-date: /home/manuel/robotic-models/ws_moveit2/install/moveit_core/lib/libmoveit_collision_detection_bullet.so
[1.995s] -- Up-to-date: /home/manuel/robotic-models/ws_moveit2/install/moveit_core/lib/libmoveit_dynamics_solver.so.2.5.5
[1.995s] -- Up-to-date: /home/manuel/robotic-models/ws_moveit2/install/moveit_core/lib/libmoveit_dynamics_solver.so
[1.996s] -- Up-to-date: /home/manuel/robotic-models/ws_moveit2/install/moveit_core/lib/libmoveit_constraint_samplers.so.2.5.5
[1.996s] -- Up-to-date: /home/manuel/robotic-models/ws_moveit2/install/moveit_core/lib/libmoveit_constraint_samplers.so
[1.997s] -- Up-to-date: /home/manuel/robotic-models/ws_moveit2/install/moveit_core/lib/libmoveit_distance_field.so.2.5.5
[1.997s] -- Up-to-date: /home/manuel/robotic-models/ws_moveit2/install/moveit_core/lib/libmoveit_distance_field.so
[1.998s] -- Up-to-date: /home/manuel/robotic-models/ws_moveit2/install/moveit_core/lib/libmoveit_exceptions.so.2.5.5
[1.998s] -- Up-to-date: /home/manuel/robotic-models/ws_moveit2/install/moveit_core/lib/libmoveit_exceptions.so
[1.999s] -- Up-to-date: /home/manuel/robotic-models/ws_moveit2/install/moveit_core/lib/libmoveit_kinematics_base.so
[2.000s] -- Up-to-date: /home/manuel/robotic-models/ws_moveit2/install/moveit_core/lib/libmoveit_kinematic_constraints.so.2.5.5
[2.000s] -- Up-to-date: /home/manuel/robotic-models/ws_moveit2/install/moveit_core/lib/libmoveit_kinematic_constraints.so
[2.001s] -- Up-to-date: /home/manuel/robotic-models/ws_moveit2/install/moveit_core/lib/libmoveit_kinematics_metrics.so.2.5.5
[2.001s] -- Up-to-date: /home/manuel/robotic-models/ws_moveit2/install/moveit_core/lib/libmoveit_kinematics_metrics.so
[2.002s] -- Up-to-date: /home/manuel/robotic-models/ws_moveit2/install/moveit_core/lib/libmoveit_planning_interface.so.2.5.5
[2.002s] -- Up-to-date: /home/manuel/robotic-models/ws_moveit2/install/moveit_core/lib/libmoveit_planning_interface.so
[2.003s] -- Up-to-date: /home/manuel/robotic-models/ws_moveit2/install/moveit_core/lib/libmoveit_planning_scene.so.2.5.5
[2.003s] -- Up-to-date: /home/manuel/robotic-models/ws_moveit2/install/moveit_core/lib/libmoveit_planning_scene.so
[2.004s] -- Up-to-date: /home/manuel/robotic-models/ws_moveit2/install/moveit_core/lib/libmoveit_planning_request_adapter.so.2.5.5
[2.004s] -- Up-to-date: /home/manuel/robotic-models/ws_moveit2/install/moveit_core/lib/libmoveit_planning_request_adapter.so
[2.005s] -- Up-to-date: /home/manuel/robotic-models/ws_moveit2/install/moveit_core/lib/libmoveit_robot_model.so.2.5.5
[2.005s] -- Up-to-date: /home/manuel/robotic-models/ws_moveit2/install/moveit_core/lib/libmoveit_robot_model.so
[2.006s] -- Up-to-date: /home/manuel/robotic-models/ws_moveit2/install/moveit_core/lib/libmoveit_robot_state.so.2.5.5
[2.006s] -- Up-to-date: /home/manuel/robotic-models/ws_moveit2/install/moveit_core/lib/libmoveit_robot_state.so
[2.007s] -- Up-to-date: /home/manuel/robotic-models/ws_moveit2/install/moveit_core/lib/libmoveit_robot_trajectory.so.2.5.5
[2.007s] -- Up-to-date: /home/manuel/robotic-models/ws_moveit2/install/moveit_core/lib/libmoveit_robot_trajectory.so
[2.008s] -- Up-to-date: /home/manuel/robotic-models/ws_moveit2/install/moveit_core/lib/libmoveit_smoothing_base.so.2.5.5
[2.008s] -- Up-to-date: /home/manuel/robotic-models/ws_moveit2/install/moveit_core/lib/libmoveit_smoothing_base.so
[2.009s] -- Up-to-date: /home/manuel/robotic-models/ws_moveit2/install/moveit_core/lib/libmoveit_test_utils.so.2.5.5
[2.009s] -- Up-to-date: /home/manuel/robotic-models/ws_moveit2/install/moveit_core/lib/libmoveit_test_utils.so
[2.010s] -- Up-to-date: /home/manuel/robotic-models/ws_moveit2/install/moveit_core/lib/libmoveit_trajectory_processing.so.2.5.5
[2.010s] -- Up-to-date: /home/manuel/robotic-models/ws_moveit2/install/moveit_core/lib/libmoveit_trajectory_processing.so
[2.011s] -- Up-to-date: /home/manuel/robotic-models/ws_moveit2/install/moveit_core/lib/libmoveit_transforms.so.2.5.5
[2.011s] -- Up-to-date: /home/manuel/robotic-models/ws_moveit2/install/moveit_core/lib/libmoveit_transforms.so
[2.012s] -- Up-to-date: /home/manuel/robotic-models/ws_moveit2/install/moveit_core/lib/libmoveit_utils.so.2.5.5
[2.012s] -- Up-to-date: /home/manuel/robotic-models/ws_moveit2/install/moveit_core/lib/libmoveit_utils.so
[2.012s] -- Up-to-date: /home/manuel/robotic-models/ws_moveit2/install/moveit_core/share/moveit_core/environment/library_path.sh
[2.012s] -- Up-to-date: /home/manuel/robotic-models/ws_moveit2/install/moveit_core/share/moveit_core/environment/library_path.dsv
[2.013s] -- Up-to-date: /home/manuel/robotic-models/ws_moveit2/install/moveit_core/share/moveit_core/collision_detector_fcl_description.xml
[2.013s] -- Up-to-date: /home/manuel/robotic-models/ws_moveit2/install/moveit_core/share/moveit_core/collision_detector_bullet_description.xml
[2.013s] -- Up-to-date: /home/manuel/robotic-models/ws_moveit2/install/moveit_core/share/moveit_core/filter_plugin_butterworth.xml
[2.013s] -- Up-to-date: /home/manuel/robotic-models/ws_moveit2/install/moveit_core/share/ament_index/resource_index/package_run_dependencies/moveit_core
[2.013s] -- Up-to-date: /home/manuel/robotic-models/ws_moveit2/install/moveit_core/share/ament_index/resource_index/parent_prefix_path/moveit_core
[2.013s] -- Up-to-date: /home/manuel/robotic-models/ws_moveit2/install/moveit_core/share/moveit_core/environment/ament_prefix_path.sh
[2.014s] -- Up-to-date: /home/manuel/robotic-models/ws_moveit2/install/moveit_core/share/moveit_core/environment/ament_prefix_path.dsv
[2.014s] -- Up-to-date: /home/manuel/robotic-models/ws_moveit2/install/moveit_core/share/moveit_core/environment/path.sh
[2.014s] -- Up-to-date: /home/manuel/robotic-models/ws_moveit2/install/moveit_core/share/moveit_core/environment/path.dsv
[2.014s] -- Up-to-date: /home/manuel/robotic-models/ws_moveit2/install/moveit_core/share/moveit_core/local_setup.bash
[2.014s] -- Up-to-date: /home/manuel/robotic-models/ws_moveit2/install/moveit_core/share/moveit_core/local_setup.sh
[2.014s] -- Up-to-date: /home/manuel/robotic-models/ws_moveit2/install/moveit_core/share/moveit_core/local_setup.zsh
[2.014s] -- Up-to-date: /home/manuel/robotic-models/ws_moveit2/install/moveit_core/share/moveit_core/local_setup.dsv
[2.014s] -- Installing: /home/manuel/robotic-models/ws_moveit2/install/moveit_core/share/moveit_core/package.dsv
[2.014s] -- Up-to-date: /home/manuel/robotic-models/ws_moveit2/install/moveit_core/share/ament_index/resource_index/packages/moveit_core
[2.014s] -- Up-to-date: /home/manuel/robotic-models/ws_moveit2/install/moveit_core/share/ament_index/resource_index/moveit_core__pluginlib__plugin/moveit_core
[2.016s] -- Up-to-date: /home/manuel/robotic-models/ws_moveit2/install/moveit_core/share/moveit_core/cmake/export_moveit_coreExport.cmake
[2.016s] -- Up-to-date: /home/manuel/robotic-models/ws_moveit2/install/moveit_core/share/moveit_core/cmake/export_moveit_coreExport-release.cmake
[2.017s] -- Up-to-date: /home/manuel/robotic-models/ws_moveit2/install/moveit_core/share/moveit_core/cmake/ConfigExtras.cmake
[2.017s] -- Up-to-date: /home/manuel/robotic-models/ws_moveit2/install/moveit_core/share/moveit_core/cmake/ament_cmake_export_targets-extras.cmake
[2.017s] -- Up-to-date: /home/manuel/robotic-models/ws_moveit2/install/moveit_core/share/moveit_core/cmake/ament_cmake_export_dependencies-extras.cmake
[2.017s] -- Up-to-date: /home/manuel/robotic-models/ws_moveit2/install/moveit_core/share/moveit_core/cmake/moveit_coreConfig.cmake
[2.017s] -- Up-to-date: /home/manuel/robotic-models/ws_moveit2/install/moveit_core/share/moveit_core/cmake/moveit_coreConfig-version.cmake
[2.017s] -- Up-to-date: /home/manuel/robotic-models/ws_moveit2/install/moveit_core/share/moveit_core/package.xml
[2.019s] Invoked command in '/home/manuel/robotic-models/ws_moveit2/build/moveit_core' returned '0': AMENT_PREFIX_PATH=/home/manuel/robotic-models/ws_moveit2/install/moveit_resources_panda_moveit_config:/home/manuel/robotic-models/ws_moveit2/install/srdfdom:/home/manuel/robotic-models/ws_moveit2/install/moveit_resources_pr2_description:/home/manuel/robotic-models/ws_moveit2/install/moveit_resources_panda_description:/home/manuel/robotic-models/ws_moveit2/install/moveit_common:${AMENT_PREFIX_PATH} CMAKE_PREFIX_PATH=/home/manuel/robotic-models/ws_moveit2/install/moveit_resources_panda_moveit_config:/home/manuel/robotic-models/ws_moveit2/install/srdfdom:/home/manuel/robotic-models/ws_moveit2/install/moveit_resources_pr2_description:/home/manuel/robotic-models/ws_moveit2/install/moveit_resources_panda_description:/home/manuel/robotic-models/ws_moveit2/install/moveit_common:/opt/ros/humble LD_LIBRARY_PATH=/home/manuel/robotic-models/ws_moveit2/install/srdfdom/lib:${LD_LIBRARY_PATH} PYTHONPATH=/home/manuel/robotic-models/ws_moveit2/install/srdfdom/local/lib/python3.10/dist-packages:${PYTHONPATH} /usr/bin/cmake --install /home/manuel/robotic-models/ws_moveit2/build/moveit_core
