[0.020s] Invoking command in '/home/manuel/robotic-models/ws_moveit2/build/chomp_motion_planner': AMENT_PREFIX_PATH=/home/manuel/robotic-models/ws_moveit2/install/moveit_core:/home/manuel/robotic-models/ws_moveit2/install/srdfdom:/home/manuel/robotic-models/ws_moveit2/install/moveit_common:${AMENT_PREFIX_PATH} CMAKE_PREFIX_PATH=/home/manuel/robotic-models/ws_moveit2/install/moveit_core:/home/manuel/robotic-models/ws_moveit2/install/srdfdom:/home/manuel/robotic-models/ws_moveit2/install/moveit_common:/opt/ros/humble LD_LIBRARY_PATH=/home/manuel/robotic-models/ws_moveit2/install/moveit_core/lib:/home/manuel/robotic-models/ws_moveit2/install/srdfdom/lib:${LD_LIBRARY_PATH} PATH=/home/manuel/robotic-models/ws_moveit2/install/moveit_core/bin:${PATH} PYTHONPATH=/home/manuel/robotic-models/ws_moveit2/install/srdfdom/local/lib/python3.10/dist-packages:${PYTHONPATH} /usr/bin/cmake /home/manuel/robotic-models/ws_moveit2/src/moveit2/moveit_planners/chomp/chomp_motion_planner -DCMAKE_BUILD_TYPE=Release -DCMAKE_INSTALL_PREFIX=/home/manuel/robotic-models/ws_moveit2/install/chomp_motion_planner
[0.056s] -- The C compiler identification is GNU 11.4.0
[0.108s] -- The CXX compiler identification is GNU 11.4.0
[0.114s] -- Detecting C compiler ABI info
[0.169s] -- Detecting C compiler ABI info - done
[0.174s] -- Check for working C compiler: /usr/bin/cc - skipped
[0.174s] -- Detecting C compile features
[0.174s] -- Detecting C compile features - done
[0.176s] -- Detecting CXX compiler ABI info
[0.237s] -- Detecting CXX compiler ABI info - done
[0.245s] -- Check for working CXX compiler: /usr/bin/c++ - skipped
[0.245s] -- Detecting CXX compile features
[0.245s] -- Detecting CXX compile features - done
[0.246s] -- Found moveit_common: 2.5.5 (/home/manuel/robotic-models/ws_moveit2/install/moveit_common/share/moveit_common/cmake)
[0.248s] -- Found ament_cmake: 1.3.8 (/opt/ros/humble/share/ament_cmake/cmake)
[0.368s] -- Found Python3: /usr/bin/python3 (found version "3.10.12") found components: Interpreter 
[0.520s] -- Found libdw: /usr/lib/x86_64-linux-gnu/libdw.so  
[0.525s] -- Could NOT find libbfd (missing: LIBBFD_LIBRARY LIBBFD_INCLUDE_DIR) 
[0.525s] -- BACKWARD_HAS_UNWIND=1
[0.525s] -- BACKWARD_HAS_BACKTRACE=0
[0.525s] -- BACKWARD_HAS_BACKTRACE_SYMBOL=0
[0.525s] -- BACKWARD_HAS_DW=1
[0.525s] -- BACKWARD_HAS_BFD=0
[0.526s] -- Found Backward: /opt/ros/humble/share/backward_ros/cmake  
[0.527s] -- Found moveit_core: 2.5.5 (/home/manuel/robotic-models/ws_moveit2/install/moveit_core/share/moveit_core/cmake)
[0.739s] -- Found Boost: /usr/lib/x86_64-linux-gnu/cmake/Boost-1.74.0/BoostConfig.cmake (found version "1.74.0") found components: chrono date_time filesystem iostreams program_options regex serialization system thread 
[0.784s] -- Found parameter_traits: 0.3.8 (/opt/ros/humble/share/parameter_traits/cmake)
[0.823s] -- Found rosidl_generator_c: 3.1.5 (/opt/ros/humble/share/rosidl_generator_c/cmake)
[0.827s] -- Found rosidl_adapter: 3.1.5 (/opt/ros/humble/share/rosidl_adapter/cmake)
[0.835s] -- Found rosidl_generator_cpp: 3.1.5 (/opt/ros/humble/share/rosidl_generator_cpp/cmake)
[0.845s] -- Using all available rosidl_typesupport_c: rosidl_typesupport_fastrtps_c;rosidl_typesupport_introspection_c
[0.860s] -- Using all available rosidl_typesupport_cpp: rosidl_typesupport_fastrtps_cpp;rosidl_typesupport_introspection_cpp
[0.941s] -- Found rmw_implementation_cmake: 6.1.1 (/opt/ros/humble/share/rmw_implementation_cmake/cmake)
[0.944s] -- Found rmw_fastrtps_cpp: 6.2.6 (/opt/ros/humble/share/rmw_fastrtps_cpp/cmake)
[1.021s] -- Found OpenSSL: /usr/lib/x86_64-linux-gnu/libcrypto.so (found version "3.0.2")  
[1.051s] -- Found FastRTPS: /opt/ros/humble/include  
[1.103s] -- Using RMW implementation 'rmw_fastrtps_cpp' as default
[1.114s] -- Found Threads: TRUE  
[1.274s] -- Found Eigen3: TRUE (found version "3.4.0") 
[1.276s] -- Found rclcpp_lifecycle: 16.0.8 (/opt/ros/humble/share/rclcpp_lifecycle/cmake)
[1.321s] -- Found Boost: /usr/lib/x86_64-linux-gnu/cmake/Boost-1.74.0/BoostConfig.cmake (found version "1.74.0") found components: filesystem 
[1.441s] -- library: /usr/lib/x86_64-linux-gnu/libcurl.so
[1.743s] -- Ensuring Eigen3 include directory is part of orocos-kdl CMake target
[2.824s] -- Found ament_lint_auto: 0.12.10 (/opt/ros/humble/share/ament_lint_auto/cmake)
[2.839s] -- Added test 'cppcheck' to perform static code analysis on C / C++ code
[2.840s] -- Configured cppcheck include dirs: /home/manuel/robotic-models/ws_moveit2/src/moveit2/moveit_planners/chomp/chomp_motion_planner/include
[2.840s] -- Configured cppcheck exclude dirs and/or files: 
[2.840s] -- Added test 'xmllint' to check XML markup files
[2.842s] -- Configuring done
[2.865s] -- Generating done
[2.868s] -- Build files have been written to: /home/manuel/robotic-models/ws_moveit2/build/chomp_motion_planner
[2.889s] Invoked command in '/home/manuel/robotic-models/ws_moveit2/build/chomp_motion_planner' returned '0': AMENT_PREFIX_PATH=/home/manuel/robotic-models/ws_moveit2/install/moveit_core:/home/manuel/robotic-models/ws_moveit2/install/srdfdom:/home/manuel/robotic-models/ws_moveit2/install/moveit_common:${AMENT_PREFIX_PATH} CMAKE_PREFIX_PATH=/home/manuel/robotic-models/ws_moveit2/install/moveit_core:/home/manuel/robotic-models/ws_moveit2/install/srdfdom:/home/manuel/robotic-models/ws_moveit2/install/moveit_common:/opt/ros/humble LD_LIBRARY_PATH=/home/manuel/robotic-models/ws_moveit2/install/moveit_core/lib:/home/manuel/robotic-models/ws_moveit2/install/srdfdom/lib:${LD_LIBRARY_PATH} PATH=/home/manuel/robotic-models/ws_moveit2/install/moveit_core/bin:${PATH} PYTHONPATH=/home/manuel/robotic-models/ws_moveit2/install/srdfdom/local/lib/python3.10/dist-packages:${PYTHONPATH} /usr/bin/cmake /home/manuel/robotic-models/ws_moveit2/src/moveit2/moveit_planners/chomp/chomp_motion_planner -DCMAKE_BUILD_TYPE=Release -DCMAKE_INSTALL_PREFIX=/home/manuel/robotic-models/ws_moveit2/install/chomp_motion_planner
[2.891s] Invoking command in '/home/manuel/robotic-models/ws_moveit2/build/chomp_motion_planner': AMENT_PREFIX_PATH=/home/manuel/robotic-models/ws_moveit2/install/moveit_core:/home/manuel/robotic-models/ws_moveit2/install/srdfdom:/home/manuel/robotic-models/ws_moveit2/install/moveit_common:${AMENT_PREFIX_PATH} CMAKE_PREFIX_PATH=/home/manuel/robotic-models/ws_moveit2/install/moveit_core:/home/manuel/robotic-models/ws_moveit2/install/srdfdom:/home/manuel/robotic-models/ws_moveit2/install/moveit_common:/opt/ros/humble LD_LIBRARY_PATH=/home/manuel/robotic-models/ws_moveit2/install/moveit_core/lib:/home/manuel/robotic-models/ws_moveit2/install/srdfdom/lib:${LD_LIBRARY_PATH} PATH=/home/manuel/robotic-models/ws_moveit2/install/moveit_core/bin:${PATH} PYTHONPATH=/home/manuel/robotic-models/ws_moveit2/install/srdfdom/local/lib/python3.10/dist-packages:${PYTHONPATH} /usr/bin/cmake --build /home/manuel/robotic-models/ws_moveit2/build/chomp_motion_planner -- -j16 -l16
[2.944s] [ 66%] [32mBuilding CXX object CMakeFiles/chomp_motion_planner.dir/src/chomp_cost.cpp.o[0m
[2.944s] [ 66%] [32mBuilding CXX object CMakeFiles/chomp_motion_planner.dir/src/chomp_trajectory.cpp.o[0m
[2.944s] [ 66%] [32mBuilding CXX object CMakeFiles/chomp_motion_planner.dir/src/chomp_optimizer.cpp.o[0m
[2.944s] [ 66%] [32mBuilding CXX object CMakeFiles/chomp_motion_planner.dir/src/chomp_parameters.cpp.o[0m
[2.944s] [ 83%] [32mBuilding CXX object CMakeFiles/chomp_motion_planner.dir/src/chomp_planner.cpp.o[0m
[33.751s] [100%] [32m[1mLinking CXX shared library libchomp_motion_planner.so[0m
[33.961s] [100%] Built target chomp_motion_planner
[33.969s] Invoked command in '/home/manuel/robotic-models/ws_moveit2/build/chomp_motion_planner' returned '0': AMENT_PREFIX_PATH=/home/manuel/robotic-models/ws_moveit2/install/moveit_core:/home/manuel/robotic-models/ws_moveit2/install/srdfdom:/home/manuel/robotic-models/ws_moveit2/install/moveit_common:${AMENT_PREFIX_PATH} CMAKE_PREFIX_PATH=/home/manuel/robotic-models/ws_moveit2/install/moveit_core:/home/manuel/robotic-models/ws_moveit2/install/srdfdom:/home/manuel/robotic-models/ws_moveit2/install/moveit_common:/opt/ros/humble LD_LIBRARY_PATH=/home/manuel/robotic-models/ws_moveit2/install/moveit_core/lib:/home/manuel/robotic-models/ws_moveit2/install/srdfdom/lib:${LD_LIBRARY_PATH} PATH=/home/manuel/robotic-models/ws_moveit2/install/moveit_core/bin:${PATH} PYTHONPATH=/home/manuel/robotic-models/ws_moveit2/install/srdfdom/local/lib/python3.10/dist-packages:${PYTHONPATH} /usr/bin/cmake --build /home/manuel/robotic-models/ws_moveit2/build/chomp_motion_planner -- -j16 -l16
[33.993s] Invoking command in '/home/manuel/robotic-models/ws_moveit2/build/chomp_motion_planner': AMENT_PREFIX_PATH=/home/manuel/robotic-models/ws_moveit2/install/moveit_core:/home/manuel/robotic-models/ws_moveit2/install/srdfdom:/home/manuel/robotic-models/ws_moveit2/install/moveit_common:${AMENT_PREFIX_PATH} CMAKE_PREFIX_PATH=/home/manuel/robotic-models/ws_moveit2/install/moveit_core:/home/manuel/robotic-models/ws_moveit2/install/srdfdom:/home/manuel/robotic-models/ws_moveit2/install/moveit_common:/opt/ros/humble LD_LIBRARY_PATH=/home/manuel/robotic-models/ws_moveit2/install/moveit_core/lib:/home/manuel/robotic-models/ws_moveit2/install/srdfdom/lib:${LD_LIBRARY_PATH} PATH=/home/manuel/robotic-models/ws_moveit2/install/moveit_core/bin:${PATH} PYTHONPATH=/home/manuel/robotic-models/ws_moveit2/install/srdfdom/local/lib/python3.10/dist-packages:${PYTHONPATH} /usr/bin/cmake --install /home/manuel/robotic-models/ws_moveit2/build/chomp_motion_planner
[33.999s] -- Install configuration: "Release"
[33.999s] -- Installing: /home/manuel/robotic-models/ws_moveit2/install/chomp_motion_planner/lib/libchomp_motion_planner.so.2.5.5
[34.000s] -- Set runtime path of "/home/manuel/robotic-models/ws_moveit2/install/chomp_motion_planner/lib/libchomp_motion_planner.so.2.5.5" to ""
[34.000s] -- Installing: /home/manuel/robotic-models/ws_moveit2/install/chomp_motion_planner/lib/libchomp_motion_planner.so
[34.000s] -- Installing: /home/manuel/robotic-models/ws_moveit2/install/chomp_motion_planner/include
[34.000s] -- Installing: /home/manuel/robotic-models/ws_moveit2/install/chomp_motion_planner/include/chomp_motion_planner
[34.001s] -- Installing: /home/manuel/robotic-models/ws_moveit2/install/chomp_motion_planner/include/chomp_motion_planner/chomp_parameters.h
[34.001s] -- Installing: /home/manuel/robotic-models/ws_moveit2/install/chomp_motion_planner/include/chomp_motion_planner/chomp_optimizer.h
[34.001s] -- Installing: /home/manuel/robotic-models/ws_moveit2/install/chomp_motion_planner/include/chomp_motion_planner/chomp_planner.h
[34.001s] -- Installing: /home/manuel/robotic-models/ws_moveit2/install/chomp_motion_planner/include/chomp_motion_planner/multivariate_gaussian.h
[34.001s] -- Installing: /home/manuel/robotic-models/ws_moveit2/install/chomp_motion_planner/include/chomp_motion_planner/chomp_cost.h
[34.001s] -- Installing: /home/manuel/robotic-models/ws_moveit2/install/chomp_motion_planner/include/chomp_motion_planner/chomp_trajectory.h
[34.001s] -- Installing: /home/manuel/robotic-models/ws_moveit2/install/chomp_motion_planner/include/chomp_motion_planner/chomp_utils.h
[34.002s] -- Installing: /home/manuel/robotic-models/ws_moveit2/install/chomp_motion_planner/share/chomp_motion_planner/environment/library_path.sh
[34.002s] -- Installing: /home/manuel/robotic-models/ws_moveit2/install/chomp_motion_planner/share/chomp_motion_planner/environment/library_path.dsv
[34.002s] -- Installing: /home/manuel/robotic-models/ws_moveit2/install/chomp_motion_planner/share/ament_index/resource_index/package_run_dependencies/chomp_motion_planner
[34.003s] -- Installing: /home/manuel/robotic-models/ws_moveit2/install/chomp_motion_planner/share/ament_index/resource_index/parent_prefix_path/chomp_motion_planner
[34.003s] -- Installing: /home/manuel/robotic-models/ws_moveit2/install/chomp_motion_planner/share/chomp_motion_planner/environment/ament_prefix_path.sh
[34.003s] -- Installing: /home/manuel/robotic-models/ws_moveit2/install/chomp_motion_planner/share/chomp_motion_planner/environment/ament_prefix_path.dsv
[34.003s] -- Installing: /home/manuel/robotic-models/ws_moveit2/install/chomp_motion_planner/share/chomp_motion_planner/environment/path.sh
[34.003s] -- Installing: /home/manuel/robotic-models/ws_moveit2/install/chomp_motion_planner/share/chomp_motion_planner/environment/path.dsv
[34.004s] -- Installing: /home/manuel/robotic-models/ws_moveit2/install/chomp_motion_planner/share/chomp_motion_planner/local_setup.bash
[34.004s] -- Installing: /home/manuel/robotic-models/ws_moveit2/install/chomp_motion_planner/share/chomp_motion_planner/local_setup.sh
[34.004s] -- Installing: /home/manuel/robotic-models/ws_moveit2/install/chomp_motion_planner/share/chomp_motion_planner/local_setup.zsh
[34.004s] -- Installing: /home/manuel/robotic-models/ws_moveit2/install/chomp_motion_planner/share/chomp_motion_planner/local_setup.dsv
[34.004s] -- Installing: /home/manuel/robotic-models/ws_moveit2/install/chomp_motion_planner/share/chomp_motion_planner/package.dsv
[34.005s] -- Installing: /home/manuel/robotic-models/ws_moveit2/install/chomp_motion_planner/share/ament_index/resource_index/packages/chomp_motion_planner
[34.005s] -- Installing: /home/manuel/robotic-models/ws_moveit2/install/chomp_motion_planner/share/chomp_motion_planner/cmake/chomp_motion_plannerTargetsExport.cmake
[34.005s] -- Installing: /home/manuel/robotic-models/ws_moveit2/install/chomp_motion_planner/share/chomp_motion_planner/cmake/chomp_motion_plannerTargetsExport-release.cmake
[34.005s] -- Installing: /home/manuel/robotic-models/ws_moveit2/install/chomp_motion_planner/share/chomp_motion_planner/cmake/ament_cmake_export_targets-extras.cmake
[34.005s] -- Installing: /home/manuel/robotic-models/ws_moveit2/install/chomp_motion_planner/share/chomp_motion_planner/cmake/chomp_motion_plannerConfig.cmake
[34.006s] -- Installing: /home/manuel/robotic-models/ws_moveit2/install/chomp_motion_planner/share/chomp_motion_planner/cmake/chomp_motion_plannerConfig-version.cmake
[34.006s] -- Installing: /home/manuel/robotic-models/ws_moveit2/install/chomp_motion_planner/share/chomp_motion_planner/package.xml
[34.008s] Invoked command in '/home/manuel/robotic-models/ws_moveit2/build/chomp_motion_planner' returned '0': AMENT_PREFIX_PATH=/home/manuel/robotic-models/ws_moveit2/install/moveit_core:/home/manuel/robotic-models/ws_moveit2/install/srdfdom:/home/manuel/robotic-models/ws_moveit2/install/moveit_common:${AMENT_PREFIX_PATH} CMAKE_PREFIX_PATH=/home/manuel/robotic-models/ws_moveit2/install/moveit_core:/home/manuel/robotic-models/ws_moveit2/install/srdfdom:/home/manuel/robotic-models/ws_moveit2/install/moveit_common:/opt/ros/humble LD_LIBRARY_PATH=/home/manuel/robotic-models/ws_moveit2/install/moveit_core/lib:/home/manuel/robotic-models/ws_moveit2/install/srdfdom/lib:${LD_LIBRARY_PATH} PATH=/home/manuel/robotic-models/ws_moveit2/install/moveit_core/bin:${PATH} PYTHONPATH=/home/manuel/robotic-models/ws_moveit2/install/srdfdom/local/lib/python3.10/dist-packages:${PYTHONPATH} /usr/bin/cmake --install /home/manuel/robotic-models/ws_moveit2/build/chomp_motion_planner
