[0.024s] Invoking command in '/home/manuel/robotic-models/ws_moveit2/build/moveit_ros_visualization': AMENT_PREFIX_PATH=/home/manuel/robotic-models/ws_moveit2/install/moveit_ros_planning_interface:/home/manuel/robotic-models/ws_moveit2/install/moveit_ros_move_group:/home/manuel/robotic-models/ws_moveit2/install/moveit_ros_warehouse:/home/manuel/robotic-models/ws_moveit2/install/moveit_ros_robot_interaction:/home/manuel/robotic-models/ws_moveit2/install/moveit_kinematics:/home/manuel/robotic-models/ws_moveit2/install/moveit_ros_planning:/home/manuel/robotic-models/ws_moveit2/install/moveit_ros_occupancy_map_monitor:/home/manuel/robotic-models/ws_moveit2/install/moveit_core:/home/manuel/robotic-models/ws_moveit2/install/srdfdom:/home/manuel/robotic-models/ws_moveit2/install/moveit_common:${AMENT_PREFIX_PATH} CMAKE_PREFIX_PATH=/home/manuel/robotic-models/ws_moveit2/install/moveit_ros_planning_interface:/home/manuel/robotic-models/ws_moveit2/install/moveit_ros_move_group:/home/manuel/robotic-models/ws_moveit2/install/moveit_ros_warehouse:/home/manuel/robotic-models/ws_moveit2/install/moveit_ros_robot_interaction:/home/manuel/robotic-models/ws_moveit2/install/moveit_kinematics:/home/manuel/robotic-models/ws_moveit2/install/moveit_ros_planning:/home/manuel/robotic-models/ws_moveit2/install/moveit_ros_occupancy_map_monitor:/home/manuel/robotic-models/ws_moveit2/install/moveit_core:/home/manuel/robotic-models/ws_moveit2/install/srdfdom:/home/manuel/robotic-models/ws_moveit2/install/moveit_common:/opt/ros/humble LD_LIBRARY_PATH=/home/manuel/robotic-models/ws_moveit2/install/moveit_ros_planning_interface/lib:/home/manuel/robotic-models/ws_moveit2/install/moveit_ros_move_group/lib:/home/manuel/robotic-models/ws_moveit2/install/moveit_ros_warehouse/lib:/home/manuel/robotic-models/ws_moveit2/install/moveit_ros_robot_interaction/lib:/home/manuel/robotic-models/ws_moveit2/install/moveit_kinematics/lib:/home/manuel/robotic-models/ws_moveit2/install/moveit_ros_planning/lib:/home/manuel/robotic-models/ws_moveit2/install/moveit_ros_occupancy_map_monitor/lib:/home/manuel/robotic-models/ws_moveit2/install/moveit_core/lib:/home/manuel/robotic-models/ws_moveit2/install/srdfdom/lib:${LD_LIBRARY_PATH} PATH=/home/manuel/robotic-models/ws_moveit2/install/moveit_core/bin:${PATH} PYTHONPATH=/home/manuel/robotic-models/ws_moveit2/install/srdfdom/local/lib/python3.10/dist-packages:${PYTHONPATH} /usr/bin/cmake --build /home/manuel/robotic-models/ws_moveit2/build/moveit_ros_visualization -- -j16 -l16
[0.084s] [  1%] [34m[1mAutomatic MOC for target moveit_rviz_plugin_render_tools[0m
[0.125s] [  1%] Built target moveit_rviz_plugin_render_tools_autogen
[0.159s] [35m[1mConsolidate compiler generated dependencies of target moveit_rviz_plugin_render_tools[0m
[0.249s] [ 18%] Built target moveit_rviz_plugin_render_tools
[0.269s] [ 20%] [34m[1mAutomatic MOC for target moveit_planning_scene_rviz_plugin_core[0m
[0.270s] [ 22%] [34m[1mAutomatic MOC for target moveit_robot_state_rviz_plugin_core[0m
[0.305s] [ 22%] Built target moveit_planning_scene_rviz_plugin_core_autogen
[0.306s] [ 22%] Built target moveit_robot_state_rviz_plugin_core_autogen
[0.330s] [35m[1mConsolidate compiler generated dependencies of target moveit_robot_state_rviz_plugin_core[0m
[0.331s] [35m[1mConsolidate compiler generated dependencies of target moveit_planning_scene_rviz_plugin_core[0m
[0.367s] [ 27%] Built target moveit_robot_state_rviz_plugin_core
[0.377s] [ 34%] Built target moveit_planning_scene_rviz_plugin_core
[0.386s] [ 36%] [34m[1mAutomatic MOC for target moveit_robot_state_rviz_plugin[0m
[0.396s] [ 37%] [34m[1mAutomatic MOC for target moveit_trajectory_rviz_plugin_core[0m
[0.396s] [ 39%] [34m[1mAutomatic MOC for target moveit_planning_scene_rviz_plugin[0m
[0.403s] [ 39%] Built target moveit_robot_state_rviz_plugin_autogen
[0.414s] [ 39%] Built target moveit_planning_scene_rviz_plugin_autogen
[0.415s] [ 39%] Built target moveit_trajectory_rviz_plugin_core_autogen
[0.419s] [35m[1mConsolidate compiler generated dependencies of target moveit_robot_state_rviz_plugin[0m
[0.430s] [35m[1mConsolidate compiler generated dependencies of target moveit_planning_scene_rviz_plugin[0m
[0.433s] [35m[1mConsolidate compiler generated dependencies of target moveit_trajectory_rviz_plugin_core[0m
[0.448s] [ 44%] Built target moveit_robot_state_rviz_plugin
[0.466s] [ 55%] Built target moveit_trajectory_rviz_plugin_core
[0.466s] [ 55%] Built target moveit_planning_scene_rviz_plugin
[0.487s] [ 58%] [34m[1mAutomatic MOC for target moveit_motion_planning_rviz_plugin_core[0m
[0.487s] [ 58%] [34m[1mAutomatic MOC for target moveit_trajectory_rviz_plugin[0m
[0.505s] [ 58%] Built target moveit_trajectory_rviz_plugin_autogen
[0.512s] [ 58%] Built target moveit_motion_planning_rviz_plugin_core_autogen
[0.519s] [35m[1mConsolidate compiler generated dependencies of target moveit_trajectory_rviz_plugin[0m
[0.544s] [ 63%] Built target moveit_trajectory_rviz_plugin
[0.558s] [35m[1mConsolidate compiler generated dependencies of target moveit_motion_planning_rviz_plugin_core[0m
[0.683s] [ 93%] Built target moveit_motion_planning_rviz_plugin_core
[0.704s] [ 94%] [34m[1mAutomatic MOC for target moveit_motion_planning_rviz_plugin[0m
[0.725s] [ 94%] Built target moveit_motion_planning_rviz_plugin_autogen
[0.741s] [35m[1mConsolidate compiler generated dependencies of target moveit_motion_planning_rviz_plugin[0m
[0.775s] [100%] Built target moveit_motion_planning_rviz_plugin
[0.790s] Invoked command in '/home/manuel/robotic-models/ws_moveit2/build/moveit_ros_visualization' returned '0': AMENT_PREFIX_PATH=/home/manuel/robotic-models/ws_moveit2/install/moveit_ros_planning_interface:/home/manuel/robotic-models/ws_moveit2/install/moveit_ros_move_group:/home/manuel/robotic-models/ws_moveit2/install/moveit_ros_warehouse:/home/manuel/robotic-models/ws_moveit2/install/moveit_ros_robot_interaction:/home/manuel/robotic-models/ws_moveit2/install/moveit_kinematics:/home/manuel/robotic-models/ws_moveit2/install/moveit_ros_planning:/home/manuel/robotic-models/ws_moveit2/install/moveit_ros_occupancy_map_monitor:/home/manuel/robotic-models/ws_moveit2/install/moveit_core:/home/manuel/robotic-models/ws_moveit2/install/srdfdom:/home/manuel/robotic-models/ws_moveit2/install/moveit_common:${AMENT_PREFIX_PATH} CMAKE_PREFIX_PATH=/home/manuel/robotic-models/ws_moveit2/install/moveit_ros_planning_interface:/home/manuel/robotic-models/ws_moveit2/install/moveit_ros_move_group:/home/manuel/robotic-models/ws_moveit2/install/moveit_ros_warehouse:/home/manuel/robotic-models/ws_moveit2/install/moveit_ros_robot_interaction:/home/manuel/robotic-models/ws_moveit2/install/moveit_kinematics:/home/manuel/robotic-models/ws_moveit2/install/moveit_ros_planning:/home/manuel/robotic-models/ws_moveit2/install/moveit_ros_occupancy_map_monitor:/home/manuel/robotic-models/ws_moveit2/install/moveit_core:/home/manuel/robotic-models/ws_moveit2/install/srdfdom:/home/manuel/robotic-models/ws_moveit2/install/moveit_common:/opt/ros/humble LD_LIBRARY_PATH=/home/manuel/robotic-models/ws_moveit2/install/moveit_ros_planning_interface/lib:/home/manuel/robotic-models/ws_moveit2/install/moveit_ros_move_group/lib:/home/manuel/robotic-models/ws_moveit2/install/moveit_ros_warehouse/lib:/home/manuel/robotic-models/ws_moveit2/install/moveit_ros_robot_interaction/lib:/home/manuel/robotic-models/ws_moveit2/install/moveit_kinematics/lib:/home/manuel/robotic-models/ws_moveit2/install/moveit_ros_planning/lib:/home/manuel/robotic-models/ws_moveit2/install/moveit_ros_occupancy_map_monitor/lib:/home/manuel/robotic-models/ws_moveit2/install/moveit_core/lib:/home/manuel/robotic-models/ws_moveit2/install/srdfdom/lib:${LD_LIBRARY_PATH} PATH=/home/manuel/robotic-models/ws_moveit2/install/moveit_core/bin:${PATH} PYTHONPATH=/home/manuel/robotic-models/ws_moveit2/install/srdfdom/local/lib/python3.10/dist-packages:${PYTHONPATH} /usr/bin/cmake --build /home/manuel/robotic-models/ws_moveit2/build/moveit_ros_visualization -- -j16 -l16
[0.820s] Invoking command in '/home/manuel/robotic-models/ws_moveit2/build/moveit_ros_visualization': AMENT_PREFIX_PATH=/home/manuel/robotic-models/ws_moveit2/install/moveit_ros_planning_interface:/home/manuel/robotic-models/ws_moveit2/install/moveit_ros_move_group:/home/manuel/robotic-models/ws_moveit2/install/moveit_ros_warehouse:/home/manuel/robotic-models/ws_moveit2/install/moveit_ros_robot_interaction:/home/manuel/robotic-models/ws_moveit2/install/moveit_kinematics:/home/manuel/robotic-models/ws_moveit2/install/moveit_ros_planning:/home/manuel/robotic-models/ws_moveit2/install/moveit_ros_occupancy_map_monitor:/home/manuel/robotic-models/ws_moveit2/install/moveit_core:/home/manuel/robotic-models/ws_moveit2/install/srdfdom:/home/manuel/robotic-models/ws_moveit2/install/moveit_common:${AMENT_PREFIX_PATH} CMAKE_PREFIX_PATH=/home/manuel/robotic-models/ws_moveit2/install/moveit_ros_planning_interface:/home/manuel/robotic-models/ws_moveit2/install/moveit_ros_move_group:/home/manuel/robotic-models/ws_moveit2/install/moveit_ros_warehouse:/home/manuel/robotic-models/ws_moveit2/install/moveit_ros_robot_interaction:/home/manuel/robotic-models/ws_moveit2/install/moveit_kinematics:/home/manuel/robotic-models/ws_moveit2/install/moveit_ros_planning:/home/manuel/robotic-models/ws_moveit2/install/moveit_ros_occupancy_map_monitor:/home/manuel/robotic-models/ws_moveit2/install/moveit_core:/home/manuel/robotic-models/ws_moveit2/install/srdfdom:/home/manuel/robotic-models/ws_moveit2/install/moveit_common:/opt/ros/humble LD_LIBRARY_PATH=/home/manuel/robotic-models/ws_moveit2/install/moveit_ros_planning_interface/lib:/home/manuel/robotic-models/ws_moveit2/install/moveit_ros_move_group/lib:/home/manuel/robotic-models/ws_moveit2/install/moveit_ros_warehouse/lib:/home/manuel/robotic-models/ws_moveit2/install/moveit_ros_robot_interaction/lib:/home/manuel/robotic-models/ws_moveit2/install/moveit_kinematics/lib:/home/manuel/robotic-models/ws_moveit2/install/moveit_ros_planning/lib:/home/manuel/robotic-models/ws_moveit2/install/moveit_ros_occupancy_map_monitor/lib:/home/manuel/robotic-models/ws_moveit2/install/moveit_core/lib:/home/manuel/robotic-models/ws_moveit2/install/srdfdom/lib:${LD_LIBRARY_PATH} PATH=/home/manuel/robotic-models/ws_moveit2/install/moveit_core/bin:${PATH} PYTHONPATH=/home/manuel/robotic-models/ws_moveit2/install/srdfdom/local/lib/python3.10/dist-packages:${PYTHONPATH} /usr/bin/cmake --install /home/manuel/robotic-models/ws_moveit2/build/moveit_ros_visualization
[0.828s] -- Install configuration: "Release"
[0.828s] -- Installing: /home/manuel/robotic-models/ws_moveit2/install/moveit_ros_visualization/include
[0.830s] -- Installing: /home/manuel/robotic-models/ws_moveit2/install/moveit_ros_visualization/include/ogre_helpers
[0.830s] -- Installing: /home/manuel/robotic-models/ws_moveit2/install/moveit_ros_visualization/include/ogre_helpers/mesh_shape.hpp
[0.830s] -- Installing: /home/manuel/robotic-models/ws_moveit2/install/moveit_ros_visualization/include/moveit
[0.831s] -- Installing: /home/manuel/robotic-models/ws_moveit2/install/moveit_ros_visualization/include/moveit/rviz_plugin_render_tools
[0.831s] -- Installing: /home/manuel/robotic-models/ws_moveit2/install/moveit_ros_visualization/include/moveit/rviz_plugin_render_tools/planning_scene_render.h
[0.831s] -- Installing: /home/manuel/robotic-models/ws_moveit2/install/moveit_ros_visualization/include/moveit/rviz_plugin_render_tools/octomap_render.h
[0.832s] -- Installing: /home/manuel/robotic-models/ws_moveit2/install/moveit_ros_visualization/include/moveit/rviz_plugin_render_tools/robot_state_visualization.h
[0.832s] -- Installing: /home/manuel/robotic-models/ws_moveit2/install/moveit_ros_visualization/include/moveit/rviz_plugin_render_tools/trajectory_panel.h
[0.833s] -- Installing: /home/manuel/robotic-models/ws_moveit2/install/moveit_ros_visualization/include/moveit/rviz_plugin_render_tools/render_shapes.h
[0.834s] -- Installing: /home/manuel/robotic-models/ws_moveit2/install/moveit_ros_visualization/include/moveit/rviz_plugin_render_tools/planning_link_updater.h
[0.834s] -- Installing: /home/manuel/robotic-models/ws_moveit2/install/moveit_ros_visualization/include/moveit/rviz_plugin_render_tools/trajectory_visualization.h
[0.835s] -- Up-to-date: /home/manuel/robotic-models/ws_moveit2/install/moveit_ros_visualization/include
[0.835s] -- Up-to-date: /home/manuel/robotic-models/ws_moveit2/install/moveit_ros_visualization/include/moveit
[0.836s] -- Installing: /home/manuel/robotic-models/ws_moveit2/install/moveit_ros_visualization/include/moveit/robot_state_rviz_plugin
[0.836s] -- Installing: /home/manuel/robotic-models/ws_moveit2/install/moveit_ros_visualization/include/moveit/robot_state_rviz_plugin/robot_state_display.h
[0.836s] -- Up-to-date: /home/manuel/robotic-models/ws_moveit2/install/moveit_ros_visualization/include
[0.837s] -- Up-to-date: /home/manuel/robotic-models/ws_moveit2/install/moveit_ros_visualization/include/moveit
[0.837s] -- Installing: /home/manuel/robotic-models/ws_moveit2/install/moveit_ros_visualization/include/moveit/planning_scene_rviz_plugin
[0.837s] -- Installing: /home/manuel/robotic-models/ws_moveit2/install/moveit_ros_visualization/include/moveit/planning_scene_rviz_plugin/background_processing.hpp
[0.838s] -- Installing: /home/manuel/robotic-models/ws_moveit2/install/moveit_ros_visualization/include/moveit/planning_scene_rviz_plugin/planning_scene_display.h
[0.838s] -- Installing: /home/manuel/robotic-models/ws_moveit2/install/moveit_ros_visualization/include/moveit_planning_scene_rviz_plugin_core_export.h
[0.839s] -- Up-to-date: /home/manuel/robotic-models/ws_moveit2/install/moveit_ros_visualization/include
[0.839s] -- Up-to-date: /home/manuel/robotic-models/ws_moveit2/install/moveit_ros_visualization/include/moveit
[0.840s] -- Installing: /home/manuel/robotic-models/ws_moveit2/install/moveit_ros_visualization/include/moveit/motion_planning_rviz_plugin
[0.840s] -- Installing: /home/manuel/robotic-models/ws_moveit2/install/moveit_ros_visualization/include/moveit/motion_planning_rviz_plugin/motion_planning_frame.h
[0.841s] -- Installing: /home/manuel/robotic-models/ws_moveit2/install/moveit_ros_visualization/include/moveit/motion_planning_rviz_plugin/motion_planning_param_widget.h
[0.841s] -- Installing: /home/manuel/robotic-models/ws_moveit2/install/moveit_ros_visualization/include/moveit/motion_planning_rviz_plugin/motion_planning_frame_joints_widget.h
[0.842s] -- Installing: /home/manuel/robotic-models/ws_moveit2/install/moveit_ros_visualization/include/moveit/motion_planning_rviz_plugin/motion_planning_display.h
[0.842s] -- Installing: /home/manuel/robotic-models/ws_moveit2/install/moveit_ros_visualization/include/moveit/motion_planning_rviz_plugin/interactive_marker_display.h
[0.843s] -- Up-to-date: /home/manuel/robotic-models/ws_moveit2/install/moveit_ros_visualization/include
[0.843s] -- Up-to-date: /home/manuel/robotic-models/ws_moveit2/install/moveit_ros_visualization/include/moveit
[0.843s] -- Installing: /home/manuel/robotic-models/ws_moveit2/install/moveit_ros_visualization/include/moveit/trajectory_rviz_plugin
[0.844s] -- Installing: /home/manuel/robotic-models/ws_moveit2/install/moveit_ros_visualization/include/moveit/trajectory_rviz_plugin/trajectory_display.h
[0.844s] -- Installing: /home/manuel/robotic-models/ws_moveit2/install/moveit_ros_visualization/share/moveit_ros_visualization/icons
[0.845s] -- Installing: /home/manuel/robotic-models/ws_moveit2/install/moveit_ros_visualization/share/moveit_ros_visualization/icons/classes
[0.845s] -- Installing: /home/manuel/robotic-models/ws_moveit2/install/moveit_ros_visualization/share/moveit_ros_visualization/icons/classes/RobotState.png
[0.846s] -- Installing: /home/manuel/robotic-models/ws_moveit2/install/moveit_ros_visualization/share/moveit_ros_visualization/icons/classes/MotionPlanning.png
[0.846s] -- Installing: /home/manuel/robotic-models/ws_moveit2/install/moveit_ros_visualization/share/moveit_ros_visualization/icons/classes/PlanningScene.png
[0.846s] -- Installing: /home/manuel/robotic-models/ws_moveit2/install/moveit_ros_visualization/share/moveit_ros_visualization/icons/classes/Trajectory.png
[0.847s] -- Installing: /home/manuel/robotic-models/ws_moveit2/install/moveit_ros_visualization/share/moveit_ros_visualization/motion_planning_rviz_plugin_description.xml
[0.847s] -- Installing: /home/manuel/robotic-models/ws_moveit2/install/moveit_ros_visualization/share/moveit_ros_visualization/trajectory_rviz_plugin_description.xml
[0.847s] -- Installing: /home/manuel/robotic-models/ws_moveit2/install/moveit_ros_visualization/share/moveit_ros_visualization/planning_scene_rviz_plugin_description.xml
[0.848s] -- Installing: /home/manuel/robotic-models/ws_moveit2/install/moveit_ros_visualization/share/moveit_ros_visualization/robot_state_rviz_plugin_description.xml
[0.848s] -- Installing: /home/manuel/robotic-models/ws_moveit2/install/moveit_ros_visualization/lib/libmoveit_motion_planning_rviz_plugin.so.2.5.5
[0.850s] -- Set runtime path of "/home/manuel/robotic-models/ws_moveit2/install/moveit_ros_visualization/lib/libmoveit_motion_planning_rviz_plugin.so.2.5.5" to ""
[0.850s] -- Installing: /home/manuel/robotic-models/ws_moveit2/install/moveit_ros_visualization/lib/libmoveit_motion_planning_rviz_plugin.so
[0.850s] -- Installing: /home/manuel/robotic-models/ws_moveit2/install/moveit_ros_visualization/lib/libmoveit_motion_planning_rviz_plugin_core.so.2.5.5
[0.870s] -- Set runtime path of "/home/manuel/robotic-models/ws_moveit2/install/moveit_ros_visualization/lib/libmoveit_motion_planning_rviz_plugin_core.so.2.5.5" to ""
[0.870s] -- Installing: /home/manuel/robotic-models/ws_moveit2/install/moveit_ros_visualization/lib/libmoveit_motion_planning_rviz_plugin_core.so
[0.870s] -- Installing: /home/manuel/robotic-models/ws_moveit2/install/moveit_ros_visualization/lib/libmoveit_planning_scene_rviz_plugin.so.2.5.5
[0.871s] -- Set runtime path of "/home/manuel/robotic-models/ws_moveit2/install/moveit_ros_visualization/lib/libmoveit_planning_scene_rviz_plugin.so.2.5.5" to ""
[0.871s] -- Installing: /home/manuel/robotic-models/ws_moveit2/install/moveit_ros_visualization/lib/libmoveit_planning_scene_rviz_plugin.so
[0.871s] -- Installing: /home/manuel/robotic-models/ws_moveit2/install/moveit_ros_visualization/lib/libmoveit_planning_scene_rviz_plugin_core.so.2.5.5
[0.873s] -- Set runtime path of "/home/manuel/robotic-models/ws_moveit2/install/moveit_ros_visualization/lib/libmoveit_planning_scene_rviz_plugin_core.so.2.5.5" to ""
[0.873s] -- Installing: /home/manuel/robotic-models/ws_moveit2/install/moveit_ros_visualization/lib/libmoveit_planning_scene_rviz_plugin_core.so
[0.873s] -- Installing: /home/manuel/robotic-models/ws_moveit2/install/moveit_ros_visualization/lib/libmoveit_robot_state_rviz_plugin.so.2.5.5
[0.873s] -- Set runtime path of "/home/manuel/robotic-models/ws_moveit2/install/moveit_ros_visualization/lib/libmoveit_robot_state_rviz_plugin.so.2.5.5" to ""
[0.874s] -- Installing: /home/manuel/robotic-models/ws_moveit2/install/moveit_ros_visualization/lib/libmoveit_robot_state_rviz_plugin.so
[0.874s] -- Installing: /home/manuel/robotic-models/ws_moveit2/install/moveit_ros_visualization/lib/libmoveit_robot_state_rviz_plugin_core.so.2.5.5
[0.879s] -- Set runtime path of "/home/manuel/robotic-models/ws_moveit2/install/moveit_ros_visualization/lib/libmoveit_robot_state_rviz_plugin_core.so.2.5.5" to ""
[0.879s] -- Installing: /home/manuel/robotic-models/ws_moveit2/install/moveit_ros_visualization/lib/libmoveit_robot_state_rviz_plugin_core.so
[0.879s] -- Installing: /home/manuel/robotic-models/ws_moveit2/install/moveit_ros_visualization/lib/libmoveit_rviz_plugin_render_tools.so.2.5.5
[0.884s] -- Set runtime path of "/home/manuel/robotic-models/ws_moveit2/install/moveit_ros_visualization/lib/libmoveit_rviz_plugin_render_tools.so.2.5.5" to ""
[0.884s] -- Installing: /home/manuel/robotic-models/ws_moveit2/install/moveit_ros_visualization/lib/libmoveit_rviz_plugin_render_tools.so
[0.884s] -- Installing: /home/manuel/robotic-models/ws_moveit2/install/moveit_ros_visualization/lib/libmoveit_trajectory_rviz_plugin.so.2.5.5
[0.889s] -- Set runtime path of "/home/manuel/robotic-models/ws_moveit2/install/moveit_ros_visualization/lib/libmoveit_trajectory_rviz_plugin.so.2.5.5" to ""
[0.890s] -- Installing: /home/manuel/robotic-models/ws_moveit2/install/moveit_ros_visualization/lib/libmoveit_trajectory_rviz_plugin.so
[0.890s] -- Installing: /home/manuel/robotic-models/ws_moveit2/install/moveit_ros_visualization/lib/libmoveit_trajectory_rviz_plugin_core.so.2.5.5
[0.891s] -- Set runtime path of "/home/manuel/robotic-models/ws_moveit2/install/moveit_ros_visualization/lib/libmoveit_trajectory_rviz_plugin_core.so.2.5.5" to ""
[0.891s] -- Installing: /home/manuel/robotic-models/ws_moveit2/install/moveit_ros_visualization/lib/libmoveit_trajectory_rviz_plugin_core.so
[0.891s] -- Installing: /home/manuel/robotic-models/ws_moveit2/install/moveit_ros_visualization/share/moveit_ros_visualization/environment/library_path.sh
[0.892s] -- Installing: /home/manuel/robotic-models/ws_moveit2/install/moveit_ros_visualization/share/moveit_ros_visualization/environment/library_path.dsv
[0.893s] -- Installing: /home/manuel/robotic-models/ws_moveit2/install/moveit_ros_visualization/share/ament_index/resource_index/package_run_dependencies/moveit_ros_visualization
[0.893s] -- Installing: /home/manuel/robotic-models/ws_moveit2/install/moveit_ros_visualization/share/ament_index/resource_index/parent_prefix_path/moveit_ros_visualization
[0.894s] -- Installing: /home/manuel/robotic-models/ws_moveit2/install/moveit_ros_visualization/share/moveit_ros_visualization/environment/ament_prefix_path.sh
[0.894s] -- Installing: /home/manuel/robotic-models/ws_moveit2/install/moveit_ros_visualization/share/moveit_ros_visualization/environment/ament_prefix_path.dsv
[0.894s] -- Installing: /home/manuel/robotic-models/ws_moveit2/install/moveit_ros_visualization/share/moveit_ros_visualization/environment/path.sh
[0.895s] -- Installing: /home/manuel/robotic-models/ws_moveit2/install/moveit_ros_visualization/share/moveit_ros_visualization/environment/path.dsv
[0.895s] -- Installing: /home/manuel/robotic-models/ws_moveit2/install/moveit_ros_visualization/share/moveit_ros_visualization/local_setup.bash
[0.896s] -- Installing: /home/manuel/robotic-models/ws_moveit2/install/moveit_ros_visualization/share/moveit_ros_visualization/local_setup.sh
[0.896s] -- Installing: /home/manuel/robotic-models/ws_moveit2/install/moveit_ros_visualization/share/moveit_ros_visualization/local_setup.zsh
[0.896s] -- Installing: /home/manuel/robotic-models/ws_moveit2/install/moveit_ros_visualization/share/moveit_ros_visualization/local_setup.dsv
[0.897s] -- Installing: /home/manuel/robotic-models/ws_moveit2/install/moveit_ros_visualization/share/moveit_ros_visualization/package.dsv
[0.897s] -- Installing: /home/manuel/robotic-models/ws_moveit2/install/moveit_ros_visualization/share/ament_index/resource_index/packages/moveit_ros_visualization
[0.898s] -- Installing: /home/manuel/robotic-models/ws_moveit2/install/moveit_ros_visualization/share/ament_index/resource_index/rviz_common__pluginlib__plugin/moveit_ros_visualization
[0.899s] -- Installing: /home/manuel/robotic-models/ws_moveit2/install/moveit_ros_visualization/share/moveit_ros_visualization/cmake/export_moveit_ros_visualizationExport.cmake
[0.900s] -- Installing: /home/manuel/robotic-models/ws_moveit2/install/moveit_ros_visualization/share/moveit_ros_visualization/cmake/export_moveit_ros_visualizationExport-release.cmake
[0.900s] -- Installing: /home/manuel/robotic-models/ws_moveit2/install/moveit_ros_visualization/share/moveit_ros_visualization/cmake/ConfigExtras.cmake
[0.901s] -- Installing: /home/manuel/robotic-models/ws_moveit2/install/moveit_ros_visualization/share/moveit_ros_visualization/cmake/ament_cmake_export_targets-extras.cmake
[0.901s] -- Installing: /home/manuel/robotic-models/ws_moveit2/install/moveit_ros_visualization/share/moveit_ros_visualization/cmake/ament_cmake_export_dependencies-extras.cmake
[0.901s] -- Installing: /home/manuel/robotic-models/ws_moveit2/install/moveit_ros_visualization/share/moveit_ros_visualization/cmake/moveit_ros_visualizationConfig.cmake
[0.902s] -- Installing: /home/manuel/robotic-models/ws_moveit2/install/moveit_ros_visualization/share/moveit_ros_visualization/cmake/moveit_ros_visualizationConfig-version.cmake
[0.903s] -- Installing: /home/manuel/robotic-models/ws_moveit2/install/moveit_ros_visualization/share/moveit_ros_visualization/package.xml
[0.906s] Invoked command in '/home/manuel/robotic-models/ws_moveit2/build/moveit_ros_visualization' returned '0': AMENT_PREFIX_PATH=/home/manuel/robotic-models/ws_moveit2/install/moveit_ros_planning_interface:/home/manuel/robotic-models/ws_moveit2/install/moveit_ros_move_group:/home/manuel/robotic-models/ws_moveit2/install/moveit_ros_warehouse:/home/manuel/robotic-models/ws_moveit2/install/moveit_ros_robot_interaction:/home/manuel/robotic-models/ws_moveit2/install/moveit_kinematics:/home/manuel/robotic-models/ws_moveit2/install/moveit_ros_planning:/home/manuel/robotic-models/ws_moveit2/install/moveit_ros_occupancy_map_monitor:/home/manuel/robotic-models/ws_moveit2/install/moveit_core:/home/manuel/robotic-models/ws_moveit2/install/srdfdom:/home/manuel/robotic-models/ws_moveit2/install/moveit_common:${AMENT_PREFIX_PATH} CMAKE_PREFIX_PATH=/home/manuel/robotic-models/ws_moveit2/install/moveit_ros_planning_interface:/home/manuel/robotic-models/ws_moveit2/install/moveit_ros_move_group:/home/manuel/robotic-models/ws_moveit2/install/moveit_ros_warehouse:/home/manuel/robotic-models/ws_moveit2/install/moveit_ros_robot_interaction:/home/manuel/robotic-models/ws_moveit2/install/moveit_kinematics:/home/manuel/robotic-models/ws_moveit2/install/moveit_ros_planning:/home/manuel/robotic-models/ws_moveit2/install/moveit_ros_occupancy_map_monitor:/home/manuel/robotic-models/ws_moveit2/install/moveit_core:/home/manuel/robotic-models/ws_moveit2/install/srdfdom:/home/manuel/robotic-models/ws_moveit2/install/moveit_common:/opt/ros/humble LD_LIBRARY_PATH=/home/manuel/robotic-models/ws_moveit2/install/moveit_ros_planning_interface/lib:/home/manuel/robotic-models/ws_moveit2/install/moveit_ros_move_group/lib:/home/manuel/robotic-models/ws_moveit2/install/moveit_ros_warehouse/lib:/home/manuel/robotic-models/ws_moveit2/install/moveit_ros_robot_interaction/lib:/home/manuel/robotic-models/ws_moveit2/install/moveit_kinematics/lib:/home/manuel/robotic-models/ws_moveit2/install/moveit_ros_planning/lib:/home/manuel/robotic-models/ws_moveit2/install/moveit_ros_occupancy_map_monitor/lib:/home/manuel/robotic-models/ws_moveit2/install/moveit_core/lib:/home/manuel/robotic-models/ws_moveit2/install/srdfdom/lib:${LD_LIBRARY_PATH} PATH=/home/manuel/robotic-models/ws_moveit2/install/moveit_core/bin:${PATH} PYTHONPATH=/home/manuel/robotic-models/ws_moveit2/install/srdfdom/local/lib/python3.10/dist-packages:${PYTHONPATH} /usr/bin/cmake --install /home/manuel/robotic-models/ws_moveit2/build/moveit_ros_visualization
