[0.267s] Invoking command in '/home/manuel/robotic-models/ws_moveit2/build/moveit_resources_fanuc_description': CMAKE_PREFIX_PATH=/opt/ros/humble /usr/bin/cmake --build /home/manuel/robotic-models/ws_moveit2/build/moveit_resources_fanuc_description -- -j16 -l16
[0.305s] Invoked command in '/home/manuel/robotic-models/ws_moveit2/build/moveit_resources_fanuc_description' returned '0': CMAKE_PREFIX_PATH=/opt/ros/humble /usr/bin/cmake --build /home/manuel/robotic-models/ws_moveit2/build/moveit_resources_fanuc_description -- -j16 -l16
[0.328s] Invoking command in '/home/manuel/robotic-models/ws_moveit2/build/moveit_resources_fanuc_description': CMAKE_PREFIX_PATH=/opt/ros/humble /usr/bin/cmake --install /home/manuel/robotic-models/ws_moveit2/build/moveit_resources_fanuc_description
[0.335s] -- Install configuration: "Release"
[0.337s] -- Up-to-date: /home/manuel/robotic-models/ws_moveit2/install/moveit_resources_fanuc_description/share/ament_index/resource_index/package_run_dependencies/moveit_resources_fanuc_description
[0.337s] -- Up-to-date: /home/manuel/robotic-models/ws_moveit2/install/moveit_resources_fanuc_description/share/ament_index/resource_index/parent_prefix_path/moveit_resources_fanuc_description
[0.338s] -- Up-to-date: /home/manuel/robotic-models/ws_moveit2/install/moveit_resources_fanuc_description/share/moveit_resources_fanuc_description/environment/ament_prefix_path.sh
[0.338s] -- Up-to-date: /home/manuel/robotic-models/ws_moveit2/install/moveit_resources_fanuc_description/share/moveit_resources_fanuc_description/environment/ament_prefix_path.dsv
[0.338s] -- Up-to-date: /home/manuel/robotic-models/ws_moveit2/install/moveit_resources_fanuc_description/share/moveit_resources_fanuc_description/environment/path.sh
[0.338s] -- Up-to-date: /home/manuel/robotic-models/ws_moveit2/install/moveit_resources_fanuc_description/share/moveit_resources_fanuc_description/environment/path.dsv
[0.339s] -- Up-to-date: /home/manuel/robotic-models/ws_moveit2/install/moveit_resources_fanuc_description/share/moveit_resources_fanuc_description/local_setup.bash
[0.339s] -- Up-to-date: /home/manuel/robotic-models/ws_moveit2/install/moveit_resources_fanuc_description/share/moveit_resources_fanuc_description/local_setup.sh
[0.339s] -- Up-to-date: /home/manuel/robotic-models/ws_moveit2/install/moveit_resources_fanuc_description/share/moveit_resources_fanuc_description/local_setup.zsh
[0.339s] -- Up-to-date: /home/manuel/robotic-models/ws_moveit2/install/moveit_resources_fanuc_description/share/moveit_resources_fanuc_description/local_setup.dsv
[0.340s] -- Installing: /home/manuel/robotic-models/ws_moveit2/install/moveit_resources_fanuc_description/share/moveit_resources_fanuc_description/package.dsv
[0.342s] -- Up-to-date: /home/manuel/robotic-models/ws_moveit2/install/moveit_resources_fanuc_description/share/ament_index/resource_index/packages/moveit_resources_fanuc_description
[0.343s] -- Up-to-date: /home/manuel/robotic-models/ws_moveit2/install/moveit_resources_fanuc_description/share/moveit_resources_fanuc_description/cmake/moveit_resources_fanuc_descriptionConfig.cmake
[0.343s] -- Up-to-date: /home/manuel/robotic-models/ws_moveit2/install/moveit_resources_fanuc_description/share/moveit_resources_fanuc_description/cmake/moveit_resources_fanuc_descriptionConfig-version.cmake
[0.343s] -- Up-to-date: /home/manuel/robotic-models/ws_moveit2/install/moveit_resources_fanuc_description/share/moveit_resources_fanuc_description/package.xml
[0.344s] -- Up-to-date: /home/manuel/robotic-models/ws_moveit2/install/moveit_resources_fanuc_description/share/moveit_resources_fanuc_description/meshes
[0.344s] -- Up-to-date: /home/manuel/robotic-models/ws_moveit2/install/moveit_resources_fanuc_description/share/moveit_resources_fanuc_description/meshes/visual
[0.344s] -- Up-to-date: /home/manuel/robotic-models/ws_moveit2/install/moveit_resources_fanuc_description/share/moveit_resources_fanuc_description/meshes/visual/link_4.stl
[0.344s] -- Up-to-date: /home/manuel/robotic-models/ws_moveit2/install/moveit_resources_fanuc_description/share/moveit_resources_fanuc_description/meshes/visual/link_2.stl
[0.344s] -- Up-to-date: /home/manuel/robotic-models/ws_moveit2/install/moveit_resources_fanuc_description/share/moveit_resources_fanuc_description/meshes/visual/link_6.stl
[0.344s] -- Up-to-date: /home/manuel/robotic-models/ws_moveit2/install/moveit_resources_fanuc_description/share/moveit_resources_fanuc_description/meshes/visual/link_3.stl
[0.345s] -- Up-to-date: /home/manuel/robotic-models/ws_moveit2/install/moveit_resources_fanuc_description/share/moveit_resources_fanuc_description/meshes/visual/link_5.stl
[0.345s] -- Up-to-date: /home/manuel/robotic-models/ws_moveit2/install/moveit_resources_fanuc_description/share/moveit_resources_fanuc_description/meshes/visual/link_1.stl
[0.345s] -- Up-to-date: /home/manuel/robotic-models/ws_moveit2/install/moveit_resources_fanuc_description/share/moveit_resources_fanuc_description/meshes/visual/base_link.stl
[0.345s] -- Up-to-date: /home/manuel/robotic-models/ws_moveit2/install/moveit_resources_fanuc_description/share/moveit_resources_fanuc_description/meshes/collision
[0.345s] -- Up-to-date: /home/manuel/robotic-models/ws_moveit2/install/moveit_resources_fanuc_description/share/moveit_resources_fanuc_description/meshes/collision/link_4.stl
[0.345s] -- Up-to-date: /home/manuel/robotic-models/ws_moveit2/install/moveit_resources_fanuc_description/share/moveit_resources_fanuc_description/meshes/collision/link_2.stl
[0.345s] -- Up-to-date: /home/manuel/robotic-models/ws_moveit2/install/moveit_resources_fanuc_description/share/moveit_resources_fanuc_description/meshes/collision/link_6.stl
[0.346s] -- Up-to-date: /home/manuel/robotic-models/ws_moveit2/install/moveit_resources_fanuc_description/share/moveit_resources_fanuc_description/meshes/collision/link_3.stl
[0.346s] -- Up-to-date: /home/manuel/robotic-models/ws_moveit2/install/moveit_resources_fanuc_description/share/moveit_resources_fanuc_description/meshes/collision/link_5.stl
[0.346s] -- Up-to-date: /home/manuel/robotic-models/ws_moveit2/install/moveit_resources_fanuc_description/share/moveit_resources_fanuc_description/meshes/collision/link_1.stl
[0.346s] -- Up-to-date: /home/manuel/robotic-models/ws_moveit2/install/moveit_resources_fanuc_description/share/moveit_resources_fanuc_description/meshes/collision/base_link.stl
[0.346s] -- Up-to-date: /home/manuel/robotic-models/ws_moveit2/install/moveit_resources_fanuc_description/share/moveit_resources_fanuc_description/urdf
[0.346s] -- Up-to-date: /home/manuel/robotic-models/ws_moveit2/install/moveit_resources_fanuc_description/share/moveit_resources_fanuc_description/urdf/fanuc.urdf
[0.374s] Invoked command in '/home/manuel/robotic-models/ws_moveit2/build/moveit_resources_fanuc_description' returned '0': CMAKE_PREFIX_PATH=/opt/ros/humble /usr/bin/cmake --install /home/manuel/robotic-models/ws_moveit2/build/moveit_resources_fanuc_description
