[0.291s] Invoking command in '/home/manuel/robotic-models/ws_moveit2/build/moveit_resources_panda_description': CMAKE_PREFIX_PATH=/opt/ros/humble /usr/bin/cmake --build /home/manuel/robotic-models/ws_moveit2/build/moveit_resources_panda_description -- -j16 -l16
[0.326s] Invoked command in '/home/manuel/robotic-models/ws_moveit2/build/moveit_resources_panda_description' returned '0': CMAKE_PREFIX_PATH=/opt/ros/humble /usr/bin/cmake --build /home/manuel/robotic-models/ws_moveit2/build/moveit_resources_panda_description -- -j16 -l16
[0.359s] Invoking command in '/home/manuel/robotic-models/ws_moveit2/build/moveit_resources_panda_description': CMAKE_PREFIX_PATH=/opt/ros/humble /usr/bin/cmake --install /home/manuel/robotic-models/ws_moveit2/build/moveit_resources_panda_description
[0.370s] -- Install configuration: "Release"
[0.371s] -- Up-to-date: /home/manuel/robotic-models/ws_moveit2/install/moveit_resources_panda_description/share/ament_index/resource_index/package_run_dependencies/moveit_resources_panda_description
[0.371s] -- Up-to-date: /home/manuel/robotic-models/ws_moveit2/install/moveit_resources_panda_description/share/ament_index/resource_index/parent_prefix_path/moveit_resources_panda_description
[0.382s] -- Up-to-date: /home/manuel/robotic-models/ws_moveit2/install/moveit_resources_panda_description/share/moveit_resources_panda_description/environment/ament_prefix_path.sh
[0.383s] -- Up-to-date: /home/manuel/robotic-models/ws_moveit2/install/moveit_resources_panda_description/share/moveit_resources_panda_description/environment/ament_prefix_path.dsv
[0.385s] -- Up-to-date: /home/manuel/robotic-models/ws_moveit2/install/moveit_resources_panda_description/share/moveit_resources_panda_description/environment/path.sh
[0.385s] -- Up-to-date: /home/manuel/robotic-models/ws_moveit2/install/moveit_resources_panda_description/share/moveit_resources_panda_description/environment/path.dsv
[0.385s] -- Up-to-date: /home/manuel/robotic-models/ws_moveit2/install/moveit_resources_panda_description/share/moveit_resources_panda_description/local_setup.bash
[0.386s] -- Up-to-date: /home/manuel/robotic-models/ws_moveit2/install/moveit_resources_panda_description/share/moveit_resources_panda_description/local_setup.sh
[0.386s] -- Up-to-date: /home/manuel/robotic-models/ws_moveit2/install/moveit_resources_panda_description/share/moveit_resources_panda_description/local_setup.zsh
[0.387s] -- Up-to-date: /home/manuel/robotic-models/ws_moveit2/install/moveit_resources_panda_description/share/moveit_resources_panda_description/local_setup.dsv
[0.387s] -- Up-to-date: /home/manuel/robotic-models/ws_moveit2/install/moveit_resources_panda_description/share/moveit_resources_panda_description/package.dsv
[0.387s] -- Up-to-date: /home/manuel/robotic-models/ws_moveit2/install/moveit_resources_panda_description/share/ament_index/resource_index/packages/moveit_resources_panda_description
[0.388s] -- Up-to-date: /home/manuel/robotic-models/ws_moveit2/install/moveit_resources_panda_description/share/moveit_resources_panda_description/cmake/moveit_resources_panda_descriptionConfig.cmake
[0.388s] -- Up-to-date: /home/manuel/robotic-models/ws_moveit2/install/moveit_resources_panda_description/share/moveit_resources_panda_description/cmake/moveit_resources_panda_descriptionConfig-version.cmake
[0.388s] -- Up-to-date: /home/manuel/robotic-models/ws_moveit2/install/moveit_resources_panda_description/share/moveit_resources_panda_description/package.xml
[0.388s] -- Up-to-date: /home/manuel/robotic-models/ws_moveit2/install/moveit_resources_panda_description/share/moveit_resources_panda_description/meshes
[0.388s] -- Up-to-date: /home/manuel/robotic-models/ws_moveit2/install/moveit_resources_panda_description/share/moveit_resources_panda_description/meshes/visual
[0.388s] -- Up-to-date: /home/manuel/robotic-models/ws_moveit2/install/moveit_resources_panda_description/share/moveit_resources_panda_description/meshes/visual/link1.dae
[0.389s] -- Up-to-date: /home/manuel/robotic-models/ws_moveit2/install/moveit_resources_panda_description/share/moveit_resources_panda_description/meshes/visual/finger.dae
[0.389s] -- Up-to-date: /home/manuel/robotic-models/ws_moveit2/install/moveit_resources_panda_description/share/moveit_resources_panda_description/meshes/visual/link7.dae
[0.389s] -- Up-to-date: /home/manuel/robotic-models/ws_moveit2/install/moveit_resources_panda_description/share/moveit_resources_panda_description/meshes/visual/link0.dae
[0.389s] -- Up-to-date: /home/manuel/robotic-models/ws_moveit2/install/moveit_resources_panda_description/share/moveit_resources_panda_description/meshes/visual/link6.dae
[0.389s] -- Up-to-date: /home/manuel/robotic-models/ws_moveit2/install/moveit_resources_panda_description/share/moveit_resources_panda_description/meshes/visual/link5.dae
[0.390s] -- Up-to-date: /home/manuel/robotic-models/ws_moveit2/install/moveit_resources_panda_description/share/moveit_resources_panda_description/meshes/visual/link4.dae
[0.390s] -- Up-to-date: /home/manuel/robotic-models/ws_moveit2/install/moveit_resources_panda_description/share/moveit_resources_panda_description/meshes/visual/link3.dae
[0.391s] -- Up-to-date: /home/manuel/robotic-models/ws_moveit2/install/moveit_resources_panda_description/share/moveit_resources_panda_description/meshes/visual/link2.dae
[0.391s] -- Up-to-date: /home/manuel/robotic-models/ws_moveit2/install/moveit_resources_panda_description/share/moveit_resources_panda_description/meshes/visual/hand.dae
[0.391s] -- Up-to-date: /home/manuel/robotic-models/ws_moveit2/install/moveit_resources_panda_description/share/moveit_resources_panda_description/meshes/collision
[0.391s] -- Up-to-date: /home/manuel/robotic-models/ws_moveit2/install/moveit_resources_panda_description/share/moveit_resources_panda_description/meshes/collision/link5.stl
[0.391s] -- Up-to-date: /home/manuel/robotic-models/ws_moveit2/install/moveit_resources_panda_description/share/moveit_resources_panda_description/meshes/collision/link2.stl
[0.391s] -- Up-to-date: /home/manuel/robotic-models/ws_moveit2/install/moveit_resources_panda_description/share/moveit_resources_panda_description/meshes/collision/link1.stl
[0.391s] -- Up-to-date: /home/manuel/robotic-models/ws_moveit2/install/moveit_resources_panda_description/share/moveit_resources_panda_description/meshes/collision/hand.stl
[0.392s] -- Up-to-date: /home/manuel/robotic-models/ws_moveit2/install/moveit_resources_panda_description/share/moveit_resources_panda_description/meshes/collision/link4.stl
[0.392s] -- Up-to-date: /home/manuel/robotic-models/ws_moveit2/install/moveit_resources_panda_description/share/moveit_resources_panda_description/meshes/collision/finger.stl
[0.392s] -- Up-to-date: /home/manuel/robotic-models/ws_moveit2/install/moveit_resources_panda_description/share/moveit_resources_panda_description/meshes/collision/link6.stl
[0.392s] -- Up-to-date: /home/manuel/robotic-models/ws_moveit2/install/moveit_resources_panda_description/share/moveit_resources_panda_description/meshes/collision/link0.stl
[0.392s] -- Up-to-date: /home/manuel/robotic-models/ws_moveit2/install/moveit_resources_panda_description/share/moveit_resources_panda_description/meshes/collision/link7.stl
[0.392s] -- Up-to-date: /home/manuel/robotic-models/ws_moveit2/install/moveit_resources_panda_description/share/moveit_resources_panda_description/meshes/collision/link3.stl
[0.392s] -- Up-to-date: /home/manuel/robotic-models/ws_moveit2/install/moveit_resources_panda_description/share/moveit_resources_panda_description/urdf
[0.393s] -- Up-to-date: /home/manuel/robotic-models/ws_moveit2/install/moveit_resources_panda_description/share/moveit_resources_panda_description/urdf/panda.urdf
[0.467s] Invoked command in '/home/manuel/robotic-models/ws_moveit2/build/moveit_resources_panda_description' returned '0': CMAKE_PREFIX_PATH=/opt/ros/humble /usr/bin/cmake --install /home/manuel/robotic-models/ws_moveit2/build/moveit_resources_panda_description
