[0.015s] Invoking command in '/home/manuel/robotic-models/ws_moveit2/build/moveit_ros_control_interface': AMENT_PREFIX_PATH=/home/manuel/robotic-models/ws_moveit2/install/moveit_simple_controller_manager:/home/manuel/robotic-models/ws_moveit2/install/moveit_core:/home/manuel/robotic-models/ws_moveit2/install/srdfdom:/home/manuel/robotic-models/ws_moveit2/install/moveit_common:${AMENT_PREFIX_PATH} CMAKE_PREFIX_PATH=/home/manuel/robotic-models/ws_moveit2/install/moveit_simple_controller_manager:/home/manuel/robotic-models/ws_moveit2/install/moveit_core:/home/manuel/robotic-models/ws_moveit2/install/srdfdom:/home/manuel/robotic-models/ws_moveit2/install/moveit_common:/opt/ros/humble LD_LIBRARY_PATH=/home/manuel/robotic-models/ws_moveit2/install/moveit_simple_controller_manager/lib:/home/manuel/robotic-models/ws_moveit2/install/moveit_core/lib:/home/manuel/robotic-models/ws_moveit2/install/srdfdom/lib:${LD_LIBRARY_PATH} PATH=/home/manuel/robotic-models/ws_moveit2/install/moveit_core/bin:${PATH} PYTHONPATH=/home/manuel/robotic-models/ws_moveit2/install/srdfdom/local/lib/python3.10/dist-packages:${PYTHONPATH} /usr/bin/cmake /home/manuel/robotic-models/ws_moveit2/src/moveit2/moveit_plugins/moveit_ros_control_interface -DCMAKE_BUILD_TYPE=Release -DCMAKE_INSTALL_PREFIX=/home/manuel/robotic-models/ws_moveit2/install/moveit_ros_control_interface
[0.068s] -- The C compiler identification is GNU 11.4.0
[0.126s] -- The CXX compiler identification is GNU 11.4.0
[0.132s] -- Detecting C compiler ABI info
[0.196s] -- Detecting C compiler ABI info - done
[0.204s] -- Check for working C compiler: /usr/bin/cc - skipped
[0.204s] -- Detecting C compile features
[0.205s] -- Detecting C compile features - done
[0.208s] -- Detecting CXX compiler ABI info
[0.283s] -- Detecting CXX compiler ABI info - done
[0.290s] -- Check for working CXX compiler: /usr/bin/c++ - skipped
[0.290s] -- Detecting CXX compile features
[0.291s] -- Detecting CXX compile features - done
[0.293s] -- Found ament_cmake: 1.3.8 (/opt/ros/humble/share/ament_cmake/cmake)
[0.448s] -- Found Python3: /usr/bin/python3 (found version "3.10.12") found components: Interpreter 
[0.552s] -- Found rclcpp_action: 16.0.8 (/opt/ros/humble/share/rclcpp_action/cmake)
[0.606s] -- Found rosidl_generator_c: 3.1.5 (/opt/ros/humble/share/rosidl_generator_c/cmake)
[0.613s] -- Found rosidl_adapter: 3.1.5 (/opt/ros/humble/share/rosidl_adapter/cmake)
[0.621s] -- Found rosidl_generator_cpp: 3.1.5 (/opt/ros/humble/share/rosidl_generator_cpp/cmake)
[0.638s] -- Using all available rosidl_typesupport_c: rosidl_typesupport_fastrtps_c;rosidl_typesupport_introspection_c
[0.664s] -- Using all available rosidl_typesupport_cpp: rosidl_typesupport_fastrtps_cpp;rosidl_typesupport_introspection_cpp
[0.835s] -- Found rmw_implementation_cmake: 6.1.1 (/opt/ros/humble/share/rmw_implementation_cmake/cmake)
[0.838s] -- Found rmw_fastrtps_cpp: 6.2.6 (/opt/ros/humble/share/rmw_fastrtps_cpp/cmake)
[0.942s] -- Found OpenSSL: /usr/lib/x86_64-linux-gnu/libcrypto.so (found version "3.0.2")  
[0.977s] -- Found FastRTPS: /opt/ros/humble/include  
[1.048s] -- Using RMW implementation 'rmw_fastrtps_cpp' as default
[1.060s] -- Looking for pthread.h
[1.131s] -- Looking for pthread.h - found
[1.131s] -- Performing Test CMAKE_HAVE_LIBC_PTHREAD
[1.207s] -- Performing Test CMAKE_HAVE_LIBC_PTHREAD - Success
[1.208s] -- Found Threads: TRUE  
[1.414s] -- Found controller_manager_msgs: 2.40.0 (/opt/ros/humble/share/controller_manager_msgs/cmake)
[1.493s] -- Found moveit_core: 2.5.5 (/home/manuel/robotic-models/ws_moveit2/install/moveit_core/share/moveit_core/cmake)
[1.538s] -- Found Boost: /usr/lib/x86_64-linux-gnu/cmake/Boost-1.74.0/BoostConfig.cmake (found version "1.74.0") found components: chrono date_time filesystem iostreams program_options regex serialization system thread 
[1.594s] -- Found parameter_traits: 0.3.8 (/opt/ros/humble/share/parameter_traits/cmake)
[1.618s] -- Found Eigen3: TRUE (found version "3.4.0") 
[1.621s] -- Found rclcpp_lifecycle: 16.0.8 (/opt/ros/humble/share/rclcpp_lifecycle/cmake)
[1.652s] -- Found Boost: /usr/lib/x86_64-linux-gnu/cmake/Boost-1.74.0/BoostConfig.cmake (found version "1.74.0") found components: filesystem 
[1.799s] -- library: /usr/lib/x86_64-linux-gnu/libcurl.so
[2.162s] -- Ensuring Eigen3 include directory is part of orocos-kdl CMake target
[3.285s] -- Found moveit_simple_controller_manager: 2.5.5 (/home/manuel/robotic-models/ws_moveit2/install/moveit_simple_controller_manager/share/moveit_simple_controller_manager/cmake)
[3.289s] -- Found Boost: /usr/lib/x86_64-linux-gnu/cmake/Boost-1.74.0/BoostConfig.cmake (found version "1.74.0") found components: thread 
[3.751s] -- Found moveit_common: 2.5.5 (/home/manuel/robotic-models/ws_moveit2/install/moveit_common/share/moveit_common/cmake)
[3.823s] -- Found libdw: /usr/lib/x86_64-linux-gnu/libdw.so  
[3.826s] -- Could NOT find libbfd (missing: LIBBFD_LIBRARY LIBBFD_INCLUDE_DIR) 
[3.826s] -- BACKWARD_HAS_UNWIND=1
[3.826s] -- BACKWARD_HAS_BACKTRACE=0
[3.826s] -- BACKWARD_HAS_BACKTRACE_SYMBOL=0
[3.826s] -- BACKWARD_HAS_DW=1
[3.826s] -- BACKWARD_HAS_BFD=0
[3.827s] -- Found Backward: /opt/ros/humble/share/backward_ros/cmake  
[3.832s] -- Found Boost: /usr/lib/x86_64-linux-gnu/cmake/Boost-1.74.0/BoostConfig.cmake (found version "1.74.0") found components: system thread 
[3.857s] -- Found ament_lint_auto: 0.12.10 (/opt/ros/humble/share/ament_lint_auto/cmake)
[3.878s] -- Added test 'cppcheck' to perform static code analysis on C / C++ code
[3.878s] -- Configured cppcheck include dirs: /home/manuel/robotic-models/ws_moveit2/src/moveit2/moveit_plugins/moveit_ros_control_interface/include
[3.878s] -- Configured cppcheck exclude dirs and/or files: 
[3.880s] -- Added test 'lint_cmake' to check CMake code style
[3.881s] -- Added test 'xmllint' to check XML markup files
[3.884s] -- Configuring done
[3.962s] -- Generating done
[3.966s] -- Build files have been written to: /home/manuel/robotic-models/ws_moveit2/build/moveit_ros_control_interface
[3.999s] Invoked command in '/home/manuel/robotic-models/ws_moveit2/build/moveit_ros_control_interface' returned '0': AMENT_PREFIX_PATH=/home/manuel/robotic-models/ws_moveit2/install/moveit_simple_controller_manager:/home/manuel/robotic-models/ws_moveit2/install/moveit_core:/home/manuel/robotic-models/ws_moveit2/install/srdfdom:/home/manuel/robotic-models/ws_moveit2/install/moveit_common:${AMENT_PREFIX_PATH} CMAKE_PREFIX_PATH=/home/manuel/robotic-models/ws_moveit2/install/moveit_simple_controller_manager:/home/manuel/robotic-models/ws_moveit2/install/moveit_core:/home/manuel/robotic-models/ws_moveit2/install/srdfdom:/home/manuel/robotic-models/ws_moveit2/install/moveit_common:/opt/ros/humble LD_LIBRARY_PATH=/home/manuel/robotic-models/ws_moveit2/install/moveit_simple_controller_manager/lib:/home/manuel/robotic-models/ws_moveit2/install/moveit_core/lib:/home/manuel/robotic-models/ws_moveit2/install/srdfdom/lib:${LD_LIBRARY_PATH} PATH=/home/manuel/robotic-models/ws_moveit2/install/moveit_core/bin:${PATH} PYTHONPATH=/home/manuel/robotic-models/ws_moveit2/install/srdfdom/local/lib/python3.10/dist-packages:${PYTHONPATH} /usr/bin/cmake /home/manuel/robotic-models/ws_moveit2/src/moveit2/moveit_plugins/moveit_ros_control_interface -DCMAKE_BUILD_TYPE=Release -DCMAKE_INSTALL_PREFIX=/home/manuel/robotic-models/ws_moveit2/install/moveit_ros_control_interface
[4.001s] Invoking command in '/home/manuel/robotic-models/ws_moveit2/build/moveit_ros_control_interface': AMENT_PREFIX_PATH=/home/manuel/robotic-models/ws_moveit2/install/moveit_simple_controller_manager:/home/manuel/robotic-models/ws_moveit2/install/moveit_core:/home/manuel/robotic-models/ws_moveit2/install/srdfdom:/home/manuel/robotic-models/ws_moveit2/install/moveit_common:${AMENT_PREFIX_PATH} CMAKE_PREFIX_PATH=/home/manuel/robotic-models/ws_moveit2/install/moveit_simple_controller_manager:/home/manuel/robotic-models/ws_moveit2/install/moveit_core:/home/manuel/robotic-models/ws_moveit2/install/srdfdom:/home/manuel/robotic-models/ws_moveit2/install/moveit_common:/opt/ros/humble LD_LIBRARY_PATH=/home/manuel/robotic-models/ws_moveit2/install/moveit_simple_controller_manager/lib:/home/manuel/robotic-models/ws_moveit2/install/moveit_core/lib:/home/manuel/robotic-models/ws_moveit2/install/srdfdom/lib:${LD_LIBRARY_PATH} PATH=/home/manuel/robotic-models/ws_moveit2/install/moveit_core/bin:${PATH} PYTHONPATH=/home/manuel/robotic-models/ws_moveit2/install/srdfdom/local/lib/python3.10/dist-packages:${PYTHONPATH} /usr/bin/cmake --build /home/manuel/robotic-models/ws_moveit2/build/moveit_ros_control_interface -- -j16 -l16
[4.055s] [ 50%] [32mBuilding CXX object CMakeFiles/moveit_ros_control_interface_gripper_plugin.dir/src/gripper_controller_plugin.cpp.o[0m
[4.055s] [ 50%] [32mBuilding CXX object CMakeFiles/moveit_ros_control_interface_trajectory_plugin.dir/src/joint_trajectory_controller_plugin.cpp.o[0m
[4.056s] [ 50%] [32mBuilding CXX object CMakeFiles/moveit_ros_control_interface_plugin.dir/src/controller_manager_plugin.cpp.o[0m
[4.056s] [ 50%] [32mBuilding CXX object CMakeFiles/moveit_ros_control_interface_empty_plugin.dir/src/empty_controller_plugin.cpp.o[0m
[8.142s] [ 62%] [32m[1mLinking CXX shared library libmoveit_ros_control_interface_empty_plugin.so[0m
[8.399s] [ 62%] Built target moveit_ros_control_interface_empty_plugin
[10.241s] [ 75%] [32m[1mLinking CXX shared library libmoveit_ros_control_interface_trajectory_plugin.so[0m
[10.431s] [ 87%] [32m[1mLinking CXX shared library libmoveit_ros_control_interface_gripper_plugin.so[0m
[10.440s] [ 87%] Built target moveit_ros_control_interface_trajectory_plugin
[10.629s] [ 87%] Built target moveit_ros_control_interface_gripper_plugin
[17.795s] [100%] [32m[1mLinking CXX shared library libmoveit_ros_control_interface_plugin.so[0m
[17.979s] [100%] Built target moveit_ros_control_interface_plugin
[17.990s] Invoked command in '/home/manuel/robotic-models/ws_moveit2/build/moveit_ros_control_interface' returned '0': AMENT_PREFIX_PATH=/home/manuel/robotic-models/ws_moveit2/install/moveit_simple_controller_manager:/home/manuel/robotic-models/ws_moveit2/install/moveit_core:/home/manuel/robotic-models/ws_moveit2/install/srdfdom:/home/manuel/robotic-models/ws_moveit2/install/moveit_common:${AMENT_PREFIX_PATH} CMAKE_PREFIX_PATH=/home/manuel/robotic-models/ws_moveit2/install/moveit_simple_controller_manager:/home/manuel/robotic-models/ws_moveit2/install/moveit_core:/home/manuel/robotic-models/ws_moveit2/install/srdfdom:/home/manuel/robotic-models/ws_moveit2/install/moveit_common:/opt/ros/humble LD_LIBRARY_PATH=/home/manuel/robotic-models/ws_moveit2/install/moveit_simple_controller_manager/lib:/home/manuel/robotic-models/ws_moveit2/install/moveit_core/lib:/home/manuel/robotic-models/ws_moveit2/install/srdfdom/lib:${LD_LIBRARY_PATH} PATH=/home/manuel/robotic-models/ws_moveit2/install/moveit_core/bin:${PATH} PYTHONPATH=/home/manuel/robotic-models/ws_moveit2/install/srdfdom/local/lib/python3.10/dist-packages:${PYTHONPATH} /usr/bin/cmake --build /home/manuel/robotic-models/ws_moveit2/build/moveit_ros_control_interface -- -j16 -l16
[18.015s] Invoking command in '/home/manuel/robotic-models/ws_moveit2/build/moveit_ros_control_interface': AMENT_PREFIX_PATH=/home/manuel/robotic-models/ws_moveit2/install/moveit_simple_controller_manager:/home/manuel/robotic-models/ws_moveit2/install/moveit_core:/home/manuel/robotic-models/ws_moveit2/install/srdfdom:/home/manuel/robotic-models/ws_moveit2/install/moveit_common:${AMENT_PREFIX_PATH} CMAKE_PREFIX_PATH=/home/manuel/robotic-models/ws_moveit2/install/moveit_simple_controller_manager:/home/manuel/robotic-models/ws_moveit2/install/moveit_core:/home/manuel/robotic-models/ws_moveit2/install/srdfdom:/home/manuel/robotic-models/ws_moveit2/install/moveit_common:/opt/ros/humble LD_LIBRARY_PATH=/home/manuel/robotic-models/ws_moveit2/install/moveit_simple_controller_manager/lib:/home/manuel/robotic-models/ws_moveit2/install/moveit_core/lib:/home/manuel/robotic-models/ws_moveit2/install/srdfdom/lib:${LD_LIBRARY_PATH} PATH=/home/manuel/robotic-models/ws_moveit2/install/moveit_core/bin:${PATH} PYTHONPATH=/home/manuel/robotic-models/ws_moveit2/install/srdfdom/local/lib/python3.10/dist-packages:${PYTHONPATH} /usr/bin/cmake --install /home/manuel/robotic-models/ws_moveit2/build/moveit_ros_control_interface
[18.021s] -- Install configuration: "Release"
[18.021s] -- Installing: /home/manuel/robotic-models/ws_moveit2/install/moveit_ros_control_interface/lib/libmoveit_ros_control_interface_plugin.so.2.5.5
[18.022s] -- Set runtime path of "/home/manuel/robotic-models/ws_moveit2/install/moveit_ros_control_interface/lib/libmoveit_ros_control_interface_plugin.so.2.5.5" to ""
[18.022s] -- Installing: /home/manuel/robotic-models/ws_moveit2/install/moveit_ros_control_interface/lib/libmoveit_ros_control_interface_plugin.so
[18.022s] -- Installing: /home/manuel/robotic-models/ws_moveit2/install/moveit_ros_control_interface/lib/libmoveit_ros_control_interface_trajectory_plugin.so.2.5.5
[18.023s] -- Set runtime path of "/home/manuel/robotic-models/ws_moveit2/install/moveit_ros_control_interface/lib/libmoveit_ros_control_interface_trajectory_plugin.so.2.5.5" to ""
[18.023s] -- Installing: /home/manuel/robotic-models/ws_moveit2/install/moveit_ros_control_interface/lib/libmoveit_ros_control_interface_trajectory_plugin.so
[18.023s] -- Installing: /home/manuel/robotic-models/ws_moveit2/install/moveit_ros_control_interface/lib/libmoveit_ros_control_interface_gripper_plugin.so.2.5.5
[18.024s] -- Set runtime path of "/home/manuel/robotic-models/ws_moveit2/install/moveit_ros_control_interface/lib/libmoveit_ros_control_interface_gripper_plugin.so.2.5.5" to ""
[18.024s] -- Installing: /home/manuel/robotic-models/ws_moveit2/install/moveit_ros_control_interface/lib/libmoveit_ros_control_interface_gripper_plugin.so
[18.024s] -- Installing: /home/manuel/robotic-models/ws_moveit2/install/moveit_ros_control_interface/lib/libmoveit_ros_control_interface_empty_plugin.so.2.5.5
[18.024s] -- Set runtime path of "/home/manuel/robotic-models/ws_moveit2/install/moveit_ros_control_interface/lib/libmoveit_ros_control_interface_empty_plugin.so.2.5.5" to ""
[18.025s] -- Installing: /home/manuel/robotic-models/ws_moveit2/install/moveit_ros_control_interface/lib/libmoveit_ros_control_interface_empty_plugin.so
[18.025s] -- Installing: /home/manuel/robotic-models/ws_moveit2/install/moveit_ros_control_interface/include
[18.025s] -- Installing: /home/manuel/robotic-models/ws_moveit2/install/moveit_ros_control_interface/include/moveit_ros_control_interface
[18.025s] -- Installing: /home/manuel/robotic-models/ws_moveit2/install/moveit_ros_control_interface/include/moveit_ros_control_interface/ControllerHandle.h
[18.026s] -- Installing: /home/manuel/robotic-models/ws_moveit2/install/moveit_ros_control_interface/share/moveit_ros_control_interface/moveit_core_plugins.xml
[18.026s] -- Installing: /home/manuel/robotic-models/ws_moveit2/install/moveit_ros_control_interface/share/moveit_ros_control_interface/moveit_ros_control_interface_plugins.xml
[18.026s] -- Installing: /home/manuel/robotic-models/ws_moveit2/install/moveit_ros_control_interface/share/moveit_ros_control_interface/environment/library_path.sh
[18.027s] -- Installing: /home/manuel/robotic-models/ws_moveit2/install/moveit_ros_control_interface/share/moveit_ros_control_interface/environment/library_path.dsv
[18.027s] -- Installing: /home/manuel/robotic-models/ws_moveit2/install/moveit_ros_control_interface/share/ament_index/resource_index/package_run_dependencies/moveit_ros_control_interface
[18.028s] -- Installing: /home/manuel/robotic-models/ws_moveit2/install/moveit_ros_control_interface/share/ament_index/resource_index/parent_prefix_path/moveit_ros_control_interface
[18.028s] -- Installing: /home/manuel/robotic-models/ws_moveit2/install/moveit_ros_control_interface/share/moveit_ros_control_interface/environment/ament_prefix_path.sh
[18.028s] -- Installing: /home/manuel/robotic-models/ws_moveit2/install/moveit_ros_control_interface/share/moveit_ros_control_interface/environment/ament_prefix_path.dsv
[18.028s] -- Installing: /home/manuel/robotic-models/ws_moveit2/install/moveit_ros_control_interface/share/moveit_ros_control_interface/environment/path.sh
[18.028s] -- Installing: /home/manuel/robotic-models/ws_moveit2/install/moveit_ros_control_interface/share/moveit_ros_control_interface/environment/path.dsv
[18.028s] -- Installing: /home/manuel/robotic-models/ws_moveit2/install/moveit_ros_control_interface/share/moveit_ros_control_interface/local_setup.bash
[18.028s] -- Installing: /home/manuel/robotic-models/ws_moveit2/install/moveit_ros_control_interface/share/moveit_ros_control_interface/local_setup.sh
[18.029s] -- Installing: /home/manuel/robotic-models/ws_moveit2/install/moveit_ros_control_interface/share/moveit_ros_control_interface/local_setup.zsh
[18.029s] -- Installing: /home/manuel/robotic-models/ws_moveit2/install/moveit_ros_control_interface/share/moveit_ros_control_interface/local_setup.dsv
[18.029s] -- Installing: /home/manuel/robotic-models/ws_moveit2/install/moveit_ros_control_interface/share/moveit_ros_control_interface/package.dsv
[18.029s] -- Installing: /home/manuel/robotic-models/ws_moveit2/install/moveit_ros_control_interface/share/ament_index/resource_index/packages/moveit_ros_control_interface
[18.030s] -- Installing: /home/manuel/robotic-models/ws_moveit2/install/moveit_ros_control_interface/share/ament_index/resource_index/moveit_core__pluginlib__plugin/moveit_ros_control_interface
[18.030s] -- Installing: /home/manuel/robotic-models/ws_moveit2/install/moveit_ros_control_interface/share/ament_index/resource_index/moveit_ros_control_interface__pluginlib__plugin/moveit_ros_control_interface
[18.030s] -- Installing: /home/manuel/robotic-models/ws_moveit2/install/moveit_ros_control_interface/share/moveit_ros_control_interface/cmake/export_moveit_ros_control_interfaceExport.cmake
[18.031s] -- Installing: /home/manuel/robotic-models/ws_moveit2/install/moveit_ros_control_interface/share/moveit_ros_control_interface/cmake/export_moveit_ros_control_interfaceExport-release.cmake
[18.031s] -- Installing: /home/manuel/robotic-models/ws_moveit2/install/moveit_ros_control_interface/share/moveit_ros_control_interface/cmake/ConfigExtras.cmake
[18.031s] -- Installing: /home/manuel/robotic-models/ws_moveit2/install/moveit_ros_control_interface/share/moveit_ros_control_interface/cmake/ament_cmake_export_targets-extras.cmake
[18.031s] -- Installing: /home/manuel/robotic-models/ws_moveit2/install/moveit_ros_control_interface/share/moveit_ros_control_interface/cmake/ament_cmake_export_dependencies-extras.cmake
[18.031s] -- Installing: /home/manuel/robotic-models/ws_moveit2/install/moveit_ros_control_interface/share/moveit_ros_control_interface/cmake/moveit_ros_control_interfaceConfig.cmake
[18.031s] -- Installing: /home/manuel/robotic-models/ws_moveit2/install/moveit_ros_control_interface/share/moveit_ros_control_interface/cmake/moveit_ros_control_interfaceConfig-version.cmake
[18.032s] -- Installing: /home/manuel/robotic-models/ws_moveit2/install/moveit_ros_control_interface/share/moveit_ros_control_interface/package.xml
[18.034s] Invoked command in '/home/manuel/robotic-models/ws_moveit2/build/moveit_ros_control_interface' returned '0': AMENT_PREFIX_PATH=/home/manuel/robotic-models/ws_moveit2/install/moveit_simple_controller_manager:/home/manuel/robotic-models/ws_moveit2/install/moveit_core:/home/manuel/robotic-models/ws_moveit2/install/srdfdom:/home/manuel/robotic-models/ws_moveit2/install/moveit_common:${AMENT_PREFIX_PATH} CMAKE_PREFIX_PATH=/home/manuel/robotic-models/ws_moveit2/install/moveit_simple_controller_manager:/home/manuel/robotic-models/ws_moveit2/install/moveit_core:/home/manuel/robotic-models/ws_moveit2/install/srdfdom:/home/manuel/robotic-models/ws_moveit2/install/moveit_common:/opt/ros/humble LD_LIBRARY_PATH=/home/manuel/robotic-models/ws_moveit2/install/moveit_simple_controller_manager/lib:/home/manuel/robotic-models/ws_moveit2/install/moveit_core/lib:/home/manuel/robotic-models/ws_moveit2/install/srdfdom/lib:${LD_LIBRARY_PATH} PATH=/home/manuel/robotic-models/ws_moveit2/install/moveit_core/bin:${PATH} PYTHONPATH=/home/manuel/robotic-models/ws_moveit2/install/srdfdom/local/lib/python3.10/dist-packages:${PYTHONPATH} /usr/bin/cmake --install /home/manuel/robotic-models/ws_moveit2/build/moveit_ros_control_interface
