[0.011s] Invoking command in '/home/manuel/robotic-models/ws_moveit2/build/moveit_planners_chomp': AMENT_PREFIX_PATH=/home/manuel/robotic-models/ws_moveit2/install/chomp_motion_planner:/home/manuel/robotic-models/ws_moveit2/install/moveit_core:/home/manuel/robotic-models/ws_moveit2/install/srdfdom:/home/manuel/robotic-models/ws_moveit2/install/moveit_common:${AMENT_PREFIX_PATH} CMAKE_PREFIX_PATH=/home/manuel/robotic-models/ws_moveit2/install/chomp_motion_planner:/home/manuel/robotic-models/ws_moveit2/install/moveit_core:/home/manuel/robotic-models/ws_moveit2/install/srdfdom:/home/manuel/robotic-models/ws_moveit2/install/moveit_common:/opt/ros/humble LD_LIBRARY_PATH=/home/manuel/robotic-models/ws_moveit2/install/chomp_motion_planner/lib:/home/manuel/robotic-models/ws_moveit2/install/moveit_core/lib:/home/manuel/robotic-models/ws_moveit2/install/srdfdom/lib:${LD_LIBRARY_PATH} PATH=/home/manuel/robotic-models/ws_moveit2/install/moveit_core/bin:${PATH} PYTHONPATH=/home/manuel/robotic-models/ws_moveit2/install/srdfdom/local/lib/python3.10/dist-packages:${PYTHONPATH} /usr/bin/cmake /home/manuel/robotic-models/ws_moveit2/src/moveit2/moveit_planners/chomp/chomp_interface -DCMAKE_BUILD_TYPE=Release -DCMAKE_INSTALL_PREFIX=/home/manuel/robotic-models/ws_moveit2/install/moveit_planners_chomp
[0.053s] -- The C compiler identification is GNU 11.4.0
[0.098s] -- The CXX compiler identification is GNU 11.4.0
[0.104s] -- Detecting C compiler ABI info
[0.161s] -- Detecting C compiler ABI info - done
[0.166s] -- Check for working C compiler: /usr/bin/cc - skipped
[0.167s] -- Detecting C compile features
[0.167s] -- Detecting C compile features - done
[0.169s] -- Detecting CXX compiler ABI info
[0.232s] -- Detecting CXX compiler ABI info - done
[0.238s] -- Check for working CXX compiler: /usr/bin/c++ - skipped
[0.238s] -- Detecting CXX compile features
[0.238s] -- Detecting CXX compile features - done
[0.239s] -- Found moveit_common: 2.5.5 (/home/manuel/robotic-models/ws_moveit2/install/moveit_common/share/moveit_common/cmake)
[0.241s] -- Found ament_cmake: 1.3.8 (/opt/ros/humble/share/ament_cmake/cmake)
[0.371s] -- Found Python3: /usr/bin/python3 (found version "3.10.12") found components: Interpreter 
[0.527s] -- Found libdw: /usr/lib/x86_64-linux-gnu/libdw.so  
[0.532s] -- Could NOT find libbfd (missing: LIBBFD_LIBRARY LIBBFD_INCLUDE_DIR) 
[0.532s] -- BACKWARD_HAS_UNWIND=1
[0.532s] -- BACKWARD_HAS_BACKTRACE=0
[0.532s] -- BACKWARD_HAS_BACKTRACE_SYMBOL=0
[0.532s] -- BACKWARD_HAS_DW=1
[0.533s] -- BACKWARD_HAS_BFD=0
[0.533s] -- Found Backward: /opt/ros/humble/share/backward_ros/cmake  
[0.533s] -- Found moveit_core: 2.5.5 (/home/manuel/robotic-models/ws_moveit2/install/moveit_core/share/moveit_core/cmake)
[0.770s] -- Found Boost: /usr/lib/x86_64-linux-gnu/cmake/Boost-1.74.0/BoostConfig.cmake (found version "1.74.0") found components: chrono date_time filesystem iostreams program_options regex serialization system thread 
[0.813s] -- Found parameter_traits: 0.3.8 (/opt/ros/humble/share/parameter_traits/cmake)
[0.848s] -- Found rosidl_generator_c: 3.1.5 (/opt/ros/humble/share/rosidl_generator_c/cmake)
[0.852s] -- Found rosidl_adapter: 3.1.5 (/opt/ros/humble/share/rosidl_adapter/cmake)
[0.859s] -- Found rosidl_generator_cpp: 3.1.5 (/opt/ros/humble/share/rosidl_generator_cpp/cmake)
[0.871s] -- Using all available rosidl_typesupport_c: rosidl_typesupport_fastrtps_c;rosidl_typesupport_introspection_c
[0.894s] -- Using all available rosidl_typesupport_cpp: rosidl_typesupport_fastrtps_cpp;rosidl_typesupport_introspection_cpp
[0.977s] -- Found rmw_implementation_cmake: 6.1.1 (/opt/ros/humble/share/rmw_implementation_cmake/cmake)
[0.980s] -- Found rmw_fastrtps_cpp: 6.2.6 (/opt/ros/humble/share/rmw_fastrtps_cpp/cmake)
[1.071s] -- Found OpenSSL: /usr/lib/x86_64-linux-gnu/libcrypto.so (found version "3.0.2")  
[1.102s] -- Found FastRTPS: /opt/ros/humble/include  
[1.148s] -- Using RMW implementation 'rmw_fastrtps_cpp' as default
[1.158s] -- Found Threads: TRUE  
[1.332s] -- Found Eigen3: TRUE (found version "3.4.0") 
[1.336s] -- Found rclcpp_lifecycle: 16.0.8 (/opt/ros/humble/share/rclcpp_lifecycle/cmake)
[1.384s] -- Found Boost: /usr/lib/x86_64-linux-gnu/cmake/Boost-1.74.0/BoostConfig.cmake (found version "1.74.0") found components: filesystem 
[1.511s] -- library: /usr/lib/x86_64-linux-gnu/libcurl.so
[1.822s] -- Ensuring Eigen3 include directory is part of orocos-kdl CMake target
[2.831s] -- Found chomp_motion_planner: 2.5.5 (/home/manuel/robotic-models/ws_moveit2/install/chomp_motion_planner/share/chomp_motion_planner/cmake)
[2.842s] -- Found ament_lint_auto: 0.12.10 (/opt/ros/humble/share/ament_lint_auto/cmake)
[2.856s] -- Added test 'cppcheck' to perform static code analysis on C / C++ code
[2.857s] -- Configured cppcheck include dirs: /home/manuel/robotic-models/ws_moveit2/src/moveit2/moveit_planners/chomp/chomp_interface/include
[2.857s] -- Configured cppcheck exclude dirs and/or files: 
[2.858s] -- Added test 'xmllint' to check XML markup files
[2.860s] -- Configuring done
[2.896s] -- Generating done
[2.898s] -- Build files have been written to: /home/manuel/robotic-models/ws_moveit2/build/moveit_planners_chomp
[2.919s] Invoked command in '/home/manuel/robotic-models/ws_moveit2/build/moveit_planners_chomp' returned '0': AMENT_PREFIX_PATH=/home/manuel/robotic-models/ws_moveit2/install/chomp_motion_planner:/home/manuel/robotic-models/ws_moveit2/install/moveit_core:/home/manuel/robotic-models/ws_moveit2/install/srdfdom:/home/manuel/robotic-models/ws_moveit2/install/moveit_common:${AMENT_PREFIX_PATH} CMAKE_PREFIX_PATH=/home/manuel/robotic-models/ws_moveit2/install/chomp_motion_planner:/home/manuel/robotic-models/ws_moveit2/install/moveit_core:/home/manuel/robotic-models/ws_moveit2/install/srdfdom:/home/manuel/robotic-models/ws_moveit2/install/moveit_common:/opt/ros/humble LD_LIBRARY_PATH=/home/manuel/robotic-models/ws_moveit2/install/chomp_motion_planner/lib:/home/manuel/robotic-models/ws_moveit2/install/moveit_core/lib:/home/manuel/robotic-models/ws_moveit2/install/srdfdom/lib:${LD_LIBRARY_PATH} PATH=/home/manuel/robotic-models/ws_moveit2/install/moveit_core/bin:${PATH} PYTHONPATH=/home/manuel/robotic-models/ws_moveit2/install/srdfdom/local/lib/python3.10/dist-packages:${PYTHONPATH} /usr/bin/cmake /home/manuel/robotic-models/ws_moveit2/src/moveit2/moveit_planners/chomp/chomp_interface -DCMAKE_BUILD_TYPE=Release -DCMAKE_INSTALL_PREFIX=/home/manuel/robotic-models/ws_moveit2/install/moveit_planners_chomp
[2.920s] Invoking command in '/home/manuel/robotic-models/ws_moveit2/build/moveit_planners_chomp': AMENT_PREFIX_PATH=/home/manuel/robotic-models/ws_moveit2/install/chomp_motion_planner:/home/manuel/robotic-models/ws_moveit2/install/moveit_core:/home/manuel/robotic-models/ws_moveit2/install/srdfdom:/home/manuel/robotic-models/ws_moveit2/install/moveit_common:${AMENT_PREFIX_PATH} CMAKE_PREFIX_PATH=/home/manuel/robotic-models/ws_moveit2/install/chomp_motion_planner:/home/manuel/robotic-models/ws_moveit2/install/moveit_core:/home/manuel/robotic-models/ws_moveit2/install/srdfdom:/home/manuel/robotic-models/ws_moveit2/install/moveit_common:/opt/ros/humble LD_LIBRARY_PATH=/home/manuel/robotic-models/ws_moveit2/install/chomp_motion_planner/lib:/home/manuel/robotic-models/ws_moveit2/install/moveit_core/lib:/home/manuel/robotic-models/ws_moveit2/install/srdfdom/lib:${LD_LIBRARY_PATH} PATH=/home/manuel/robotic-models/ws_moveit2/install/moveit_core/bin:${PATH} PYTHONPATH=/home/manuel/robotic-models/ws_moveit2/install/srdfdom/local/lib/python3.10/dist-packages:${PYTHONPATH} /usr/bin/cmake --build /home/manuel/robotic-models/ws_moveit2/build/moveit_planners_chomp -- -j16 -l16
[2.966s] [ 40%] [32mBuilding CXX object CMakeFiles/moveit_chomp_interface.dir/src/chomp_interface.cpp.o[0m
[2.966s] [ 40%] [32mBuilding CXX object CMakeFiles/moveit_chomp_interface.dir/src/chomp_planning_context.cpp.o[0m
[19.251s] [ 60%] [32m[1mLinking CXX shared library libmoveit_chomp_interface.so[0m
[19.610s] [ 60%] Built target moveit_chomp_interface
[19.648s] [ 80%] [32mBuilding CXX object CMakeFiles/moveit_chomp_planner_plugin.dir/src/chomp_plugin.cpp.o[0m
[32.098s] [100%] [32m[1mLinking CXX shared library libmoveit_chomp_planner_plugin.so[0m
[32.250s] [100%] Built target moveit_chomp_planner_plugin
[32.258s] Invoked command in '/home/manuel/robotic-models/ws_moveit2/build/moveit_planners_chomp' returned '0': AMENT_PREFIX_PATH=/home/manuel/robotic-models/ws_moveit2/install/chomp_motion_planner:/home/manuel/robotic-models/ws_moveit2/install/moveit_core:/home/manuel/robotic-models/ws_moveit2/install/srdfdom:/home/manuel/robotic-models/ws_moveit2/install/moveit_common:${AMENT_PREFIX_PATH} CMAKE_PREFIX_PATH=/home/manuel/robotic-models/ws_moveit2/install/chomp_motion_planner:/home/manuel/robotic-models/ws_moveit2/install/moveit_core:/home/manuel/robotic-models/ws_moveit2/install/srdfdom:/home/manuel/robotic-models/ws_moveit2/install/moveit_common:/opt/ros/humble LD_LIBRARY_PATH=/home/manuel/robotic-models/ws_moveit2/install/chomp_motion_planner/lib:/home/manuel/robotic-models/ws_moveit2/install/moveit_core/lib:/home/manuel/robotic-models/ws_moveit2/install/srdfdom/lib:${LD_LIBRARY_PATH} PATH=/home/manuel/robotic-models/ws_moveit2/install/moveit_core/bin:${PATH} PYTHONPATH=/home/manuel/robotic-models/ws_moveit2/install/srdfdom/local/lib/python3.10/dist-packages:${PYTHONPATH} /usr/bin/cmake --build /home/manuel/robotic-models/ws_moveit2/build/moveit_planners_chomp -- -j16 -l16
[32.279s] Invoking command in '/home/manuel/robotic-models/ws_moveit2/build/moveit_planners_chomp': AMENT_PREFIX_PATH=/home/manuel/robotic-models/ws_moveit2/install/chomp_motion_planner:/home/manuel/robotic-models/ws_moveit2/install/moveit_core:/home/manuel/robotic-models/ws_moveit2/install/srdfdom:/home/manuel/robotic-models/ws_moveit2/install/moveit_common:${AMENT_PREFIX_PATH} CMAKE_PREFIX_PATH=/home/manuel/robotic-models/ws_moveit2/install/chomp_motion_planner:/home/manuel/robotic-models/ws_moveit2/install/moveit_core:/home/manuel/robotic-models/ws_moveit2/install/srdfdom:/home/manuel/robotic-models/ws_moveit2/install/moveit_common:/opt/ros/humble LD_LIBRARY_PATH=/home/manuel/robotic-models/ws_moveit2/install/chomp_motion_planner/lib:/home/manuel/robotic-models/ws_moveit2/install/moveit_core/lib:/home/manuel/robotic-models/ws_moveit2/install/srdfdom/lib:${LD_LIBRARY_PATH} PATH=/home/manuel/robotic-models/ws_moveit2/install/moveit_core/bin:${PATH} PYTHONPATH=/home/manuel/robotic-models/ws_moveit2/install/srdfdom/local/lib/python3.10/dist-packages:${PYTHONPATH} /usr/bin/cmake --install /home/manuel/robotic-models/ws_moveit2/build/moveit_planners_chomp
[32.286s] -- Install configuration: "Release"
[32.286s] -- Installing: /home/manuel/robotic-models/ws_moveit2/install/moveit_planners_chomp/lib/libmoveit_chomp_interface.so.2.5.5
[32.287s] -- Set runtime path of "/home/manuel/robotic-models/ws_moveit2/install/moveit_planners_chomp/lib/libmoveit_chomp_interface.so.2.5.5" to ""
[32.287s] -- Installing: /home/manuel/robotic-models/ws_moveit2/install/moveit_planners_chomp/lib/libmoveit_chomp_interface.so
[32.287s] -- Installing: /home/manuel/robotic-models/ws_moveit2/install/moveit_planners_chomp/lib/libmoveit_chomp_planner_plugin.so
[32.287s] -- Set runtime path of "/home/manuel/robotic-models/ws_moveit2/install/moveit_planners_chomp/lib/libmoveit_chomp_planner_plugin.so" to ""
[32.288s] -- Installing: /home/manuel/robotic-models/ws_moveit2/install/moveit_planners_chomp/share/moveit_planners_chomp/environment/library_path.sh
[32.288s] -- Installing: /home/manuel/robotic-models/ws_moveit2/install/moveit_planners_chomp/share/moveit_planners_chomp/environment/library_path.dsv
[32.288s] -- Installing: /home/manuel/robotic-models/ws_moveit2/install/moveit_planners_chomp/share/moveit_planners_chomp/chomp_interface_plugin_description.xml
[32.289s] -- Installing: /home/manuel/robotic-models/ws_moveit2/install/moveit_planners_chomp/share/ament_index/resource_index/package_run_dependencies/moveit_planners_chomp
[32.289s] -- Installing: /home/manuel/robotic-models/ws_moveit2/install/moveit_planners_chomp/share/ament_index/resource_index/parent_prefix_path/moveit_planners_chomp
[32.289s] -- Installing: /home/manuel/robotic-models/ws_moveit2/install/moveit_planners_chomp/share/moveit_planners_chomp/environment/ament_prefix_path.sh
[32.290s] -- Installing: /home/manuel/robotic-models/ws_moveit2/install/moveit_planners_chomp/share/moveit_planners_chomp/environment/ament_prefix_path.dsv
[32.290s] -- Installing: /home/manuel/robotic-models/ws_moveit2/install/moveit_planners_chomp/share/moveit_planners_chomp/environment/path.sh
[32.290s] -- Installing: /home/manuel/robotic-models/ws_moveit2/install/moveit_planners_chomp/share/moveit_planners_chomp/environment/path.dsv
[32.290s] -- Installing: /home/manuel/robotic-models/ws_moveit2/install/moveit_planners_chomp/share/moveit_planners_chomp/local_setup.bash
[32.290s] -- Installing: /home/manuel/robotic-models/ws_moveit2/install/moveit_planners_chomp/share/moveit_planners_chomp/local_setup.sh
[32.290s] -- Installing: /home/manuel/robotic-models/ws_moveit2/install/moveit_planners_chomp/share/moveit_planners_chomp/local_setup.zsh
[32.291s] -- Installing: /home/manuel/robotic-models/ws_moveit2/install/moveit_planners_chomp/share/moveit_planners_chomp/local_setup.dsv
[32.291s] -- Installing: /home/manuel/robotic-models/ws_moveit2/install/moveit_planners_chomp/share/moveit_planners_chomp/package.dsv
[32.291s] -- Installing: /home/manuel/robotic-models/ws_moveit2/install/moveit_planners_chomp/share/ament_index/resource_index/packages/moveit_planners_chomp
[32.291s] -- Installing: /home/manuel/robotic-models/ws_moveit2/install/moveit_planners_chomp/share/ament_index/resource_index/moveit_core__pluginlib__plugin/moveit_planners_chomp
[32.291s] -- Installing: /home/manuel/robotic-models/ws_moveit2/install/moveit_planners_chomp/share/moveit_planners_chomp/cmake/moveit_planners_chompTargetsExport.cmake
[32.291s] -- Installing: /home/manuel/robotic-models/ws_moveit2/install/moveit_planners_chomp/share/moveit_planners_chomp/cmake/moveit_planners_chompTargetsExport-release.cmake
[32.292s] -- Installing: /home/manuel/robotic-models/ws_moveit2/install/moveit_planners_chomp/share/moveit_planners_chomp/cmake/ament_cmake_export_targets-extras.cmake
[32.292s] -- Installing: /home/manuel/robotic-models/ws_moveit2/install/moveit_planners_chomp/share/moveit_planners_chomp/cmake/ament_cmake_export_dependencies-extras.cmake
[32.292s] -- Installing: /home/manuel/robotic-models/ws_moveit2/install/moveit_planners_chomp/share/moveit_planners_chomp/cmake/moveit_planners_chompConfig.cmake
[32.292s] -- Installing: /home/manuel/robotic-models/ws_moveit2/install/moveit_planners_chomp/share/moveit_planners_chomp/cmake/moveit_planners_chompConfig-version.cmake
[32.292s] -- Installing: /home/manuel/robotic-models/ws_moveit2/install/moveit_planners_chomp/share/moveit_planners_chomp/package.xml
[32.295s] Invoked command in '/home/manuel/robotic-models/ws_moveit2/build/moveit_planners_chomp' returned '0': AMENT_PREFIX_PATH=/home/manuel/robotic-models/ws_moveit2/install/chomp_motion_planner:/home/manuel/robotic-models/ws_moveit2/install/moveit_core:/home/manuel/robotic-models/ws_moveit2/install/srdfdom:/home/manuel/robotic-models/ws_moveit2/install/moveit_common:${AMENT_PREFIX_PATH} CMAKE_PREFIX_PATH=/home/manuel/robotic-models/ws_moveit2/install/chomp_motion_planner:/home/manuel/robotic-models/ws_moveit2/install/moveit_core:/home/manuel/robotic-models/ws_moveit2/install/srdfdom:/home/manuel/robotic-models/ws_moveit2/install/moveit_common:/opt/ros/humble LD_LIBRARY_PATH=/home/manuel/robotic-models/ws_moveit2/install/chomp_motion_planner/lib:/home/manuel/robotic-models/ws_moveit2/install/moveit_core/lib:/home/manuel/robotic-models/ws_moveit2/install/srdfdom/lib:${LD_LIBRARY_PATH} PATH=/home/manuel/robotic-models/ws_moveit2/install/moveit_core/bin:${PATH} PYTHONPATH=/home/manuel/robotic-models/ws_moveit2/install/srdfdom/local/lib/python3.10/dist-packages:${PYTHONPATH} /usr/bin/cmake --install /home/manuel/robotic-models/ws_moveit2/build/moveit_planners_chomp
