[0.028s] Invoking command in '/home/manuel/robotic-models/ws_moveit2/build/srdfdom': CMAKE_PREFIX_PATH=/opt/ros/humble /usr/bin/cmake --build /home/manuel/robotic-models/ws_moveit2/build/srdfdom -- -j16 -l16
[0.321s] [35m[1mConsolidate compiler generated dependencies of target gtest_main[0m
[0.323s] [  9%] [32mBuilding CXX object CMakeFiles/srdfdom.dir/src/model.cpp.o[0m
[0.324s] [ 18%] [32mBuilding CXX object CMakeFiles/srdfdom.dir/src/srdf_writer.cpp.o[0m
[0.324s] [ 27%] [32mBuilding CXX object gtest/CMakeFiles/gtest.dir/src/gtest-all.cc.o[0m
[0.325s] [ 27%] Built target ament_cmake_python_copy_srdfdom
[0.325s] [ 45%] Built target gtest_main
[0.325s] running egg_info
[0.325s] writing srdfdom.egg-info/PKG-INFO
[0.325s] writing dependency_links to srdfdom.egg-info/dependency_links.txt
[0.325s] writing top-level names to srdfdom.egg-info/top_level.txt
[0.326s] reading manifest file 'srdfdom.egg-info/SOURCES.txt'
[0.326s] writing manifest file 'srdfdom.egg-info/SOURCES.txt'
[0.348s] [ 45%] Built target ament_cmake_python_build_srdfdom_egg
[3.435s] [ 54%] [32m[1mLinking CXX shared library libsrdfdom.so[0m
[3.543s] [ 54%] Built target srdfdom
[8.603s] [ 63%] [32m[1mLinking CXX static library libgtest.a[0m
[8.829s] [ 63%] Built target gtest
[8.864s] [ 72%] [32mBuilding CXX object CMakeFiles/test_cpp_nl_NL.UTF-8.dir/test/test_parser.cpp.o[0m
[8.912s] [ 81%] [32mBuilding CXX object CMakeFiles/test_cpp_C.dir/test/test_parser.cpp.o[0m
[12.140s] [ 90%] [32m[1mLinking CXX executable test_cpp_C[0m
[12.177s] [100%] [32m[1mLinking CXX executable test_cpp_nl_NL.UTF-8[0m
[12.246s] [100%] Built target test_cpp_C
[12.291s] [100%] Built target test_cpp_nl_NL.UTF-8
[12.303s] Invoked command in '/home/manuel/robotic-models/ws_moveit2/build/srdfdom' returned '0': CMAKE_PREFIX_PATH=/opt/ros/humble /usr/bin/cmake --build /home/manuel/robotic-models/ws_moveit2/build/srdfdom -- -j16 -l16
[12.329s] Invoking command in '/home/manuel/robotic-models/ws_moveit2/build/srdfdom': CMAKE_PREFIX_PATH=/opt/ros/humble /usr/bin/cmake --install /home/manuel/robotic-models/ws_moveit2/build/srdfdom
[12.334s] -- Install configuration: "Release"
[12.335s] -- Installing: /home/manuel/robotic-models/ws_moveit2/install/srdfdom/lib/libsrdfdom.so.2.0.4
[12.335s] -- Set runtime path of "/home/manuel/robotic-models/ws_moveit2/install/srdfdom/lib/libsrdfdom.so.2.0.4" to ""
[12.335s] -- Installing: /home/manuel/robotic-models/ws_moveit2/install/srdfdom/lib/libsrdfdom.so
[12.335s] -- Installing: /home/manuel/robotic-models/ws_moveit2/install/srdfdom/include/srdfdom
[12.336s] -- Installing: /home/manuel/robotic-models/ws_moveit2/install/srdfdom/include/srdfdom/srdf_writer.h
[12.336s] -- Installing: /home/manuel/robotic-models/ws_moveit2/install/srdfdom/include/srdfdom/model.h
[12.336s] -- Installing: /home/manuel/robotic-models/ws_moveit2/install/srdfdom/include/srdfdom/visibility_control.h
[12.336s] -- Installing: /home/manuel/robotic-models/ws_moveit2/install/srdfdom/lib/srdfdom/display_srdf
[12.337s] -- Installing: /home/manuel/robotic-models/ws_moveit2/install/srdfdom/share/srdfdom/environment/pythonpath.sh
[12.337s] -- Installing: /home/manuel/robotic-models/ws_moveit2/install/srdfdom/share/srdfdom/environment/pythonpath.dsv
[12.337s] -- Installing: /home/manuel/robotic-models/ws_moveit2/install/srdfdom/local/lib/python3.10/dist-packages/srdfdom-2.0.4-py3.10.egg-info
[12.338s] -- Installing: /home/manuel/robotic-models/ws_moveit2/install/srdfdom/local/lib/python3.10/dist-packages/srdfdom-2.0.4-py3.10.egg-info/dependency_links.txt
[12.338s] -- Installing: /home/manuel/robotic-models/ws_moveit2/install/srdfdom/local/lib/python3.10/dist-packages/srdfdom-2.0.4-py3.10.egg-info/top_level.txt
[12.338s] -- Installing: /home/manuel/robotic-models/ws_moveit2/install/srdfdom/local/lib/python3.10/dist-packages/srdfdom-2.0.4-py3.10.egg-info/PKG-INFO
[12.338s] -- Installing: /home/manuel/robotic-models/ws_moveit2/install/srdfdom/local/lib/python3.10/dist-packages/srdfdom-2.0.4-py3.10.egg-info/SOURCES.txt
[12.338s] -- Installing: /home/manuel/robotic-models/ws_moveit2/install/srdfdom/local/lib/python3.10/dist-packages/srdfdom
[12.338s] -- Installing: /home/manuel/robotic-models/ws_moveit2/install/srdfdom/local/lib/python3.10/dist-packages/srdfdom/__init__.py
[12.338s] -- Installing: /home/manuel/robotic-models/ws_moveit2/install/srdfdom/local/lib/python3.10/dist-packages/srdfdom/srdf.py
[12.364s] Listing '/home/manuel/robotic-models/ws_moveit2/install/srdfdom/local/lib/python3.10/dist-packages/srdfdom'...
[12.364s] Compiling '/home/manuel/robotic-models/ws_moveit2/install/srdfdom/local/lib/python3.10/dist-packages/srdfdom/__init__.py'...
[12.364s] Compiling '/home/manuel/robotic-models/ws_moveit2/install/srdfdom/local/lib/python3.10/dist-packages/srdfdom/srdf.py'...
[12.372s] -- Installing: /home/manuel/robotic-models/ws_moveit2/install/srdfdom/share/srdfdom/environment/library_path.sh
[12.372s] -- Installing: /home/manuel/robotic-models/ws_moveit2/install/srdfdom/share/srdfdom/environment/library_path.dsv
[12.373s] -- Installing: /home/manuel/robotic-models/ws_moveit2/install/srdfdom/share/ament_index/resource_index/package_run_dependencies/srdfdom
[12.373s] -- Installing: /home/manuel/robotic-models/ws_moveit2/install/srdfdom/share/ament_index/resource_index/parent_prefix_path/srdfdom
[12.373s] -- Installing: /home/manuel/robotic-models/ws_moveit2/install/srdfdom/share/srdfdom/environment/ament_prefix_path.sh
[12.373s] -- Installing: /home/manuel/robotic-models/ws_moveit2/install/srdfdom/share/srdfdom/environment/ament_prefix_path.dsv
[12.374s] -- Installing: /home/manuel/robotic-models/ws_moveit2/install/srdfdom/share/srdfdom/environment/path.sh
[12.374s] -- Installing: /home/manuel/robotic-models/ws_moveit2/install/srdfdom/share/srdfdom/environment/path.dsv
[12.374s] -- Installing: /home/manuel/robotic-models/ws_moveit2/install/srdfdom/share/srdfdom/local_setup.bash
[12.374s] -- Installing: /home/manuel/robotic-models/ws_moveit2/install/srdfdom/share/srdfdom/local_setup.sh
[12.374s] -- Installing: /home/manuel/robotic-models/ws_moveit2/install/srdfdom/share/srdfdom/local_setup.zsh
[12.374s] -- Installing: /home/manuel/robotic-models/ws_moveit2/install/srdfdom/share/srdfdom/local_setup.dsv
[12.375s] -- Installing: /home/manuel/robotic-models/ws_moveit2/install/srdfdom/share/srdfdom/package.dsv
[12.375s] -- Installing: /home/manuel/robotic-models/ws_moveit2/install/srdfdom/share/ament_index/resource_index/packages/srdfdom
[12.375s] -- Installing: /home/manuel/robotic-models/ws_moveit2/install/srdfdom/share/srdfdom/cmake/srdfdomTargetsExport.cmake
[12.376s] -- Installing: /home/manuel/robotic-models/ws_moveit2/install/srdfdom/share/srdfdom/cmake/srdfdomTargetsExport-release.cmake
[12.376s] -- Installing: /home/manuel/robotic-models/ws_moveit2/install/srdfdom/share/srdfdom/cmake/ament_cmake_export_targets-extras.cmake
[12.376s] -- Installing: /home/manuel/robotic-models/ws_moveit2/install/srdfdom/share/srdfdom/cmake/ament_cmake_export_dependencies-extras.cmake
[12.376s] -- Installing: /home/manuel/robotic-models/ws_moveit2/install/srdfdom/share/srdfdom/cmake/srdfdomConfig.cmake
[12.376s] -- Installing: /home/manuel/robotic-models/ws_moveit2/install/srdfdom/share/srdfdom/cmake/srdfdomConfig-version.cmake
[12.376s] -- Installing: /home/manuel/robotic-models/ws_moveit2/install/srdfdom/share/srdfdom/package.xml
[12.380s] Invoked command in '/home/manuel/robotic-models/ws_moveit2/build/srdfdom' returned '0': CMAKE_PREFIX_PATH=/opt/ros/humble /usr/bin/cmake --install /home/manuel/robotic-models/ws_moveit2/build/srdfdom
