[0.034s] Invoking command in '/home/manuel/robotic-models/ws_moveit2/build/moveit_task_constructor_visualization': AMENT_PREFIX_PATH=/home/manuel/robotic-models/ws_moveit2/install/moveit_task_constructor_core:/home/manuel/robotic-models/ws_moveit2/install/moveit_ros_visualization:/home/manuel/robotic-models/ws_moveit2/install/moveit_ros_planning_interface:/home/manuel/robotic-models/ws_moveit2/install/moveit_ros_move_group:/home/manuel/robotic-models/ws_moveit2/install/moveit_ros_warehouse:/home/manuel/robotic-models/ws_moveit2/install/moveit_ros_robot_interaction:/home/manuel/robotic-models/ws_moveit2/install/moveit_kinematics:/home/manuel/robotic-models/ws_moveit2/install/moveit_ros_planning:/home/manuel/robotic-models/ws_moveit2/install/moveit_ros_occupancy_map_monitor:/home/manuel/robotic-models/ws_moveit2/install/moveit_core:/home/manuel/robotic-models/ws_moveit2/install/rviz_marker_tools:/home/manuel/robotic-models/ws_moveit2/install/srdfdom:/home/manuel/robotic-models/ws_moveit2/install/moveit_task_constructor_msgs:/home/manuel/robotic-models/ws_moveit2/install/moveit_common:${AMENT_PREFIX_PATH} CMAKE_PREFIX_PATH=/home/manuel/robotic-models/ws_moveit2/install/moveit_task_constructor_core:/home/manuel/robotic-models/ws_moveit2/install/moveit_ros_visualization:/home/manuel/robotic-models/ws_moveit2/install/moveit_ros_planning_interface:/home/manuel/robotic-models/ws_moveit2/install/moveit_ros_move_group:/home/manuel/robotic-models/ws_moveit2/install/moveit_ros_warehouse:/home/manuel/robotic-models/ws_moveit2/install/moveit_ros_robot_interaction:/home/manuel/robotic-models/ws_moveit2/install/moveit_kinematics:/home/manuel/robotic-models/ws_moveit2/install/moveit_ros_planning:/home/manuel/robotic-models/ws_moveit2/install/moveit_ros_occupancy_map_monitor:/home/manuel/robotic-models/ws_moveit2/install/moveit_core:/home/manuel/robotic-models/ws_moveit2/install/rviz_marker_tools:/home/manuel/robotic-models/ws_moveit2/install/srdfdom:/home/manuel/robotic-models/ws_moveit2/install/moveit_task_constructor_msgs:/home/manuel/robotic-models/ws_moveit2/install/moveit_common:/opt/ros/humble LD_LIBRARY_PATH=/home/manuel/robotic-models/ws_moveit2/install/moveit_task_constructor_core/lib:/home/manuel/robotic-models/ws_moveit2/install/moveit_ros_visualization/lib:/home/manuel/robotic-models/ws_moveit2/install/moveit_ros_planning_interface/lib:/home/manuel/robotic-models/ws_moveit2/install/moveit_ros_move_group/lib:/home/manuel/robotic-models/ws_moveit2/install/moveit_ros_warehouse/lib:/home/manuel/robotic-models/ws_moveit2/install/moveit_ros_robot_interaction/lib:/home/manuel/robotic-models/ws_moveit2/install/moveit_kinematics/lib:/home/manuel/robotic-models/ws_moveit2/install/moveit_ros_planning/lib:/home/manuel/robotic-models/ws_moveit2/install/moveit_ros_occupancy_map_monitor/lib:/home/manuel/robotic-models/ws_moveit2/install/moveit_core/lib:/home/manuel/robotic-models/ws_moveit2/install/rviz_marker_tools/lib:/home/manuel/robotic-models/ws_moveit2/install/srdfdom/lib:/home/manuel/robotic-models/ws_moveit2/install/moveit_task_constructor_msgs/lib:${LD_LIBRARY_PATH} PATH=/home/manuel/robotic-models/ws_moveit2/install/moveit_core/bin:${PATH} PYTHONPATH=/home/manuel/robotic-models/ws_moveit2/install/moveit_task_constructor_core/local/lib/python3.10/dist-packages:/home/manuel/robotic-models/ws_moveit2/install/srdfdom/local/lib/python3.10/dist-packages:/home/manuel/robotic-models/ws_moveit2/install/moveit_task_constructor_msgs/local/lib/python3.10/dist-packages:${PYTHONPATH} /usr/bin/cmake --build /home/manuel/robotic-models/ws_moveit2/build/moveit_task_constructor_visualization -- -j16 -l16
[0.105s] [  1%] [34m[1mAutomatic MOC for target moveit_task_visualization_tools[0m
[0.126s] [  1%] Built target moveit_task_visualization_tools_autogen
[0.152s] [  3%] [34m[1mAutomatic MOC for target gmock[0m
[0.173s] [  3%] Built target gmock_autogen
[0.196s] [35m[1mConsolidate compiler generated dependencies of target moveit_task_visualization_tools[0m
[0.253s] [ 12%] Built target moveit_task_visualization_tools
[0.271s] [35m[1mConsolidate compiler generated dependencies of target gmock[0m
[0.290s] [ 18%] Built target gmock
[0.316s] [ 20%] [34m[1mAutomatic MOC for target gmock_main[0m
[0.336s] [ 20%] Built target gmock_main_autogen
[0.358s] [ 21%] [34m[1mAutomatic MOC for target gtest[0m
[0.376s] [ 21%] Built target gtest_autogen
[0.393s] [35m[1mConsolidate compiler generated dependencies of target gmock_main[0m
[0.408s] [ 26%] Built target gmock_main
[0.424s] [35m[1mConsolidate compiler generated dependencies of target gtest[0m
[0.444s] [ 30%] Built target gtest
[0.466s] [ 32%] [34m[1mAutomatic MOC for target gtest_main[0m
[0.483s] [ 32%] Built target gtest_main_autogen
[0.510s] [ 33%] [34m[1mAutomatic MOC for target motion_planning_tasks_properties[0m
[0.532s] [ 33%] Built target motion_planning_tasks_properties_autogen
[0.546s] [35m[1mConsolidate compiler generated dependencies of target gtest_main[0m
[0.559s] [ 38%] Built target gtest_main
[0.575s] [35m[1mConsolidate compiler generated dependencies of target motion_planning_tasks_properties[0m
[0.595s] [ 44%] Built target motion_planning_tasks_properties
[0.613s] [ 46%] [34m[1mAutomatic MOC for target motion_planning_tasks_utils[0m
[0.639s] [ 46%] Built target motion_planning_tasks_utils_autogen
[0.654s] [35m[1mConsolidate compiler generated dependencies of target motion_planning_tasks_utils[0m
[0.671s] [ 53%] Built target motion_planning_tasks_utils
[0.693s] [ 55%] [34m[1mAutomatic MOC for target motion_planning_tasks_rviz_plugin[0m
[0.724s] [ 55%] Built target motion_planning_tasks_rviz_plugin_autogen
[0.743s] [ 56%] [34m[1mAutomatic MOC for target moveit_task_constructor_visualization-test-merge-models[0m
[0.768s] [ 56%] Built target moveit_task_constructor_visualization-test-merge-models_autogen
[0.788s] [35m[1mConsolidate compiler generated dependencies of target motion_planning_tasks_rviz_plugin[0m
[0.820s] [ 58%] [32mBuilding CXX object motion_planning_tasks/src/CMakeFiles/motion_planning_tasks_rviz_plugin.dir/motion_planning_tasks_rviz_plugin_autogen/mocs_compilation.cpp.o[0m
[10.518s] [ 60%] [32mBuilding CXX object motion_planning_tasks/src/CMakeFiles/motion_planning_tasks_rviz_plugin.dir/task_panel.cpp.o[0m
[29.359s] [ 61%] [32mBuilding CXX object motion_planning_tasks/src/CMakeFiles/motion_planning_tasks_rviz_plugin.dir/task_list_model.cpp.o[0m
[29.377s] [ 63%] [32mBuilding CXX object motion_planning_tasks/src/CMakeFiles/motion_planning_tasks_rviz_plugin.dir/task_display.cpp.o[0m
[29.403s] [ 64%] [32mBuilding CXX object motion_planning_tasks/src/CMakeFiles/motion_planning_tasks_rviz_plugin.dir/remote_task_model.cpp.o[0m
[97.091s] [ 66%] [32mBuilding CXX object motion_planning_tasks/src/CMakeFiles/motion_planning_tasks_rviz_plugin.dir/plugin_init.cpp.o[0m
[107.890s] [ 67%] [32mBuilding CXX object motion_planning_tasks/src/CMakeFiles/motion_planning_tasks_rviz_plugin.dir/meta_task_list_model.cpp.o[0m
[117.728s] [ 69%] [32m[1mLinking CXX shared library libmotion_planning_tasks_rviz_plugin.so[0m
[122.475s] [ 83%] Built target motion_planning_tasks_rviz_plugin
[122.497s] [35m[1mConsolidate compiler generated dependencies of target moveit_task_constructor_visualization-test-merge-models[0m
[122.507s] [ 86%] [34m[1mAutomatic MOC for target moveit_task_constructor_visualization-test-solution-models[0m
[122.507s] [ 86%] [34m[1mAutomatic MOC for target moveit_task_constructor_visualization-test-task_model[0m
[122.516s] [ 90%] Built target moveit_task_constructor_visualization-test-merge-models
[122.544s] [ 90%] Built target moveit_task_constructor_visualization-test-task_model_autogen
[122.546s] [ 90%] Built target moveit_task_constructor_visualization-test-solution-models_autogen
[122.576s] [ 96%] [32mBuilding CXX object motion_planning_tasks/test/CMakeFiles/moveit_task_constructor_visualization-test-task_model.dir/moveit_task_constructor_visualization-test-task_model_autogen/mocs_compilation.cpp.o[0m
[122.576s] [ 96%] [32mBuilding CXX object motion_planning_tasks/test/CMakeFiles/moveit_task_constructor_visualization-test-solution-models.dir/moveit_task_constructor_visualization-test-solution-models_autogen/mocs_compilation.cpp.o[0m
[122.576s] [ 96%] [32mBuilding CXX object motion_planning_tasks/test/CMakeFiles/moveit_task_constructor_visualization-test-solution-models.dir/test_solution_models.cpp.o[0m
[122.576s] [ 96%] [32mBuilding CXX object motion_planning_tasks/test/CMakeFiles/moveit_task_constructor_visualization-test-task_model.dir/test_task_model.cpp.o[0m
[132.744s] [ 98%] [32m[1mLinking CXX executable moveit_task_constructor_visualization-test-solution-models[0m
[133.662s] [100%] [32m[1mLinking CXX executable moveit_task_constructor_visualization-test-task_model[0m
[134.202s] [100%] Built target moveit_task_constructor_visualization-test-solution-models
[134.981s] [100%] Built target moveit_task_constructor_visualization-test-task_model
[135.063s] Invoked command in '/home/manuel/robotic-models/ws_moveit2/build/moveit_task_constructor_visualization' returned '0': AMENT_PREFIX_PATH=/home/manuel/robotic-models/ws_moveit2/install/moveit_task_constructor_core:/home/manuel/robotic-models/ws_moveit2/install/moveit_ros_visualization:/home/manuel/robotic-models/ws_moveit2/install/moveit_ros_planning_interface:/home/manuel/robotic-models/ws_moveit2/install/moveit_ros_move_group:/home/manuel/robotic-models/ws_moveit2/install/moveit_ros_warehouse:/home/manuel/robotic-models/ws_moveit2/install/moveit_ros_robot_interaction:/home/manuel/robotic-models/ws_moveit2/install/moveit_kinematics:/home/manuel/robotic-models/ws_moveit2/install/moveit_ros_planning:/home/manuel/robotic-models/ws_moveit2/install/moveit_ros_occupancy_map_monitor:/home/manuel/robotic-models/ws_moveit2/install/moveit_core:/home/manuel/robotic-models/ws_moveit2/install/rviz_marker_tools:/home/manuel/robotic-models/ws_moveit2/install/srdfdom:/home/manuel/robotic-models/ws_moveit2/install/moveit_task_constructor_msgs:/home/manuel/robotic-models/ws_moveit2/install/moveit_common:${AMENT_PREFIX_PATH} CMAKE_PREFIX_PATH=/home/manuel/robotic-models/ws_moveit2/install/moveit_task_constructor_core:/home/manuel/robotic-models/ws_moveit2/install/moveit_ros_visualization:/home/manuel/robotic-models/ws_moveit2/install/moveit_ros_planning_interface:/home/manuel/robotic-models/ws_moveit2/install/moveit_ros_move_group:/home/manuel/robotic-models/ws_moveit2/install/moveit_ros_warehouse:/home/manuel/robotic-models/ws_moveit2/install/moveit_ros_robot_interaction:/home/manuel/robotic-models/ws_moveit2/install/moveit_kinematics:/home/manuel/robotic-models/ws_moveit2/install/moveit_ros_planning:/home/manuel/robotic-models/ws_moveit2/install/moveit_ros_occupancy_map_monitor:/home/manuel/robotic-models/ws_moveit2/install/moveit_core:/home/manuel/robotic-models/ws_moveit2/install/rviz_marker_tools:/home/manuel/robotic-models/ws_moveit2/install/srdfdom:/home/manuel/robotic-models/ws_moveit2/install/moveit_task_constructor_msgs:/home/manuel/robotic-models/ws_moveit2/install/moveit_common:/opt/ros/humble LD_LIBRARY_PATH=/home/manuel/robotic-models/ws_moveit2/install/moveit_task_constructor_core/lib:/home/manuel/robotic-models/ws_moveit2/install/moveit_ros_visualization/lib:/home/manuel/robotic-models/ws_moveit2/install/moveit_ros_planning_interface/lib:/home/manuel/robotic-models/ws_moveit2/install/moveit_ros_move_group/lib:/home/manuel/robotic-models/ws_moveit2/install/moveit_ros_warehouse/lib:/home/manuel/robotic-models/ws_moveit2/install/moveit_ros_robot_interaction/lib:/home/manuel/robotic-models/ws_moveit2/install/moveit_kinematics/lib:/home/manuel/robotic-models/ws_moveit2/install/moveit_ros_planning/lib:/home/manuel/robotic-models/ws_moveit2/install/moveit_ros_occupancy_map_monitor/lib:/home/manuel/robotic-models/ws_moveit2/install/moveit_core/lib:/home/manuel/robotic-models/ws_moveit2/install/rviz_marker_tools/lib:/home/manuel/robotic-models/ws_moveit2/install/srdfdom/lib:/home/manuel/robotic-models/ws_moveit2/install/moveit_task_constructor_msgs/lib:${LD_LIBRARY_PATH} PATH=/home/manuel/robotic-models/ws_moveit2/install/moveit_core/bin:${PATH} PYTHONPATH=/home/manuel/robotic-models/ws_moveit2/install/moveit_task_constructor_core/local/lib/python3.10/dist-packages:/home/manuel/robotic-models/ws_moveit2/install/srdfdom/local/lib/python3.10/dist-packages:/home/manuel/robotic-models/ws_moveit2/install/moveit_task_constructor_msgs/local/lib/python3.10/dist-packages:${PYTHONPATH} /usr/bin/cmake --build /home/manuel/robotic-models/ws_moveit2/build/moveit_task_constructor_visualization -- -j16 -l16
[135.108s] Invoking command in '/home/manuel/robotic-models/ws_moveit2/build/moveit_task_constructor_visualization': AMENT_PREFIX_PATH=/home/manuel/robotic-models/ws_moveit2/install/moveit_task_constructor_core:/home/manuel/robotic-models/ws_moveit2/install/moveit_ros_visualization:/home/manuel/robotic-models/ws_moveit2/install/moveit_ros_planning_interface:/home/manuel/robotic-models/ws_moveit2/install/moveit_ros_move_group:/home/manuel/robotic-models/ws_moveit2/install/moveit_ros_warehouse:/home/manuel/robotic-models/ws_moveit2/install/moveit_ros_robot_interaction:/home/manuel/robotic-models/ws_moveit2/install/moveit_kinematics:/home/manuel/robotic-models/ws_moveit2/install/moveit_ros_planning:/home/manuel/robotic-models/ws_moveit2/install/moveit_ros_occupancy_map_monitor:/home/manuel/robotic-models/ws_moveit2/install/moveit_core:/home/manuel/robotic-models/ws_moveit2/install/rviz_marker_tools:/home/manuel/robotic-models/ws_moveit2/install/srdfdom:/home/manuel/robotic-models/ws_moveit2/install/moveit_task_constructor_msgs:/home/manuel/robotic-models/ws_moveit2/install/moveit_common:${AMENT_PREFIX_PATH} CMAKE_PREFIX_PATH=/home/manuel/robotic-models/ws_moveit2/install/moveit_task_constructor_core:/home/manuel/robotic-models/ws_moveit2/install/moveit_ros_visualization:/home/manuel/robotic-models/ws_moveit2/install/moveit_ros_planning_interface:/home/manuel/robotic-models/ws_moveit2/install/moveit_ros_move_group:/home/manuel/robotic-models/ws_moveit2/install/moveit_ros_warehouse:/home/manuel/robotic-models/ws_moveit2/install/moveit_ros_robot_interaction:/home/manuel/robotic-models/ws_moveit2/install/moveit_kinematics:/home/manuel/robotic-models/ws_moveit2/install/moveit_ros_planning:/home/manuel/robotic-models/ws_moveit2/install/moveit_ros_occupancy_map_monitor:/home/manuel/robotic-models/ws_moveit2/install/moveit_core:/home/manuel/robotic-models/ws_moveit2/install/rviz_marker_tools:/home/manuel/robotic-models/ws_moveit2/install/srdfdom:/home/manuel/robotic-models/ws_moveit2/install/moveit_task_constructor_msgs:/home/manuel/robotic-models/ws_moveit2/install/moveit_common:/opt/ros/humble LD_LIBRARY_PATH=/home/manuel/robotic-models/ws_moveit2/install/moveit_task_constructor_core/lib:/home/manuel/robotic-models/ws_moveit2/install/moveit_ros_visualization/lib:/home/manuel/robotic-models/ws_moveit2/install/moveit_ros_planning_interface/lib:/home/manuel/robotic-models/ws_moveit2/install/moveit_ros_move_group/lib:/home/manuel/robotic-models/ws_moveit2/install/moveit_ros_warehouse/lib:/home/manuel/robotic-models/ws_moveit2/install/moveit_ros_robot_interaction/lib:/home/manuel/robotic-models/ws_moveit2/install/moveit_kinematics/lib:/home/manuel/robotic-models/ws_moveit2/install/moveit_ros_planning/lib:/home/manuel/robotic-models/ws_moveit2/install/moveit_ros_occupancy_map_monitor/lib:/home/manuel/robotic-models/ws_moveit2/install/moveit_core/lib:/home/manuel/robotic-models/ws_moveit2/install/rviz_marker_tools/lib:/home/manuel/robotic-models/ws_moveit2/install/srdfdom/lib:/home/manuel/robotic-models/ws_moveit2/install/moveit_task_constructor_msgs/lib:${LD_LIBRARY_PATH} PATH=/home/manuel/robotic-models/ws_moveit2/install/moveit_core/bin:${PATH} PYTHONPATH=/home/manuel/robotic-models/ws_moveit2/install/moveit_task_constructor_core/local/lib/python3.10/dist-packages:/home/manuel/robotic-models/ws_moveit2/install/srdfdom/local/lib/python3.10/dist-packages:/home/manuel/robotic-models/ws_moveit2/install/moveit_task_constructor_msgs/local/lib/python3.10/dist-packages:${PYTHONPATH} /usr/bin/cmake --install /home/manuel/robotic-models/ws_moveit2/build/moveit_task_constructor_visualization
[135.119s] -- Install configuration: "Release"
[135.119s] -- Installing: /home/manuel/robotic-models/ws_moveit2/install/moveit_task_constructor_visualization/share/icons
[135.120s] -- Installing: /home/manuel/robotic-models/ws_moveit2/install/moveit_task_constructor_visualization/share/icons/classes
[135.121s] -- Installing: /home/manuel/robotic-models/ws_moveit2/install/moveit_task_constructor_visualization/share/icons/classes/Motion Planning Tasks.svg
[135.122s] -- Installing: /home/manuel/robotic-models/ws_moveit2/install/moveit_task_constructor_visualization/share/moveit_task_constructor_visualization/motion_planning_tasks_rviz_plugin_description.xml
[135.123s] -- Installing: /home/manuel/robotic-models/ws_moveit2/install/moveit_task_constructor_visualization/share/moveit_task_constructor_visualization/environment/library_path.sh
[135.123s] -- Installing: /home/manuel/robotic-models/ws_moveit2/install/moveit_task_constructor_visualization/share/moveit_task_constructor_visualization/environment/library_path.dsv
[135.126s] -- Installing: /home/manuel/robotic-models/ws_moveit2/install/moveit_task_constructor_visualization/share/ament_index/resource_index/package_run_dependencies/moveit_task_constructor_visualization
[135.127s] -- Installing: /home/manuel/robotic-models/ws_moveit2/install/moveit_task_constructor_visualization/share/ament_index/resource_index/parent_prefix_path/moveit_task_constructor_visualization
[135.128s] -- Installing: /home/manuel/robotic-models/ws_moveit2/install/moveit_task_constructor_visualization/share/moveit_task_constructor_visualization/environment/ament_prefix_path.sh
[135.128s] -- Installing: /home/manuel/robotic-models/ws_moveit2/install/moveit_task_constructor_visualization/share/moveit_task_constructor_visualization/environment/ament_prefix_path.dsv
[135.128s] -- Installing: /home/manuel/robotic-models/ws_moveit2/install/moveit_task_constructor_visualization/share/moveit_task_constructor_visualization/environment/path.sh
[135.129s] -- Installing: /home/manuel/robotic-models/ws_moveit2/install/moveit_task_constructor_visualization/share/moveit_task_constructor_visualization/environment/path.dsv
[135.129s] -- Installing: /home/manuel/robotic-models/ws_moveit2/install/moveit_task_constructor_visualization/share/moveit_task_constructor_visualization/local_setup.bash
[135.130s] -- Installing: /home/manuel/robotic-models/ws_moveit2/install/moveit_task_constructor_visualization/share/moveit_task_constructor_visualization/local_setup.sh
[135.130s] -- Installing: /home/manuel/robotic-models/ws_moveit2/install/moveit_task_constructor_visualization/share/moveit_task_constructor_visualization/local_setup.zsh
[135.130s] -- Installing: /home/manuel/robotic-models/ws_moveit2/install/moveit_task_constructor_visualization/share/moveit_task_constructor_visualization/local_setup.dsv
[135.131s] -- Installing: /home/manuel/robotic-models/ws_moveit2/install/moveit_task_constructor_visualization/share/moveit_task_constructor_visualization/package.dsv
[135.132s] -- Installing: /home/manuel/robotic-models/ws_moveit2/install/moveit_task_constructor_visualization/share/ament_index/resource_index/packages/moveit_task_constructor_visualization
[135.133s] -- Installing: /home/manuel/robotic-models/ws_moveit2/install/moveit_task_constructor_visualization/share/ament_index/resource_index/rviz_common__pluginlib__plugin/moveit_task_constructor_visualization
[135.134s] -- Installing: /home/manuel/robotic-models/ws_moveit2/install/moveit_task_constructor_visualization/share/moveit_task_constructor_visualization/cmake/ament_cmake_export_include_directories-extras.cmake
[135.135s] -- Installing: /home/manuel/robotic-models/ws_moveit2/install/moveit_task_constructor_visualization/share/moveit_task_constructor_visualization/cmake/ament_cmake_export_libraries-extras.cmake
[135.136s] -- Installing: /home/manuel/robotic-models/ws_moveit2/install/moveit_task_constructor_visualization/share/moveit_task_constructor_visualization/cmake/ament_cmake_export_dependencies-extras.cmake
[135.136s] -- Installing: /home/manuel/robotic-models/ws_moveit2/install/moveit_task_constructor_visualization/share/moveit_task_constructor_visualization/cmake/moveit_task_constructor_visualizationConfig.cmake
[135.136s] -- Installing: /home/manuel/robotic-models/ws_moveit2/install/moveit_task_constructor_visualization/share/moveit_task_constructor_visualization/cmake/moveit_task_constructor_visualizationConfig-version.cmake
[135.137s] -- Installing: /home/manuel/robotic-models/ws_moveit2/install/moveit_task_constructor_visualization/share/moveit_task_constructor_visualization/package.xml
[135.138s] -- Installing: /home/manuel/robotic-models/ws_moveit2/install/moveit_task_constructor_visualization/include
[135.138s] -- Installing: /home/manuel/robotic-models/ws_moveit2/install/moveit_task_constructor_visualization/include/moveit
[135.139s] -- Installing: /home/manuel/robotic-models/ws_moveit2/install/moveit_task_constructor_visualization/include/moveit/visualization_tools
[135.139s] -- Installing: /home/manuel/robotic-models/ws_moveit2/install/moveit_task_constructor_visualization/include/moveit/visualization_tools/marker_visualization.h
[135.140s] -- Installing: /home/manuel/robotic-models/ws_moveit2/install/moveit_task_constructor_visualization/include/moveit/visualization_tools/task_solution_panel.h
[135.140s] -- Installing: /home/manuel/robotic-models/ws_moveit2/install/moveit_task_constructor_visualization/include/moveit/visualization_tools/display_solution.h
[135.140s] -- Installing: /home/manuel/robotic-models/ws_moveit2/install/moveit_task_constructor_visualization/include/moveit/visualization_tools/task_solution_visualization.h
[135.141s] -- Installing: /home/manuel/robotic-models/ws_moveit2/install/moveit_task_constructor_visualization/lib/libmoveit_task_visualization_tools.so.0.1.3
[135.144s] -- Set runtime path of "/home/manuel/robotic-models/ws_moveit2/install/moveit_task_constructor_visualization/lib/libmoveit_task_visualization_tools.so.0.1.3" to ""
[135.145s] -- Installing: /home/manuel/robotic-models/ws_moveit2/install/moveit_task_constructor_visualization/lib/libmoveit_task_visualization_tools.so
[135.146s] -- Installing: /home/manuel/robotic-models/ws_moveit2/install/moveit_task_constructor_visualization/lib/libmotion_planning_tasks_utils.so
[135.148s] -- Installing: /home/manuel/robotic-models/ws_moveit2/install/moveit_task_constructor_visualization/lib/libmotion_planning_tasks_properties.so
[135.148s] -- Set runtime path of "/home/manuel/robotic-models/ws_moveit2/install/moveit_task_constructor_visualization/lib/libmotion_planning_tasks_properties.so" to ""
[135.149s] -- Installing: /home/manuel/robotic-models/ws_moveit2/install/moveit_task_constructor_visualization/lib/libmotion_planning_tasks_rviz_plugin.so.0.1.3
[135.155s] -- Set runtime path of "/home/manuel/robotic-models/ws_moveit2/install/moveit_task_constructor_visualization/lib/libmotion_planning_tasks_rviz_plugin.so.0.1.3" to ""
[135.155s] -- Installing: /home/manuel/robotic-models/ws_moveit2/install/moveit_task_constructor_visualization/lib/libmotion_planning_tasks_rviz_plugin.so
[135.160s] Invoked command in '/home/manuel/robotic-models/ws_moveit2/build/moveit_task_constructor_visualization' returned '0': AMENT_PREFIX_PATH=/home/manuel/robotic-models/ws_moveit2/install/moveit_task_constructor_core:/home/manuel/robotic-models/ws_moveit2/install/moveit_ros_visualization:/home/manuel/robotic-models/ws_moveit2/install/moveit_ros_planning_interface:/home/manuel/robotic-models/ws_moveit2/install/moveit_ros_move_group:/home/manuel/robotic-models/ws_moveit2/install/moveit_ros_warehouse:/home/manuel/robotic-models/ws_moveit2/install/moveit_ros_robot_interaction:/home/manuel/robotic-models/ws_moveit2/install/moveit_kinematics:/home/manuel/robotic-models/ws_moveit2/install/moveit_ros_planning:/home/manuel/robotic-models/ws_moveit2/install/moveit_ros_occupancy_map_monitor:/home/manuel/robotic-models/ws_moveit2/install/moveit_core:/home/manuel/robotic-models/ws_moveit2/install/rviz_marker_tools:/home/manuel/robotic-models/ws_moveit2/install/srdfdom:/home/manuel/robotic-models/ws_moveit2/install/moveit_task_constructor_msgs:/home/manuel/robotic-models/ws_moveit2/install/moveit_common:${AMENT_PREFIX_PATH} CMAKE_PREFIX_PATH=/home/manuel/robotic-models/ws_moveit2/install/moveit_task_constructor_core:/home/manuel/robotic-models/ws_moveit2/install/moveit_ros_visualization:/home/manuel/robotic-models/ws_moveit2/install/moveit_ros_planning_interface:/home/manuel/robotic-models/ws_moveit2/install/moveit_ros_move_group:/home/manuel/robotic-models/ws_moveit2/install/moveit_ros_warehouse:/home/manuel/robotic-models/ws_moveit2/install/moveit_ros_robot_interaction:/home/manuel/robotic-models/ws_moveit2/install/moveit_kinematics:/home/manuel/robotic-models/ws_moveit2/install/moveit_ros_planning:/home/manuel/robotic-models/ws_moveit2/install/moveit_ros_occupancy_map_monitor:/home/manuel/robotic-models/ws_moveit2/install/moveit_core:/home/manuel/robotic-models/ws_moveit2/install/rviz_marker_tools:/home/manuel/robotic-models/ws_moveit2/install/srdfdom:/home/manuel/robotic-models/ws_moveit2/install/moveit_task_constructor_msgs:/home/manuel/robotic-models/ws_moveit2/install/moveit_common:/opt/ros/humble LD_LIBRARY_PATH=/home/manuel/robotic-models/ws_moveit2/install/moveit_task_constructor_core/lib:/home/manuel/robotic-models/ws_moveit2/install/moveit_ros_visualization/lib:/home/manuel/robotic-models/ws_moveit2/install/moveit_ros_planning_interface/lib:/home/manuel/robotic-models/ws_moveit2/install/moveit_ros_move_group/lib:/home/manuel/robotic-models/ws_moveit2/install/moveit_ros_warehouse/lib:/home/manuel/robotic-models/ws_moveit2/install/moveit_ros_robot_interaction/lib:/home/manuel/robotic-models/ws_moveit2/install/moveit_kinematics/lib:/home/manuel/robotic-models/ws_moveit2/install/moveit_ros_planning/lib:/home/manuel/robotic-models/ws_moveit2/install/moveit_ros_occupancy_map_monitor/lib:/home/manuel/robotic-models/ws_moveit2/install/moveit_core/lib:/home/manuel/robotic-models/ws_moveit2/install/rviz_marker_tools/lib:/home/manuel/robotic-models/ws_moveit2/install/srdfdom/lib:/home/manuel/robotic-models/ws_moveit2/install/moveit_task_constructor_msgs/lib:${LD_LIBRARY_PATH} PATH=/home/manuel/robotic-models/ws_moveit2/install/moveit_core/bin:${PATH} PYTHONPATH=/home/manuel/robotic-models/ws_moveit2/install/moveit_task_constructor_core/local/lib/python3.10/dist-packages:/home/manuel/robotic-models/ws_moveit2/install/srdfdom/local/lib/python3.10/dist-packages:/home/manuel/robotic-models/ws_moveit2/install/moveit_task_constructor_msgs/local/lib/python3.10/dist-packages:${PYTHONPATH} /usr/bin/cmake --install /home/manuel/robotic-models/ws_moveit2/build/moveit_task_constructor_visualization
