[0.022s] Invoking command in '/home/manuel/robotic-models/ws_moveit2/build/moveit_ros_warehouse': AMENT_PREFIX_PATH=/home/manuel/robotic-models/ws_moveit2/install/moveit_ros_planning:/home/manuel/robotic-models/ws_moveit2/install/moveit_ros_occupancy_map_monitor:/home/manuel/robotic-models/ws_moveit2/install/moveit_core:/home/manuel/robotic-models/ws_moveit2/install/srdfdom:/home/manuel/robotic-models/ws_moveit2/install/moveit_common:${AMENT_PREFIX_PATH} CMAKE_PREFIX_PATH=/home/manuel/robotic-models/ws_moveit2/install/moveit_ros_planning:/home/manuel/robotic-models/ws_moveit2/install/moveit_ros_occupancy_map_monitor:/home/manuel/robotic-models/ws_moveit2/install/moveit_core:/home/manuel/robotic-models/ws_moveit2/install/srdfdom:/home/manuel/robotic-models/ws_moveit2/install/moveit_common:/opt/ros/humble LD_LIBRARY_PATH=/home/manuel/robotic-models/ws_moveit2/install/moveit_ros_planning/lib:/home/manuel/robotic-models/ws_moveit2/install/moveit_ros_occupancy_map_monitor/lib:/home/manuel/robotic-models/ws_moveit2/install/moveit_core/lib:/home/manuel/robotic-models/ws_moveit2/install/srdfdom/lib:${LD_LIBRARY_PATH} PATH=/home/manuel/robotic-models/ws_moveit2/install/moveit_core/bin:${PATH} PYTHONPATH=/home/manuel/robotic-models/ws_moveit2/install/srdfdom/local/lib/python3.10/dist-packages:${PYTHONPATH} /usr/bin/cmake --build /home/manuel/robotic-models/ws_moveit2/build/moveit_ros_warehouse -- -j16 -l16
[0.089s] [35m[1mConsolidate compiler generated dependencies of target moveit_warehouse[0m
[0.143s] [ 40%] Built target moveit_warehouse
[0.161s] [35m[1mConsolidate compiler generated dependencies of target moveit_warehouse_broadcast[0m
[0.162s] [35m[1mConsolidate compiler generated dependencies of target moveit_warehouse_import_from_text[0m
[0.162s] [35m[1mConsolidate compiler generated dependencies of target moveit_init_demo_warehouse[0m
[0.163s] [35m[1mConsolidate compiler generated dependencies of target moveit_warehouse_save_as_text[0m
[0.165s] [35m[1mConsolidate compiler generated dependencies of target moveit_warehouse_services[0m
[0.165s] [35m[1mConsolidate compiler generated dependencies of target moveit_save_to_warehouse[0m
[0.193s] [ 50%] Built target moveit_warehouse_services
[0.194s] [ 60%] Built target moveit_warehouse_broadcast
[0.200s] [ 70%] Built target moveit_warehouse_save_as_text
[0.200s] [ 90%] Built target moveit_warehouse_import_from_text
[0.200s] [ 90%] Built target moveit_init_demo_warehouse
[0.201s] [100%] Built target moveit_save_to_warehouse
[0.212s] Invoked command in '/home/manuel/robotic-models/ws_moveit2/build/moveit_ros_warehouse' returned '0': AMENT_PREFIX_PATH=/home/manuel/robotic-models/ws_moveit2/install/moveit_ros_planning:/home/manuel/robotic-models/ws_moveit2/install/moveit_ros_occupancy_map_monitor:/home/manuel/robotic-models/ws_moveit2/install/moveit_core:/home/manuel/robotic-models/ws_moveit2/install/srdfdom:/home/manuel/robotic-models/ws_moveit2/install/moveit_common:${AMENT_PREFIX_PATH} CMAKE_PREFIX_PATH=/home/manuel/robotic-models/ws_moveit2/install/moveit_ros_planning:/home/manuel/robotic-models/ws_moveit2/install/moveit_ros_occupancy_map_monitor:/home/manuel/robotic-models/ws_moveit2/install/moveit_core:/home/manuel/robotic-models/ws_moveit2/install/srdfdom:/home/manuel/robotic-models/ws_moveit2/install/moveit_common:/opt/ros/humble LD_LIBRARY_PATH=/home/manuel/robotic-models/ws_moveit2/install/moveit_ros_planning/lib:/home/manuel/robotic-models/ws_moveit2/install/moveit_ros_occupancy_map_monitor/lib:/home/manuel/robotic-models/ws_moveit2/install/moveit_core/lib:/home/manuel/robotic-models/ws_moveit2/install/srdfdom/lib:${LD_LIBRARY_PATH} PATH=/home/manuel/robotic-models/ws_moveit2/install/moveit_core/bin:${PATH} PYTHONPATH=/home/manuel/robotic-models/ws_moveit2/install/srdfdom/local/lib/python3.10/dist-packages:${PYTHONPATH} /usr/bin/cmake --build /home/manuel/robotic-models/ws_moveit2/build/moveit_ros_warehouse -- -j16 -l16
[0.269s] Invoking command in '/home/manuel/robotic-models/ws_moveit2/build/moveit_ros_warehouse': AMENT_PREFIX_PATH=/home/manuel/robotic-models/ws_moveit2/install/moveit_ros_planning:/home/manuel/robotic-models/ws_moveit2/install/moveit_ros_occupancy_map_monitor:/home/manuel/robotic-models/ws_moveit2/install/moveit_core:/home/manuel/robotic-models/ws_moveit2/install/srdfdom:/home/manuel/robotic-models/ws_moveit2/install/moveit_common:${AMENT_PREFIX_PATH} CMAKE_PREFIX_PATH=/home/manuel/robotic-models/ws_moveit2/install/moveit_ros_planning:/home/manuel/robotic-models/ws_moveit2/install/moveit_ros_occupancy_map_monitor:/home/manuel/robotic-models/ws_moveit2/install/moveit_core:/home/manuel/robotic-models/ws_moveit2/install/srdfdom:/home/manuel/robotic-models/ws_moveit2/install/moveit_common:/opt/ros/humble LD_LIBRARY_PATH=/home/manuel/robotic-models/ws_moveit2/install/moveit_ros_planning/lib:/home/manuel/robotic-models/ws_moveit2/install/moveit_ros_occupancy_map_monitor/lib:/home/manuel/robotic-models/ws_moveit2/install/moveit_core/lib:/home/manuel/robotic-models/ws_moveit2/install/srdfdom/lib:${LD_LIBRARY_PATH} PATH=/home/manuel/robotic-models/ws_moveit2/install/moveit_core/bin:${PATH} PYTHONPATH=/home/manuel/robotic-models/ws_moveit2/install/srdfdom/local/lib/python3.10/dist-packages:${PYTHONPATH} /usr/bin/cmake --install /home/manuel/robotic-models/ws_moveit2/build/moveit_ros_warehouse
[0.274s] -- Install configuration: "Release"
[0.275s] -- Up-to-date: /home/manuel/robotic-models/ws_moveit2/install/moveit_ros_warehouse/lib/moveit_ros_warehouse/moveit_save_to_warehouse
[0.276s] -- Up-to-date: /home/manuel/robotic-models/ws_moveit2/install/moveit_ros_warehouse/lib/moveit_ros_warehouse/moveit_warehouse_broadcast
[0.278s] -- Up-to-date: /home/manuel/robotic-models/ws_moveit2/install/moveit_ros_warehouse/lib/moveit_ros_warehouse/moveit_warehouse_import_from_text
[0.279s] -- Up-to-date: /home/manuel/robotic-models/ws_moveit2/install/moveit_ros_warehouse/lib/moveit_ros_warehouse/moveit_warehouse_save_as_text
[0.280s] -- Up-to-date: /home/manuel/robotic-models/ws_moveit2/install/moveit_ros_warehouse/lib/moveit_ros_warehouse/moveit_init_demo_warehouse
[0.281s] -- Up-to-date: /home/manuel/robotic-models/ws_moveit2/install/moveit_ros_warehouse/lib/moveit_ros_warehouse/moveit_warehouse_services
[0.282s] -- Up-to-date: /home/manuel/robotic-models/ws_moveit2/install/moveit_ros_warehouse/include
[0.282s] -- Up-to-date: /home/manuel/robotic-models/ws_moveit2/install/moveit_ros_warehouse/include/moveit
[0.282s] -- Up-to-date: /home/manuel/robotic-models/ws_moveit2/install/moveit_ros_warehouse/include/moveit/warehouse
[0.282s] -- Up-to-date: /home/manuel/robotic-models/ws_moveit2/install/moveit_ros_warehouse/include/moveit/warehouse/moveit_message_storage.h
[0.282s] -- Up-to-date: /home/manuel/robotic-models/ws_moveit2/install/moveit_ros_warehouse/include/moveit/warehouse/planning_scene_world_storage.h
[0.282s] -- Up-to-date: /home/manuel/robotic-models/ws_moveit2/install/moveit_ros_warehouse/include/moveit/warehouse/planning_scene_storage.h
[0.282s] -- Up-to-date: /home/manuel/robotic-models/ws_moveit2/install/moveit_ros_warehouse/include/moveit/warehouse/state_storage.h
[0.283s] -- Up-to-date: /home/manuel/robotic-models/ws_moveit2/install/moveit_ros_warehouse/include/moveit/warehouse/constraints_storage.h
[0.283s] -- Up-to-date: /home/manuel/robotic-models/ws_moveit2/install/moveit_ros_warehouse/include/moveit/warehouse/trajectory_constraints_storage.h
[0.283s] -- Up-to-date: /home/manuel/robotic-models/ws_moveit2/install/moveit_ros_warehouse/include/moveit/warehouse/warehouse_connector.h
[0.283s] -- Up-to-date: /home/manuel/robotic-models/ws_moveit2/install/moveit_ros_warehouse/include/moveit_warehouse_export.h
[0.285s] -- Up-to-date: /home/manuel/robotic-models/ws_moveit2/install/moveit_ros_warehouse/lib/libmoveit_warehouse.so.2.5.5
[0.285s] -- Up-to-date: /home/manuel/robotic-models/ws_moveit2/install/moveit_ros_warehouse/lib/libmoveit_warehouse.so
[0.286s] -- Up-to-date: /home/manuel/robotic-models/ws_moveit2/install/moveit_ros_warehouse/share/moveit_ros_warehouse/environment/library_path.sh
[0.286s] -- Up-to-date: /home/manuel/robotic-models/ws_moveit2/install/moveit_ros_warehouse/share/moveit_ros_warehouse/environment/library_path.dsv
[0.286s] -- Up-to-date: /home/manuel/robotic-models/ws_moveit2/install/moveit_ros_warehouse/share/ament_index/resource_index/package_run_dependencies/moveit_ros_warehouse
[0.287s] -- Up-to-date: /home/manuel/robotic-models/ws_moveit2/install/moveit_ros_warehouse/share/ament_index/resource_index/parent_prefix_path/moveit_ros_warehouse
[0.287s] -- Up-to-date: /home/manuel/robotic-models/ws_moveit2/install/moveit_ros_warehouse/share/moveit_ros_warehouse/environment/ament_prefix_path.sh
[0.287s] -- Up-to-date: /home/manuel/robotic-models/ws_moveit2/install/moveit_ros_warehouse/share/moveit_ros_warehouse/environment/ament_prefix_path.dsv
[0.288s] -- Up-to-date: /home/manuel/robotic-models/ws_moveit2/install/moveit_ros_warehouse/share/moveit_ros_warehouse/environment/path.sh
[0.288s] -- Up-to-date: /home/manuel/robotic-models/ws_moveit2/install/moveit_ros_warehouse/share/moveit_ros_warehouse/environment/path.dsv
[0.288s] -- Up-to-date: /home/manuel/robotic-models/ws_moveit2/install/moveit_ros_warehouse/share/moveit_ros_warehouse/local_setup.bash
[0.288s] -- Up-to-date: /home/manuel/robotic-models/ws_moveit2/install/moveit_ros_warehouse/share/moveit_ros_warehouse/local_setup.sh
[0.288s] -- Up-to-date: /home/manuel/robotic-models/ws_moveit2/install/moveit_ros_warehouse/share/moveit_ros_warehouse/local_setup.zsh
[0.288s] -- Up-to-date: /home/manuel/robotic-models/ws_moveit2/install/moveit_ros_warehouse/share/moveit_ros_warehouse/local_setup.dsv
[0.288s] -- Installing: /home/manuel/robotic-models/ws_moveit2/install/moveit_ros_warehouse/share/moveit_ros_warehouse/package.dsv
[0.289s] -- Up-to-date: /home/manuel/robotic-models/ws_moveit2/install/moveit_ros_warehouse/share/ament_index/resource_index/packages/moveit_ros_warehouse
[0.289s] -- Up-to-date: /home/manuel/robotic-models/ws_moveit2/install/moveit_ros_warehouse/share/moveit_ros_warehouse/cmake/export_moveit_ros_warehouseExport.cmake
[0.289s] -- Up-to-date: /home/manuel/robotic-models/ws_moveit2/install/moveit_ros_warehouse/share/moveit_ros_warehouse/cmake/export_moveit_ros_warehouseExport-release.cmake
[0.289s] -- Up-to-date: /home/manuel/robotic-models/ws_moveit2/install/moveit_ros_warehouse/share/moveit_ros_warehouse/cmake/ConfigExtras.cmake
[0.290s] -- Up-to-date: /home/manuel/robotic-models/ws_moveit2/install/moveit_ros_warehouse/share/moveit_ros_warehouse/cmake/ament_cmake_export_targets-extras.cmake
[0.290s] -- Up-to-date: /home/manuel/robotic-models/ws_moveit2/install/moveit_ros_warehouse/share/moveit_ros_warehouse/cmake/ament_cmake_export_dependencies-extras.cmake
[0.290s] -- Up-to-date: /home/manuel/robotic-models/ws_moveit2/install/moveit_ros_warehouse/share/moveit_ros_warehouse/cmake/moveit_ros_warehouseConfig.cmake
[0.290s] -- Up-to-date: /home/manuel/robotic-models/ws_moveit2/install/moveit_ros_warehouse/share/moveit_ros_warehouse/cmake/moveit_ros_warehouseConfig-version.cmake
[0.290s] -- Up-to-date: /home/manuel/robotic-models/ws_moveit2/install/moveit_ros_warehouse/share/moveit_ros_warehouse/package.xml
[0.298s] Invoked command in '/home/manuel/robotic-models/ws_moveit2/build/moveit_ros_warehouse' returned '0': AMENT_PREFIX_PATH=/home/manuel/robotic-models/ws_moveit2/install/moveit_ros_planning:/home/manuel/robotic-models/ws_moveit2/install/moveit_ros_occupancy_map_monitor:/home/manuel/robotic-models/ws_moveit2/install/moveit_core:/home/manuel/robotic-models/ws_moveit2/install/srdfdom:/home/manuel/robotic-models/ws_moveit2/install/moveit_common:${AMENT_PREFIX_PATH} CMAKE_PREFIX_PATH=/home/manuel/robotic-models/ws_moveit2/install/moveit_ros_planning:/home/manuel/robotic-models/ws_moveit2/install/moveit_ros_occupancy_map_monitor:/home/manuel/robotic-models/ws_moveit2/install/moveit_core:/home/manuel/robotic-models/ws_moveit2/install/srdfdom:/home/manuel/robotic-models/ws_moveit2/install/moveit_common:/opt/ros/humble LD_LIBRARY_PATH=/home/manuel/robotic-models/ws_moveit2/install/moveit_ros_planning/lib:/home/manuel/robotic-models/ws_moveit2/install/moveit_ros_occupancy_map_monitor/lib:/home/manuel/robotic-models/ws_moveit2/install/moveit_core/lib:/home/manuel/robotic-models/ws_moveit2/install/srdfdom/lib:${LD_LIBRARY_PATH} PATH=/home/manuel/robotic-models/ws_moveit2/install/moveit_core/bin:${PATH} PYTHONPATH=/home/manuel/robotic-models/ws_moveit2/install/srdfdom/local/lib/python3.10/dist-packages:${PYTHONPATH} /usr/bin/cmake --install /home/manuel/robotic-models/ws_moveit2/build/moveit_ros_warehouse
