[0.302s] Invoking command in '/home/manuel/robotic-models/ws_moveit2/build/rosparam_shortcuts': CMAKE_PREFIX_PATH=/opt/ros/humble /usr/bin/cmake --build /home/manuel/robotic-models/ws_moveit2/build/rosparam_shortcuts -- -j16 -l16
[0.339s] [35m[1mConsolidate compiler generated dependencies of target gtest_main[0m
[0.350s] [ 15%] [32mBuilding CXX object CMakeFiles/rosparam_shortcuts.dir/src/node_parameters.cpp.o[0m
[0.350s] [ 23%] [32mBuilding CXX object CMakeFiles/rosparam_shortcuts.dir/src/rosparam_shortcuts.cpp.o[0m
[0.351s] [ 23%] [32mBuilding CXX object gtest/CMakeFiles/gtest.dir/src/gtest-all.cc.o[0m
[0.370s] [ 38%] Built target gtest_main
[9.271s] [ 46%] [32m[1mLinking CXX shared library librosparam_shortcuts.so[0m
[9.647s] [ 46%] Built target rosparam_shortcuts
[9.677s] [ 53%] [32mBuilding CXX object CMakeFiles/rosparam_shortcuts_example.dir/src/example.cpp.o[0m
[9.677s] [ 61%] [32mBuilding CXX object CMakeFiles/rosparam_shortcuts_node_parameters_example.dir/src/node_parameters_example.cpp.o[0m
[9.860s] [ 69%] [32m[1mLinking CXX static library libgtest.a[0m
[9.921s] [ 69%] Built target gtest
[9.937s] [ 76%] [32mBuilding CXX object CMakeFiles/test_node_parameters.dir/test/test_node_parameters.cpp.o[0m
[14.569s] [ 84%] [32m[1mLinking CXX executable example[0m
[14.590s] [ 92%] [32m[1mLinking CXX executable node_parameters_example[0m
[14.752s] [ 92%] Built target rosparam_shortcuts_example
[14.769s] [ 92%] Built target rosparam_shortcuts_node_parameters_example
[16.206s] [100%] [32m[1mLinking CXX executable test_node_parameters[0m
[16.319s] [100%] Built target test_node_parameters
[16.329s] Invoked command in '/home/manuel/robotic-models/ws_moveit2/build/rosparam_shortcuts' returned '0': CMAKE_PREFIX_PATH=/opt/ros/humble /usr/bin/cmake --build /home/manuel/robotic-models/ws_moveit2/build/rosparam_shortcuts -- -j16 -l16
[16.354s] Invoking command in '/home/manuel/robotic-models/ws_moveit2/build/rosparam_shortcuts': CMAKE_PREFIX_PATH=/opt/ros/humble /usr/bin/cmake --install /home/manuel/robotic-models/ws_moveit2/build/rosparam_shortcuts
[16.358s] -- Install configuration: "Release"
[16.359s] -- Installing: /home/manuel/robotic-models/ws_moveit2/install/rosparam_shortcuts/lib/librosparam_shortcuts.so
[16.359s] -- Set runtime path of "/home/manuel/robotic-models/ws_moveit2/install/rosparam_shortcuts/lib/librosparam_shortcuts.so" to ""
[16.359s] -- Installing: /home/manuel/robotic-models/ws_moveit2/install/rosparam_shortcuts/lib/rosparam_shortcuts/example
[16.360s] -- Set runtime path of "/home/manuel/robotic-models/ws_moveit2/install/rosparam_shortcuts/lib/rosparam_shortcuts/example" to ""
[16.360s] -- Installing: /home/manuel/robotic-models/ws_moveit2/install/rosparam_shortcuts/lib/rosparam_shortcuts/node_parameters_example
[16.360s] -- Set runtime path of "/home/manuel/robotic-models/ws_moveit2/install/rosparam_shortcuts/lib/rosparam_shortcuts/node_parameters_example" to ""
[16.360s] -- Installing: /home/manuel/robotic-models/ws_moveit2/install/rosparam_shortcuts/include
[16.360s] -- Installing: /home/manuel/robotic-models/ws_moveit2/install/rosparam_shortcuts/include/rosparam_shortcuts
[16.360s] -- Installing: /home/manuel/robotic-models/ws_moveit2/install/rosparam_shortcuts/include/rosparam_shortcuts/node_parameters.h
[16.360s] -- Installing: /home/manuel/robotic-models/ws_moveit2/install/rosparam_shortcuts/include/rosparam_shortcuts/rosparam_shortcuts.h
[16.361s] -- Installing: /home/manuel/robotic-models/ws_moveit2/install/rosparam_shortcuts/share/rosparam_shortcuts/launch
[16.361s] -- Installing: /home/manuel/robotic-models/ws_moveit2/install/rosparam_shortcuts/share/rosparam_shortcuts/launch/example.launch.py
[16.361s] -- Installing: /home/manuel/robotic-models/ws_moveit2/install/rosparam_shortcuts/share/rosparam_shortcuts/config
[16.361s] -- Installing: /home/manuel/robotic-models/ws_moveit2/install/rosparam_shortcuts/share/rosparam_shortcuts/config/example.yaml
[16.361s] -- Installing: /home/manuel/robotic-models/ws_moveit2/install/rosparam_shortcuts/share/rosparam_shortcuts/environment/library_path.sh
[16.362s] -- Installing: /home/manuel/robotic-models/ws_moveit2/install/rosparam_shortcuts/share/rosparam_shortcuts/environment/library_path.dsv
[16.362s] -- Installing: /home/manuel/robotic-models/ws_moveit2/install/rosparam_shortcuts/share/ament_index/resource_index/package_run_dependencies/rosparam_shortcuts
[16.362s] -- Installing: /home/manuel/robotic-models/ws_moveit2/install/rosparam_shortcuts/share/ament_index/resource_index/parent_prefix_path/rosparam_shortcuts
[16.362s] -- Installing: /home/manuel/robotic-models/ws_moveit2/install/rosparam_shortcuts/share/rosparam_shortcuts/environment/ament_prefix_path.sh
[16.363s] -- Installing: /home/manuel/robotic-models/ws_moveit2/install/rosparam_shortcuts/share/rosparam_shortcuts/environment/ament_prefix_path.dsv
[16.363s] -- Installing: /home/manuel/robotic-models/ws_moveit2/install/rosparam_shortcuts/share/rosparam_shortcuts/environment/path.sh
[16.363s] -- Installing: /home/manuel/robotic-models/ws_moveit2/install/rosparam_shortcuts/share/rosparam_shortcuts/environment/path.dsv
[16.363s] -- Installing: /home/manuel/robotic-models/ws_moveit2/install/rosparam_shortcuts/share/rosparam_shortcuts/local_setup.bash
[16.363s] -- Installing: /home/manuel/robotic-models/ws_moveit2/install/rosparam_shortcuts/share/rosparam_shortcuts/local_setup.sh
[16.363s] -- Installing: /home/manuel/robotic-models/ws_moveit2/install/rosparam_shortcuts/share/rosparam_shortcuts/local_setup.zsh
[16.363s] -- Installing: /home/manuel/robotic-models/ws_moveit2/install/rosparam_shortcuts/share/rosparam_shortcuts/local_setup.dsv
[16.363s] -- Installing: /home/manuel/robotic-models/ws_moveit2/install/rosparam_shortcuts/share/rosparam_shortcuts/package.dsv
[16.364s] -- Installing: /home/manuel/robotic-models/ws_moveit2/install/rosparam_shortcuts/share/ament_index/resource_index/packages/rosparam_shortcuts
[16.364s] -- Installing: /home/manuel/robotic-models/ws_moveit2/install/rosparam_shortcuts/share/rosparam_shortcuts/cmake/export_rosparam_shortcutsExport.cmake
[16.364s] -- Installing: /home/manuel/robotic-models/ws_moveit2/install/rosparam_shortcuts/share/rosparam_shortcuts/cmake/export_rosparam_shortcutsExport-release.cmake
[16.364s] -- Installing: /home/manuel/robotic-models/ws_moveit2/install/rosparam_shortcuts/share/rosparam_shortcuts/cmake/ament_cmake_export_targets-extras.cmake
[16.364s] -- Installing: /home/manuel/robotic-models/ws_moveit2/install/rosparam_shortcuts/share/rosparam_shortcuts/cmake/ament_cmake_export_dependencies-extras.cmake
[16.364s] -- Installing: /home/manuel/robotic-models/ws_moveit2/install/rosparam_shortcuts/share/rosparam_shortcuts/cmake/rosparam_shortcutsConfig.cmake
[16.364s] -- Installing: /home/manuel/robotic-models/ws_moveit2/install/rosparam_shortcuts/share/rosparam_shortcuts/cmake/rosparam_shortcutsConfig-version.cmake
[16.365s] -- Installing: /home/manuel/robotic-models/ws_moveit2/install/rosparam_shortcuts/share/rosparam_shortcuts/package.xml
[16.367s] Invoked command in '/home/manuel/robotic-models/ws_moveit2/build/rosparam_shortcuts' returned '0': CMAKE_PREFIX_PATH=/opt/ros/humble /usr/bin/cmake --install /home/manuel/robotic-models/ws_moveit2/build/rosparam_shortcuts
