[0.040s] Invoking command in '/home/manuel/robotic-models/ws_moveit2/build/srdfdom': CMAKE_PREFIX_PATH=/opt/ros/humble /usr/bin/cmake --build /home/manuel/robotic-models/ws_moveit2/build/srdfdom -- -j16 -l16
[0.302s] [ 27%] Built target srdfdom
[0.302s] [ 45%] Built target gtest
[0.304s] [ 63%] Built target gtest_main
[0.304s] [ 63%] Built target ament_cmake_python_copy_srdfdom
[0.323s] [ 81%] Built target test_cpp_nl_NL.UTF-8
[0.599s] running egg_info
[0.602s] writing srdfdom.egg-info/PKG-INFO
[0.602s] writing dependency_links to srdfdom.egg-info/dependency_links.txt
[0.602s] writing top-level names to srdfdom.egg-info/top_level.txt
[0.602s] reading manifest file 'srdfdom.egg-info/SOURCES.txt'
[0.603s] writing manifest file 'srdfdom.egg-info/SOURCES.txt'
[0.650s] [ 81%] Built target ament_cmake_python_build_srdfdom_egg
[0.672s] [100%] Built target test_cpp_C
[0.681s] Invoked command in '/home/manuel/robotic-models/ws_moveit2/build/srdfdom' returned '0': CMAKE_PREFIX_PATH=/opt/ros/humble /usr/bin/cmake --build /home/manuel/robotic-models/ws_moveit2/build/srdfdom -- -j16 -l16
[0.709s] Invoking command in '/home/manuel/robotic-models/ws_moveit2/build/srdfdom': CMAKE_PREFIX_PATH=/opt/ros/humble /usr/bin/cmake --install /home/manuel/robotic-models/ws_moveit2/build/srdfdom
[0.715s] -- Install configuration: "Release"
[0.716s] -- Up-to-date: /home/manuel/robotic-models/ws_moveit2/install/srdfdom/lib/libsrdfdom.so.2.0.4
[0.717s] -- Up-to-date: /home/manuel/robotic-models/ws_moveit2/install/srdfdom/lib/libsrdfdom.so
[0.717s] -- Up-to-date: /home/manuel/robotic-models/ws_moveit2/install/srdfdom/include/srdfdom
[0.717s] -- Up-to-date: /home/manuel/robotic-models/ws_moveit2/install/srdfdom/include/srdfdom/srdf_writer.h
[0.717s] -- Up-to-date: /home/manuel/robotic-models/ws_moveit2/install/srdfdom/include/srdfdom/model.h
[0.718s] -- Up-to-date: /home/manuel/robotic-models/ws_moveit2/install/srdfdom/include/srdfdom/visibility_control.h
[0.718s] -- Up-to-date: /home/manuel/robotic-models/ws_moveit2/install/srdfdom/lib/srdfdom/display_srdf
[0.719s] -- Up-to-date: /home/manuel/robotic-models/ws_moveit2/install/srdfdom/share/srdfdom/environment/pythonpath.sh
[0.719s] -- Up-to-date: /home/manuel/robotic-models/ws_moveit2/install/srdfdom/share/srdfdom/environment/pythonpath.dsv
[0.719s] -- Up-to-date: /home/manuel/robotic-models/ws_moveit2/install/srdfdom/local/lib/python3.10/dist-packages/srdfdom-2.0.4-py3.10.egg-info
[0.720s] -- Installing: /home/manuel/robotic-models/ws_moveit2/install/srdfdom/local/lib/python3.10/dist-packages/srdfdom-2.0.4-py3.10.egg-info/dependency_links.txt
[0.720s] -- Installing: /home/manuel/robotic-models/ws_moveit2/install/srdfdom/local/lib/python3.10/dist-packages/srdfdom-2.0.4-py3.10.egg-info/top_level.txt
[0.720s] -- Installing: /home/manuel/robotic-models/ws_moveit2/install/srdfdom/local/lib/python3.10/dist-packages/srdfdom-2.0.4-py3.10.egg-info/PKG-INFO
[0.720s] -- Installing: /home/manuel/robotic-models/ws_moveit2/install/srdfdom/local/lib/python3.10/dist-packages/srdfdom-2.0.4-py3.10.egg-info/SOURCES.txt
[0.720s] -- Up-to-date: /home/manuel/robotic-models/ws_moveit2/install/srdfdom/local/lib/python3.10/dist-packages/srdfdom
[0.721s] -- Up-to-date: /home/manuel/robotic-models/ws_moveit2/install/srdfdom/local/lib/python3.10/dist-packages/srdfdom/__init__.py
[0.721s] -- Up-to-date: /home/manuel/robotic-models/ws_moveit2/install/srdfdom/local/lib/python3.10/dist-packages/srdfdom/srdf.py
[0.752s] Listing '/home/manuel/robotic-models/ws_moveit2/install/srdfdom/local/lib/python3.10/dist-packages/srdfdom'...
[0.758s] -- Up-to-date: /home/manuel/robotic-models/ws_moveit2/install/srdfdom/share/srdfdom/environment/library_path.sh
[0.758s] -- Up-to-date: /home/manuel/robotic-models/ws_moveit2/install/srdfdom/share/srdfdom/environment/library_path.dsv
[0.759s] -- Up-to-date: /home/manuel/robotic-models/ws_moveit2/install/srdfdom/share/ament_index/resource_index/package_run_dependencies/srdfdom
[0.759s] -- Up-to-date: /home/manuel/robotic-models/ws_moveit2/install/srdfdom/share/ament_index/resource_index/parent_prefix_path/srdfdom
[0.759s] -- Up-to-date: /home/manuel/robotic-models/ws_moveit2/install/srdfdom/share/srdfdom/environment/ament_prefix_path.sh
[0.759s] -- Up-to-date: /home/manuel/robotic-models/ws_moveit2/install/srdfdom/share/srdfdom/environment/ament_prefix_path.dsv
[0.760s] -- Up-to-date: /home/manuel/robotic-models/ws_moveit2/install/srdfdom/share/srdfdom/environment/path.sh
[0.760s] -- Up-to-date: /home/manuel/robotic-models/ws_moveit2/install/srdfdom/share/srdfdom/environment/path.dsv
[0.760s] -- Up-to-date: /home/manuel/robotic-models/ws_moveit2/install/srdfdom/share/srdfdom/local_setup.bash
[0.760s] -- Up-to-date: /home/manuel/robotic-models/ws_moveit2/install/srdfdom/share/srdfdom/local_setup.sh
[0.760s] -- Up-to-date: /home/manuel/robotic-models/ws_moveit2/install/srdfdom/share/srdfdom/local_setup.zsh
[0.760s] -- Up-to-date: /home/manuel/robotic-models/ws_moveit2/install/srdfdom/share/srdfdom/local_setup.dsv
[0.760s] -- Installing: /home/manuel/robotic-models/ws_moveit2/install/srdfdom/share/srdfdom/package.dsv
[0.761s] -- Up-to-date: /home/manuel/robotic-models/ws_moveit2/install/srdfdom/share/ament_index/resource_index/packages/srdfdom
[0.762s] -- Up-to-date: /home/manuel/robotic-models/ws_moveit2/install/srdfdom/share/srdfdom/cmake/srdfdomTargetsExport.cmake
[0.763s] -- Up-to-date: /home/manuel/robotic-models/ws_moveit2/install/srdfdom/share/srdfdom/cmake/srdfdomTargetsExport-release.cmake
[0.763s] -- Up-to-date: /home/manuel/robotic-models/ws_moveit2/install/srdfdom/share/srdfdom/cmake/ament_cmake_export_targets-extras.cmake
[0.763s] -- Up-to-date: /home/manuel/robotic-models/ws_moveit2/install/srdfdom/share/srdfdom/cmake/ament_cmake_export_dependencies-extras.cmake
[0.763s] -- Up-to-date: /home/manuel/robotic-models/ws_moveit2/install/srdfdom/share/srdfdom/cmake/srdfdomConfig.cmake
[0.763s] -- Up-to-date: /home/manuel/robotic-models/ws_moveit2/install/srdfdom/share/srdfdom/cmake/srdfdomConfig-version.cmake
[0.763s] -- Up-to-date: /home/manuel/robotic-models/ws_moveit2/install/srdfdom/share/srdfdom/package.xml
[0.766s] Invoked command in '/home/manuel/robotic-models/ws_moveit2/build/srdfdom' returned '0': CMAKE_PREFIX_PATH=/opt/ros/humble /usr/bin/cmake --install /home/manuel/robotic-models/ws_moveit2/build/srdfdom
