[0.691s] Invoking command in '/home/manuel/robotic-models/ws_moveit2/src/moveit2/moveit_configs_utils': AMENT_PREFIX_PATH=/home/manuel/robotic-models/ws_moveit2/install/srdfdom:/home/manuel/robotic-models/ws_moveit2/install/launch_param_builder:${AMENT_PREFIX_PATH} CMAKE_PREFIX_PATH=/home/manuel/robotic-models/ws_moveit2/install/srdfdom LD_LIBRARY_PATH=/home/manuel/robotic-models/ws_moveit2/install/srdfdom/lib:${LD_LIBRARY_PATH} PYTHONPATH=/home/manuel/robotic-models/ws_moveit2/build/moveit_configs_utils/prefix_override:/home/manuel/robotic-models/ws_moveit2/install/moveit_configs_utils/lib/python3.10/site-packages:/home/manuel/robotic-models/ws_moveit2/install/srdfdom/local/lib/python3.10/dist-packages:/home/manuel/robotic-models/ws_moveit2/install/launch_param_builder/lib/python3.10/site-packages:${PYTHONPATH} /usr/bin/python3 -W ignore:setup.py install is deprecated setup.py egg_info --egg-base ../../../build/moveit_configs_utils build --build-base /home/manuel/robotic-models/ws_moveit2/build/moveit_configs_utils/build install --record /home/manuel/robotic-models/ws_moveit2/build/moveit_configs_utils/install.log --single-version-externally-managed install_data
[0.924s] running egg_info
[0.924s] creating ../../../build/moveit_configs_utils/moveit_configs_utils.egg-info
[0.925s] writing ../../../build/moveit_configs_utils/moveit_configs_utils.egg-info/PKG-INFO
[0.925s] writing dependency_links to ../../../build/moveit_configs_utils/moveit_configs_utils.egg-info/dependency_links.txt
[0.925s] writing entry points to ../../../build/moveit_configs_utils/moveit_configs_utils.egg-info/entry_points.txt
[0.925s] writing requirements to ../../../build/moveit_configs_utils/moveit_configs_utils.egg-info/requires.txt
[0.926s] writing top-level names to ../../../build/moveit_configs_utils/moveit_configs_utils.egg-info/top_level.txt
[0.926s] writing manifest file '../../../build/moveit_configs_utils/moveit_configs_utils.egg-info/SOURCES.txt'
[0.928s] reading manifest file '../../../build/moveit_configs_utils/moveit_configs_utils.egg-info/SOURCES.txt'
[0.931s] writing manifest file '../../../build/moveit_configs_utils/moveit_configs_utils.egg-info/SOURCES.txt'
[0.931s] running build
[0.932s] running build_py
[0.932s] creating /home/manuel/robotic-models/ws_moveit2/build/moveit_configs_utils/build
[0.932s] creating /home/manuel/robotic-models/ws_moveit2/build/moveit_configs_utils/build/lib
[0.932s] creating /home/manuel/robotic-models/ws_moveit2/build/moveit_configs_utils/build/lib/moveit_configs_utils
[0.933s] copying moveit_configs_utils/__init__.py -> /home/manuel/robotic-models/ws_moveit2/build/moveit_configs_utils/build/lib/moveit_configs_utils
[0.933s] copying moveit_configs_utils/moveit_configs_builder.py -> /home/manuel/robotic-models/ws_moveit2/build/moveit_configs_utils/build/lib/moveit_configs_utils
[0.933s] copying moveit_configs_utils/launches.py -> /home/manuel/robotic-models/ws_moveit2/build/moveit_configs_utils/build/lib/moveit_configs_utils
[0.933s] copying moveit_configs_utils/launch_utils.py -> /home/manuel/robotic-models/ws_moveit2/build/moveit_configs_utils/build/lib/moveit_configs_utils
[0.934s] creating /home/manuel/robotic-models/ws_moveit2/build/moveit_configs_utils/build/lib/moveit_configs_utils/substitutions
[0.934s] copying moveit_configs_utils/substitutions/__init__.py -> /home/manuel/robotic-models/ws_moveit2/build/moveit_configs_utils/build/lib/moveit_configs_utils/substitutions
[0.934s] copying moveit_configs_utils/substitutions/xacro.py -> /home/manuel/robotic-models/ws_moveit2/build/moveit_configs_utils/build/lib/moveit_configs_utils/substitutions
[0.935s] running install
[0.936s] running install_lib
[0.937s] creating /home/manuel/robotic-models/ws_moveit2/install/moveit_configs_utils/lib/python3.10/site-packages/moveit_configs_utils
[0.938s] copying /home/manuel/robotic-models/ws_moveit2/build/moveit_configs_utils/build/lib/moveit_configs_utils/__init__.py -> /home/manuel/robotic-models/ws_moveit2/install/moveit_configs_utils/lib/python3.10/site-packages/moveit_configs_utils
[0.938s] copying /home/manuel/robotic-models/ws_moveit2/build/moveit_configs_utils/build/lib/moveit_configs_utils/moveit_configs_builder.py -> /home/manuel/robotic-models/ws_moveit2/install/moveit_configs_utils/lib/python3.10/site-packages/moveit_configs_utils
[0.938s] copying /home/manuel/robotic-models/ws_moveit2/build/moveit_configs_utils/build/lib/moveit_configs_utils/launches.py -> /home/manuel/robotic-models/ws_moveit2/install/moveit_configs_utils/lib/python3.10/site-packages/moveit_configs_utils
[0.938s] copying /home/manuel/robotic-models/ws_moveit2/build/moveit_configs_utils/build/lib/moveit_configs_utils/launch_utils.py -> /home/manuel/robotic-models/ws_moveit2/install/moveit_configs_utils/lib/python3.10/site-packages/moveit_configs_utils
[0.938s] creating /home/manuel/robotic-models/ws_moveit2/install/moveit_configs_utils/lib/python3.10/site-packages/moveit_configs_utils/substitutions
[0.939s] copying /home/manuel/robotic-models/ws_moveit2/build/moveit_configs_utils/build/lib/moveit_configs_utils/substitutions/__init__.py -> /home/manuel/robotic-models/ws_moveit2/install/moveit_configs_utils/lib/python3.10/site-packages/moveit_configs_utils/substitutions
[0.939s] copying /home/manuel/robotic-models/ws_moveit2/build/moveit_configs_utils/build/lib/moveit_configs_utils/substitutions/xacro.py -> /home/manuel/robotic-models/ws_moveit2/install/moveit_configs_utils/lib/python3.10/site-packages/moveit_configs_utils/substitutions
[0.939s] byte-compiling /home/manuel/robotic-models/ws_moveit2/install/moveit_configs_utils/lib/python3.10/site-packages/moveit_configs_utils/__init__.py to __init__.cpython-310.pyc
[0.940s] byte-compiling /home/manuel/robotic-models/ws_moveit2/install/moveit_configs_utils/lib/python3.10/site-packages/moveit_configs_utils/moveit_configs_builder.py to moveit_configs_builder.cpython-310.pyc
[0.942s] byte-compiling /home/manuel/robotic-models/ws_moveit2/install/moveit_configs_utils/lib/python3.10/site-packages/moveit_configs_utils/launches.py to launches.cpython-310.pyc
[0.943s] byte-compiling /home/manuel/robotic-models/ws_moveit2/install/moveit_configs_utils/lib/python3.10/site-packages/moveit_configs_utils/launch_utils.py to launch_utils.cpython-310.pyc
[0.944s] byte-compiling /home/manuel/robotic-models/ws_moveit2/install/moveit_configs_utils/lib/python3.10/site-packages/moveit_configs_utils/substitutions/__init__.py to __init__.cpython-310.pyc
[0.944s] byte-compiling /home/manuel/robotic-models/ws_moveit2/install/moveit_configs_utils/lib/python3.10/site-packages/moveit_configs_utils/substitutions/xacro.py to xacro.cpython-310.pyc
[0.945s] running install_data
[0.945s] creating /home/manuel/robotic-models/ws_moveit2/install/moveit_configs_utils/share/ament_index
[0.946s] creating /home/manuel/robotic-models/ws_moveit2/install/moveit_configs_utils/share/ament_index/resource_index
[0.946s] creating /home/manuel/robotic-models/ws_moveit2/install/moveit_configs_utils/share/ament_index/resource_index/packages
[0.946s] copying resource/moveit_configs_utils -> /home/manuel/robotic-models/ws_moveit2/install/moveit_configs_utils/share/ament_index/resource_index/packages
[0.946s] copying package.xml -> /home/manuel/robotic-models/ws_moveit2/install/moveit_configs_utils/share/moveit_configs_utils
[0.947s] creating /home/manuel/robotic-models/ws_moveit2/install/moveit_configs_utils/share/moveit_configs_utils/default_configs
[0.947s] copying default_configs/ompl_defaults.yaml -> /home/manuel/robotic-models/ws_moveit2/install/moveit_configs_utils/share/moveit_configs_utils/default_configs
[0.947s] copying default_configs/ompl_planning.yaml -> /home/manuel/robotic-models/ws_moveit2/install/moveit_configs_utils/share/moveit_configs_utils/default_configs
[0.947s] copying default_configs/chomp_planning.yaml -> /home/manuel/robotic-models/ws_moveit2/install/moveit_configs_utils/share/moveit_configs_utils/default_configs
[0.947s] copying default_configs/pilz_industrial_motion_planner_planning.yaml -> /home/manuel/robotic-models/ws_moveit2/install/moveit_configs_utils/share/moveit_configs_utils/default_configs
[0.947s] running install_egg_info
[0.949s] Copying ../../../build/moveit_configs_utils/moveit_configs_utils.egg-info to /home/manuel/robotic-models/ws_moveit2/install/moveit_configs_utils/lib/python3.10/site-packages/moveit_configs_utils-2.5.5-py3.10.egg-info
[0.950s] running install_scripts
[0.972s] writing list of installed files to '/home/manuel/robotic-models/ws_moveit2/build/moveit_configs_utils/install.log'
[1.008s] Invoked command in '/home/manuel/robotic-models/ws_moveit2/src/moveit2/moveit_configs_utils' returned '0': AMENT_PREFIX_PATH=/home/manuel/robotic-models/ws_moveit2/install/srdfdom:/home/manuel/robotic-models/ws_moveit2/install/launch_param_builder:${AMENT_PREFIX_PATH} CMAKE_PREFIX_PATH=/home/manuel/robotic-models/ws_moveit2/install/srdfdom LD_LIBRARY_PATH=/home/manuel/robotic-models/ws_moveit2/install/srdfdom/lib:${LD_LIBRARY_PATH} PYTHONPATH=/home/manuel/robotic-models/ws_moveit2/build/moveit_configs_utils/prefix_override:/home/manuel/robotic-models/ws_moveit2/install/moveit_configs_utils/lib/python3.10/site-packages:/home/manuel/robotic-models/ws_moveit2/install/srdfdom/local/lib/python3.10/dist-packages:/home/manuel/robotic-models/ws_moveit2/install/launch_param_builder/lib/python3.10/site-packages:${PYTHONPATH} /usr/bin/python3 -W ignore:setup.py install is deprecated setup.py egg_info --egg-base ../../../build/moveit_configs_utils build --build-base /home/manuel/robotic-models/ws_moveit2/build/moveit_configs_utils/build install --record /home/manuel/robotic-models/ws_moveit2/build/moveit_configs_utils/install.log --single-version-externally-managed install_data
