[0.022s] Invoking command in '/home/manuel/robotic-models/ws_moveit2/build/moveit_hybrid_planning': AMENT_PREFIX_PATH=/home/manuel/robotic-models/ws_moveit2/install/moveit_ros_planning_interface:/home/manuel/robotic-models/ws_moveit2/install/moveit_ros_move_group:/home/manuel/robotic-models/ws_moveit2/install/moveit_ros_warehouse:/home/manuel/robotic-models/ws_moveit2/install/moveit_planners_ompl:/home/manuel/robotic-models/ws_moveit2/install/moveit_kinematics:/home/manuel/robotic-models/ws_moveit2/install/moveit_ros_planning:/home/manuel/robotic-models/ws_moveit2/install/moveit_ros_occupancy_map_monitor:/home/manuel/robotic-models/ws_moveit2/install/moveit_core:/home/manuel/robotic-models/ws_moveit2/install/moveit_resources_panda_moveit_config:/home/manuel/robotic-models/ws_moveit2/install/srdfdom:/home/manuel/robotic-models/ws_moveit2/install/moveit_resources_panda_description:/home/manuel/robotic-models/ws_moveit2/install/moveit_common:${AMENT_PREFIX_PATH} CMAKE_PREFIX_PATH=/home/manuel/robotic-models/ws_moveit2/install/moveit_ros_planning_interface:/home/manuel/robotic-models/ws_moveit2/install/moveit_ros_move_group:/home/manuel/robotic-models/ws_moveit2/install/moveit_ros_warehouse:/home/manuel/robotic-models/ws_moveit2/install/moveit_planners_ompl:/home/manuel/robotic-models/ws_moveit2/install/moveit_kinematics:/home/manuel/robotic-models/ws_moveit2/install/moveit_ros_planning:/home/manuel/robotic-models/ws_moveit2/install/moveit_ros_occupancy_map_monitor:/home/manuel/robotic-models/ws_moveit2/install/moveit_core:/home/manuel/robotic-models/ws_moveit2/install/moveit_resources_panda_moveit_config:/home/manuel/robotic-models/ws_moveit2/install/srdfdom:/home/manuel/robotic-models/ws_moveit2/install/moveit_resources_panda_description:/home/manuel/robotic-models/ws_moveit2/install/moveit_common:/opt/ros/humble LD_LIBRARY_PATH=/home/manuel/robotic-models/ws_moveit2/install/moveit_ros_planning_interface/lib:/home/manuel/robotic-models/ws_moveit2/install/moveit_ros_move_group/lib:/home/manuel/robotic-models/ws_moveit2/install/moveit_ros_warehouse/lib:/home/manuel/robotic-models/ws_moveit2/install/moveit_planners_ompl/lib:/home/manuel/robotic-models/ws_moveit2/install/moveit_kinematics/lib:/home/manuel/robotic-models/ws_moveit2/install/moveit_ros_planning/lib:/home/manuel/robotic-models/ws_moveit2/install/moveit_ros_occupancy_map_monitor/lib:/home/manuel/robotic-models/ws_moveit2/install/moveit_core/lib:/home/manuel/robotic-models/ws_moveit2/install/srdfdom/lib:${LD_LIBRARY_PATH} PATH=/home/manuel/robotic-models/ws_moveit2/install/moveit_core/bin:${PATH} PYTHONPATH=/home/manuel/robotic-models/ws_moveit2/install/srdfdom/local/lib/python3.10/dist-packages:${PYTHONPATH} /usr/bin/cmake --build /home/manuel/robotic-models/ws_moveit2/build/moveit_hybrid_planning -- -j16 -l16
[0.093s] [ 10%] Built target moveit_hybrid_planning_manager
[0.128s] [ 20%] Built target forward_trajectory_plugin
[0.170s] [ 30%] Built target single_plan_execution_plugin
[0.201s] [ 40%] Built target simple_sampler_plugin
[0.229s] [ 50%] Built target replan_invalidated_trajectory_plugin
[0.266s] [ 60%] Built target moveit_local_planner_component
[0.308s] [ 70%] Built target motion_planning_pipeline_plugin
[0.343s] [ 80%] Built target moveit_global_planner_component
[0.364s] [ 90%] Built target cancel_action
[0.398s] [100%] Built target hybrid_planning_demo_node
[0.408s] Invoked command in '/home/manuel/robotic-models/ws_moveit2/build/moveit_hybrid_planning' returned '0': AMENT_PREFIX_PATH=/home/manuel/robotic-models/ws_moveit2/install/moveit_ros_planning_interface:/home/manuel/robotic-models/ws_moveit2/install/moveit_ros_move_group:/home/manuel/robotic-models/ws_moveit2/install/moveit_ros_warehouse:/home/manuel/robotic-models/ws_moveit2/install/moveit_planners_ompl:/home/manuel/robotic-models/ws_moveit2/install/moveit_kinematics:/home/manuel/robotic-models/ws_moveit2/install/moveit_ros_planning:/home/manuel/robotic-models/ws_moveit2/install/moveit_ros_occupancy_map_monitor:/home/manuel/robotic-models/ws_moveit2/install/moveit_core:/home/manuel/robotic-models/ws_moveit2/install/moveit_resources_panda_moveit_config:/home/manuel/robotic-models/ws_moveit2/install/srdfdom:/home/manuel/robotic-models/ws_moveit2/install/moveit_resources_panda_description:/home/manuel/robotic-models/ws_moveit2/install/moveit_common:${AMENT_PREFIX_PATH} CMAKE_PREFIX_PATH=/home/manuel/robotic-models/ws_moveit2/install/moveit_ros_planning_interface:/home/manuel/robotic-models/ws_moveit2/install/moveit_ros_move_group:/home/manuel/robotic-models/ws_moveit2/install/moveit_ros_warehouse:/home/manuel/robotic-models/ws_moveit2/install/moveit_planners_ompl:/home/manuel/robotic-models/ws_moveit2/install/moveit_kinematics:/home/manuel/robotic-models/ws_moveit2/install/moveit_ros_planning:/home/manuel/robotic-models/ws_moveit2/install/moveit_ros_occupancy_map_monitor:/home/manuel/robotic-models/ws_moveit2/install/moveit_core:/home/manuel/robotic-models/ws_moveit2/install/moveit_resources_panda_moveit_config:/home/manuel/robotic-models/ws_moveit2/install/srdfdom:/home/manuel/robotic-models/ws_moveit2/install/moveit_resources_panda_description:/home/manuel/robotic-models/ws_moveit2/install/moveit_common:/opt/ros/humble LD_LIBRARY_PATH=/home/manuel/robotic-models/ws_moveit2/install/moveit_ros_planning_interface/lib:/home/manuel/robotic-models/ws_moveit2/install/moveit_ros_move_group/lib:/home/manuel/robotic-models/ws_moveit2/install/moveit_ros_warehouse/lib:/home/manuel/robotic-models/ws_moveit2/install/moveit_planners_ompl/lib:/home/manuel/robotic-models/ws_moveit2/install/moveit_kinematics/lib:/home/manuel/robotic-models/ws_moveit2/install/moveit_ros_planning/lib:/home/manuel/robotic-models/ws_moveit2/install/moveit_ros_occupancy_map_monitor/lib:/home/manuel/robotic-models/ws_moveit2/install/moveit_core/lib:/home/manuel/robotic-models/ws_moveit2/install/srdfdom/lib:${LD_LIBRARY_PATH} PATH=/home/manuel/robotic-models/ws_moveit2/install/moveit_core/bin:${PATH} PYTHONPATH=/home/manuel/robotic-models/ws_moveit2/install/srdfdom/local/lib/python3.10/dist-packages:${PYTHONPATH} /usr/bin/cmake --build /home/manuel/robotic-models/ws_moveit2/build/moveit_hybrid_planning -- -j16 -l16
[0.429s] Invoking command in '/home/manuel/robotic-models/ws_moveit2/build/moveit_hybrid_planning': AMENT_PREFIX_PATH=/home/manuel/robotic-models/ws_moveit2/install/moveit_ros_planning_interface:/home/manuel/robotic-models/ws_moveit2/install/moveit_ros_move_group:/home/manuel/robotic-models/ws_moveit2/install/moveit_ros_warehouse:/home/manuel/robotic-models/ws_moveit2/install/moveit_planners_ompl:/home/manuel/robotic-models/ws_moveit2/install/moveit_kinematics:/home/manuel/robotic-models/ws_moveit2/install/moveit_ros_planning:/home/manuel/robotic-models/ws_moveit2/install/moveit_ros_occupancy_map_monitor:/home/manuel/robotic-models/ws_moveit2/install/moveit_core:/home/manuel/robotic-models/ws_moveit2/install/moveit_resources_panda_moveit_config:/home/manuel/robotic-models/ws_moveit2/install/srdfdom:/home/manuel/robotic-models/ws_moveit2/install/moveit_resources_panda_description:/home/manuel/robotic-models/ws_moveit2/install/moveit_common:${AMENT_PREFIX_PATH} CMAKE_PREFIX_PATH=/home/manuel/robotic-models/ws_moveit2/install/moveit_ros_planning_interface:/home/manuel/robotic-models/ws_moveit2/install/moveit_ros_move_group:/home/manuel/robotic-models/ws_moveit2/install/moveit_ros_warehouse:/home/manuel/robotic-models/ws_moveit2/install/moveit_planners_ompl:/home/manuel/robotic-models/ws_moveit2/install/moveit_kinematics:/home/manuel/robotic-models/ws_moveit2/install/moveit_ros_planning:/home/manuel/robotic-models/ws_moveit2/install/moveit_ros_occupancy_map_monitor:/home/manuel/robotic-models/ws_moveit2/install/moveit_core:/home/manuel/robotic-models/ws_moveit2/install/moveit_resources_panda_moveit_config:/home/manuel/robotic-models/ws_moveit2/install/srdfdom:/home/manuel/robotic-models/ws_moveit2/install/moveit_resources_panda_description:/home/manuel/robotic-models/ws_moveit2/install/moveit_common:/opt/ros/humble LD_LIBRARY_PATH=/home/manuel/robotic-models/ws_moveit2/install/moveit_ros_planning_interface/lib:/home/manuel/robotic-models/ws_moveit2/install/moveit_ros_move_group/lib:/home/manuel/robotic-models/ws_moveit2/install/moveit_ros_warehouse/lib:/home/manuel/robotic-models/ws_moveit2/install/moveit_planners_ompl/lib:/home/manuel/robotic-models/ws_moveit2/install/moveit_kinematics/lib:/home/manuel/robotic-models/ws_moveit2/install/moveit_ros_planning/lib:/home/manuel/robotic-models/ws_moveit2/install/moveit_ros_occupancy_map_monitor/lib:/home/manuel/robotic-models/ws_moveit2/install/moveit_core/lib:/home/manuel/robotic-models/ws_moveit2/install/srdfdom/lib:${LD_LIBRARY_PATH} PATH=/home/manuel/robotic-models/ws_moveit2/install/moveit_core/bin:${PATH} PYTHONPATH=/home/manuel/robotic-models/ws_moveit2/install/srdfdom/local/lib/python3.10/dist-packages:${PYTHONPATH} /usr/bin/cmake --install /home/manuel/robotic-models/ws_moveit2/build/moveit_hybrid_planning
[0.437s] -- Install configuration: "Release"
[0.442s] -- Up-to-date: /home/manuel/robotic-models/ws_moveit2/install/moveit_hybrid_planning/lib/libmoveit_global_planner_component.so.2.5.5
[0.443s] -- Up-to-date: /home/manuel/robotic-models/ws_moveit2/install/moveit_hybrid_planning/lib/libmoveit_global_planner_component.so
[0.443s] -- Up-to-date: /home/manuel/robotic-models/ws_moveit2/install/moveit_hybrid_planning/lib/libmoveit_hybrid_planning_manager.so.2.5.5
[0.443s] -- Up-to-date: /home/manuel/robotic-models/ws_moveit2/install/moveit_hybrid_planning/lib/libmoveit_hybrid_planning_manager.so
[0.444s] -- Up-to-date: /home/manuel/robotic-models/ws_moveit2/install/moveit_hybrid_planning/lib/libmoveit_local_planner_component.so.2.5.5
[0.444s] -- Up-to-date: /home/manuel/robotic-models/ws_moveit2/install/moveit_hybrid_planning/lib/libmoveit_local_planner_component.so
[0.445s] -- Up-to-date: /home/manuel/robotic-models/ws_moveit2/install/moveit_hybrid_planning/lib/libforward_trajectory_plugin.so.2.5.5
[0.445s] -- Up-to-date: /home/manuel/robotic-models/ws_moveit2/install/moveit_hybrid_planning/lib/libforward_trajectory_plugin.so
[0.446s] -- Up-to-date: /home/manuel/robotic-models/ws_moveit2/install/moveit_hybrid_planning/lib/libmotion_planning_pipeline_plugin.so.2.5.5
[0.446s] -- Up-to-date: /home/manuel/robotic-models/ws_moveit2/install/moveit_hybrid_planning/lib/libmotion_planning_pipeline_plugin.so
[0.447s] -- Up-to-date: /home/manuel/robotic-models/ws_moveit2/install/moveit_hybrid_planning/lib/libreplan_invalidated_trajectory_plugin.so.2.5.5
[0.447s] -- Up-to-date: /home/manuel/robotic-models/ws_moveit2/install/moveit_hybrid_planning/lib/libreplan_invalidated_trajectory_plugin.so
[0.448s] -- Up-to-date: /home/manuel/robotic-models/ws_moveit2/install/moveit_hybrid_planning/lib/libsimple_sampler_plugin.so.2.5.5
[0.449s] -- Up-to-date: /home/manuel/robotic-models/ws_moveit2/install/moveit_hybrid_planning/lib/libsimple_sampler_plugin.so
[0.449s] -- Up-to-date: /home/manuel/robotic-models/ws_moveit2/install/moveit_hybrid_planning/lib/libsingle_plan_execution_plugin.so.2.5.5
[0.450s] -- Up-to-date: /home/manuel/robotic-models/ws_moveit2/install/moveit_hybrid_planning/lib/libsingle_plan_execution_plugin.so
[0.450s] -- Up-to-date: /home/manuel/robotic-models/ws_moveit2/install/moveit_hybrid_planning/lib/moveit_hybrid_planning/cancel_action
[0.452s] -- Up-to-date: /home/manuel/robotic-models/ws_moveit2/install/moveit_hybrid_planning/lib/moveit_hybrid_planning/hybrid_planning_demo_node
[0.452s] -- Up-to-date: /home/manuel/robotic-models/ws_moveit2/install/moveit_hybrid_planning/include
[0.452s] -- Up-to-date: /home/manuel/robotic-models/ws_moveit2/install/moveit_hybrid_planning/include/moveit
[0.452s] -- Up-to-date: /home/manuel/robotic-models/ws_moveit2/install/moveit_hybrid_planning/include/moveit/global_planner
[0.453s] -- Up-to-date: /home/manuel/robotic-models/ws_moveit2/install/moveit_hybrid_planning/include/moveit/global_planner/global_planner_component.h
[0.453s] -- Up-to-date: /home/manuel/robotic-models/ws_moveit2/install/moveit_hybrid_planning/include/moveit/global_planner/global_planner_interface.h
[0.453s] -- Up-to-date: /home/manuel/robotic-models/ws_moveit2/install/moveit_hybrid_planning/include
[0.453s] -- Up-to-date: /home/manuel/robotic-models/ws_moveit2/install/moveit_hybrid_planning/include/moveit
[0.453s] -- Up-to-date: /home/manuel/robotic-models/ws_moveit2/install/moveit_hybrid_planning/include/moveit/global_planner
[0.453s] -- Up-to-date: /home/manuel/robotic-models/ws_moveit2/install/moveit_hybrid_planning/include/moveit/global_planner/moveit_planning_pipeline.h
[0.453s] -- Up-to-date: /home/manuel/robotic-models/ws_moveit2/install/moveit_hybrid_planning/include
[0.453s] -- Up-to-date: /home/manuel/robotic-models/ws_moveit2/install/moveit_hybrid_planning/include/moveit
[0.453s] -- Up-to-date: /home/manuel/robotic-models/ws_moveit2/install/moveit_hybrid_planning/include/moveit/hybrid_planning_manager
[0.453s] -- Up-to-date: /home/manuel/robotic-models/ws_moveit2/install/moveit_hybrid_planning/include/moveit/hybrid_planning_manager/moveit_error_code_interface.h
[0.454s] -- Up-to-date: /home/manuel/robotic-models/ws_moveit2/install/moveit_hybrid_planning/include/moveit/hybrid_planning_manager/planner_logic_interface.h
[0.454s] -- Up-to-date: /home/manuel/robotic-models/ws_moveit2/install/moveit_hybrid_planning/include/moveit/hybrid_planning_manager/hybrid_planning_manager.h
[0.454s] -- Up-to-date: /home/manuel/robotic-models/ws_moveit2/install/moveit_hybrid_planning/include/moveit/hybrid_planning_manager/hybrid_planning_events.h
[0.454s] -- Up-to-date: /home/manuel/robotic-models/ws_moveit2/install/moveit_hybrid_planning/include
[0.454s] -- Up-to-date: /home/manuel/robotic-models/ws_moveit2/install/moveit_hybrid_planning/include/moveit
[0.454s] -- Up-to-date: /home/manuel/robotic-models/ws_moveit2/install/moveit_hybrid_planning/include/moveit/planner_logic_plugins
[0.454s] -- Up-to-date: /home/manuel/robotic-models/ws_moveit2/install/moveit_hybrid_planning/include/moveit/planner_logic_plugins/single_plan_execution.h
[0.454s] -- Up-to-date: /home/manuel/robotic-models/ws_moveit2/install/moveit_hybrid_planning/include/moveit/planner_logic_plugins/replan_invalidated_trajectory.h
[0.454s] -- Up-to-date: /home/manuel/robotic-models/ws_moveit2/install/moveit_hybrid_planning/include
[0.454s] -- Up-to-date: /home/manuel/robotic-models/ws_moveit2/install/moveit_hybrid_planning/include/moveit
[0.454s] -- Up-to-date: /home/manuel/robotic-models/ws_moveit2/install/moveit_hybrid_planning/include/moveit/local_planner
[0.454s] -- Up-to-date: /home/manuel/robotic-models/ws_moveit2/install/moveit_hybrid_planning/include/moveit/local_planner/feedback_types.h
[0.455s] -- Up-to-date: /home/manuel/robotic-models/ws_moveit2/install/moveit_hybrid_planning/include/moveit/local_planner/local_planner_component.h
[0.455s] -- Up-to-date: /home/manuel/robotic-models/ws_moveit2/install/moveit_hybrid_planning/include/moveit/local_planner/trajectory_operator_interface.h
[0.455s] -- Up-to-date: /home/manuel/robotic-models/ws_moveit2/install/moveit_hybrid_planning/include/moveit/local_planner/local_constraint_solver_interface.h
[0.455s] -- Up-to-date: /home/manuel/robotic-models/ws_moveit2/install/moveit_hybrid_planning/include
[0.455s] -- Up-to-date: /home/manuel/robotic-models/ws_moveit2/install/moveit_hybrid_planning/include/moveit
[0.455s] -- Up-to-date: /home/manuel/robotic-models/ws_moveit2/install/moveit_hybrid_planning/include/moveit/trajectory_operator_plugins
[0.455s] -- Up-to-date: /home/manuel/robotic-models/ws_moveit2/install/moveit_hybrid_planning/include/moveit/trajectory_operator_plugins/simple_sampler.h
[0.455s] -- Up-to-date: /home/manuel/robotic-models/ws_moveit2/install/moveit_hybrid_planning/include
[0.455s] -- Up-to-date: /home/manuel/robotic-models/ws_moveit2/install/moveit_hybrid_planning/include/moveit
[0.455s] -- Up-to-date: /home/manuel/robotic-models/ws_moveit2/install/moveit_hybrid_planning/include/moveit/local_constraint_solver_plugins
[0.455s] -- Up-to-date: /home/manuel/robotic-models/ws_moveit2/install/moveit_hybrid_planning/include/moveit/local_constraint_solver_plugins/forward_trajectory.h
[0.455s] -- Up-to-date: /home/manuel/robotic-models/ws_moveit2/install/moveit_hybrid_planning/share/moveit_hybrid_planning/launch
[0.458s] -- Up-to-date: /home/manuel/robotic-models/ws_moveit2/install/moveit_hybrid_planning/share/moveit_hybrid_planning/launch/test_basic_integration.test.py
[0.458s] -- Up-to-date: /home/manuel/robotic-models/ws_moveit2/install/moveit_hybrid_planning/share/moveit_hybrid_planning/launch/hybrid_planning_common.py
[0.458s] -- Up-to-date: /home/manuel/robotic-models/ws_moveit2/install/moveit_hybrid_planning/share/moveit_hybrid_planning/launch/hybrid_planning_demo.launch.py
[0.458s] -- Up-to-date: /home/manuel/robotic-models/ws_moveit2/install/moveit_hybrid_planning/share/moveit_hybrid_planning/config
[0.459s] -- Up-to-date: /home/manuel/robotic-models/ws_moveit2/install/moveit_hybrid_planning/share/moveit_hybrid_planning/config/demo_controller.yaml
[0.459s] -- Up-to-date: /home/manuel/robotic-models/ws_moveit2/install/moveit_hybrid_planning/share/moveit_hybrid_planning/config/local_planner.yaml
[0.459s] -- Up-to-date: /home/manuel/robotic-models/ws_moveit2/install/moveit_hybrid_planning/share/moveit_hybrid_planning/config/global_planner.yaml
[0.459s] -- Up-to-date: /home/manuel/robotic-models/ws_moveit2/install/moveit_hybrid_planning/share/moveit_hybrid_planning/config/hybrid_planning_demo.rviz
[0.459s] -- Up-to-date: /home/manuel/robotic-models/ws_moveit2/install/moveit_hybrid_planning/share/moveit_hybrid_planning/config/hybrid_planning_manager.yaml
[0.459s] -- Up-to-date: /home/manuel/robotic-models/ws_moveit2/install/moveit_hybrid_planning/share/moveit_hybrid_planning/config/common_hybrid_planning_params.yaml
[0.459s] -- Up-to-date: /home/manuel/robotic-models/ws_moveit2/install/moveit_hybrid_planning/share/moveit_hybrid_planning/single_plan_execution_plugin.xml
[0.460s] -- Up-to-date: /home/manuel/robotic-models/ws_moveit2/install/moveit_hybrid_planning/share/moveit_hybrid_planning/moveit_planning_pipeline_plugin.xml
[0.460s] -- Up-to-date: /home/manuel/robotic-models/ws_moveit2/install/moveit_hybrid_planning/share/moveit_hybrid_planning/simple_sampler_plugin.xml
[0.460s] -- Up-to-date: /home/manuel/robotic-models/ws_moveit2/install/moveit_hybrid_planning/share/moveit_hybrid_planning/replan_invalidated_trajectory_plugin.xml
[0.460s] -- Up-to-date: /home/manuel/robotic-models/ws_moveit2/install/moveit_hybrid_planning/share/moveit_hybrid_planning/forward_trajectory_plugin.xml
[0.460s] -- Up-to-date: /home/manuel/robotic-models/ws_moveit2/install/moveit_hybrid_planning/share/moveit_hybrid_planning/environment/library_path.sh
[0.460s] -- Up-to-date: /home/manuel/robotic-models/ws_moveit2/install/moveit_hybrid_planning/share/moveit_hybrid_planning/environment/library_path.dsv
[0.460s] -- Up-to-date: /home/manuel/robotic-models/ws_moveit2/install/moveit_hybrid_planning/share/ament_index/resource_index/package_run_dependencies/moveit_hybrid_planning
[0.460s] -- Up-to-date: /home/manuel/robotic-models/ws_moveit2/install/moveit_hybrid_planning/share/ament_index/resource_index/parent_prefix_path/moveit_hybrid_planning
[0.461s] -- Up-to-date: /home/manuel/robotic-models/ws_moveit2/install/moveit_hybrid_planning/share/moveit_hybrid_planning/environment/ament_prefix_path.sh
[0.461s] -- Up-to-date: /home/manuel/robotic-models/ws_moveit2/install/moveit_hybrid_planning/share/moveit_hybrid_planning/environment/ament_prefix_path.dsv
[0.461s] -- Up-to-date: /home/manuel/robotic-models/ws_moveit2/install/moveit_hybrid_planning/share/moveit_hybrid_planning/environment/path.sh
[0.461s] -- Up-to-date: /home/manuel/robotic-models/ws_moveit2/install/moveit_hybrid_planning/share/moveit_hybrid_planning/environment/path.dsv
[0.461s] -- Up-to-date: /home/manuel/robotic-models/ws_moveit2/install/moveit_hybrid_planning/share/moveit_hybrid_planning/local_setup.bash
[0.461s] -- Up-to-date: /home/manuel/robotic-models/ws_moveit2/install/moveit_hybrid_planning/share/moveit_hybrid_planning/local_setup.sh
[0.461s] -- Up-to-date: /home/manuel/robotic-models/ws_moveit2/install/moveit_hybrid_planning/share/moveit_hybrid_planning/local_setup.zsh
[0.462s] -- Up-to-date: /home/manuel/robotic-models/ws_moveit2/install/moveit_hybrid_planning/share/moveit_hybrid_planning/local_setup.dsv
[0.462s] -- Installing: /home/manuel/robotic-models/ws_moveit2/install/moveit_hybrid_planning/share/moveit_hybrid_planning/package.dsv
[0.462s] -- Up-to-date: /home/manuel/robotic-models/ws_moveit2/install/moveit_hybrid_planning/share/ament_index/resource_index/packages/moveit_hybrid_planning
[0.462s] -- Up-to-date: /home/manuel/robotic-models/ws_moveit2/install/moveit_hybrid_planning/share/ament_index/resource_index/moveit_hybrid_planning__pluginlib__plugin/moveit_hybrid_planning
[0.462s] -- Up-to-date: /home/manuel/robotic-models/ws_moveit2/install/moveit_hybrid_planning/share/ament_index/resource_index/rclcpp_components/moveit_hybrid_planning
[0.464s] -- Up-to-date: /home/manuel/robotic-models/ws_moveit2/install/moveit_hybrid_planning/share/moveit_hybrid_planning/cmake/export_moveit_hybrid_planningExport.cmake
[0.464s] -- Up-to-date: /home/manuel/robotic-models/ws_moveit2/install/moveit_hybrid_planning/share/moveit_hybrid_planning/cmake/export_moveit_hybrid_planningExport-release.cmake
[0.464s] -- Up-to-date: /home/manuel/robotic-models/ws_moveit2/install/moveit_hybrid_planning/share/moveit_hybrid_planning/cmake/ament_cmake_export_include_directories-extras.cmake
[0.464s] -- Up-to-date: /home/manuel/robotic-models/ws_moveit2/install/moveit_hybrid_planning/share/moveit_hybrid_planning/cmake/ament_cmake_export_libraries-extras.cmake
[0.464s] -- Up-to-date: /home/manuel/robotic-models/ws_moveit2/install/moveit_hybrid_planning/share/moveit_hybrid_planning/cmake/ament_cmake_export_dependencies-extras.cmake
[0.464s] -- Up-to-date: /home/manuel/robotic-models/ws_moveit2/install/moveit_hybrid_planning/share/moveit_hybrid_planning/cmake/ament_cmake_export_targets-extras.cmake
[0.464s] -- Up-to-date: /home/manuel/robotic-models/ws_moveit2/install/moveit_hybrid_planning/share/moveit_hybrid_planning/cmake/moveit_hybrid_planningConfig.cmake
[0.464s] -- Up-to-date: /home/manuel/robotic-models/ws_moveit2/install/moveit_hybrid_planning/share/moveit_hybrid_planning/cmake/moveit_hybrid_planningConfig-version.cmake
[0.464s] -- Up-to-date: /home/manuel/robotic-models/ws_moveit2/install/moveit_hybrid_planning/share/moveit_hybrid_planning/package.xml
[0.466s] Invoked command in '/home/manuel/robotic-models/ws_moveit2/build/moveit_hybrid_planning' returned '0': AMENT_PREFIX_PATH=/home/manuel/robotic-models/ws_moveit2/install/moveit_ros_planning_interface:/home/manuel/robotic-models/ws_moveit2/install/moveit_ros_move_group:/home/manuel/robotic-models/ws_moveit2/install/moveit_ros_warehouse:/home/manuel/robotic-models/ws_moveit2/install/moveit_planners_ompl:/home/manuel/robotic-models/ws_moveit2/install/moveit_kinematics:/home/manuel/robotic-models/ws_moveit2/install/moveit_ros_planning:/home/manuel/robotic-models/ws_moveit2/install/moveit_ros_occupancy_map_monitor:/home/manuel/robotic-models/ws_moveit2/install/moveit_core:/home/manuel/robotic-models/ws_moveit2/install/moveit_resources_panda_moveit_config:/home/manuel/robotic-models/ws_moveit2/install/srdfdom:/home/manuel/robotic-models/ws_moveit2/install/moveit_resources_panda_description:/home/manuel/robotic-models/ws_moveit2/install/moveit_common:${AMENT_PREFIX_PATH} CMAKE_PREFIX_PATH=/home/manuel/robotic-models/ws_moveit2/install/moveit_ros_planning_interface:/home/manuel/robotic-models/ws_moveit2/install/moveit_ros_move_group:/home/manuel/robotic-models/ws_moveit2/install/moveit_ros_warehouse:/home/manuel/robotic-models/ws_moveit2/install/moveit_planners_ompl:/home/manuel/robotic-models/ws_moveit2/install/moveit_kinematics:/home/manuel/robotic-models/ws_moveit2/install/moveit_ros_planning:/home/manuel/robotic-models/ws_moveit2/install/moveit_ros_occupancy_map_monitor:/home/manuel/robotic-models/ws_moveit2/install/moveit_core:/home/manuel/robotic-models/ws_moveit2/install/moveit_resources_panda_moveit_config:/home/manuel/robotic-models/ws_moveit2/install/srdfdom:/home/manuel/robotic-models/ws_moveit2/install/moveit_resources_panda_description:/home/manuel/robotic-models/ws_moveit2/install/moveit_common:/opt/ros/humble LD_LIBRARY_PATH=/home/manuel/robotic-models/ws_moveit2/install/moveit_ros_planning_interface/lib:/home/manuel/robotic-models/ws_moveit2/install/moveit_ros_move_group/lib:/home/manuel/robotic-models/ws_moveit2/install/moveit_ros_warehouse/lib:/home/manuel/robotic-models/ws_moveit2/install/moveit_planners_ompl/lib:/home/manuel/robotic-models/ws_moveit2/install/moveit_kinematics/lib:/home/manuel/robotic-models/ws_moveit2/install/moveit_ros_planning/lib:/home/manuel/robotic-models/ws_moveit2/install/moveit_ros_occupancy_map_monitor/lib:/home/manuel/robotic-models/ws_moveit2/install/moveit_core/lib:/home/manuel/robotic-models/ws_moveit2/install/srdfdom/lib:${LD_LIBRARY_PATH} PATH=/home/manuel/robotic-models/ws_moveit2/install/moveit_core/bin:${PATH} PYTHONPATH=/home/manuel/robotic-models/ws_moveit2/install/srdfdom/local/lib/python3.10/dist-packages:${PYTHONPATH} /usr/bin/cmake --install /home/manuel/robotic-models/ws_moveit2/build/moveit_hybrid_planning
