[0.054s] Invoking command in '/home/manuel/robotic-models/ws_moveit2/build/rviz_marker_tools': AMENT_PREFIX_PATH=/home/manuel/robotic-models/ws_moveit2/install/moveit_common:${AMENT_PREFIX_PATH} CMAKE_PREFIX_PATH=/home/manuel/robotic-models/ws_moveit2/install/moveit_common:/opt/ros/humble /usr/bin/cmake --build /home/manuel/robotic-models/ws_moveit2/build/rviz_marker_tools -- -j16 -l16
[0.093s] [35m[1mConsolidate compiler generated dependencies of target rviz_marker_tools[0m
[0.112s] [100%] Built target rviz_marker_tools
[0.126s] Invoked command in '/home/manuel/robotic-models/ws_moveit2/build/rviz_marker_tools' returned '0': AMENT_PREFIX_PATH=/home/manuel/robotic-models/ws_moveit2/install/moveit_common:${AMENT_PREFIX_PATH} CMAKE_PREFIX_PATH=/home/manuel/robotic-models/ws_moveit2/install/moveit_common:/opt/ros/humble /usr/bin/cmake --build /home/manuel/robotic-models/ws_moveit2/build/rviz_marker_tools -- -j16 -l16
[0.171s] Invoking command in '/home/manuel/robotic-models/ws_moveit2/build/rviz_marker_tools': AMENT_PREFIX_PATH=/home/manuel/robotic-models/ws_moveit2/install/moveit_common:${AMENT_PREFIX_PATH} CMAKE_PREFIX_PATH=/home/manuel/robotic-models/ws_moveit2/install/moveit_common:/opt/ros/humble /usr/bin/cmake --install /home/manuel/robotic-models/ws_moveit2/build/rviz_marker_tools
[0.180s] -- Install configuration: "Release"
[0.180s] -- Up-to-date: /home/manuel/robotic-models/ws_moveit2/install/rviz_marker_tools/include
[0.180s] -- Up-to-date: /home/manuel/robotic-models/ws_moveit2/install/rviz_marker_tools/include/rviz_marker_tools
[0.180s] -- Up-to-date: /home/manuel/robotic-models/ws_moveit2/install/rviz_marker_tools/include/rviz_marker_tools/marker_creation.h
[0.181s] -- Up-to-date: /home/manuel/robotic-models/ws_moveit2/install/rviz_marker_tools/lib/librviz_marker_tools.so
[0.182s] -- Up-to-date: /home/manuel/robotic-models/ws_moveit2/install/rviz_marker_tools/share/rviz_marker_tools/environment/library_path.sh
[0.182s] -- Up-to-date: /home/manuel/robotic-models/ws_moveit2/install/rviz_marker_tools/share/rviz_marker_tools/environment/library_path.dsv
[0.184s] -- Up-to-date: /home/manuel/robotic-models/ws_moveit2/install/rviz_marker_tools/share/ament_index/resource_index/package_run_dependencies/rviz_marker_tools
[0.184s] -- Up-to-date: /home/manuel/robotic-models/ws_moveit2/install/rviz_marker_tools/share/ament_index/resource_index/parent_prefix_path/rviz_marker_tools
[0.184s] -- Up-to-date: /home/manuel/robotic-models/ws_moveit2/install/rviz_marker_tools/share/rviz_marker_tools/environment/ament_prefix_path.sh
[0.184s] -- Up-to-date: /home/manuel/robotic-models/ws_moveit2/install/rviz_marker_tools/share/rviz_marker_tools/environment/ament_prefix_path.dsv
[0.184s] -- Up-to-date: /home/manuel/robotic-models/ws_moveit2/install/rviz_marker_tools/share/rviz_marker_tools/environment/path.sh
[0.184s] -- Up-to-date: /home/manuel/robotic-models/ws_moveit2/install/rviz_marker_tools/share/rviz_marker_tools/environment/path.dsv
[0.184s] -- Up-to-date: /home/manuel/robotic-models/ws_moveit2/install/rviz_marker_tools/share/rviz_marker_tools/local_setup.bash
[0.184s] -- Up-to-date: /home/manuel/robotic-models/ws_moveit2/install/rviz_marker_tools/share/rviz_marker_tools/local_setup.sh
[0.184s] -- Up-to-date: /home/manuel/robotic-models/ws_moveit2/install/rviz_marker_tools/share/rviz_marker_tools/local_setup.zsh
[0.184s] -- Up-to-date: /home/manuel/robotic-models/ws_moveit2/install/rviz_marker_tools/share/rviz_marker_tools/local_setup.dsv
[0.185s] -- Installing: /home/manuel/robotic-models/ws_moveit2/install/rviz_marker_tools/share/rviz_marker_tools/package.dsv
[0.185s] -- Up-to-date: /home/manuel/robotic-models/ws_moveit2/install/rviz_marker_tools/share/ament_index/resource_index/packages/rviz_marker_tools
[0.187s] -- Up-to-date: /home/manuel/robotic-models/ws_moveit2/install/rviz_marker_tools/share/rviz_marker_tools/cmake/rviz_marker_toolsTargetsExport.cmake
[0.187s] -- Up-to-date: /home/manuel/robotic-models/ws_moveit2/install/rviz_marker_tools/share/rviz_marker_tools/cmake/rviz_marker_toolsTargetsExport-release.cmake
[0.188s] -- Up-to-date: /home/manuel/robotic-models/ws_moveit2/install/rviz_marker_tools/share/rviz_marker_tools/cmake/ament_cmake_export_targets-extras.cmake
[0.188s] -- Up-to-date: /home/manuel/robotic-models/ws_moveit2/install/rviz_marker_tools/share/rviz_marker_tools/cmake/ament_cmake_export_dependencies-extras.cmake
[0.188s] -- Up-to-date: /home/manuel/robotic-models/ws_moveit2/install/rviz_marker_tools/share/rviz_marker_tools/cmake/rviz_marker_toolsConfig.cmake
[0.188s] -- Up-to-date: /home/manuel/robotic-models/ws_moveit2/install/rviz_marker_tools/share/rviz_marker_tools/cmake/rviz_marker_toolsConfig-version.cmake
[0.188s] -- Up-to-date: /home/manuel/robotic-models/ws_moveit2/install/rviz_marker_tools/share/rviz_marker_tools/package.xml
[0.205s] Invoked command in '/home/manuel/robotic-models/ws_moveit2/build/rviz_marker_tools' returned '0': AMENT_PREFIX_PATH=/home/manuel/robotic-models/ws_moveit2/install/moveit_common:${AMENT_PREFIX_PATH} CMAKE_PREFIX_PATH=/home/manuel/robotic-models/ws_moveit2/install/moveit_common:/opt/ros/humble /usr/bin/cmake --install /home/manuel/robotic-models/ws_moveit2/build/rviz_marker_tools
