[  6%] Built target pick_place_demo_parameters
[ 12%] [32mBuilding CXX object CMakeFiles/moveit_task_constructor_demo_fallbacks_move_to.dir/src/fallbacks_move_to.cpp.o[0m
[ 18%] [32m[1mLinking CXX executable fallbacks_move_to[0m
[ 18%] Built target moveit_task_constructor_demo_fallbacks_move_to
[ 25%] [32mBuilding CXX object CMakeFiles/moveit_task_constructor_demo_pick_place_task.dir/src/pick_place_task.cpp.o[0m
[ 31%] [32m[1mLinking CXX shared library libmoveit_task_constructor_demo_pick_place_task.so[0m
[ 31%] Built target moveit_task_constructor_demo_pick_place_task
[ 37%] Built target ik_clearance_cost_parameters
[ 43%] [32mBuilding CXX object CMakeFiles/moveit_task_constructor_demo_pick_place_demo.dir/src/pick_place_demo.cpp.o[0m
[ 50%] [32m[1mLinking CXX executable pick_place_demo[0m
[ 50%] Built target moveit_task_constructor_demo_pick_place_demo
[ 56%] [32mBuilding CXX object CMakeFiles/moveit_task_constructor_demo_ik_clearance_cost.dir/src/ik_clearance_cost.cpp.o[0m
[ 62%] [32m[1mLinking CXX executable ik_clearance_cost[0m
[ 62%] Built target moveit_task_constructor_demo_ik_clearance_cost
[ 68%] [32mBuilding CXX object CMakeFiles/moveit_task_constructor_demo_alternative_path_costs.dir/src/alternative_path_costs.cpp.o[0m
[ 75%] [32m[1mLinking CXX executable alternative_path_costs[0m
[ 75%] Built target moveit_task_constructor_demo_alternative_path_costs
[ 81%] [32mBuilding CXX object CMakeFiles/moveit_task_constructor_demo_modular.dir/src/modular.cpp.o[0m
[ 87%] [32m[1mLinking CXX executable modular[0m
[ 87%] Built target moveit_task_constructor_demo_modular
[ 93%] [32mBuilding CXX object CMakeFiles/moveit_task_constructor_demo_cartesian.dir/src/cartesian.cpp.o[0m
[100%] [32m[1mLinking CXX executable cartesian[0m
[100%] Built target moveit_task_constructor_demo_cartesian
-- Install configuration: "Release"
-- Installing: /home/manuel/robotic-models/ws_moveit2/install/moveit_task_constructor_demo/lib/libmoveit_task_constructor_demo_pick_place_task.so
-- Set runtime path of "/home/manuel/robotic-models/ws_moveit2/install/moveit_task_constructor_demo/lib/libmoveit_task_constructor_demo_pick_place_task.so" to ""
-- Installing: /home/manuel/robotic-models/ws_moveit2/install/moveit_task_constructor_demo/lib/moveit_task_constructor_demo/cartesian
-- Set runtime path of "/home/manuel/robotic-models/ws_moveit2/install/moveit_task_constructor_demo/lib/moveit_task_constructor_demo/cartesian" to ""
-- Installing: /home/manuel/robotic-models/ws_moveit2/install/moveit_task_constructor_demo/lib/moveit_task_constructor_demo/modular
-- Set runtime path of "/home/manuel/robotic-models/ws_moveit2/install/moveit_task_constructor_demo/lib/moveit_task_constructor_demo/modular" to ""
-- Installing: /home/manuel/robotic-models/ws_moveit2/install/moveit_task_constructor_demo/lib/moveit_task_constructor_demo/alternative_path_costs
-- Set runtime path of "/home/manuel/robotic-models/ws_moveit2/install/moveit_task_constructor_demo/lib/moveit_task_constructor_demo/alternative_path_costs" to ""
-- Installing: /home/manuel/robotic-models/ws_moveit2/install/moveit_task_constructor_demo/include/ik_clearance_cost_parameters
-- Installing: /home/manuel/robotic-models/ws_moveit2/install/moveit_task_constructor_demo/include/ik_clearance_cost_parameters/ik_clearance_cost_parameters.hpp
-- Installing: /home/manuel/robotic-models/ws_moveit2/install/moveit_task_constructor_demo/lib/moveit_task_constructor_demo/ik_clearance_cost
-- Set runtime path of "/home/manuel/robotic-models/ws_moveit2/install/moveit_task_constructor_demo/lib/moveit_task_constructor_demo/ik_clearance_cost" to ""
-- Installing: /home/manuel/robotic-models/ws_moveit2/install/moveit_task_constructor_demo/lib/moveit_task_constructor_demo/fallbacks_move_to
-- Set runtime path of "/home/manuel/robotic-models/ws_moveit2/install/moveit_task_constructor_demo/lib/moveit_task_constructor_demo/fallbacks_move_to" to ""
-- Installing: /home/manuel/robotic-models/ws_moveit2/install/moveit_task_constructor_demo/include/pick_place_demo_parameters
-- Installing: /home/manuel/robotic-models/ws_moveit2/install/moveit_task_constructor_demo/include/pick_place_demo_parameters/pick_place_demo_parameters.hpp
-- Installing: /home/manuel/robotic-models/ws_moveit2/install/moveit_task_constructor_demo/lib/moveit_task_constructor_demo/pick_place_demo
-- Set runtime path of "/home/manuel/robotic-models/ws_moveit2/install/moveit_task_constructor_demo/lib/moveit_task_constructor_demo/pick_place_demo" to ""
-- Installing: /home/manuel/robotic-models/ws_moveit2/install/moveit_task_constructor_demo/lib/moveit_task_constructor_demo/alternatives.py
-- Installing: /home/manuel/robotic-models/ws_moveit2/install/moveit_task_constructor_demo/lib/moveit_task_constructor_demo/cartesian.py
-- Installing: /home/manuel/robotic-models/ws_moveit2/install/moveit_task_constructor_demo/lib/moveit_task_constructor_demo/compute_ik.py
-- Installing: /home/manuel/robotic-models/ws_moveit2/install/moveit_task_constructor_demo/lib/moveit_task_constructor_demo/constrained.py
-- Installing: /home/manuel/robotic-models/ws_moveit2/install/moveit_task_constructor_demo/lib/moveit_task_constructor_demo/current_state.py
-- Installing: /home/manuel/robotic-models/ws_moveit2/install/moveit_task_constructor_demo/lib/moveit_task_constructor_demo/fallbacks.py
-- Installing: /home/manuel/robotic-models/ws_moveit2/install/moveit_task_constructor_demo/lib/moveit_task_constructor_demo/fix_collision_objects.py
-- Installing: /home/manuel/robotic-models/ws_moveit2/install/moveit_task_constructor_demo/lib/moveit_task_constructor_demo/fixed_state.py
-- Installing: /home/manuel/robotic-models/ws_moveit2/install/moveit_task_constructor_demo/lib/moveit_task_constructor_demo/generate_pose.py
-- Installing: /home/manuel/robotic-models/ws_moveit2/install/moveit_task_constructor_demo/lib/moveit_task_constructor_demo/merger.py
-- Installing: /home/manuel/robotic-models/ws_moveit2/install/moveit_task_constructor_demo/lib/moveit_task_constructor_demo/modify_planning_scene.py
-- Installing: /home/manuel/robotic-models/ws_moveit2/install/moveit_task_constructor_demo/lib/moveit_task_constructor_demo/multi_planner.py
-- Installing: /home/manuel/robotic-models/ws_moveit2/install/moveit_task_constructor_demo/lib/moveit_task_constructor_demo/pickplace.py
-- Installing: /home/manuel/robotic-models/ws_moveit2/install/moveit_task_constructor_demo/lib/moveit_task_constructor_demo/properties.py
-- Installing: /home/manuel/robotic-models/ws_moveit2/install/moveit_task_constructor_demo/share/moveit_task_constructor_demo/launch
-- Installing: /home/manuel/robotic-models/ws_moveit2/install/moveit_task_constructor_demo/share/moveit_task_constructor_demo/launch/run.launch.py
-- Installing: /home/manuel/robotic-models/ws_moveit2/install/moveit_task_constructor_demo/share/moveit_task_constructor_demo/launch/demo.launch.py
-- Installing: /home/manuel/robotic-models/ws_moveit2/install/moveit_task_constructor_demo/share/moveit_task_constructor_demo/config
-- Installing: /home/manuel/robotic-models/ws_moveit2/install/moveit_task_constructor_demo/share/moveit_task_constructor_demo/config/panda_config.yaml
-- Installing: /home/manuel/robotic-models/ws_moveit2/install/moveit_task_constructor_demo/share/moveit_task_constructor_demo/config/mtc.rviz
-- Installing: /home/manuel/robotic-models/ws_moveit2/install/moveit_task_constructor_demo/share/ament_index/resource_index/package_run_dependencies/moveit_task_constructor_demo
-- Installing: /home/manuel/robotic-models/ws_moveit2/install/moveit_task_constructor_demo/share/ament_index/resource_index/parent_prefix_path/moveit_task_constructor_demo
-- Installing: /home/manuel/robotic-models/ws_moveit2/install/moveit_task_constructor_demo/share/moveit_task_constructor_demo/environment/ament_prefix_path.sh
-- Installing: /home/manuel/robotic-models/ws_moveit2/install/moveit_task_constructor_demo/share/moveit_task_constructor_demo/environment/ament_prefix_path.dsv
-- Installing: /home/manuel/robotic-models/ws_moveit2/install/moveit_task_constructor_demo/share/moveit_task_constructor_demo/environment/path.sh
-- Installing: /home/manuel/robotic-models/ws_moveit2/install/moveit_task_constructor_demo/share/moveit_task_constructor_demo/environment/path.dsv
-- Installing: /home/manuel/robotic-models/ws_moveit2/install/moveit_task_constructor_demo/share/moveit_task_constructor_demo/local_setup.bash
-- Installing: /home/manuel/robotic-models/ws_moveit2/install/moveit_task_constructor_demo/share/moveit_task_constructor_demo/local_setup.sh
-- Installing: /home/manuel/robotic-models/ws_moveit2/install/moveit_task_constructor_demo/share/moveit_task_constructor_demo/local_setup.zsh
-- Installing: /home/manuel/robotic-models/ws_moveit2/install/moveit_task_constructor_demo/share/moveit_task_constructor_demo/local_setup.dsv
-- Installing: /home/manuel/robotic-models/ws_moveit2/install/moveit_task_constructor_demo/share/moveit_task_constructor_demo/package.dsv
-- Installing: /home/manuel/robotic-models/ws_moveit2/install/moveit_task_constructor_demo/share/ament_index/resource_index/packages/moveit_task_constructor_demo
-- Installing: /home/manuel/robotic-models/ws_moveit2/install/moveit_task_constructor_demo/share/moveit_task_constructor_demo/cmake/moveit_task_constructor_demoConfig.cmake
-- Installing: /home/manuel/robotic-models/ws_moveit2/install/moveit_task_constructor_demo/share/moveit_task_constructor_demo/cmake/moveit_task_constructor_demoConfig-version.cmake
-- Installing: /home/manuel/robotic-models/ws_moveit2/install/moveit_task_constructor_demo/share/moveit_task_constructor_demo/package.xml
