[0.025s] Invoking command in '/home/manuel/robotic-models/ws_moveit2/build/moveit_ros_planning': AMENT_PREFIX_PATH=/home/manuel/robotic-models/ws_moveit2/install/moveit_ros_occupancy_map_monitor:/home/manuel/robotic-models/ws_moveit2/install/moveit_core:/home/manuel/robotic-models/ws_moveit2/install/moveit_resources_panda_moveit_config:/home/manuel/robotic-models/ws_moveit2/install/srdfdom:/home/manuel/robotic-models/ws_moveit2/install/moveit_resources_panda_description:/home/manuel/robotic-models/ws_moveit2/install/moveit_common:${AMENT_PREFIX_PATH} CMAKE_PREFIX_PATH=/home/manuel/robotic-models/ws_moveit2/install/moveit_ros_occupancy_map_monitor:/home/manuel/robotic-models/ws_moveit2/install/moveit_core:/home/manuel/robotic-models/ws_moveit2/install/moveit_resources_panda_moveit_config:/home/manuel/robotic-models/ws_moveit2/install/srdfdom:/home/manuel/robotic-models/ws_moveit2/install/moveit_resources_panda_description:/home/manuel/robotic-models/ws_moveit2/install/moveit_common:/opt/ros/humble LD_LIBRARY_PATH=/home/manuel/robotic-models/ws_moveit2/install/moveit_ros_occupancy_map_monitor/lib:/home/manuel/robotic-models/ws_moveit2/install/moveit_core/lib:/home/manuel/robotic-models/ws_moveit2/install/srdfdom/lib:${LD_LIBRARY_PATH} PATH=/home/manuel/robotic-models/ws_moveit2/install/moveit_core/bin:${PATH} PYTHONPATH=/home/manuel/robotic-models/ws_moveit2/install/srdfdom/local/lib/python3.10/dist-packages:${PYTHONPATH} /usr/bin/cmake --build /home/manuel/robotic-models/ws_moveit2/build/moveit_ros_planning -- -j16 -l16
[0.087s] [35m[1mConsolidate compiler generated dependencies of target moveit_list_request_adapter_plugins[0m
[0.088s] [35m[1mConsolidate compiler generated dependencies of target moveit_collision_plugin_loader[0m
[0.088s] [35m[1mConsolidate compiler generated dependencies of target moveit_rdf_loader[0m
[0.089s] [35m[1mConsolidate compiler generated dependencies of target gmock[0m
[0.090s] [35m[1mConsolidate compiler generated dependencies of target gmock_main[0m
[0.091s] [35m[1mConsolidate compiler generated dependencies of target moveit_planning_pipeline[0m
[0.105s] [  4%] Built target gmock
[0.105s] [  8%] Built target gmock_main
[0.110s] [ 12%] Built target moveit_rdf_loader
[0.117s] [35m[1mConsolidate compiler generated dependencies of target moveit_default_planning_request_adapter_plugins[0m
[0.118s] [ 16%] Built target moveit_list_request_adapter_plugins
[0.120s] [ 19%] Built target moveit_collision_plugin_loader
[0.124s] [35m[1mConsolidate compiler generated dependencies of target moveit_kinematics_plugin_loader[0m
[0.125s] [ 22%] Built target moveit_planning_pipeline
[0.126s] [35m[1mConsolidate compiler generated dependencies of target moveit_constraint_sampler_manager_loader[0m
[0.145s] [ 25%] Built target moveit_kinematics_plugin_loader
[0.151s] [ 29%] Built target moveit_constraint_sampler_manager_loader
[0.159s] [35m[1mConsolidate compiler generated dependencies of target moveit_robot_model_loader[0m
[0.183s] [ 32%] Built target moveit_robot_model_loader
[0.191s] [ 50%] Built target moveit_default_planning_request_adapter_plugins
[0.197s] [35m[1mConsolidate compiler generated dependencies of target moveit_print_planning_model_info[0m
[0.206s] [35m[1mConsolidate compiler generated dependencies of target moveit_planning_scene_monitor[0m
[0.217s] [ 53%] Built target moveit_print_planning_model_info
[0.257s] [ 62%] Built target moveit_planning_scene_monitor
[0.270s] [35m[1mConsolidate compiler generated dependencies of target demo_scene[0m
[0.270s] [35m[1mConsolidate compiler generated dependencies of target current_state_monitor_tests[0m
[0.270s] [35m[1mConsolidate compiler generated dependencies of target moveit_trajectory_execution_manager[0m
[0.271s] [35m[1mConsolidate compiler generated dependencies of target moveit_display_random_state[0m
[0.271s] [35m[1mConsolidate compiler generated dependencies of target moveit_evaluate_collision_checking_speed[0m
[0.271s] [35m[1mConsolidate compiler generated dependencies of target trajectory_monitor_tests[0m
[0.271s] [35m[1mConsolidate compiler generated dependencies of target moveit_print_planning_scene_info[0m
[0.273s] [35m[1mConsolidate compiler generated dependencies of target moveit_visualize_robot_collision_volume[0m
[0.273s] [35m[1mConsolidate compiler generated dependencies of target moveit_publish_scene_from_text[0m
[0.302s] [ 79%] Built target current_state_monitor_tests
[0.302s] [ 79%] Built target trajectory_monitor_tests
[0.302s] [ 79%] Built target moveit_print_planning_scene_info
[0.302s] [ 79%] Built target demo_scene
[0.302s] [ 79%] Built target moveit_display_random_state
[0.303s] [ 82%] Built target moveit_visualize_robot_collision_volume
[0.303s] [ 88%] Built target moveit_trajectory_execution_manager
[0.303s] [ 88%] Built target moveit_evaluate_collision_checking_speed
[0.307s] [ 91%] Built target moveit_publish_scene_from_text
[0.316s] [35m[1mConsolidate compiler generated dependencies of target moveit_plan_execution[0m
[0.318s] [35m[1mConsolidate compiler generated dependencies of target moveit_cpp[0m
[0.344s] [ 95%] Built target moveit_plan_execution
[0.352s] [100%] Built target moveit_cpp
[0.362s] Invoked command in '/home/manuel/robotic-models/ws_moveit2/build/moveit_ros_planning' returned '0': AMENT_PREFIX_PATH=/home/manuel/robotic-models/ws_moveit2/install/moveit_ros_occupancy_map_monitor:/home/manuel/robotic-models/ws_moveit2/install/moveit_core:/home/manuel/robotic-models/ws_moveit2/install/moveit_resources_panda_moveit_config:/home/manuel/robotic-models/ws_moveit2/install/srdfdom:/home/manuel/robotic-models/ws_moveit2/install/moveit_resources_panda_description:/home/manuel/robotic-models/ws_moveit2/install/moveit_common:${AMENT_PREFIX_PATH} CMAKE_PREFIX_PATH=/home/manuel/robotic-models/ws_moveit2/install/moveit_ros_occupancy_map_monitor:/home/manuel/robotic-models/ws_moveit2/install/moveit_core:/home/manuel/robotic-models/ws_moveit2/install/moveit_resources_panda_moveit_config:/home/manuel/robotic-models/ws_moveit2/install/srdfdom:/home/manuel/robotic-models/ws_moveit2/install/moveit_resources_panda_description:/home/manuel/robotic-models/ws_moveit2/install/moveit_common:/opt/ros/humble LD_LIBRARY_PATH=/home/manuel/robotic-models/ws_moveit2/install/moveit_ros_occupancy_map_monitor/lib:/home/manuel/robotic-models/ws_moveit2/install/moveit_core/lib:/home/manuel/robotic-models/ws_moveit2/install/srdfdom/lib:${LD_LIBRARY_PATH} PATH=/home/manuel/robotic-models/ws_moveit2/install/moveit_core/bin:${PATH} PYTHONPATH=/home/manuel/robotic-models/ws_moveit2/install/srdfdom/local/lib/python3.10/dist-packages:${PYTHONPATH} /usr/bin/cmake --build /home/manuel/robotic-models/ws_moveit2/build/moveit_ros_planning -- -j16 -l16
[0.388s] Invoking command in '/home/manuel/robotic-models/ws_moveit2/build/moveit_ros_planning': AMENT_PREFIX_PATH=/home/manuel/robotic-models/ws_moveit2/install/moveit_ros_occupancy_map_monitor:/home/manuel/robotic-models/ws_moveit2/install/moveit_core:/home/manuel/robotic-models/ws_moveit2/install/moveit_resources_panda_moveit_config:/home/manuel/robotic-models/ws_moveit2/install/srdfdom:/home/manuel/robotic-models/ws_moveit2/install/moveit_resources_panda_description:/home/manuel/robotic-models/ws_moveit2/install/moveit_common:${AMENT_PREFIX_PATH} CMAKE_PREFIX_PATH=/home/manuel/robotic-models/ws_moveit2/install/moveit_ros_occupancy_map_monitor:/home/manuel/robotic-models/ws_moveit2/install/moveit_core:/home/manuel/robotic-models/ws_moveit2/install/moveit_resources_panda_moveit_config:/home/manuel/robotic-models/ws_moveit2/install/srdfdom:/home/manuel/robotic-models/ws_moveit2/install/moveit_resources_panda_description:/home/manuel/robotic-models/ws_moveit2/install/moveit_common:/opt/ros/humble LD_LIBRARY_PATH=/home/manuel/robotic-models/ws_moveit2/install/moveit_ros_occupancy_map_monitor/lib:/home/manuel/robotic-models/ws_moveit2/install/moveit_core/lib:/home/manuel/robotic-models/ws_moveit2/install/srdfdom/lib:${LD_LIBRARY_PATH} PATH=/home/manuel/robotic-models/ws_moveit2/install/moveit_core/bin:${PATH} PYTHONPATH=/home/manuel/robotic-models/ws_moveit2/install/srdfdom/local/lib/python3.10/dist-packages:${PYTHONPATH} /usr/bin/cmake --install /home/manuel/robotic-models/ws_moveit2/build/moveit_ros_planning
[0.394s] -- Install configuration: "Release"
[0.395s] -- Up-to-date: /home/manuel/robotic-models/ws_moveit2/install/moveit_ros_planning/include
[0.395s] -- Up-to-date: /home/manuel/robotic-models/ws_moveit2/install/moveit_ros_planning/include/moveit
[0.395s] -- Up-to-date: /home/manuel/robotic-models/ws_moveit2/install/moveit_ros_planning/include/moveit/rdf_loader
[0.395s] -- Up-to-date: /home/manuel/robotic-models/ws_moveit2/install/moveit_ros_planning/include/moveit/rdf_loader/rdf_loader.h
[0.395s] -- Up-to-date: /home/manuel/robotic-models/ws_moveit2/install/moveit_ros_planning/include/moveit/rdf_loader/synchronized_string_parameter.h
[0.397s] -- Up-to-date: /home/manuel/robotic-models/ws_moveit2/install/moveit_ros_planning/share/moveit_ros_planning/rdf_loader/test/data
[0.397s] -- Up-to-date: /home/manuel/robotic-models/ws_moveit2/install/moveit_ros_planning/share/moveit_ros_planning/rdf_loader/test/data/robin.srdf.xacro
[0.397s] -- Up-to-date: /home/manuel/robotic-models/ws_moveit2/install/moveit_ros_planning/share/moveit_ros_planning/rdf_loader/test/data/kermit.srdf
[0.397s] -- Up-to-date: /home/manuel/robotic-models/ws_moveit2/install/moveit_ros_planning/share/moveit_ros_planning/rdf_loader/test/data/gonzo.srdf
[0.397s] -- Up-to-date: /home/manuel/robotic-models/ws_moveit2/install/moveit_ros_planning/share/moveit_ros_planning/rdf_loader/test/data/kermit.urdf
[0.397s] -- Up-to-date: /home/manuel/robotic-models/ws_moveit2/install/moveit_ros_planning/share/moveit_ros_planning/rdf_loader/test/data/gonzo.urdf
[0.397s] -- Up-to-date: /home/manuel/robotic-models/ws_moveit2/install/moveit_ros_planning/share/moveit_ros_planning/rdf_loader/test/launch
[0.398s] -- Up-to-date: /home/manuel/robotic-models/ws_moveit2/install/moveit_ros_planning/share/moveit_ros_planning/rdf_loader/test/launch/test_rdf_integration.test.py
[0.398s] -- Up-to-date: /home/manuel/robotic-models/ws_moveit2/install/moveit_ros_planning/include
[0.398s] -- Up-to-date: /home/manuel/robotic-models/ws_moveit2/install/moveit_ros_planning/include/moveit
[0.398s] -- Up-to-date: /home/manuel/robotic-models/ws_moveit2/install/moveit_ros_planning/include/moveit/collision_plugin_loader
[0.398s] -- Up-to-date: /home/manuel/robotic-models/ws_moveit2/install/moveit_ros_planning/include/moveit/collision_plugin_loader/collision_plugin_loader.h
[0.399s] -- Up-to-date: /home/manuel/robotic-models/ws_moveit2/install/moveit_ros_planning/include
[0.399s] -- Up-to-date: /home/manuel/robotic-models/ws_moveit2/install/moveit_ros_planning/include/moveit
[0.399s] -- Up-to-date: /home/manuel/robotic-models/ws_moveit2/install/moveit_ros_planning/include/moveit/kinematics_plugin_loader
[0.399s] -- Up-to-date: /home/manuel/robotic-models/ws_moveit2/install/moveit_ros_planning/include/moveit/kinematics_plugin_loader/kinematics_plugin_loader.h
[0.399s] -- Up-to-date: /home/manuel/robotic-models/ws_moveit2/install/moveit_ros_planning/include
[0.399s] -- Up-to-date: /home/manuel/robotic-models/ws_moveit2/install/moveit_ros_planning/include/moveit
[0.399s] -- Up-to-date: /home/manuel/robotic-models/ws_moveit2/install/moveit_ros_planning/include/moveit/robot_model_loader
[0.400s] -- Up-to-date: /home/manuel/robotic-models/ws_moveit2/install/moveit_ros_planning/include/moveit/robot_model_loader/robot_model_loader.h
[0.400s] -- Up-to-date: /home/manuel/robotic-models/ws_moveit2/install/moveit_ros_planning/include
[0.400s] -- Up-to-date: /home/manuel/robotic-models/ws_moveit2/install/moveit_ros_planning/include/moveit
[0.400s] -- Up-to-date: /home/manuel/robotic-models/ws_moveit2/install/moveit_ros_planning/include/moveit/constraint_sampler_manager_loader
[0.400s] -- Up-to-date: /home/manuel/robotic-models/ws_moveit2/install/moveit_ros_planning/include/moveit/constraint_sampler_manager_loader/constraint_sampler_manager_loader.h
[0.401s] -- Up-to-date: /home/manuel/robotic-models/ws_moveit2/install/moveit_ros_planning/include
[0.401s] -- Up-to-date: /home/manuel/robotic-models/ws_moveit2/install/moveit_ros_planning/include/moveit
[0.401s] -- Up-to-date: /home/manuel/robotic-models/ws_moveit2/install/moveit_ros_planning/include/moveit/planning_pipeline
[0.401s] -- Up-to-date: /home/manuel/robotic-models/ws_moveit2/install/moveit_ros_planning/include/moveit/planning_pipeline/planning_pipeline.h
[0.401s] -- Up-to-date: /home/manuel/robotic-models/ws_moveit2/install/moveit_ros_planning/include/moveit_planning_pipeline_export.h
[0.403s] -- Up-to-date: /home/manuel/robotic-models/ws_moveit2/install/moveit_ros_planning/lib/moveit_ros_planning/moveit_list_request_adapter_plugins
[0.404s] -- Up-to-date: /home/manuel/robotic-models/ws_moveit2/install/moveit_ros_planning/lib/moveit_ros_planning/demo_scene
[0.404s] -- Up-to-date: /home/manuel/robotic-models/ws_moveit2/install/moveit_ros_planning/include
[0.404s] -- Up-to-date: /home/manuel/robotic-models/ws_moveit2/install/moveit_ros_planning/include/moveit
[0.404s] -- Up-to-date: /home/manuel/robotic-models/ws_moveit2/install/moveit_ros_planning/include/moveit/planning_scene_monitor
[0.405s] -- Up-to-date: /home/manuel/robotic-models/ws_moveit2/install/moveit_ros_planning/include/moveit/planning_scene_monitor/planning_scene_monitor.h
[0.405s] -- Up-to-date: /home/manuel/robotic-models/ws_moveit2/install/moveit_ros_planning/include/moveit/planning_scene_monitor/current_state_monitor.h
[0.405s] -- Up-to-date: /home/manuel/robotic-models/ws_moveit2/install/moveit_ros_planning/include/moveit/planning_scene_monitor/trajectory_monitor.h
[0.405s] -- Up-to-date: /home/manuel/robotic-models/ws_moveit2/install/moveit_ros_planning/include/moveit/planning_scene_monitor/trajectory_monitor_middleware_handle.hpp
[0.405s] -- Up-to-date: /home/manuel/robotic-models/ws_moveit2/install/moveit_ros_planning/include/moveit/planning_scene_monitor/current_state_monitor_middleware_handle.hpp
[0.405s] -- Up-to-date: /home/manuel/robotic-models/ws_moveit2/install/moveit_ros_planning/include/moveit_planning_scene_monitor_export.h
[0.407s] -- Up-to-date: /home/manuel/robotic-models/ws_moveit2/install/moveit_ros_planning/lib/moveit_ros_planning/moveit_print_planning_model_info
[0.408s] -- Up-to-date: /home/manuel/robotic-models/ws_moveit2/install/moveit_ros_planning/lib/moveit_ros_planning/moveit_print_planning_scene_info
[0.409s] -- Up-to-date: /home/manuel/robotic-models/ws_moveit2/install/moveit_ros_planning/lib/moveit_ros_planning/moveit_display_random_state
[0.410s] -- Up-to-date: /home/manuel/robotic-models/ws_moveit2/install/moveit_ros_planning/lib/moveit_ros_planning/moveit_visualize_robot_collision_volume
[0.411s] -- Up-to-date: /home/manuel/robotic-models/ws_moveit2/install/moveit_ros_planning/lib/moveit_ros_planning/moveit_evaluate_collision_checking_speed
[0.411s] -- Up-to-date: /home/manuel/robotic-models/ws_moveit2/install/moveit_ros_planning/lib/moveit_ros_planning/moveit_publish_scene_from_text
[0.412s] -- Up-to-date: /home/manuel/robotic-models/ws_moveit2/install/moveit_ros_planning/include
[0.412s] -- Up-to-date: /home/manuel/robotic-models/ws_moveit2/install/moveit_ros_planning/include/moveit
[0.412s] -- Up-to-date: /home/manuel/robotic-models/ws_moveit2/install/moveit_ros_planning/include/moveit/trajectory_execution_manager
[0.412s] -- Up-to-date: /home/manuel/robotic-models/ws_moveit2/install/moveit_ros_planning/include/moveit/trajectory_execution_manager/trajectory_execution_manager.h
[0.413s] -- Up-to-date: /home/manuel/robotic-models/ws_moveit2/install/moveit_ros_planning/include/moveit_trajectory_execution_manager_export.h
[0.413s] -- Up-to-date: /home/manuel/robotic-models/ws_moveit2/install/moveit_ros_planning/include
[0.413s] -- Up-to-date: /home/manuel/robotic-models/ws_moveit2/install/moveit_ros_planning/include/moveit
[0.413s] -- Up-to-date: /home/manuel/robotic-models/ws_moveit2/install/moveit_ros_planning/include/moveit/plan_execution
[0.413s] -- Up-to-date: /home/manuel/robotic-models/ws_moveit2/install/moveit_ros_planning/include/moveit/plan_execution/plan_representation.h
[0.413s] -- Up-to-date: /home/manuel/robotic-models/ws_moveit2/install/moveit_ros_planning/include/moveit/plan_execution/plan_execution.h
[0.413s] -- Up-to-date: /home/manuel/robotic-models/ws_moveit2/install/moveit_ros_planning/include
[0.413s] -- Up-to-date: /home/manuel/robotic-models/ws_moveit2/install/moveit_ros_planning/include/moveit
[0.414s] -- Up-to-date: /home/manuel/robotic-models/ws_moveit2/install/moveit_ros_planning/include/moveit/moveit_cpp
[0.414s] -- Up-to-date: /home/manuel/robotic-models/ws_moveit2/install/moveit_ros_planning/include/moveit/moveit_cpp/moveit_cpp.h
[0.414s] -- Up-to-date: /home/manuel/robotic-models/ws_moveit2/install/moveit_ros_planning/include/moveit/moveit_cpp/planning_component.h
[0.414s] -- Up-to-date: /home/manuel/robotic-models/ws_moveit2/install/moveit_ros_planning/lib/libmoveit_rdf_loader.so.2.5.5
[0.415s] -- Up-to-date: /home/manuel/robotic-models/ws_moveit2/install/moveit_ros_planning/lib/libmoveit_rdf_loader.so
[0.416s] -- Up-to-date: /home/manuel/robotic-models/ws_moveit2/install/moveit_ros_planning/lib/libmoveit_kinematics_plugin_loader.so.2.5.5
[0.416s] -- Up-to-date: /home/manuel/robotic-models/ws_moveit2/install/moveit_ros_planning/lib/libmoveit_kinematics_plugin_loader.so
[0.417s] -- Up-to-date: /home/manuel/robotic-models/ws_moveit2/install/moveit_ros_planning/lib/libmoveit_robot_model_loader.so.2.5.5
[0.417s] -- Up-to-date: /home/manuel/robotic-models/ws_moveit2/install/moveit_ros_planning/lib/libmoveit_robot_model_loader.so
[0.418s] -- Up-to-date: /home/manuel/robotic-models/ws_moveit2/install/moveit_ros_planning/lib/libmoveit_constraint_sampler_manager_loader.so.2.5.5
[0.418s] -- Up-to-date: /home/manuel/robotic-models/ws_moveit2/install/moveit_ros_planning/lib/libmoveit_constraint_sampler_manager_loader.so
[0.419s] -- Up-to-date: /home/manuel/robotic-models/ws_moveit2/install/moveit_ros_planning/lib/libmoveit_planning_pipeline.so.2.5.5
[0.419s] -- Up-to-date: /home/manuel/robotic-models/ws_moveit2/install/moveit_ros_planning/lib/libmoveit_planning_pipeline.so
[0.420s] -- Up-to-date: /home/manuel/robotic-models/ws_moveit2/install/moveit_ros_planning/lib/libmoveit_trajectory_execution_manager.so.2.5.5
[0.420s] -- Up-to-date: /home/manuel/robotic-models/ws_moveit2/install/moveit_ros_planning/lib/libmoveit_trajectory_execution_manager.so
[0.421s] -- Up-to-date: /home/manuel/robotic-models/ws_moveit2/install/moveit_ros_planning/lib/libmoveit_plan_execution.so.2.5.5
[0.421s] -- Up-to-date: /home/manuel/robotic-models/ws_moveit2/install/moveit_ros_planning/lib/libmoveit_plan_execution.so
[0.422s] -- Up-to-date: /home/manuel/robotic-models/ws_moveit2/install/moveit_ros_planning/lib/libmoveit_planning_scene_monitor.so.2.5.5
[0.422s] -- Up-to-date: /home/manuel/robotic-models/ws_moveit2/install/moveit_ros_planning/lib/libmoveit_planning_scene_monitor.so
[0.423s] -- Up-to-date: /home/manuel/robotic-models/ws_moveit2/install/moveit_ros_planning/lib/libmoveit_collision_plugin_loader.so.2.5.5
[0.423s] -- Up-to-date: /home/manuel/robotic-models/ws_moveit2/install/moveit_ros_planning/lib/libmoveit_collision_plugin_loader.so
[0.424s] -- Up-to-date: /home/manuel/robotic-models/ws_moveit2/install/moveit_ros_planning/lib/libmoveit_default_planning_request_adapter_plugins.so.2.5.5
[0.424s] -- Up-to-date: /home/manuel/robotic-models/ws_moveit2/install/moveit_ros_planning/lib/libmoveit_default_planning_request_adapter_plugins.so
[0.425s] -- Up-to-date: /home/manuel/robotic-models/ws_moveit2/install/moveit_ros_planning/lib/libmoveit_cpp.so.2.5.5
[0.425s] -- Up-to-date: /home/manuel/robotic-models/ws_moveit2/install/moveit_ros_planning/lib/libmoveit_cpp.so
[0.425s] -- Up-to-date: /home/manuel/robotic-models/ws_moveit2/install/moveit_ros_planning/share/moveit_ros_planning/environment/library_path.sh
[0.425s] -- Up-to-date: /home/manuel/robotic-models/ws_moveit2/install/moveit_ros_planning/share/moveit_ros_planning/environment/library_path.dsv
[0.426s] -- Up-to-date: /home/manuel/robotic-models/ws_moveit2/install/moveit_ros_planning/share/moveit_ros_planning/planning_request_adapters_plugin_description.xml
[0.426s] -- Up-to-date: /home/manuel/robotic-models/ws_moveit2/install/moveit_ros_planning/share/ament_index/resource_index/package_run_dependencies/moveit_ros_planning
[0.426s] -- Up-to-date: /home/manuel/robotic-models/ws_moveit2/install/moveit_ros_planning/share/ament_index/resource_index/parent_prefix_path/moveit_ros_planning
[0.427s] -- Up-to-date: /home/manuel/robotic-models/ws_moveit2/install/moveit_ros_planning/share/moveit_ros_planning/environment/ament_prefix_path.sh
[0.427s] -- Up-to-date: /home/manuel/robotic-models/ws_moveit2/install/moveit_ros_planning/share/moveit_ros_planning/environment/ament_prefix_path.dsv
[0.427s] -- Up-to-date: /home/manuel/robotic-models/ws_moveit2/install/moveit_ros_planning/share/moveit_ros_planning/environment/path.sh
[0.427s] -- Up-to-date: /home/manuel/robotic-models/ws_moveit2/install/moveit_ros_planning/share/moveit_ros_planning/environment/path.dsv
[0.427s] -- Up-to-date: /home/manuel/robotic-models/ws_moveit2/install/moveit_ros_planning/share/moveit_ros_planning/local_setup.bash
[0.427s] -- Up-to-date: /home/manuel/robotic-models/ws_moveit2/install/moveit_ros_planning/share/moveit_ros_planning/local_setup.sh
[0.427s] -- Up-to-date: /home/manuel/robotic-models/ws_moveit2/install/moveit_ros_planning/share/moveit_ros_planning/local_setup.zsh
[0.427s] -- Up-to-date: /home/manuel/robotic-models/ws_moveit2/install/moveit_ros_planning/share/moveit_ros_planning/local_setup.dsv
[0.427s] -- Installing: /home/manuel/robotic-models/ws_moveit2/install/moveit_ros_planning/share/moveit_ros_planning/package.dsv
[0.428s] -- Up-to-date: /home/manuel/robotic-models/ws_moveit2/install/moveit_ros_planning/share/ament_index/resource_index/packages/moveit_ros_planning
[0.428s] -- Up-to-date: /home/manuel/robotic-models/ws_moveit2/install/moveit_ros_planning/share/ament_index/resource_index/moveit_core__pluginlib__plugin/moveit_ros_planning
[0.430s] -- Up-to-date: /home/manuel/robotic-models/ws_moveit2/install/moveit_ros_planning/share/moveit_ros_planning/cmake/export_moveit_ros_planningExport.cmake
[0.430s] -- Up-to-date: /home/manuel/robotic-models/ws_moveit2/install/moveit_ros_planning/share/moveit_ros_planning/cmake/export_moveit_ros_planningExport-release.cmake
[0.430s] -- Up-to-date: /home/manuel/robotic-models/ws_moveit2/install/moveit_ros_planning/share/moveit_ros_planning/cmake/ConfigExtras.cmake
[0.430s] -- Up-to-date: /home/manuel/robotic-models/ws_moveit2/install/moveit_ros_planning/share/moveit_ros_planning/cmake/ament_cmake_export_targets-extras.cmake
[0.430s] -- Up-to-date: /home/manuel/robotic-models/ws_moveit2/install/moveit_ros_planning/share/moveit_ros_planning/cmake/ament_cmake_export_dependencies-extras.cmake
[0.430s] -- Up-to-date: /home/manuel/robotic-models/ws_moveit2/install/moveit_ros_planning/share/moveit_ros_planning/cmake/moveit_ros_planningConfig.cmake
[0.430s] -- Up-to-date: /home/manuel/robotic-models/ws_moveit2/install/moveit_ros_planning/share/moveit_ros_planning/cmake/moveit_ros_planningConfig-version.cmake
[0.430s] -- Up-to-date: /home/manuel/robotic-models/ws_moveit2/install/moveit_ros_planning/share/moveit_ros_planning/package.xml
[0.433s] Invoked command in '/home/manuel/robotic-models/ws_moveit2/build/moveit_ros_planning' returned '0': AMENT_PREFIX_PATH=/home/manuel/robotic-models/ws_moveit2/install/moveit_ros_occupancy_map_monitor:/home/manuel/robotic-models/ws_moveit2/install/moveit_core:/home/manuel/robotic-models/ws_moveit2/install/moveit_resources_panda_moveit_config:/home/manuel/robotic-models/ws_moveit2/install/srdfdom:/home/manuel/robotic-models/ws_moveit2/install/moveit_resources_panda_description:/home/manuel/robotic-models/ws_moveit2/install/moveit_common:${AMENT_PREFIX_PATH} CMAKE_PREFIX_PATH=/home/manuel/robotic-models/ws_moveit2/install/moveit_ros_occupancy_map_monitor:/home/manuel/robotic-models/ws_moveit2/install/moveit_core:/home/manuel/robotic-models/ws_moveit2/install/moveit_resources_panda_moveit_config:/home/manuel/robotic-models/ws_moveit2/install/srdfdom:/home/manuel/robotic-models/ws_moveit2/install/moveit_resources_panda_description:/home/manuel/robotic-models/ws_moveit2/install/moveit_common:/opt/ros/humble LD_LIBRARY_PATH=/home/manuel/robotic-models/ws_moveit2/install/moveit_ros_occupancy_map_monitor/lib:/home/manuel/robotic-models/ws_moveit2/install/moveit_core/lib:/home/manuel/robotic-models/ws_moveit2/install/srdfdom/lib:${LD_LIBRARY_PATH} PATH=/home/manuel/robotic-models/ws_moveit2/install/moveit_core/bin:${PATH} PYTHONPATH=/home/manuel/robotic-models/ws_moveit2/install/srdfdom/local/lib/python3.10/dist-packages:${PYTHONPATH} /usr/bin/cmake --install /home/manuel/robotic-models/ws_moveit2/build/moveit_ros_planning
