[0.032s] Invoking command in '/home/manuel/robotic-models/ws_moveit2/build/moveit_visual_tools': AMENT_PREFIX_PATH=/home/manuel/robotic-models/ws_moveit2/install/moveit_ros_planning:/home/manuel/robotic-models/ws_moveit2/install/moveit_ros_occupancy_map_monitor:/home/manuel/robotic-models/ws_moveit2/install/moveit_core:/home/manuel/robotic-models/ws_moveit2/install/srdfdom:/home/manuel/robotic-models/ws_moveit2/install/moveit_common:${AMENT_PREFIX_PATH} CMAKE_PREFIX_PATH=/home/manuel/robotic-models/ws_moveit2/install/moveit_ros_planning:/home/manuel/robotic-models/ws_moveit2/install/moveit_ros_occupancy_map_monitor:/home/manuel/robotic-models/ws_moveit2/install/moveit_core:/home/manuel/robotic-models/ws_moveit2/install/srdfdom:/home/manuel/robotic-models/ws_moveit2/install/moveit_common:/opt/ros/humble LD_LIBRARY_PATH=/home/manuel/robotic-models/ws_moveit2/install/moveit_ros_planning/lib:/home/manuel/robotic-models/ws_moveit2/install/moveit_ros_occupancy_map_monitor/lib:/home/manuel/robotic-models/ws_moveit2/install/moveit_core/lib:/home/manuel/robotic-models/ws_moveit2/install/srdfdom/lib:${LD_LIBRARY_PATH} PATH=/home/manuel/robotic-models/ws_moveit2/install/moveit_core/bin:${PATH} PYTHONPATH=/home/manuel/robotic-models/ws_moveit2/install/srdfdom/local/lib/python3.10/dist-packages:${PYTHONPATH} /usr/bin/cmake --build /home/manuel/robotic-models/ws_moveit2/build/moveit_visual_tools -- -j16 -l16
[0.118s] [35m[1mConsolidate compiler generated dependencies of target moveit_visual_tools[0m
[0.185s] [ 66%] Built target moveit_visual_tools
[0.201s] [35m[1mConsolidate compiler generated dependencies of target moveit_visual_tools_demo[0m
[0.237s] [100%] Built target moveit_visual_tools_demo
[0.258s] Invoked command in '/home/manuel/robotic-models/ws_moveit2/build/moveit_visual_tools' returned '0': AMENT_PREFIX_PATH=/home/manuel/robotic-models/ws_moveit2/install/moveit_ros_planning:/home/manuel/robotic-models/ws_moveit2/install/moveit_ros_occupancy_map_monitor:/home/manuel/robotic-models/ws_moveit2/install/moveit_core:/home/manuel/robotic-models/ws_moveit2/install/srdfdom:/home/manuel/robotic-models/ws_moveit2/install/moveit_common:${AMENT_PREFIX_PATH} CMAKE_PREFIX_PATH=/home/manuel/robotic-models/ws_moveit2/install/moveit_ros_planning:/home/manuel/robotic-models/ws_moveit2/install/moveit_ros_occupancy_map_monitor:/home/manuel/robotic-models/ws_moveit2/install/moveit_core:/home/manuel/robotic-models/ws_moveit2/install/srdfdom:/home/manuel/robotic-models/ws_moveit2/install/moveit_common:/opt/ros/humble LD_LIBRARY_PATH=/home/manuel/robotic-models/ws_moveit2/install/moveit_ros_planning/lib:/home/manuel/robotic-models/ws_moveit2/install/moveit_ros_occupancy_map_monitor/lib:/home/manuel/robotic-models/ws_moveit2/install/moveit_core/lib:/home/manuel/robotic-models/ws_moveit2/install/srdfdom/lib:${LD_LIBRARY_PATH} PATH=/home/manuel/robotic-models/ws_moveit2/install/moveit_core/bin:${PATH} PYTHONPATH=/home/manuel/robotic-models/ws_moveit2/install/srdfdom/local/lib/python3.10/dist-packages:${PYTHONPATH} /usr/bin/cmake --build /home/manuel/robotic-models/ws_moveit2/build/moveit_visual_tools -- -j16 -l16
[0.297s] Invoking command in '/home/manuel/robotic-models/ws_moveit2/build/moveit_visual_tools': AMENT_PREFIX_PATH=/home/manuel/robotic-models/ws_moveit2/install/moveit_ros_planning:/home/manuel/robotic-models/ws_moveit2/install/moveit_ros_occupancy_map_monitor:/home/manuel/robotic-models/ws_moveit2/install/moveit_core:/home/manuel/robotic-models/ws_moveit2/install/srdfdom:/home/manuel/robotic-models/ws_moveit2/install/moveit_common:${AMENT_PREFIX_PATH} CMAKE_PREFIX_PATH=/home/manuel/robotic-models/ws_moveit2/install/moveit_ros_planning:/home/manuel/robotic-models/ws_moveit2/install/moveit_ros_occupancy_map_monitor:/home/manuel/robotic-models/ws_moveit2/install/moveit_core:/home/manuel/robotic-models/ws_moveit2/install/srdfdom:/home/manuel/robotic-models/ws_moveit2/install/moveit_common:/opt/ros/humble LD_LIBRARY_PATH=/home/manuel/robotic-models/ws_moveit2/install/moveit_ros_planning/lib:/home/manuel/robotic-models/ws_moveit2/install/moveit_ros_occupancy_map_monitor/lib:/home/manuel/robotic-models/ws_moveit2/install/moveit_core/lib:/home/manuel/robotic-models/ws_moveit2/install/srdfdom/lib:${LD_LIBRARY_PATH} PATH=/home/manuel/robotic-models/ws_moveit2/install/moveit_core/bin:${PATH} PYTHONPATH=/home/manuel/robotic-models/ws_moveit2/install/srdfdom/local/lib/python3.10/dist-packages:${PYTHONPATH} /usr/bin/cmake --install /home/manuel/robotic-models/ws_moveit2/build/moveit_visual_tools
[0.310s] -- Install configuration: "Release"
[0.311s] -- Up-to-date: /home/manuel/robotic-models/ws_moveit2/install/moveit_visual_tools/share/moveit_visual_tools/environment/library_path.sh
[0.311s] -- Up-to-date: /home/manuel/robotic-models/ws_moveit2/install/moveit_visual_tools/share/moveit_visual_tools/environment/library_path.dsv
[0.311s] -- Up-to-date: /home/manuel/robotic-models/ws_moveit2/install/moveit_visual_tools/lib/libmoveit_visual_tools.so
[0.311s] -- Up-to-date: /home/manuel/robotic-models/ws_moveit2/install/moveit_visual_tools/lib/moveit_visual_tools/moveit_visual_tools_demo
[0.312s] -- Up-to-date: /home/manuel/robotic-models/ws_moveit2/install/moveit_visual_tools/include
[0.312s] -- Up-to-date: /home/manuel/robotic-models/ws_moveit2/install/moveit_visual_tools/include/moveit_visual_tools
[0.312s] -- Up-to-date: /home/manuel/robotic-models/ws_moveit2/install/moveit_visual_tools/include/moveit_visual_tools/imarker_robot_state.h
[0.312s] -- Up-to-date: /home/manuel/robotic-models/ws_moveit2/install/moveit_visual_tools/include/moveit_visual_tools/imarker_end_effector.h
[0.312s] -- Up-to-date: /home/manuel/robotic-models/ws_moveit2/install/moveit_visual_tools/include/moveit_visual_tools/moveit_visual_tools.h
[0.312s] -- Up-to-date: /home/manuel/robotic-models/ws_moveit2/install/moveit_visual_tools/share/moveit_visual_tools/launch
[0.313s] -- Up-to-date: /home/manuel/robotic-models/ws_moveit2/install/moveit_visual_tools/share/moveit_visual_tools/launch/demo.rviz
[0.314s] -- Up-to-date: /home/manuel/robotic-models/ws_moveit2/install/moveit_visual_tools/share/moveit_visual_tools/launch/demo_rviz.launch.py
[0.314s] -- Up-to-date: /home/manuel/robotic-models/ws_moveit2/install/moveit_visual_tools/share/moveit_visual_tools/resources
[0.315s] -- Up-to-date: /home/manuel/robotic-models/ws_moveit2/install/moveit_visual_tools/share/moveit_visual_tools/resources/screenshot.png
[0.315s] -- Up-to-date: /home/manuel/robotic-models/ws_moveit2/install/moveit_visual_tools/share/moveit_visual_tools/resources/rrbot.urdf
[0.316s] -- Up-to-date: /home/manuel/robotic-models/ws_moveit2/install/moveit_visual_tools/share/moveit_visual_tools/resources/demo.png
[0.316s] -- Up-to-date: /home/manuel/robotic-models/ws_moveit2/install/moveit_visual_tools/share/moveit_visual_tools/resources/demo_mesh.stl
[0.316s] -- Up-to-date: /home/manuel/robotic-models/ws_moveit2/install/moveit_visual_tools/share/moveit_visual_tools/resources/rrbot.srdf
[0.323s] -- Up-to-date: /home/manuel/robotic-models/ws_moveit2/install/moveit_visual_tools/share/ament_index/resource_index/package_run_dependencies/moveit_visual_tools
[0.324s] -- Up-to-date: /home/manuel/robotic-models/ws_moveit2/install/moveit_visual_tools/share/ament_index/resource_index/parent_prefix_path/moveit_visual_tools
[0.324s] -- Up-to-date: /home/manuel/robotic-models/ws_moveit2/install/moveit_visual_tools/share/moveit_visual_tools/environment/ament_prefix_path.sh
[0.324s] -- Up-to-date: /home/manuel/robotic-models/ws_moveit2/install/moveit_visual_tools/share/moveit_visual_tools/environment/ament_prefix_path.dsv
[0.324s] -- Up-to-date: /home/manuel/robotic-models/ws_moveit2/install/moveit_visual_tools/share/moveit_visual_tools/environment/path.sh
[0.324s] -- Up-to-date: /home/manuel/robotic-models/ws_moveit2/install/moveit_visual_tools/share/moveit_visual_tools/environment/path.dsv
[0.324s] -- Up-to-date: /home/manuel/robotic-models/ws_moveit2/install/moveit_visual_tools/share/moveit_visual_tools/local_setup.bash
[0.324s] -- Up-to-date: /home/manuel/robotic-models/ws_moveit2/install/moveit_visual_tools/share/moveit_visual_tools/local_setup.sh
[0.325s] -- Up-to-date: /home/manuel/robotic-models/ws_moveit2/install/moveit_visual_tools/share/moveit_visual_tools/local_setup.zsh
[0.325s] -- Up-to-date: /home/manuel/robotic-models/ws_moveit2/install/moveit_visual_tools/share/moveit_visual_tools/local_setup.dsv
[0.325s] -- Installing: /home/manuel/robotic-models/ws_moveit2/install/moveit_visual_tools/share/moveit_visual_tools/package.dsv
[0.326s] -- Up-to-date: /home/manuel/robotic-models/ws_moveit2/install/moveit_visual_tools/share/ament_index/resource_index/packages/moveit_visual_tools
[0.327s] -- Up-to-date: /home/manuel/robotic-models/ws_moveit2/install/moveit_visual_tools/share/moveit_visual_tools/cmake/export_moveit_visual_toolsExport.cmake
[0.327s] -- Up-to-date: /home/manuel/robotic-models/ws_moveit2/install/moveit_visual_tools/share/moveit_visual_tools/cmake/export_moveit_visual_toolsExport-release.cmake
[0.327s] -- Up-to-date: /home/manuel/robotic-models/ws_moveit2/install/moveit_visual_tools/share/moveit_visual_tools/cmake/ament_cmake_export_targets-extras.cmake
[0.327s] -- Up-to-date: /home/manuel/robotic-models/ws_moveit2/install/moveit_visual_tools/share/moveit_visual_tools/cmake/ament_cmake_export_dependencies-extras.cmake
[0.328s] -- Up-to-date: /home/manuel/robotic-models/ws_moveit2/install/moveit_visual_tools/share/moveit_visual_tools/cmake/moveit_visual_toolsConfig.cmake
[0.328s] -- Up-to-date: /home/manuel/robotic-models/ws_moveit2/install/moveit_visual_tools/share/moveit_visual_tools/cmake/moveit_visual_toolsConfig-version.cmake
[0.328s] -- Up-to-date: /home/manuel/robotic-models/ws_moveit2/install/moveit_visual_tools/share/moveit_visual_tools/package.xml
[0.330s] Invoked command in '/home/manuel/robotic-models/ws_moveit2/build/moveit_visual_tools' returned '0': AMENT_PREFIX_PATH=/home/manuel/robotic-models/ws_moveit2/install/moveit_ros_planning:/home/manuel/robotic-models/ws_moveit2/install/moveit_ros_occupancy_map_monitor:/home/manuel/robotic-models/ws_moveit2/install/moveit_core:/home/manuel/robotic-models/ws_moveit2/install/srdfdom:/home/manuel/robotic-models/ws_moveit2/install/moveit_common:${AMENT_PREFIX_PATH} CMAKE_PREFIX_PATH=/home/manuel/robotic-models/ws_moveit2/install/moveit_ros_planning:/home/manuel/robotic-models/ws_moveit2/install/moveit_ros_occupancy_map_monitor:/home/manuel/robotic-models/ws_moveit2/install/moveit_core:/home/manuel/robotic-models/ws_moveit2/install/srdfdom:/home/manuel/robotic-models/ws_moveit2/install/moveit_common:/opt/ros/humble LD_LIBRARY_PATH=/home/manuel/robotic-models/ws_moveit2/install/moveit_ros_planning/lib:/home/manuel/robotic-models/ws_moveit2/install/moveit_ros_occupancy_map_monitor/lib:/home/manuel/robotic-models/ws_moveit2/install/moveit_core/lib:/home/manuel/robotic-models/ws_moveit2/install/srdfdom/lib:${LD_LIBRARY_PATH} PATH=/home/manuel/robotic-models/ws_moveit2/install/moveit_core/bin:${PATH} PYTHONPATH=/home/manuel/robotic-models/ws_moveit2/install/srdfdom/local/lib/python3.10/dist-packages:${PYTHONPATH} /usr/bin/cmake --install /home/manuel/robotic-models/ws_moveit2/build/moveit_visual_tools
