[0.048s] Invoking command in '/home/manuel/robotic-models/ws_moveit2/build/moveit_setup_controllers': AMENT_PREFIX_PATH=/home/manuel/robotic-models/ws_moveit2/install/moveit_setup_framework:/home/manuel/robotic-models/ws_moveit2/install/moveit_ros_visualization:/home/manuel/robotic-models/ws_moveit2/install/moveit_ros_planning_interface:/home/manuel/robotic-models/ws_moveit2/install/moveit_ros_move_group:/home/manuel/robotic-models/ws_moveit2/install/moveit_ros_warehouse:/home/manuel/robotic-models/ws_moveit2/install/moveit_ros_robot_interaction:/home/manuel/robotic-models/ws_moveit2/install/moveit_kinematics:/home/manuel/robotic-models/ws_moveit2/install/moveit_ros_planning:/home/manuel/robotic-models/ws_moveit2/install/moveit_ros_occupancy_map_monitor:/home/manuel/robotic-models/ws_moveit2/install/moveit_core:/home/manuel/robotic-models/ws_moveit2/install/moveit_resources_panda_moveit_config:/home/manuel/robotic-models/ws_moveit2/install/moveit_resources_fanuc_moveit_config:/home/manuel/robotic-models/ws_moveit2/install/moveit_configs_utils:/home/manuel/robotic-models/ws_moveit2/install/srdfdom:/home/manuel/robotic-models/ws_moveit2/install/moveit_resources_panda_description:/home/manuel/robotic-models/ws_moveit2/install/moveit_resources_fanuc_description:/home/manuel/robotic-models/ws_moveit2/install/moveit_common:/home/manuel/robotic-models/ws_moveit2/install/launch_param_builder:${AMENT_PREFIX_PATH} CMAKE_PREFIX_PATH=/home/manuel/robotic-models/ws_moveit2/install/moveit_setup_framework:/home/manuel/robotic-models/ws_moveit2/install/moveit_ros_visualization:/home/manuel/robotic-models/ws_moveit2/install/moveit_ros_planning_interface:/home/manuel/robotic-models/ws_moveit2/install/moveit_ros_move_group:/home/manuel/robotic-models/ws_moveit2/install/moveit_ros_warehouse:/home/manuel/robotic-models/ws_moveit2/install/moveit_ros_robot_interaction:/home/manuel/robotic-models/ws_moveit2/install/moveit_kinematics:/home/manuel/robotic-models/ws_moveit2/install/moveit_ros_planning:/home/manuel/robotic-models/ws_moveit2/install/moveit_ros_occupancy_map_monitor:/home/manuel/robotic-models/ws_moveit2/install/moveit_core:/home/manuel/robotic-models/ws_moveit2/install/moveit_resources_panda_moveit_config:/home/manuel/robotic-models/ws_moveit2/install/moveit_resources_fanuc_moveit_config:/home/manuel/robotic-models/ws_moveit2/install/srdfdom:/home/manuel/robotic-models/ws_moveit2/install/moveit_resources_panda_description:/home/manuel/robotic-models/ws_moveit2/install/moveit_resources_fanuc_description:/home/manuel/robotic-models/ws_moveit2/install/moveit_common:/opt/ros/humble LD_LIBRARY_PATH=/home/manuel/robotic-models/ws_moveit2/install/moveit_setup_framework/lib:/home/manuel/robotic-models/ws_moveit2/install/moveit_ros_visualization/lib:/home/manuel/robotic-models/ws_moveit2/install/moveit_ros_planning_interface/lib:/home/manuel/robotic-models/ws_moveit2/install/moveit_ros_move_group/lib:/home/manuel/robotic-models/ws_moveit2/install/moveit_ros_warehouse/lib:/home/manuel/robotic-models/ws_moveit2/install/moveit_ros_robot_interaction/lib:/home/manuel/robotic-models/ws_moveit2/install/moveit_kinematics/lib:/home/manuel/robotic-models/ws_moveit2/install/moveit_ros_planning/lib:/home/manuel/robotic-models/ws_moveit2/install/moveit_ros_occupancy_map_monitor/lib:/home/manuel/robotic-models/ws_moveit2/install/moveit_core/lib:/home/manuel/robotic-models/ws_moveit2/install/srdfdom/lib:${LD_LIBRARY_PATH} PATH=/home/manuel/robotic-models/ws_moveit2/install/moveit_core/bin:${PATH} PYTHONPATH=/home/manuel/robotic-models/ws_moveit2/install/moveit_configs_utils/lib/python3.10/site-packages:/home/manuel/robotic-models/ws_moveit2/install/srdfdom/local/lib/python3.10/dist-packages:/home/manuel/robotic-models/ws_moveit2/install/launch_param_builder/lib/python3.10/site-packages:${PYTHONPATH} /usr/bin/cmake /home/manuel/robotic-models/ws_moveit2/src/moveit2/moveit_setup_assistant/moveit_setup_controllers -DCMAKE_BUILD_TYPE=Release -DCMAKE_INSTALL_PREFIX=/home/manuel/robotic-models/ws_moveit2/install/moveit_setup_controllers
[0.122s] -- The C compiler identification is GNU 11.4.0
[0.196s] -- The CXX compiler identification is GNU 11.4.0
[0.203s] -- Detecting C compiler ABI info
[0.293s] -- Detecting C compiler ABI info - done
[0.301s] -- Check for working C compiler: /usr/bin/cc - skipped
[0.302s] -- Detecting C compile features
[0.303s] -- Detecting C compile features - done
[0.307s] -- Detecting CXX compiler ABI info
[0.429s] -- Detecting CXX compiler ABI info - done
[0.433s] -- Check for working CXX compiler: /usr/bin/c++ - skipped
[0.433s] -- Detecting CXX compile features
[0.434s] -- Detecting CXX compile features - done
[0.437s] -- Found moveit_common: 2.5.5 (/home/manuel/robotic-models/ws_moveit2/install/moveit_common/share/moveit_common/cmake)
[0.441s] -- Found ament_cmake: 1.3.8 (/opt/ros/humble/share/ament_cmake/cmake)
[0.644s] -- Found Python3: /usr/bin/python3 (found version "3.10.12") found components: Interpreter 
[0.933s] -- Found libdw: /usr/lib/x86_64-linux-gnu/libdw.so  
[0.941s] -- Could NOT find libbfd (missing: LIBBFD_LIBRARY LIBBFD_INCLUDE_DIR) 
[0.941s] -- BACKWARD_HAS_UNWIND=1
[0.941s] -- BACKWARD_HAS_BACKTRACE=0
[0.941s] -- BACKWARD_HAS_BACKTRACE_SYMBOL=0
[0.942s] -- BACKWARD_HAS_DW=1
[0.942s] -- BACKWARD_HAS_BFD=0
[0.942s] -- Found Backward: /opt/ros/humble/share/backward_ros/cmake  
[0.947s] -- Found ament_cmake_ros: 0.10.0 (/opt/ros/humble/share/ament_cmake_ros/cmake)
[0.966s] -- Found ament_index_cpp: 1.4.0 (/opt/ros/humble/share/ament_index_cpp/cmake)
[0.967s] -- Found moveit_setup_framework: 2.5.5 (/home/manuel/robotic-models/ws_moveit2/install/moveit_setup_framework/share/moveit_setup_framework/cmake)
[1.039s] -- Found rosidl_generator_c: 3.1.5 (/opt/ros/humble/share/rosidl_generator_c/cmake)
[1.053s] -- Found rosidl_adapter: 3.1.5 (/opt/ros/humble/share/rosidl_adapter/cmake)
[1.067s] -- Found rosidl_generator_cpp: 3.1.5 (/opt/ros/humble/share/rosidl_generator_cpp/cmake)
[1.092s] -- Using all available rosidl_typesupport_c: rosidl_typesupport_fastrtps_c;rosidl_typesupport_introspection_c
[1.134s] -- Using all available rosidl_typesupport_cpp: rosidl_typesupport_fastrtps_cpp;rosidl_typesupport_introspection_cpp
[1.267s] -- Found rmw_implementation_cmake: 6.1.1 (/opt/ros/humble/share/rmw_implementation_cmake/cmake)
[1.276s] -- Found rmw_fastrtps_cpp: 6.2.6 (/opt/ros/humble/share/rmw_fastrtps_cpp/cmake)
[1.471s] -- Found OpenSSL: /usr/lib/x86_64-linux-gnu/libcrypto.so (found version "3.0.2")  
[1.518s] -- Found FastRTPS: /opt/ros/humble/include  
[1.615s] -- Using RMW implementation 'rmw_fastrtps_cpp' as default
[1.633s] -- Looking for pthread.h
[1.820s] -- Looking for pthread.h - found
[1.820s] -- Performing Test CMAKE_HAVE_LIBC_PTHREAD
[1.987s] -- Performing Test CMAKE_HAVE_LIBC_PTHREAD - Success
[1.988s] -- Found Threads: TRUE  
[2.335s] -- Found Boost: /usr/lib/x86_64-linux-gnu/cmake/Boost-1.74.0/BoostConfig.cmake (found version "1.74.0") found components: chrono date_time filesystem iostreams program_options regex serialization system thread 
[2.425s] -- Found parameter_traits: 0.3.8 (/opt/ros/humble/share/parameter_traits/cmake)
[2.460s] -- Found Eigen3: TRUE (found version "3.4.0") 
[2.465s] -- Found rclcpp_lifecycle: 16.0.8 (/opt/ros/humble/share/rclcpp_lifecycle/cmake)
[2.536s] -- Found Boost: /usr/lib/x86_64-linux-gnu/cmake/Boost-1.74.0/BoostConfig.cmake (found version "1.74.0") found components: filesystem 
[2.734s] -- library: /usr/lib/x86_64-linux-gnu/libcurl.so
[3.181s] -- Ensuring Eigen3 include directory is part of orocos-kdl CMake target
[4.841s] -- Found Boost: /usr/lib/x86_64-linux-gnu/cmake/Boost-1.74.0/BoostConfig.cmake (found version "1.74.0") found components: system filesystem date_time program_options thread chrono 
[5.646s] -- Found Boost: /usr/lib/x86_64-linux-gnu/cmake/Boost-1.74.0/BoostConfig.cmake (found version "1.74.0") found components: thread date_time system filesystem 
[5.802s] -- Found Boost: /usr/lib/x86_64-linux-gnu/cmake/Boost-1.74.0/BoostConfig.cmake (found version "1.74.0") found components: date_time filesystem program_options system thread 
[6.119s] -- Found Boost: /usr/lib/x86_64-linux-gnu/cmake/Boost-1.74.0/BoostConfig.cmake (found version "1.74.0") found components: thread system filesystem regex date_time program_options 
[6.467s] -- Found Boost: /usr/lib/x86_64-linux-gnu/cmake/Boost-1.74.0/BoostConfig.cmake (found version "1.74.0") found components: system filesystem date_time program_options thread 
[8.860s] -- Setting OGRE_DIR to: '/opt/ros/humble/share/rviz_ogre_vendor/cmake/../../../opt/rviz_ogre_vendor/lib/OGRE/cmake'
[8.863s] -- Found OGRE
[8.863s] --   static     : OFF
[8.863s] --   components : HLMS;MeshLodGenerator;Overlay;Paging;Property;RTShaderSystem;Terrain;Volume
[8.863s] --   plugins    : Plugin_BSPSceneManager;Plugin_OctreeSceneManager;Plugin_PCZSceneManager;Plugin_ParticleFX;RenderSystem_GL;RenderSystem_GL3Plus;Codec_STBI
[8.863s] --   media      : /opt/ros/humble/opt/rviz_ogre_vendor/share/OGRE/Media
[8.864s] -- OGRE_LIBRARIES: OgreHLMS;OgreMeshLodGenerator;OgreOverlay;OgrePaging;OgreProperty;OgreRTShaderSystem;OgreTerrain;OgreVolume;OgreMain
[8.864s] -- OGRE_LIBRARY_DIRS: /opt/ros/humble/opt/rviz_ogre_vendor/lib
[8.864s] -- OGRE_PLUGINS: Plugin_BSPSceneManager;Plugin_OctreeSceneManager;Plugin_PCZSceneManager;Plugin_ParticleFX;RenderSystem_GL;RenderSystem_GL3Plus;Codec_STBI
[8.864s] -- OGRE_PLUGIN_DIR: /opt/ros/humble/opt/rviz_ogre_vendor/lib/OGRE
[8.865s] -- rviz_ogre_vendor::OgreOverlay for IMPORTED_LOCATION_RELEASE: /opt/ros/humble/opt/rviz_ogre_vendor/lib/libOgreOverlay.so
[8.865s] -- rviz_ogre_vendor::OgreOverlay for IMPORTED_LOCATION_DEBUG: /opt/ros/humble/opt/rviz_ogre_vendor/lib/libOgreOverlay.so
[8.865s] -- rviz_ogre_vendor::OgreMain for IMPORTED_LOCATION_RELEASE: /opt/ros/humble/opt/rviz_ogre_vendor/lib/libOgreMain.so
[8.865s] -- rviz_ogre_vendor::OgreMain for IMPORTED_LOCATION_DEBUG: /opt/ros/humble/opt/rviz_ogre_vendor/lib/libOgreMain.so
[8.918s] -- Found ZLIB: /usr/lib/x86_64-linux-gnu/libz.so (found version "1.2.11") 
[8.928s] -- Found OpenGL: /usr/lib/x86_64-linux-gnu/libOpenGL.so   
[9.264s] -- Found X11: /usr/include   
[9.264s] -- Looking for XOpenDisplay in /usr/lib/x86_64-linux-gnu/libX11.so;/usr/lib/x86_64-linux-gnu/libXext.so
[9.718s] -- Looking for XOpenDisplay in /usr/lib/x86_64-linux-gnu/libX11.so;/usr/lib/x86_64-linux-gnu/libXext.so - found
[9.719s] -- Looking for gethostbyname
[10.030s] -- Looking for gethostbyname - found
[10.030s] -- Looking for connect
[10.346s] -- Looking for connect - found
[10.346s] -- Looking for remove
[10.697s] -- Looking for remove - found
[10.698s] -- Looking for shmat
[11.098s] -- Looking for shmat - found
[11.099s] -- Looking for IceConnectionNumber in ICE
[11.510s] -- Looking for IceConnectionNumber in ICE - found
[11.510s] -- rviz_ogre_vendor::RenderSystem_GL for IMPORTED_LOCATION_RELEASE: _render_system_gl_static_library_abs-NOTFOUND
[11.510s] -- rviz_ogre_vendor::RenderSystem_GL for IMPORTED_LOCATION_DEBUG: _render_system_gl_static_library_abs-NOTFOUND
[13.688s] -- Found ament_lint_auto: 0.12.10 (/opt/ros/humble/share/ament_lint_auto/cmake)
[13.845s] -- Found gtest sources under '/opt/ros/humble/src/gtest_vendor': C++ tests using 'Google Test' will be built
[13.890s] -- Added test 'lint_cmake' to check CMake code style
[13.890s] -- Added test 'xmllint' to check XML markup files
[13.898s] -- Configuring done
[14.247s] -- Generating done
[14.279s] -- Build files have been written to: /home/manuel/robotic-models/ws_moveit2/build/moveit_setup_controllers
[14.409s] Invoked command in '/home/manuel/robotic-models/ws_moveit2/build/moveit_setup_controllers' returned '0': AMENT_PREFIX_PATH=/home/manuel/robotic-models/ws_moveit2/install/moveit_setup_framework:/home/manuel/robotic-models/ws_moveit2/install/moveit_ros_visualization:/home/manuel/robotic-models/ws_moveit2/install/moveit_ros_planning_interface:/home/manuel/robotic-models/ws_moveit2/install/moveit_ros_move_group:/home/manuel/robotic-models/ws_moveit2/install/moveit_ros_warehouse:/home/manuel/robotic-models/ws_moveit2/install/moveit_ros_robot_interaction:/home/manuel/robotic-models/ws_moveit2/install/moveit_kinematics:/home/manuel/robotic-models/ws_moveit2/install/moveit_ros_planning:/home/manuel/robotic-models/ws_moveit2/install/moveit_ros_occupancy_map_monitor:/home/manuel/robotic-models/ws_moveit2/install/moveit_core:/home/manuel/robotic-models/ws_moveit2/install/moveit_resources_panda_moveit_config:/home/manuel/robotic-models/ws_moveit2/install/moveit_resources_fanuc_moveit_config:/home/manuel/robotic-models/ws_moveit2/install/moveit_configs_utils:/home/manuel/robotic-models/ws_moveit2/install/srdfdom:/home/manuel/robotic-models/ws_moveit2/install/moveit_resources_panda_description:/home/manuel/robotic-models/ws_moveit2/install/moveit_resources_fanuc_description:/home/manuel/robotic-models/ws_moveit2/install/moveit_common:/home/manuel/robotic-models/ws_moveit2/install/launch_param_builder:${AMENT_PREFIX_PATH} CMAKE_PREFIX_PATH=/home/manuel/robotic-models/ws_moveit2/install/moveit_setup_framework:/home/manuel/robotic-models/ws_moveit2/install/moveit_ros_visualization:/home/manuel/robotic-models/ws_moveit2/install/moveit_ros_planning_interface:/home/manuel/robotic-models/ws_moveit2/install/moveit_ros_move_group:/home/manuel/robotic-models/ws_moveit2/install/moveit_ros_warehouse:/home/manuel/robotic-models/ws_moveit2/install/moveit_ros_robot_interaction:/home/manuel/robotic-models/ws_moveit2/install/moveit_kinematics:/home/manuel/robotic-models/ws_moveit2/install/moveit_ros_planning:/home/manuel/robotic-models/ws_moveit2/install/moveit_ros_occupancy_map_monitor:/home/manuel/robotic-models/ws_moveit2/install/moveit_core:/home/manuel/robotic-models/ws_moveit2/install/moveit_resources_panda_moveit_config:/home/manuel/robotic-models/ws_moveit2/install/moveit_resources_fanuc_moveit_config:/home/manuel/robotic-models/ws_moveit2/install/srdfdom:/home/manuel/robotic-models/ws_moveit2/install/moveit_resources_panda_description:/home/manuel/robotic-models/ws_moveit2/install/moveit_resources_fanuc_description:/home/manuel/robotic-models/ws_moveit2/install/moveit_common:/opt/ros/humble LD_LIBRARY_PATH=/home/manuel/robotic-models/ws_moveit2/install/moveit_setup_framework/lib:/home/manuel/robotic-models/ws_moveit2/install/moveit_ros_visualization/lib:/home/manuel/robotic-models/ws_moveit2/install/moveit_ros_planning_interface/lib:/home/manuel/robotic-models/ws_moveit2/install/moveit_ros_move_group/lib:/home/manuel/robotic-models/ws_moveit2/install/moveit_ros_warehouse/lib:/home/manuel/robotic-models/ws_moveit2/install/moveit_ros_robot_interaction/lib:/home/manuel/robotic-models/ws_moveit2/install/moveit_kinematics/lib:/home/manuel/robotic-models/ws_moveit2/install/moveit_ros_planning/lib:/home/manuel/robotic-models/ws_moveit2/install/moveit_ros_occupancy_map_monitor/lib:/home/manuel/robotic-models/ws_moveit2/install/moveit_core/lib:/home/manuel/robotic-models/ws_moveit2/install/srdfdom/lib:${LD_LIBRARY_PATH} PATH=/home/manuel/robotic-models/ws_moveit2/install/moveit_core/bin:${PATH} PYTHONPATH=/home/manuel/robotic-models/ws_moveit2/install/moveit_configs_utils/lib/python3.10/site-packages:/home/manuel/robotic-models/ws_moveit2/install/srdfdom/local/lib/python3.10/dist-packages:/home/manuel/robotic-models/ws_moveit2/install/launch_param_builder/lib/python3.10/site-packages:${PYTHONPATH} /usr/bin/cmake /home/manuel/robotic-models/ws_moveit2/src/moveit2/moveit_setup_assistant/moveit_setup_controllers -DCMAKE_BUILD_TYPE=Release -DCMAKE_INSTALL_PREFIX=/home/manuel/robotic-models/ws_moveit2/install/moveit_setup_controllers
[14.410s] Invoking command in '/home/manuel/robotic-models/ws_moveit2/build/moveit_setup_controllers': AMENT_PREFIX_PATH=/home/manuel/robotic-models/ws_moveit2/install/moveit_setup_framework:/home/manuel/robotic-models/ws_moveit2/install/moveit_ros_visualization:/home/manuel/robotic-models/ws_moveit2/install/moveit_ros_planning_interface:/home/manuel/robotic-models/ws_moveit2/install/moveit_ros_move_group:/home/manuel/robotic-models/ws_moveit2/install/moveit_ros_warehouse:/home/manuel/robotic-models/ws_moveit2/install/moveit_ros_robot_interaction:/home/manuel/robotic-models/ws_moveit2/install/moveit_kinematics:/home/manuel/robotic-models/ws_moveit2/install/moveit_ros_planning:/home/manuel/robotic-models/ws_moveit2/install/moveit_ros_occupancy_map_monitor:/home/manuel/robotic-models/ws_moveit2/install/moveit_core:/home/manuel/robotic-models/ws_moveit2/install/moveit_resources_panda_moveit_config:/home/manuel/robotic-models/ws_moveit2/install/moveit_resources_fanuc_moveit_config:/home/manuel/robotic-models/ws_moveit2/install/moveit_configs_utils:/home/manuel/robotic-models/ws_moveit2/install/srdfdom:/home/manuel/robotic-models/ws_moveit2/install/moveit_resources_panda_description:/home/manuel/robotic-models/ws_moveit2/install/moveit_resources_fanuc_description:/home/manuel/robotic-models/ws_moveit2/install/moveit_common:/home/manuel/robotic-models/ws_moveit2/install/launch_param_builder:${AMENT_PREFIX_PATH} CMAKE_PREFIX_PATH=/home/manuel/robotic-models/ws_moveit2/install/moveit_setup_framework:/home/manuel/robotic-models/ws_moveit2/install/moveit_ros_visualization:/home/manuel/robotic-models/ws_moveit2/install/moveit_ros_planning_interface:/home/manuel/robotic-models/ws_moveit2/install/moveit_ros_move_group:/home/manuel/robotic-models/ws_moveit2/install/moveit_ros_warehouse:/home/manuel/robotic-models/ws_moveit2/install/moveit_ros_robot_interaction:/home/manuel/robotic-models/ws_moveit2/install/moveit_kinematics:/home/manuel/robotic-models/ws_moveit2/install/moveit_ros_planning:/home/manuel/robotic-models/ws_moveit2/install/moveit_ros_occupancy_map_monitor:/home/manuel/robotic-models/ws_moveit2/install/moveit_core:/home/manuel/robotic-models/ws_moveit2/install/moveit_resources_panda_moveit_config:/home/manuel/robotic-models/ws_moveit2/install/moveit_resources_fanuc_moveit_config:/home/manuel/robotic-models/ws_moveit2/install/srdfdom:/home/manuel/robotic-models/ws_moveit2/install/moveit_resources_panda_description:/home/manuel/robotic-models/ws_moveit2/install/moveit_resources_fanuc_description:/home/manuel/robotic-models/ws_moveit2/install/moveit_common:/opt/ros/humble LD_LIBRARY_PATH=/home/manuel/robotic-models/ws_moveit2/install/moveit_setup_framework/lib:/home/manuel/robotic-models/ws_moveit2/install/moveit_ros_visualization/lib:/home/manuel/robotic-models/ws_moveit2/install/moveit_ros_planning_interface/lib:/home/manuel/robotic-models/ws_moveit2/install/moveit_ros_move_group/lib:/home/manuel/robotic-models/ws_moveit2/install/moveit_ros_warehouse/lib:/home/manuel/robotic-models/ws_moveit2/install/moveit_ros_robot_interaction/lib:/home/manuel/robotic-models/ws_moveit2/install/moveit_kinematics/lib:/home/manuel/robotic-models/ws_moveit2/install/moveit_ros_planning/lib:/home/manuel/robotic-models/ws_moveit2/install/moveit_ros_occupancy_map_monitor/lib:/home/manuel/robotic-models/ws_moveit2/install/moveit_core/lib:/home/manuel/robotic-models/ws_moveit2/install/srdfdom/lib:${LD_LIBRARY_PATH} PATH=/home/manuel/robotic-models/ws_moveit2/install/moveit_core/bin:${PATH} PYTHONPATH=/home/manuel/robotic-models/ws_moveit2/install/moveit_configs_utils/lib/python3.10/site-packages:/home/manuel/robotic-models/ws_moveit2/install/srdfdom/local/lib/python3.10/dist-packages:/home/manuel/robotic-models/ws_moveit2/install/launch_param_builder/lib/python3.10/site-packages:${PYTHONPATH} /usr/bin/cmake --build /home/manuel/robotic-models/ws_moveit2/build/moveit_setup_controllers -- -j16 -l16
[14.699s] [  3%] [34m[1mAutomatic MOC for target gtest_main[0m
[14.752s] [  6%] [34m[1mAutomatic MOC for target moveit_setup_controllers[0m
[14.801s] [  9%] [34m[1mAutomatic MOC for target gtest[0m
[14.918s] [  9%] Built target gtest_main_autogen
[15.000s] [  9%] Built target moveit_setup_controllers_autogen
[15.028s] [  9%] Built target gtest_autogen
[15.062s] [ 12%] [34m[1mGenerating include/moveit_setup_controllers/moc_urdf_modifications_widget.cpp[0m
[15.083s] [ 15%] [34m[1mGenerating include/moveit_setup_controllers/moc_controller_edit_widget.cpp[0m
[15.100s] [ 18%] [32mBuilding CXX object gtest/CMakeFiles/gtest_main.dir/gtest_main_autogen/mocs_compilation.cpp.o[0m
[15.100s] [ 21%] [32mBuilding CXX object gtest/CMakeFiles/gtest_main.dir/src/gtest_main.cc.o[0m
[15.128s] [ 24%] [34m[1mGenerating include/moveit_setup_controllers/moc_controllers_widget.cpp[0m
[15.210s] [ 30%] [32mBuilding CXX object gtest/CMakeFiles/gtest.dir/src/gtest-all.cc.o[0m
[15.211s] [ 30%] [32mBuilding CXX object gtest/CMakeFiles/gtest.dir/gtest_autogen/mocs_compilation.cpp.o[0m
[15.313s] [ 33%] [32mBuilding CXX object CMakeFiles/moveit_setup_controllers.dir/moveit_setup_controllers_autogen/mocs_compilation.cpp.o[0m
[15.317s] [ 36%] [32mBuilding CXX object CMakeFiles/moveit_setup_controllers.dir/src/control_xacro_config.cpp.o[0m
[15.351s] [ 39%] [32mBuilding CXX object CMakeFiles/moveit_setup_controllers.dir/src/controller_edit_widget.cpp.o[0m
[15.362s] [ 42%] [32mBuilding CXX object CMakeFiles/moveit_setup_controllers.dir/src/controllers.cpp.o[0m
[15.423s] [ 45%] [32mBuilding CXX object CMakeFiles/moveit_setup_controllers.dir/src/controllers_widget.cpp.o[0m
[15.520s] [ 48%] [32mBuilding CXX object CMakeFiles/moveit_setup_controllers.dir/src/controllers_config.cpp.o[0m
[15.521s] [ 51%] [32mBuilding CXX object CMakeFiles/moveit_setup_controllers.dir/src/moveit_controllers_config.cpp.o[0m
[15.542s] [ 54%] [32mBuilding CXX object CMakeFiles/moveit_setup_controllers.dir/src/modified_urdf_config.cpp.o[0m
[15.557s] [ 57%] [32mBuilding CXX object CMakeFiles/moveit_setup_controllers.dir/src/moveit_controllers_widget.cpp.o[0m
[15.574s] [ 60%] [32mBuilding CXX object CMakeFiles/moveit_setup_controllers.dir/src/ros2_controllers_config.cpp.o[0m
[15.638s] [ 63%] [32mBuilding CXX object CMakeFiles/moveit_setup_controllers.dir/src/ros2_controllers_widget.cpp.o[0m
[15.667s] [ 66%] [32mBuilding CXX object CMakeFiles/moveit_setup_controllers.dir/src/urdf_modifications_widget.cpp.o[0m
[15.679s] [ 69%] [32mBuilding CXX object CMakeFiles/moveit_setup_controllers.dir/src/urdf_modifications.cpp.o[0m
[15.725s] [ 72%] [32mBuilding CXX object CMakeFiles/moveit_setup_controllers.dir/include/moveit_setup_controllers/moc_controller_edit_widget.cpp.o[0m
[15.802s] [ 75%] [32mBuilding CXX object CMakeFiles/moveit_setup_controllers.dir/include/moveit_setup_controllers/moc_controllers_widget.cpp.o[0m
[19.580s] [ 78%] [32m[1mLinking CXX static library libgtest_main.a[0m
[20.147s] [ 78%] Built target gtest_main
[20.264s] [ 81%] [32mBuilding CXX object CMakeFiles/moveit_setup_controllers.dir/include/moveit_setup_controllers/moc_urdf_modifications_widget.cpp.o[0m
[108.573s] [01m[Kc++:[m[K [01;31m[Kfatal error: [m[KKilled signal terminated program cc1plus
[108.610s] compilation terminated.
[108.610s] gmake[2]: *** [CMakeFiles/moveit_setup_controllers.dir/build.make:256: CMakeFiles/moveit_setup_controllers.dir/src/urdf_modifications_widget.cpp.o] Error 1
[108.610s] gmake[2]: *** Waiting for unfinished jobs....
[199.699s] [01m[Kc++:[m[K [01;31m[Kfatal error: [m[KKilled signal terminated program cc1plus
[199.706s] compilation terminated.
[199.706s] gmake[2]: *** [CMakeFiles/moveit_setup_controllers.dir/build.make:298: CMakeFiles/moveit_setup_controllers.dir/include/moveit_setup_controllers/moc_urdf_modifications_widget.cpp.o] Error 1
[201.660s] [ 84%] [32m[1mLinking CXX static library libgtest.a[0m
[203.570s] [ 84%] Built target gtest
[236.960s] [01m[Kc++:[m[K [01;31m[Kfatal error: [m[KKilled signal terminated program cc1plus
[236.965s] compilation terminated.
[236.965s] gmake[2]: *** [CMakeFiles/moveit_setup_controllers.dir/build.make:200: CMakeFiles/moveit_setup_controllers.dir/src/moveit_controllers_widget.cpp.o] Error 1
[284.821s] [01m[Kc++:[m[K [01;31m[Kfatal error: [m[KKilled signal terminated program cc1plus
[284.823s] compilation terminated.
[284.824s] gmake[2]: *** [CMakeFiles/moveit_setup_controllers.dir/build.make:102: CMakeFiles/moveit_setup_controllers.dir/src/control_xacro_config.cpp.o] Error 1
[299.797s] [01m[Kc++:[m[K [01;31m[Kfatal error: [m[KKilled signal terminated program cc1plus
[299.801s] compilation terminated.
[299.802s] gmake[2]: *** [CMakeFiles/moveit_setup_controllers.dir/build.make:228: CMakeFiles/moveit_setup_controllers.dir/src/ros2_controllers_widget.cpp.o] Error 1
[307.572s] [01m[Kc++:[m[K [01;31m[Kfatal error: [m[KKilled signal terminated program cc1plus
[307.575s] compilation terminated.
[307.582s] gmake[2]: *** [CMakeFiles/moveit_setup_controllers.dir/build.make:144: CMakeFiles/moveit_setup_controllers.dir/src/controllers_widget.cpp.o] Error 1
[371.363s] gmake[2]: *** [CMakeFiles/moveit_setup_controllers.dir/build.make:116: CMakeFiles/moveit_setup_controllers.dir/src/controller_edit_widget.cpp.o] Interrupt
[371.631s] gmake[2]: *** [CMakeFiles/moveit_setup_controllers.dir/build.make:158: CMakeFiles/moveit_setup_controllers.dir/src/controllers_config.cpp.o] Interrupt
[371.675s] gmake[2]: *** [CMakeFiles/moveit_setup_controllers.dir/build.make:186: CMakeFiles/moveit_setup_controllers.dir/src/moveit_controllers_config.cpp.o] Interrupt
[371.675s] gmake[2]: *** [CMakeFiles/moveit_setup_controllers.dir/build.make:214: CMakeFiles/moveit_setup_controllers.dir/src/ros2_controllers_config.cpp.o] Interrupt
[371.675s] gmake[2]: *** [CMakeFiles/moveit_setup_controllers.dir/build.make:242: CMakeFiles/moveit_setup_controllers.dir/src/urdf_modifications.cpp.o] Interrupt
[371.676s] gmake[2]: *** [CMakeFiles/moveit_setup_controllers.dir/build.make:270: CMakeFiles/moveit_setup_controllers.dir/include/moveit_setup_controllers/moc_controller_edit_widget.cpp.o] Interrupt
[371.676s] gmake[2]: *** [CMakeFiles/moveit_setup_controllers.dir/build.make:284: CMakeFiles/moveit_setup_controllers.dir/include/moveit_setup_controllers/moc_controllers_widget.cpp.o] Interrupt
[371.678s] gmake[2]: *** [CMakeFiles/moveit_setup_controllers.dir/build.make:130: CMakeFiles/moveit_setup_controllers.dir/src/controllers.cpp.o] Interrupt
[371.821s] gmake[1]: *** [CMakeFiles/Makefile2:161: CMakeFiles/moveit_setup_controllers.dir/all] Interrupt
[371.822s] gmake: *** [Makefile:146: all] Interrupt
