[0.045s] Invoking command in '/home/manuel/robotic-models/ws_moveit2/build/moveit_common': CMAKE_PREFIX_PATH=${CMAKE_PREFIX_PATH}:/home/manuel/robotic-models/ws_moveit/install/moveit_configs_utils:/opt/ros/humble /usr/bin/cmake /home/manuel/robotic-models/ws_moveit2/src/moveit2/moveit_common -DCMAKE_BUILD_TYPE=Release -DCMAKE_INSTALL_PREFIX=/home/manuel/robotic-models/ws_moveit2/install/moveit_common
[0.287s] -- Found ament_cmake: 1.3.8 (/opt/ros/humble/share/ament_cmake/cmake)
[0.287s] -- Found Python3: /usr/bin/python3 (found version "3.10.12") found components: Interpreter 
[0.365s] -- Found ament_lint_auto: 0.12.10 (/opt/ros/humble/share/ament_lint_auto/cmake)
[0.480s] -- Added test 'copyright' to check source files copyright and LICENSE
[0.490s] -- Added test 'lint_cmake' to check CMake code style
[0.494s] -- Added test 'xmllint' to check XML markup files
[0.498s] -- Configuring done
[0.504s] -- Generating done
[0.504s] -- Build files have been written to: /home/manuel/robotic-models/ws_moveit2/build/moveit_common
[0.508s] Invoked command in '/home/manuel/robotic-models/ws_moveit2/build/moveit_common' returned '0': CMAKE_PREFIX_PATH=${CMAKE_PREFIX_PATH}:/home/manuel/robotic-models/ws_moveit/install/moveit_configs_utils:/opt/ros/humble /usr/bin/cmake /home/manuel/robotic-models/ws_moveit2/src/moveit2/moveit_common -DCMAKE_BUILD_TYPE=Release -DCMAKE_INSTALL_PREFIX=/home/manuel/robotic-models/ws_moveit2/install/moveit_common
[0.510s] Invoking command in '/home/manuel/robotic-models/ws_moveit2/build/moveit_common': CMAKE_PREFIX_PATH=${CMAKE_PREFIX_PATH}:/home/manuel/robotic-models/ws_moveit/install/moveit_configs_utils:/opt/ros/humble /usr/bin/cmake --build /home/manuel/robotic-models/ws_moveit2/build/moveit_common -- -j16 -l16
[0.551s] Invoked command in '/home/manuel/robotic-models/ws_moveit2/build/moveit_common' returned '0': CMAKE_PREFIX_PATH=${CMAKE_PREFIX_PATH}:/home/manuel/robotic-models/ws_moveit/install/moveit_configs_utils:/opt/ros/humble /usr/bin/cmake --build /home/manuel/robotic-models/ws_moveit2/build/moveit_common -- -j16 -l16
[0.591s] Invoking command in '/home/manuel/robotic-models/ws_moveit2/build/moveit_common': CMAKE_PREFIX_PATH=${CMAKE_PREFIX_PATH}:/home/manuel/robotic-models/ws_moveit/install/moveit_configs_utils:/opt/ros/humble /usr/bin/cmake --install /home/manuel/robotic-models/ws_moveit2/build/moveit_common
[0.597s] -- Install configuration: "Release"
[0.598s] -- Installing: /home/manuel/robotic-models/ws_moveit2/install/moveit_common/share/ament_index/resource_index/package_run_dependencies/moveit_common
[0.599s] -- Installing: /home/manuel/robotic-models/ws_moveit2/install/moveit_common/share/ament_index/resource_index/parent_prefix_path/moveit_common
[0.600s] -- Installing: /home/manuel/robotic-models/ws_moveit2/install/moveit_common/share/moveit_common/environment/ament_prefix_path.sh
[0.600s] -- Installing: /home/manuel/robotic-models/ws_moveit2/install/moveit_common/share/moveit_common/environment/ament_prefix_path.dsv
[0.600s] -- Installing: /home/manuel/robotic-models/ws_moveit2/install/moveit_common/share/moveit_common/environment/path.sh
[0.600s] -- Installing: /home/manuel/robotic-models/ws_moveit2/install/moveit_common/share/moveit_common/environment/path.dsv
[0.601s] -- Installing: /home/manuel/robotic-models/ws_moveit2/install/moveit_common/share/moveit_common/local_setup.bash
[0.601s] -- Installing: /home/manuel/robotic-models/ws_moveit2/install/moveit_common/share/moveit_common/local_setup.sh
[0.601s] -- Installing: /home/manuel/robotic-models/ws_moveit2/install/moveit_common/share/moveit_common/local_setup.zsh
[0.601s] -- Installing: /home/manuel/robotic-models/ws_moveit2/install/moveit_common/share/moveit_common/local_setup.dsv
[0.601s] -- Installing: /home/manuel/robotic-models/ws_moveit2/install/moveit_common/share/moveit_common/package.dsv
[0.602s] -- Installing: /home/manuel/robotic-models/ws_moveit2/install/moveit_common/share/ament_index/resource_index/packages/moveit_common
[0.602s] -- Installing: /home/manuel/robotic-models/ws_moveit2/install/moveit_common/share/moveit_common/cmake/moveit_common-extras.cmake
[0.602s] -- Installing: /home/manuel/robotic-models/ws_moveit2/install/moveit_common/share/moveit_common/cmake/moveit_commonConfig.cmake
[0.602s] -- Installing: /home/manuel/robotic-models/ws_moveit2/install/moveit_common/share/moveit_common/cmake/moveit_commonConfig-version.cmake
[0.602s] -- Installing: /home/manuel/robotic-models/ws_moveit2/install/moveit_common/share/moveit_common/package.xml
[0.603s] -- Up-to-date: /home/manuel/robotic-models/ws_moveit2/install/moveit_common/share/moveit_common/cmake
[0.603s] -- Installing: /home/manuel/robotic-models/ws_moveit2/install/moveit_common/share/moveit_common/cmake/moveit_package.cmake
[0.606s] Invoked command in '/home/manuel/robotic-models/ws_moveit2/build/moveit_common' returned '0': CMAKE_PREFIX_PATH=${CMAKE_PREFIX_PATH}:/home/manuel/robotic-models/ws_moveit/install/moveit_configs_utils:/opt/ros/humble /usr/bin/cmake --install /home/manuel/robotic-models/ws_moveit2/build/moveit_common
