[0.042s] Invoking command in '/home/manuel/robotic-models/ws_moveit2/build/moveit_task_constructor_core': AMENT_PREFIX_PATH=/home/manuel/robotic-models/ws_moveit2/install/moveit_planners:/home/manuel/robotic-models/ws_moveit2/install/pilz_industrial_motion_planner:/home/manuel/robotic-models/ws_moveit2/install/moveit_ros_planning_interface:/home/manuel/robotic-models/ws_moveit2/install/moveit_ros_move_group:/home/manuel/robotic-models/ws_moveit2/install/moveit_ros_warehouse:/home/manuel/robotic-models/ws_moveit2/install/moveit_planners_ompl:/home/manuel/robotic-models/ws_moveit2/install/moveit_kinematics:/home/manuel/robotic-models/ws_moveit2/install/moveit_ros_planning:/home/manuel/robotic-models/ws_moveit2/install/moveit_ros_occupancy_map_monitor:/home/manuel/robotic-models/ws_moveit2/install/moveit_core:/home/manuel/robotic-models/ws_moveit2/install/rviz_marker_tools:/home/manuel/robotic-models/ws_moveit2/install/moveit_resources_fanuc_moveit_config:/home/manuel/robotic-models/ws_moveit2/install/moveit_configs_utils:/home/manuel/robotic-models/ws_moveit2/install/srdfdom:/home/manuel/robotic-models/ws_moveit2/install/moveit_task_constructor_msgs:/home/manuel/robotic-models/ws_moveit2/install/moveit_resources_fanuc_description:/home/manuel/robotic-models/ws_moveit2/install/moveit_common:/home/manuel/robotic-models/ws_moveit2/install/launch_param_builder:${AMENT_PREFIX_PATH} CMAKE_PREFIX_PATH=/home/manuel/robotic-models/ws_moveit2/install/moveit_planners:/home/manuel/robotic-models/ws_moveit2/install/pilz_industrial_motion_planner:/home/manuel/robotic-models/ws_moveit2/install/moveit_ros_planning_interface:/home/manuel/robotic-models/ws_moveit2/install/moveit_ros_move_group:/home/manuel/robotic-models/ws_moveit2/install/moveit_ros_warehouse:/home/manuel/robotic-models/ws_moveit2/install/moveit_planners_ompl:/home/manuel/robotic-models/ws_moveit2/install/moveit_kinematics:/home/manuel/robotic-models/ws_moveit2/install/moveit_ros_planning:/home/manuel/robotic-models/ws_moveit2/install/moveit_ros_occupancy_map_monitor:/home/manuel/robotic-models/ws_moveit2/install/moveit_core:/home/manuel/robotic-models/ws_moveit2/install/rviz_marker_tools:/home/manuel/robotic-models/ws_moveit2/install/moveit_resources_fanuc_moveit_config:/home/manuel/robotic-models/ws_moveit2/install/srdfdom:/home/manuel/robotic-models/ws_moveit2/install/moveit_task_constructor_msgs:/home/manuel/robotic-models/ws_moveit2/install/moveit_resources_fanuc_description:/home/manuel/robotic-models/ws_moveit2/install/moveit_common:/opt/ros/humble LD_LIBRARY_PATH=/home/manuel/robotic-models/ws_moveit2/install/pilz_industrial_motion_planner/lib:/home/manuel/robotic-models/ws_moveit2/install/moveit_ros_planning_interface/lib:/home/manuel/robotic-models/ws_moveit2/install/moveit_ros_move_group/lib:/home/manuel/robotic-models/ws_moveit2/install/moveit_ros_warehouse/lib:/home/manuel/robotic-models/ws_moveit2/install/moveit_planners_ompl/lib:/home/manuel/robotic-models/ws_moveit2/install/moveit_kinematics/lib:/home/manuel/robotic-models/ws_moveit2/install/moveit_ros_planning/lib:/home/manuel/robotic-models/ws_moveit2/install/moveit_ros_occupancy_map_monitor/lib:/home/manuel/robotic-models/ws_moveit2/install/moveit_core/lib:/home/manuel/robotic-models/ws_moveit2/install/rviz_marker_tools/lib:/home/manuel/robotic-models/ws_moveit2/install/srdfdom/lib:/home/manuel/robotic-models/ws_moveit2/install/moveit_task_constructor_msgs/lib:${LD_LIBRARY_PATH} PATH=/home/manuel/robotic-models/ws_moveit2/install/moveit_core/bin:${PATH} PYTHONPATH=/home/manuel/robotic-models/ws_moveit2/install/moveit_configs_utils/lib/python3.10/site-packages:/home/manuel/robotic-models/ws_moveit2/install/srdfdom/local/lib/python3.10/dist-packages:/home/manuel/robotic-models/ws_moveit2/install/moveit_task_constructor_msgs/local/lib/python3.10/dist-packages:/home/manuel/robotic-models/ws_moveit2/install/launch_param_builder/lib/python3.10/site-packages:${PYTHONPATH} /usr/bin/cmake --build /home/manuel/robotic-models/ws_moveit2/build/moveit_task_constructor_core -- -j16 -l16
[0.103s] [35m[1mConsolidate compiler generated dependencies of target gmock_main[0m
[0.103s] [35m[1mConsolidate compiler generated dependencies of target gtest[0m
[0.103s] [35m[1mConsolidate compiler generated dependencies of target gtest_main[0m
[0.108s] [35m[1mConsolidate compiler generated dependencies of target gmock[0m
[0.118s] [  2%] Built target gmock_main
[0.119s] [  7%] Built target gtest_main
[0.119s] [  7%] Built target gtest
[0.125s] [  7%] Built target ament_cmake_python_copy_moveit
[0.125s] [ 10%] Built target gmock
[0.138s] [35m[1mConsolidate compiler generated dependencies of target moveit_task_constructor_core[0m
[0.239s] [ 29%] Built target moveit_task_constructor_core
[0.259s] [35m[1mConsolidate compiler generated dependencies of target gtest_utils[0m
[0.289s] [35m[1mConsolidate compiler generated dependencies of target moveit_task_constructor_core_stages[0m
[0.298s] [ 34%] Built target gtest_utils
[0.388s] running egg_info
[0.389s] writing moveit.egg-info/PKG-INFO
[0.389s] writing dependency_links to moveit.egg-info/dependency_links.txt
[0.389s] writing top-level names to moveit.egg-info/top_level.txt
[0.391s] reading manifest file 'moveit.egg-info/SOURCES.txt'
[0.392s] writing manifest file 'moveit.egg-info/SOURCES.txt'
[0.395s] [ 55%] Built target moveit_task_constructor_core_stages
[0.418s] [35m[1mConsolidate compiler generated dependencies of target moveit_task_constructor_core-test-mockups[0m
[0.421s] [35m[1mConsolidate compiler generated dependencies of target moveit_task_constructor_core-test-interface-state[0m
[0.421s] [35m[1mConsolidate compiler generated dependencies of target pick_ur5[0m
[0.422s] [35m[1mConsolidate compiler generated dependencies of target moveit_task_constructor_core-test-pruning[0m
[0.422s] [35m[1mConsolidate compiler generated dependencies of target moveit_task_constructor_core-test-serial[0m
[0.422s] [35m[1mConsolidate compiler generated dependencies of target moveit_task_constructor_core-test-fallback[0m
[0.422s] [35m[1mConsolidate compiler generated dependencies of target moveit_task_constructor_core-test-properties[0m
[0.422s] [35m[1mConsolidate compiler generated dependencies of target moveit_task_constructor_core-test-container[0m
[0.425s] [35m[1mConsolidate compiler generated dependencies of target moveit_task_constructor_core-test-stage[0m
[0.430s] [35m[1mConsolidate compiler generated dependencies of target moveit_task_constructor_core_stage_plugins[0m
[0.436s] [35m[1mConsolidate compiler generated dependencies of target moveit_task_constructor_core-test-cost-terms[0m
[0.436s] [35m[1mConsolidate compiler generated dependencies of target moveit_task_constructor_core-test-move-relative[0m
[0.437s] [35m[1mConsolidate compiler generated dependencies of target moveit_task_constructor_core-test-move-to[0m
[0.451s] [35m[1mConsolidate compiler generated dependencies of target pymoveit_mtc[0m
[0.451s] [35m[1mConsolidate compiler generated dependencies of target moveit_task_constructor_core-test-cost-queue[0m
[0.456s] [ 55%] Built target ament_cmake_python_build_moveit_egg
[0.457s] [ 57%] Built target moveit_task_constructor_core_stage_plugins
[0.458s] [ 60%] Built target moveit_task_constructor_core-test-interface-state
[0.458s] [ 62%] Built target moveit_task_constructor_core-test-pruning
[0.460s] [ 67%] Built target moveit_task_constructor_core-test-serial
[0.460s] [ 67%] Built target pick_ur5
[0.463s] [ 69%] Built target moveit_task_constructor_core-test-properties
[0.470s] [ 74%] Built target moveit_task_constructor_core-test-fallback
[0.470s] [ 74%] Built target moveit_task_constructor_core-test-container
[0.470s] [ 76%] Built target moveit_task_constructor_core-test-move-relative
[0.470s] [ 78%] Built target moveit_task_constructor_core-test-stage
[0.472s] [ 83%] Built target moveit_task_constructor_core-test-mockups
[0.472s] [ 83%] Built target moveit_task_constructor_core-test-move-to
[0.477s] [ 85%] Built target moveit_task_constructor_core-test-cost-queue
[0.480s] [35m[1mConsolidate compiler generated dependencies of target pick_pa10[0m
[0.482s] [35m[1mConsolidate compiler generated dependencies of target pick_pr2[0m
[0.486s] [ 88%] Built target moveit_task_constructor_core-test-cost-terms
[0.503s] [ 95%] Built target pymoveit_mtc
[0.510s] [100%] Built target pick_pa10
[0.510s] [100%] Built target pick_pr2
[0.526s] Invoked command in '/home/manuel/robotic-models/ws_moveit2/build/moveit_task_constructor_core' returned '0': AMENT_PREFIX_PATH=/home/manuel/robotic-models/ws_moveit2/install/moveit_planners:/home/manuel/robotic-models/ws_moveit2/install/pilz_industrial_motion_planner:/home/manuel/robotic-models/ws_moveit2/install/moveit_ros_planning_interface:/home/manuel/robotic-models/ws_moveit2/install/moveit_ros_move_group:/home/manuel/robotic-models/ws_moveit2/install/moveit_ros_warehouse:/home/manuel/robotic-models/ws_moveit2/install/moveit_planners_ompl:/home/manuel/robotic-models/ws_moveit2/install/moveit_kinematics:/home/manuel/robotic-models/ws_moveit2/install/moveit_ros_planning:/home/manuel/robotic-models/ws_moveit2/install/moveit_ros_occupancy_map_monitor:/home/manuel/robotic-models/ws_moveit2/install/moveit_core:/home/manuel/robotic-models/ws_moveit2/install/rviz_marker_tools:/home/manuel/robotic-models/ws_moveit2/install/moveit_resources_fanuc_moveit_config:/home/manuel/robotic-models/ws_moveit2/install/moveit_configs_utils:/home/manuel/robotic-models/ws_moveit2/install/srdfdom:/home/manuel/robotic-models/ws_moveit2/install/moveit_task_constructor_msgs:/home/manuel/robotic-models/ws_moveit2/install/moveit_resources_fanuc_description:/home/manuel/robotic-models/ws_moveit2/install/moveit_common:/home/manuel/robotic-models/ws_moveit2/install/launch_param_builder:${AMENT_PREFIX_PATH} CMAKE_PREFIX_PATH=/home/manuel/robotic-models/ws_moveit2/install/moveit_planners:/home/manuel/robotic-models/ws_moveit2/install/pilz_industrial_motion_planner:/home/manuel/robotic-models/ws_moveit2/install/moveit_ros_planning_interface:/home/manuel/robotic-models/ws_moveit2/install/moveit_ros_move_group:/home/manuel/robotic-models/ws_moveit2/install/moveit_ros_warehouse:/home/manuel/robotic-models/ws_moveit2/install/moveit_planners_ompl:/home/manuel/robotic-models/ws_moveit2/install/moveit_kinematics:/home/manuel/robotic-models/ws_moveit2/install/moveit_ros_planning:/home/manuel/robotic-models/ws_moveit2/install/moveit_ros_occupancy_map_monitor:/home/manuel/robotic-models/ws_moveit2/install/moveit_core:/home/manuel/robotic-models/ws_moveit2/install/rviz_marker_tools:/home/manuel/robotic-models/ws_moveit2/install/moveit_resources_fanuc_moveit_config:/home/manuel/robotic-models/ws_moveit2/install/srdfdom:/home/manuel/robotic-models/ws_moveit2/install/moveit_task_constructor_msgs:/home/manuel/robotic-models/ws_moveit2/install/moveit_resources_fanuc_description:/home/manuel/robotic-models/ws_moveit2/install/moveit_common:/opt/ros/humble LD_LIBRARY_PATH=/home/manuel/robotic-models/ws_moveit2/install/pilz_industrial_motion_planner/lib:/home/manuel/robotic-models/ws_moveit2/install/moveit_ros_planning_interface/lib:/home/manuel/robotic-models/ws_moveit2/install/moveit_ros_move_group/lib:/home/manuel/robotic-models/ws_moveit2/install/moveit_ros_warehouse/lib:/home/manuel/robotic-models/ws_moveit2/install/moveit_planners_ompl/lib:/home/manuel/robotic-models/ws_moveit2/install/moveit_kinematics/lib:/home/manuel/robotic-models/ws_moveit2/install/moveit_ros_planning/lib:/home/manuel/robotic-models/ws_moveit2/install/moveit_ros_occupancy_map_monitor/lib:/home/manuel/robotic-models/ws_moveit2/install/moveit_core/lib:/home/manuel/robotic-models/ws_moveit2/install/rviz_marker_tools/lib:/home/manuel/robotic-models/ws_moveit2/install/srdfdom/lib:/home/manuel/robotic-models/ws_moveit2/install/moveit_task_constructor_msgs/lib:${LD_LIBRARY_PATH} PATH=/home/manuel/robotic-models/ws_moveit2/install/moveit_core/bin:${PATH} PYTHONPATH=/home/manuel/robotic-models/ws_moveit2/install/moveit_configs_utils/lib/python3.10/site-packages:/home/manuel/robotic-models/ws_moveit2/install/srdfdom/local/lib/python3.10/dist-packages:/home/manuel/robotic-models/ws_moveit2/install/moveit_task_constructor_msgs/local/lib/python3.10/dist-packages:/home/manuel/robotic-models/ws_moveit2/install/launch_param_builder/lib/python3.10/site-packages:${PYTHONPATH} /usr/bin/cmake --build /home/manuel/robotic-models/ws_moveit2/build/moveit_task_constructor_core -- -j16 -l16
[0.560s] Invoking command in '/home/manuel/robotic-models/ws_moveit2/build/moveit_task_constructor_core': AMENT_PREFIX_PATH=/home/manuel/robotic-models/ws_moveit2/install/moveit_planners:/home/manuel/robotic-models/ws_moveit2/install/pilz_industrial_motion_planner:/home/manuel/robotic-models/ws_moveit2/install/moveit_ros_planning_interface:/home/manuel/robotic-models/ws_moveit2/install/moveit_ros_move_group:/home/manuel/robotic-models/ws_moveit2/install/moveit_ros_warehouse:/home/manuel/robotic-models/ws_moveit2/install/moveit_planners_ompl:/home/manuel/robotic-models/ws_moveit2/install/moveit_kinematics:/home/manuel/robotic-models/ws_moveit2/install/moveit_ros_planning:/home/manuel/robotic-models/ws_moveit2/install/moveit_ros_occupancy_map_monitor:/home/manuel/robotic-models/ws_moveit2/install/moveit_core:/home/manuel/robotic-models/ws_moveit2/install/rviz_marker_tools:/home/manuel/robotic-models/ws_moveit2/install/moveit_resources_fanuc_moveit_config:/home/manuel/robotic-models/ws_moveit2/install/moveit_configs_utils:/home/manuel/robotic-models/ws_moveit2/install/srdfdom:/home/manuel/robotic-models/ws_moveit2/install/moveit_task_constructor_msgs:/home/manuel/robotic-models/ws_moveit2/install/moveit_resources_fanuc_description:/home/manuel/robotic-models/ws_moveit2/install/moveit_common:/home/manuel/robotic-models/ws_moveit2/install/launch_param_builder:${AMENT_PREFIX_PATH} CMAKE_PREFIX_PATH=/home/manuel/robotic-models/ws_moveit2/install/moveit_planners:/home/manuel/robotic-models/ws_moveit2/install/pilz_industrial_motion_planner:/home/manuel/robotic-models/ws_moveit2/install/moveit_ros_planning_interface:/home/manuel/robotic-models/ws_moveit2/install/moveit_ros_move_group:/home/manuel/robotic-models/ws_moveit2/install/moveit_ros_warehouse:/home/manuel/robotic-models/ws_moveit2/install/moveit_planners_ompl:/home/manuel/robotic-models/ws_moveit2/install/moveit_kinematics:/home/manuel/robotic-models/ws_moveit2/install/moveit_ros_planning:/home/manuel/robotic-models/ws_moveit2/install/moveit_ros_occupancy_map_monitor:/home/manuel/robotic-models/ws_moveit2/install/moveit_core:/home/manuel/robotic-models/ws_moveit2/install/rviz_marker_tools:/home/manuel/robotic-models/ws_moveit2/install/moveit_resources_fanuc_moveit_config:/home/manuel/robotic-models/ws_moveit2/install/srdfdom:/home/manuel/robotic-models/ws_moveit2/install/moveit_task_constructor_msgs:/home/manuel/robotic-models/ws_moveit2/install/moveit_resources_fanuc_description:/home/manuel/robotic-models/ws_moveit2/install/moveit_common:/opt/ros/humble LD_LIBRARY_PATH=/home/manuel/robotic-models/ws_moveit2/install/pilz_industrial_motion_planner/lib:/home/manuel/robotic-models/ws_moveit2/install/moveit_ros_planning_interface/lib:/home/manuel/robotic-models/ws_moveit2/install/moveit_ros_move_group/lib:/home/manuel/robotic-models/ws_moveit2/install/moveit_ros_warehouse/lib:/home/manuel/robotic-models/ws_moveit2/install/moveit_planners_ompl/lib:/home/manuel/robotic-models/ws_moveit2/install/moveit_kinematics/lib:/home/manuel/robotic-models/ws_moveit2/install/moveit_ros_planning/lib:/home/manuel/robotic-models/ws_moveit2/install/moveit_ros_occupancy_map_monitor/lib:/home/manuel/robotic-models/ws_moveit2/install/moveit_core/lib:/home/manuel/robotic-models/ws_moveit2/install/rviz_marker_tools/lib:/home/manuel/robotic-models/ws_moveit2/install/srdfdom/lib:/home/manuel/robotic-models/ws_moveit2/install/moveit_task_constructor_msgs/lib:${LD_LIBRARY_PATH} PATH=/home/manuel/robotic-models/ws_moveit2/install/moveit_core/bin:${PATH} PYTHONPATH=/home/manuel/robotic-models/ws_moveit2/install/moveit_configs_utils/lib/python3.10/site-packages:/home/manuel/robotic-models/ws_moveit2/install/srdfdom/local/lib/python3.10/dist-packages:/home/manuel/robotic-models/ws_moveit2/install/moveit_task_constructor_msgs/local/lib/python3.10/dist-packages:/home/manuel/robotic-models/ws_moveit2/install/launch_param_builder/lib/python3.10/site-packages:${PYTHONPATH} /usr/bin/cmake --install /home/manuel/robotic-models/ws_moveit2/build/moveit_task_constructor_core
[0.568s] -- Install configuration: "Release"
[0.569s] -- Installing: /home/manuel/robotic-models/ws_moveit2/install/moveit_task_constructor_core/share/moveit_task_constructor_core/environment/pythonpath.sh
[0.570s] -- Installing: /home/manuel/robotic-models/ws_moveit2/install/moveit_task_constructor_core/share/moveit_task_constructor_core/environment/pythonpath.dsv
[0.570s] -- Installing: /home/manuel/robotic-models/ws_moveit2/install/moveit_task_constructor_core/local/lib/python3.10/dist-packages/moveit-0.1.3-py3.10.egg-info
[0.572s] -- Installing: /home/manuel/robotic-models/ws_moveit2/install/moveit_task_constructor_core/local/lib/python3.10/dist-packages/moveit-0.1.3-py3.10.egg-info/dependency_links.txt
[0.572s] -- Installing: /home/manuel/robotic-models/ws_moveit2/install/moveit_task_constructor_core/local/lib/python3.10/dist-packages/moveit-0.1.3-py3.10.egg-info/top_level.txt
[0.572s] -- Installing: /home/manuel/robotic-models/ws_moveit2/install/moveit_task_constructor_core/local/lib/python3.10/dist-packages/moveit-0.1.3-py3.10.egg-info/PKG-INFO
[0.572s] -- Installing: /home/manuel/robotic-models/ws_moveit2/install/moveit_task_constructor_core/local/lib/python3.10/dist-packages/moveit-0.1.3-py3.10.egg-info/SOURCES.txt
[0.572s] -- Installing: /home/manuel/robotic-models/ws_moveit2/install/moveit_task_constructor_core/local/lib/python3.10/dist-packages/moveit
[0.572s] -- Installing: /home/manuel/robotic-models/ws_moveit2/install/moveit_task_constructor_core/local/lib/python3.10/dist-packages/moveit/__init__.py
[0.572s] -- Installing: /home/manuel/robotic-models/ws_moveit2/install/moveit_task_constructor_core/local/lib/python3.10/dist-packages/moveit/task_constructor
[0.572s] -- Installing: /home/manuel/robotic-models/ws_moveit2/install/moveit_task_constructor_core/local/lib/python3.10/dist-packages/moveit/task_constructor/__init__.py
[0.572s] -- Installing: /home/manuel/robotic-models/ws_moveit2/install/moveit_task_constructor_core/local/lib/python3.10/dist-packages/moveit/task_constructor/core.py
[0.573s] -- Installing: /home/manuel/robotic-models/ws_moveit2/install/moveit_task_constructor_core/local/lib/python3.10/dist-packages/moveit/task_constructor/stages.py
[0.597s] Listing '/home/manuel/robotic-models/ws_moveit2/install/moveit_task_constructor_core/local/lib/python3.10/dist-packages/moveit'...
[0.597s] Compiling '/home/manuel/robotic-models/ws_moveit2/install/moveit_task_constructor_core/local/lib/python3.10/dist-packages/moveit/__init__.py'...
[0.597s] Listing '/home/manuel/robotic-models/ws_moveit2/install/moveit_task_constructor_core/local/lib/python3.10/dist-packages/moveit/task_constructor'...
[0.597s] Compiling '/home/manuel/robotic-models/ws_moveit2/install/moveit_task_constructor_core/local/lib/python3.10/dist-packages/moveit/task_constructor/__init__.py'...
[0.597s] Compiling '/home/manuel/robotic-models/ws_moveit2/install/moveit_task_constructor_core/local/lib/python3.10/dist-packages/moveit/task_constructor/core.py'...
[0.597s] Compiling '/home/manuel/robotic-models/ws_moveit2/install/moveit_task_constructor_core/local/lib/python3.10/dist-packages/moveit/task_constructor/stages.py'...
[0.601s] -- Installing: /home/manuel/robotic-models/ws_moveit2/install/moveit_task_constructor_core/include
[0.601s] -- Installing: /home/manuel/robotic-models/ws_moveit2/install/moveit_task_constructor_core/include/moveit
[0.602s] -- Installing: /home/manuel/robotic-models/ws_moveit2/install/moveit_task_constructor_core/include/moveit/python
[0.603s] -- Installing: /home/manuel/robotic-models/ws_moveit2/install/moveit_task_constructor_core/include/moveit/python/task_constructor
[0.603s] -- Installing: /home/manuel/robotic-models/ws_moveit2/install/moveit_task_constructor_core/include/moveit/python/task_constructor/properties.h
[0.604s] -- Installing: /home/manuel/robotic-models/ws_moveit2/install/moveit_task_constructor_core/include/moveit/task_constructor
[0.604s] -- Installing: /home/manuel/robotic-models/ws_moveit2/install/moveit_task_constructor_core/include/moveit/task_constructor/moveit_compat.h
[0.605s] -- Installing: /home/manuel/robotic-models/ws_moveit2/install/moveit_task_constructor_core/include/moveit/task_constructor/utils.h
[0.605s] -- Installing: /home/manuel/robotic-models/ws_moveit2/install/moveit_task_constructor_core/include/moveit/task_constructor/container.h
[0.606s] -- Installing: /home/manuel/robotic-models/ws_moveit2/install/moveit_task_constructor_core/include/moveit/task_constructor/trajectory_execution_info.h
[0.606s] -- Installing: /home/manuel/robotic-models/ws_moveit2/install/moveit_task_constructor_core/include/moveit/task_constructor/marker_tools.h
[0.606s] -- Installing: /home/manuel/robotic-models/ws_moveit2/install/moveit_task_constructor_core/include/moveit/task_constructor/storage.h
[0.607s] -- Installing: /home/manuel/robotic-models/ws_moveit2/install/moveit_task_constructor_core/include/moveit/task_constructor/merge.h
[0.607s] -- Installing: /home/manuel/robotic-models/ws_moveit2/install/moveit_task_constructor_core/include/moveit/task_constructor/solvers
[0.608s] -- Installing: /home/manuel/robotic-models/ws_moveit2/install/moveit_task_constructor_core/include/moveit/task_constructor/solvers/cartesian_path.h
[0.608s] -- Installing: /home/manuel/robotic-models/ws_moveit2/install/moveit_task_constructor_core/include/moveit/task_constructor/solvers/pipeline_planner.h
[0.609s] -- Installing: /home/manuel/robotic-models/ws_moveit2/install/moveit_task_constructor_core/include/moveit/task_constructor/solvers/planner_interface.h
[0.609s] -- Installing: /home/manuel/robotic-models/ws_moveit2/install/moveit_task_constructor_core/include/moveit/task_constructor/solvers/multi_planner.h
[0.609s] -- Installing: /home/manuel/robotic-models/ws_moveit2/install/moveit_task_constructor_core/include/moveit/task_constructor/solvers/joint_interpolation.h
[0.610s] -- Installing: /home/manuel/robotic-models/ws_moveit2/install/moveit_task_constructor_core/include/moveit/task_constructor/task.h
[0.610s] -- Installing: /home/manuel/robotic-models/ws_moveit2/install/moveit_task_constructor_core/include/moveit/task_constructor/type_traits.h
[0.610s] -- Installing: /home/manuel/robotic-models/ws_moveit2/install/moveit_task_constructor_core/include/moveit/task_constructor/stages
[0.611s] -- Installing: /home/manuel/robotic-models/ws_moveit2/install/moveit_task_constructor_core/include/moveit/task_constructor/stages/move_relative.h
[0.611s] -- Installing: /home/manuel/robotic-models/ws_moveit2/install/moveit_task_constructor_core/include/moveit/task_constructor/stages/fixed_state.h
[0.611s] -- Installing: /home/manuel/robotic-models/ws_moveit2/install/moveit_task_constructor_core/include/moveit/task_constructor/stages/compute_ik.h
[0.612s] -- Installing: /home/manuel/robotic-models/ws_moveit2/install/moveit_task_constructor_core/include/moveit/task_constructor/stages/move_to.h
[0.612s] -- Installing: /home/manuel/robotic-models/ws_moveit2/install/moveit_task_constructor_core/include/moveit/task_constructor/stages/current_state.h
[0.612s] -- Installing: /home/manuel/robotic-models/ws_moveit2/install/moveit_task_constructor_core/include/moveit/task_constructor/stages/fix_collision_objects.h
[0.613s] -- Installing: /home/manuel/robotic-models/ws_moveit2/install/moveit_task_constructor_core/include/moveit/task_constructor/stages/generate_random_pose.h
[0.613s] -- Installing: /home/manuel/robotic-models/ws_moveit2/install/moveit_task_constructor_core/include/moveit/task_constructor/stages/noop.h
[0.614s] -- Installing: /home/manuel/robotic-models/ws_moveit2/install/moveit_task_constructor_core/include/moveit/task_constructor/stages/fixed_cartesian_poses.h
[0.614s] -- Installing: /home/manuel/robotic-models/ws_moveit2/install/moveit_task_constructor_core/include/moveit/task_constructor/stages/generate_grasp_pose.h
[0.614s] -- Installing: /home/manuel/robotic-models/ws_moveit2/install/moveit_task_constructor_core/include/moveit/task_constructor/stages/simple_grasp.h
[0.614s] -- Installing: /home/manuel/robotic-models/ws_moveit2/install/moveit_task_constructor_core/include/moveit/task_constructor/stages/generate_place_pose.h
[0.615s] -- Installing: /home/manuel/robotic-models/ws_moveit2/install/moveit_task_constructor_core/include/moveit/task_constructor/stages/passthrough.h
[0.615s] -- Installing: /home/manuel/robotic-models/ws_moveit2/install/moveit_task_constructor_core/include/moveit/task_constructor/stages/connect.h
[0.616s] -- Installing: /home/manuel/robotic-models/ws_moveit2/install/moveit_task_constructor_core/include/moveit/task_constructor/stages/predicate_filter.h
[0.616s] -- Installing: /home/manuel/robotic-models/ws_moveit2/install/moveit_task_constructor_core/include/moveit/task_constructor/stages/modify_planning_scene.h
[0.616s] -- Installing: /home/manuel/robotic-models/ws_moveit2/install/moveit_task_constructor_core/include/moveit/task_constructor/stages/generate_pose.h
[0.617s] -- Installing: /home/manuel/robotic-models/ws_moveit2/install/moveit_task_constructor_core/include/moveit/task_constructor/stages/pick.h
[0.617s] -- Installing: /home/manuel/robotic-models/ws_moveit2/install/moveit_task_constructor_core/include/moveit/task_constructor/cost_terms.h
[0.617s] -- Installing: /home/manuel/robotic-models/ws_moveit2/install/moveit_task_constructor_core/include/moveit/task_constructor/introspection.h
[0.618s] -- Installing: /home/manuel/robotic-models/ws_moveit2/install/moveit_task_constructor_core/include/moveit/task_constructor/properties.h
[0.618s] -- Installing: /home/manuel/robotic-models/ws_moveit2/install/moveit_task_constructor_core/include/moveit/task_constructor/cost_queue.h
[0.618s] -- Installing: /home/manuel/robotic-models/ws_moveit2/install/moveit_task_constructor_core/include/moveit/task_constructor/solvers.h
[0.619s] -- Installing: /home/manuel/robotic-models/ws_moveit2/install/moveit_task_constructor_core/include/moveit/task_constructor/stage.h
[0.619s] -- Installing: /home/manuel/robotic-models/ws_moveit2/install/moveit_task_constructor_core/include/moveit/task_constructor/stages.h
[0.620s] -- Installing: /home/manuel/robotic-models/ws_moveit2/install/moveit_task_constructor_core/share/moveit_task_constructor_core/motion_planning_stages_plugin_description.xml
[0.620s] -- Installing: /home/manuel/robotic-models/ws_moveit2/install/moveit_task_constructor_core/share/moveit_task_constructor_core/environment/library_path.sh
[0.620s] -- Installing: /home/manuel/robotic-models/ws_moveit2/install/moveit_task_constructor_core/share/moveit_task_constructor_core/environment/library_path.dsv
[0.622s] -- Installing: /home/manuel/robotic-models/ws_moveit2/install/moveit_task_constructor_core/share/ament_index/resource_index/package_run_dependencies/moveit_task_constructor_core
[0.622s] -- Installing: /home/manuel/robotic-models/ws_moveit2/install/moveit_task_constructor_core/share/ament_index/resource_index/parent_prefix_path/moveit_task_constructor_core
[0.623s] -- Installing: /home/manuel/robotic-models/ws_moveit2/install/moveit_task_constructor_core/share/moveit_task_constructor_core/environment/ament_prefix_path.sh
[0.623s] -- Installing: /home/manuel/robotic-models/ws_moveit2/install/moveit_task_constructor_core/share/moveit_task_constructor_core/environment/ament_prefix_path.dsv
[0.623s] -- Installing: /home/manuel/robotic-models/ws_moveit2/install/moveit_task_constructor_core/share/moveit_task_constructor_core/environment/path.sh
[0.623s] -- Installing: /home/manuel/robotic-models/ws_moveit2/install/moveit_task_constructor_core/share/moveit_task_constructor_core/environment/path.dsv
[0.624s] -- Installing: /home/manuel/robotic-models/ws_moveit2/install/moveit_task_constructor_core/share/moveit_task_constructor_core/local_setup.bash
[0.624s] -- Installing: /home/manuel/robotic-models/ws_moveit2/install/moveit_task_constructor_core/share/moveit_task_constructor_core/local_setup.sh
[0.625s] -- Installing: /home/manuel/robotic-models/ws_moveit2/install/moveit_task_constructor_core/share/moveit_task_constructor_core/local_setup.zsh
[0.625s] -- Installing: /home/manuel/robotic-models/ws_moveit2/install/moveit_task_constructor_core/share/moveit_task_constructor_core/local_setup.dsv
[0.626s] -- Installing: /home/manuel/robotic-models/ws_moveit2/install/moveit_task_constructor_core/share/moveit_task_constructor_core/package.dsv
[0.626s] -- Installing: /home/manuel/robotic-models/ws_moveit2/install/moveit_task_constructor_core/share/ament_index/resource_index/packages/moveit_task_constructor_core
[0.627s] -- Installing: /home/manuel/robotic-models/ws_moveit2/install/moveit_task_constructor_core/share/ament_index/resource_index/moveit_task_constructor_core__pluginlib__plugin/moveit_task_constructor_core
[0.629s] -- Installing: /home/manuel/robotic-models/ws_moveit2/install/moveit_task_constructor_core/share/moveit_task_constructor_core/cmake/moveit_task_constructor_coreTargetsExport.cmake
[0.629s] -- Installing: /home/manuel/robotic-models/ws_moveit2/install/moveit_task_constructor_core/share/moveit_task_constructor_core/cmake/moveit_task_constructor_coreTargetsExport-release.cmake
[0.630s] -- Installing: /home/manuel/robotic-models/ws_moveit2/install/moveit_task_constructor_core/share/moveit_task_constructor_core/cmake/ament_cmake_export_targets-extras.cmake
[0.630s] -- Installing: /home/manuel/robotic-models/ws_moveit2/install/moveit_task_constructor_core/share/moveit_task_constructor_core/cmake/ament_cmake_export_dependencies-extras.cmake
[0.630s] -- Installing: /home/manuel/robotic-models/ws_moveit2/install/moveit_task_constructor_core/share/moveit_task_constructor_core/cmake/moveit_task_constructor_coreConfig.cmake
[0.631s] -- Installing: /home/manuel/robotic-models/ws_moveit2/install/moveit_task_constructor_core/share/moveit_task_constructor_core/cmake/moveit_task_constructor_coreConfig-version.cmake
[0.631s] -- Installing: /home/manuel/robotic-models/ws_moveit2/install/moveit_task_constructor_core/share/moveit_task_constructor_core/package.xml
[0.632s] -- Installing: /home/manuel/robotic-models/ws_moveit2/install/moveit_task_constructor_core/lib/libmoveit_task_constructor_core.so
[0.642s] -- Set runtime path of "/home/manuel/robotic-models/ws_moveit2/install/moveit_task_constructor_core/lib/libmoveit_task_constructor_core.so" to ""
[0.643s] -- Installing: /home/manuel/robotic-models/ws_moveit2/install/moveit_task_constructor_core/lib/libmoveit_task_constructor_core_stages.so
[0.648s] -- Set runtime path of "/home/manuel/robotic-models/ws_moveit2/install/moveit_task_constructor_core/lib/libmoveit_task_constructor_core_stages.so" to ""
[0.648s] -- Installing: /home/manuel/robotic-models/ws_moveit2/install/moveit_task_constructor_core/lib/libmoveit_task_constructor_core_stage_plugins.so
[0.649s] -- Set runtime path of "/home/manuel/robotic-models/ws_moveit2/install/moveit_task_constructor_core/lib/libmoveit_task_constructor_core_stage_plugins.so" to ""
[0.650s] -- Installing: /home/manuel/robotic-models/ws_moveit2/install/moveit_task_constructor_core/include/moveit/python/pybind11
[0.650s] -- Installing: /home/manuel/robotic-models/ws_moveit2/install/moveit_task_constructor_core/include/moveit/python/pybind11/gil_safe_call_once.h
[0.651s] -- Installing: /home/manuel/robotic-models/ws_moveit2/install/moveit_task_constructor_core/include/moveit/python/pybind11/complex.h
[0.651s] -- Installing: /home/manuel/robotic-models/ws_moveit2/install/moveit_task_constructor_core/include/moveit/python/pybind11/eigen.h
[0.652s] -- Installing: /home/manuel/robotic-models/ws_moveit2/install/moveit_task_constructor_core/include/moveit/python/pybind11/attr.h
[0.652s] -- Installing: /home/manuel/robotic-models/ws_moveit2/install/moveit_task_constructor_core/include/moveit/python/pybind11/common.h
[0.652s] -- Installing: /home/manuel/robotic-models/ws_moveit2/install/moveit_task_constructor_core/include/moveit/python/pybind11/numpy.h
[0.653s] -- Installing: /home/manuel/robotic-models/ws_moveit2/install/moveit_task_constructor_core/include/moveit/python/pybind11/type_caster_pyobject_ptr.h
[0.654s] -- Installing: /home/manuel/robotic-models/ws_moveit2/install/moveit_task_constructor_core/include/moveit/python/pybind11/functional.h
[0.654s] -- Installing: /home/manuel/robotic-models/ws_moveit2/install/moveit_task_constructor_core/include/moveit/python/pybind11/eigen
[0.655s] -- Installing: /home/manuel/robotic-models/ws_moveit2/install/moveit_task_constructor_core/include/moveit/python/pybind11/eigen/common.h
[0.655s] -- Installing: /home/manuel/robotic-models/ws_moveit2/install/moveit_task_constructor_core/include/moveit/python/pybind11/eigen/tensor.h
[0.656s] -- Installing: /home/manuel/robotic-models/ws_moveit2/install/moveit_task_constructor_core/include/moveit/python/pybind11/eigen/matrix.h
[0.656s] -- Installing: /home/manuel/robotic-models/ws_moveit2/install/moveit_task_constructor_core/include/moveit/python/pybind11/options.h
[0.657s] -- Installing: /home/manuel/robotic-models/ws_moveit2/install/moveit_task_constructor_core/include/moveit/python/pybind11/stl_bind.h
[0.657s] -- Installing: /home/manuel/robotic-models/ws_moveit2/install/moveit_task_constructor_core/include/moveit/python/pybind11/operators.h
[0.658s] -- Installing: /home/manuel/robotic-models/ws_moveit2/install/moveit_task_constructor_core/include/moveit/python/pybind11/iostream.h
[0.658s] -- Installing: /home/manuel/robotic-models/ws_moveit2/install/moveit_task_constructor_core/include/moveit/python/pybind11/eval.h
[0.659s] -- Installing: /home/manuel/robotic-models/ws_moveit2/install/moveit_task_constructor_core/include/moveit/python/pybind11/pytypes.h
[0.660s] -- Installing: /home/manuel/robotic-models/ws_moveit2/install/moveit_task_constructor_core/include/moveit/python/pybind11/stl.h
[0.660s] -- Installing: /home/manuel/robotic-models/ws_moveit2/install/moveit_task_constructor_core/include/moveit/python/pybind11/chrono.h
[0.661s] -- Installing: /home/manuel/robotic-models/ws_moveit2/install/moveit_task_constructor_core/include/moveit/python/pybind11/gil.h
[0.661s] -- Installing: /home/manuel/robotic-models/ws_moveit2/install/moveit_task_constructor_core/include/moveit/python/pybind11/typing.h
[0.661s] -- Installing: /home/manuel/robotic-models/ws_moveit2/install/moveit_task_constructor_core/include/moveit/python/pybind11/smart_holder.h
[0.662s] -- Installing: /home/manuel/robotic-models/ws_moveit2/install/moveit_task_constructor_core/include/moveit/python/pybind11/cast.h
[0.663s] -- Installing: /home/manuel/robotic-models/ws_moveit2/install/moveit_task_constructor_core/include/moveit/python/pybind11/embed.h
[0.663s] -- Installing: /home/manuel/robotic-models/ws_moveit2/install/moveit_task_constructor_core/include/moveit/python/pybind11/buffer_info.h
[0.663s] -- Installing: /home/manuel/robotic-models/ws_moveit2/install/moveit_task_constructor_core/include/moveit/python/pybind11/pybind11.h
[0.664s] -- Installing: /home/manuel/robotic-models/ws_moveit2/install/moveit_task_constructor_core/include/moveit/python/pybind11/detail
[0.665s] -- Installing: /home/manuel/robotic-models/ws_moveit2/install/moveit_task_constructor_core/include/moveit/python/pybind11/detail/class.h
[0.666s] -- Installing: /home/manuel/robotic-models/ws_moveit2/install/moveit_task_constructor_core/include/moveit/python/pybind11/detail/typeid.h
[0.666s] -- Installing: /home/manuel/robotic-models/ws_moveit2/install/moveit_task_constructor_core/include/moveit/python/pybind11/detail/dynamic_raw_ptr_cast_if_possible.h
[0.666s] -- Installing: /home/manuel/robotic-models/ws_moveit2/install/moveit_task_constructor_core/include/moveit/python/pybind11/detail/common.h
[0.667s] -- Installing: /home/manuel/robotic-models/ws_moveit2/install/moveit_task_constructor_core/include/moveit/python/pybind11/detail/init.h
[0.668s] -- Installing: /home/manuel/robotic-models/ws_moveit2/install/moveit_task_constructor_core/include/moveit/python/pybind11/detail/type_caster_odr_guard.h
[0.668s] -- Installing: /home/manuel/robotic-models/ws_moveit2/install/moveit_task_constructor_core/include/moveit/python/pybind11/detail/descr.h
[0.669s] -- Installing: /home/manuel/robotic-models/ws_moveit2/install/moveit_task_constructor_core/include/moveit/python/pybind11/detail/type_caster_base.h
[0.669s] -- Installing: /home/manuel/robotic-models/ws_moveit2/install/moveit_task_constructor_core/include/moveit/python/pybind11/detail/smart_holder_type_casters.h
[0.670s] -- Installing: /home/manuel/robotic-models/ws_moveit2/install/moveit_task_constructor_core/include/moveit/python/pybind11/detail/smart_holder_poc.h
[0.670s] -- Installing: /home/manuel/robotic-models/ws_moveit2/install/moveit_task_constructor_core/include/moveit/python/pybind11/detail/internals.h
[0.671s] -- Installing: /home/manuel/robotic-models/ws_moveit2/install/moveit_task_constructor_core/include/moveit/python/pybind11/detail/smart_holder_sfinae_hooks_only.h
[0.671s] -- Installing: /home/manuel/robotic-models/ws_moveit2/install/moveit_task_constructor_core/include/moveit/python/pybind11/stl
[0.672s] -- Installing: /home/manuel/robotic-models/ws_moveit2/install/moveit_task_constructor_core/include/moveit/python/pybind11/stl/filesystem.h
[0.672s] -- Installing: /home/manuel/robotic-models/ws_moveit2/install/moveit_task_constructor_core/include/moveit/python/pybind11/trampoline_self_life_support.h
[0.673s] -- Installing: /home/manuel/robotic-models/ws_moveit2/install/moveit_task_constructor_core/share/moveit_task_constructor_core/cmake/pybind11Config.cmake
[0.673s] -- Installing: /home/manuel/robotic-models/ws_moveit2/install/moveit_task_constructor_core/share/moveit_task_constructor_core/cmake/pybind11ConfigVersion.cmake
[0.674s] -- Installing: /home/manuel/robotic-models/ws_moveit2/install/moveit_task_constructor_core/share/moveit_task_constructor_core/cmake/FindPythonLibsNew.cmake
[0.674s] -- Installing: /home/manuel/robotic-models/ws_moveit2/install/moveit_task_constructor_core/share/moveit_task_constructor_core/cmake/pybind11Common.cmake
[0.674s] -- Installing: /home/manuel/robotic-models/ws_moveit2/install/moveit_task_constructor_core/share/moveit_task_constructor_core/cmake/pybind11Tools.cmake
[0.675s] -- Installing: /home/manuel/robotic-models/ws_moveit2/install/moveit_task_constructor_core/share/moveit_task_constructor_core/cmake/pybind11NewTools.cmake
[0.677s] -- Installing: /home/manuel/robotic-models/ws_moveit2/install/moveit_task_constructor_core/share/moveit_task_constructor_core/cmake/pybind11Targets.cmake
[0.689s] -- Installing: /home/manuel/robotic-models/ws_moveit2/install/moveit_task_constructor_core/share/pkgconfig/pybind11.pc
[0.690s] -- Installing: /home/manuel/robotic-models/ws_moveit2/install/moveit_task_constructor_core/local/lib/python3.10/dist-packages/pymoveit_mtc.cpython-310-x86_64-linux-gnu.so
[0.696s] -- Set runtime path of "/home/manuel/robotic-models/ws_moveit2/install/moveit_task_constructor_core/local/lib/python3.10/dist-packages/pymoveit_mtc.cpython-310-x86_64-linux-gnu.so" to ""
[0.700s] Invoked command in '/home/manuel/robotic-models/ws_moveit2/build/moveit_task_constructor_core' returned '0': AMENT_PREFIX_PATH=/home/manuel/robotic-models/ws_moveit2/install/moveit_planners:/home/manuel/robotic-models/ws_moveit2/install/pilz_industrial_motion_planner:/home/manuel/robotic-models/ws_moveit2/install/moveit_ros_planning_interface:/home/manuel/robotic-models/ws_moveit2/install/moveit_ros_move_group:/home/manuel/robotic-models/ws_moveit2/install/moveit_ros_warehouse:/home/manuel/robotic-models/ws_moveit2/install/moveit_planners_ompl:/home/manuel/robotic-models/ws_moveit2/install/moveit_kinematics:/home/manuel/robotic-models/ws_moveit2/install/moveit_ros_planning:/home/manuel/robotic-models/ws_moveit2/install/moveit_ros_occupancy_map_monitor:/home/manuel/robotic-models/ws_moveit2/install/moveit_core:/home/manuel/robotic-models/ws_moveit2/install/rviz_marker_tools:/home/manuel/robotic-models/ws_moveit2/install/moveit_resources_fanuc_moveit_config:/home/manuel/robotic-models/ws_moveit2/install/moveit_configs_utils:/home/manuel/robotic-models/ws_moveit2/install/srdfdom:/home/manuel/robotic-models/ws_moveit2/install/moveit_task_constructor_msgs:/home/manuel/robotic-models/ws_moveit2/install/moveit_resources_fanuc_description:/home/manuel/robotic-models/ws_moveit2/install/moveit_common:/home/manuel/robotic-models/ws_moveit2/install/launch_param_builder:${AMENT_PREFIX_PATH} CMAKE_PREFIX_PATH=/home/manuel/robotic-models/ws_moveit2/install/moveit_planners:/home/manuel/robotic-models/ws_moveit2/install/pilz_industrial_motion_planner:/home/manuel/robotic-models/ws_moveit2/install/moveit_ros_planning_interface:/home/manuel/robotic-models/ws_moveit2/install/moveit_ros_move_group:/home/manuel/robotic-models/ws_moveit2/install/moveit_ros_warehouse:/home/manuel/robotic-models/ws_moveit2/install/moveit_planners_ompl:/home/manuel/robotic-models/ws_moveit2/install/moveit_kinematics:/home/manuel/robotic-models/ws_moveit2/install/moveit_ros_planning:/home/manuel/robotic-models/ws_moveit2/install/moveit_ros_occupancy_map_monitor:/home/manuel/robotic-models/ws_moveit2/install/moveit_core:/home/manuel/robotic-models/ws_moveit2/install/rviz_marker_tools:/home/manuel/robotic-models/ws_moveit2/install/moveit_resources_fanuc_moveit_config:/home/manuel/robotic-models/ws_moveit2/install/srdfdom:/home/manuel/robotic-models/ws_moveit2/install/moveit_task_constructor_msgs:/home/manuel/robotic-models/ws_moveit2/install/moveit_resources_fanuc_description:/home/manuel/robotic-models/ws_moveit2/install/moveit_common:/opt/ros/humble LD_LIBRARY_PATH=/home/manuel/robotic-models/ws_moveit2/install/pilz_industrial_motion_planner/lib:/home/manuel/robotic-models/ws_moveit2/install/moveit_ros_planning_interface/lib:/home/manuel/robotic-models/ws_moveit2/install/moveit_ros_move_group/lib:/home/manuel/robotic-models/ws_moveit2/install/moveit_ros_warehouse/lib:/home/manuel/robotic-models/ws_moveit2/install/moveit_planners_ompl/lib:/home/manuel/robotic-models/ws_moveit2/install/moveit_kinematics/lib:/home/manuel/robotic-models/ws_moveit2/install/moveit_ros_planning/lib:/home/manuel/robotic-models/ws_moveit2/install/moveit_ros_occupancy_map_monitor/lib:/home/manuel/robotic-models/ws_moveit2/install/moveit_core/lib:/home/manuel/robotic-models/ws_moveit2/install/rviz_marker_tools/lib:/home/manuel/robotic-models/ws_moveit2/install/srdfdom/lib:/home/manuel/robotic-models/ws_moveit2/install/moveit_task_constructor_msgs/lib:${LD_LIBRARY_PATH} PATH=/home/manuel/robotic-models/ws_moveit2/install/moveit_core/bin:${PATH} PYTHONPATH=/home/manuel/robotic-models/ws_moveit2/install/moveit_configs_utils/lib/python3.10/site-packages:/home/manuel/robotic-models/ws_moveit2/install/srdfdom/local/lib/python3.10/dist-packages:/home/manuel/robotic-models/ws_moveit2/install/moveit_task_constructor_msgs/local/lib/python3.10/dist-packages:/home/manuel/robotic-models/ws_moveit2/install/launch_param_builder/lib/python3.10/site-packages:${PYTHONPATH} /usr/bin/cmake --install /home/manuel/robotic-models/ws_moveit2/build/moveit_task_constructor_core
