[0.249s] Invoking command in '/home/manuel/robotic-models/ws_moveit2/build/moveit_resources_fanuc_description': CMAKE_PREFIX_PATH=${CMAKE_PREFIX_PATH}:/home/manuel/robotic-models/ws_moveit/install/moveit_configs_utils:/opt/ros/humble /usr/bin/cmake /home/manuel/robotic-models/ws_moveit2/src/moveit_resources/fanuc_description -DCMAKE_BUILD_TYPE=Release -DCMAKE_INSTALL_PREFIX=/home/manuel/robotic-models/ws_moveit2/install/moveit_resources_fanuc_description
[0.374s] -- The C compiler identification is GNU 11.4.0
[0.434s] -- The CXX compiler identification is GNU 11.4.0
[0.442s] -- Detecting C compiler ABI info
[0.513s] -- Detecting C compiler ABI info - done
[0.521s] -- Check for working C compiler: /usr/bin/cc - skipped
[0.521s] -- Detecting C compile features
[0.522s] -- Detecting C compile features - done
[0.525s] -- Detecting CXX compiler ABI info
[0.608s] -- Detecting CXX compiler ABI info - done
[0.616s] -- Check for working CXX compiler: /usr/bin/c++ - skipped
[0.617s] -- Detecting CXX compile features
[0.617s] -- Detecting CXX compile features - done
[0.620s] -- Found ament_cmake: 1.3.8 (/opt/ros/humble/share/ament_cmake/cmake)
[0.771s] -- Found Python3: /usr/bin/python3 (found version "3.10.12") found components: Interpreter 
[0.934s] -- Configuring done
[0.939s] -- Generating done
[0.940s] -- Build files have been written to: /home/manuel/robotic-models/ws_moveit2/build/moveit_resources_fanuc_description
[0.944s] Invoked command in '/home/manuel/robotic-models/ws_moveit2/build/moveit_resources_fanuc_description' returned '0': CMAKE_PREFIX_PATH=${CMAKE_PREFIX_PATH}:/home/manuel/robotic-models/ws_moveit/install/moveit_configs_utils:/opt/ros/humble /usr/bin/cmake /home/manuel/robotic-models/ws_moveit2/src/moveit_resources/fanuc_description -DCMAKE_BUILD_TYPE=Release -DCMAKE_INSTALL_PREFIX=/home/manuel/robotic-models/ws_moveit2/install/moveit_resources_fanuc_description
[0.946s] Invoking command in '/home/manuel/robotic-models/ws_moveit2/build/moveit_resources_fanuc_description': CMAKE_PREFIX_PATH=${CMAKE_PREFIX_PATH}:/home/manuel/robotic-models/ws_moveit/install/moveit_configs_utils:/opt/ros/humble /usr/bin/cmake --build /home/manuel/robotic-models/ws_moveit2/build/moveit_resources_fanuc_description -- -j16 -l16
[0.987s] Invoked command in '/home/manuel/robotic-models/ws_moveit2/build/moveit_resources_fanuc_description' returned '0': CMAKE_PREFIX_PATH=${CMAKE_PREFIX_PATH}:/home/manuel/robotic-models/ws_moveit/install/moveit_configs_utils:/opt/ros/humble /usr/bin/cmake --build /home/manuel/robotic-models/ws_moveit2/build/moveit_resources_fanuc_description -- -j16 -l16
[1.018s] Invoking command in '/home/manuel/robotic-models/ws_moveit2/build/moveit_resources_fanuc_description': CMAKE_PREFIX_PATH=${CMAKE_PREFIX_PATH}:/home/manuel/robotic-models/ws_moveit/install/moveit_configs_utils:/opt/ros/humble /usr/bin/cmake --install /home/manuel/robotic-models/ws_moveit2/build/moveit_resources_fanuc_description
[1.028s] -- Install configuration: "Release"
[1.028s] -- Installing: /home/manuel/robotic-models/ws_moveit2/install/moveit_resources_fanuc_description/share/ament_index/resource_index/package_run_dependencies/moveit_resources_fanuc_description
[1.028s] -- Installing: /home/manuel/robotic-models/ws_moveit2/install/moveit_resources_fanuc_description/share/ament_index/resource_index/parent_prefix_path/moveit_resources_fanuc_description
[1.029s] -- Installing: /home/manuel/robotic-models/ws_moveit2/install/moveit_resources_fanuc_description/share/moveit_resources_fanuc_description/environment/ament_prefix_path.sh
[1.030s] -- Installing: /home/manuel/robotic-models/ws_moveit2/install/moveit_resources_fanuc_description/share/moveit_resources_fanuc_description/environment/ament_prefix_path.dsv
[1.030s] -- Installing: /home/manuel/robotic-models/ws_moveit2/install/moveit_resources_fanuc_description/share/moveit_resources_fanuc_description/environment/path.sh
[1.031s] -- Installing: /home/manuel/robotic-models/ws_moveit2/install/moveit_resources_fanuc_description/share/moveit_resources_fanuc_description/environment/path.dsv
[1.031s] -- Installing: /home/manuel/robotic-models/ws_moveit2/install/moveit_resources_fanuc_description/share/moveit_resources_fanuc_description/local_setup.bash
[1.032s] -- Installing: /home/manuel/robotic-models/ws_moveit2/install/moveit_resources_fanuc_description/share/moveit_resources_fanuc_description/local_setup.sh
[1.032s] -- Installing: /home/manuel/robotic-models/ws_moveit2/install/moveit_resources_fanuc_description/share/moveit_resources_fanuc_description/local_setup.zsh
[1.032s] -- Installing: /home/manuel/robotic-models/ws_moveit2/install/moveit_resources_fanuc_description/share/moveit_resources_fanuc_description/local_setup.dsv
[1.032s] -- Installing: /home/manuel/robotic-models/ws_moveit2/install/moveit_resources_fanuc_description/share/moveit_resources_fanuc_description/package.dsv
[1.032s] -- Installing: /home/manuel/robotic-models/ws_moveit2/install/moveit_resources_fanuc_description/share/ament_index/resource_index/packages/moveit_resources_fanuc_description
[1.033s] -- Installing: /home/manuel/robotic-models/ws_moveit2/install/moveit_resources_fanuc_description/share/moveit_resources_fanuc_description/cmake/moveit_resources_fanuc_descriptionConfig.cmake
[1.033s] -- Installing: /home/manuel/robotic-models/ws_moveit2/install/moveit_resources_fanuc_description/share/moveit_resources_fanuc_description/cmake/moveit_resources_fanuc_descriptionConfig-version.cmake
[1.033s] -- Installing: /home/manuel/robotic-models/ws_moveit2/install/moveit_resources_fanuc_description/share/moveit_resources_fanuc_description/package.xml
[1.033s] -- Installing: /home/manuel/robotic-models/ws_moveit2/install/moveit_resources_fanuc_description/share/moveit_resources_fanuc_description/meshes
[1.034s] -- Installing: /home/manuel/robotic-models/ws_moveit2/install/moveit_resources_fanuc_description/share/moveit_resources_fanuc_description/meshes/visual
[1.034s] -- Installing: /home/manuel/robotic-models/ws_moveit2/install/moveit_resources_fanuc_description/share/moveit_resources_fanuc_description/meshes/visual/link_4.stl
[1.034s] -- Installing: /home/manuel/robotic-models/ws_moveit2/install/moveit_resources_fanuc_description/share/moveit_resources_fanuc_description/meshes/visual/link_2.stl
[1.034s] -- Installing: /home/manuel/robotic-models/ws_moveit2/install/moveit_resources_fanuc_description/share/moveit_resources_fanuc_description/meshes/visual/link_6.stl
[1.034s] -- Installing: /home/manuel/robotic-models/ws_moveit2/install/moveit_resources_fanuc_description/share/moveit_resources_fanuc_description/meshes/visual/link_3.stl
[1.035s] -- Installing: /home/manuel/robotic-models/ws_moveit2/install/moveit_resources_fanuc_description/share/moveit_resources_fanuc_description/meshes/visual/link_5.stl
[1.035s] -- Installing: /home/manuel/robotic-models/ws_moveit2/install/moveit_resources_fanuc_description/share/moveit_resources_fanuc_description/meshes/visual/link_1.stl
[1.035s] -- Installing: /home/manuel/robotic-models/ws_moveit2/install/moveit_resources_fanuc_description/share/moveit_resources_fanuc_description/meshes/visual/base_link.stl
[1.035s] -- Installing: /home/manuel/robotic-models/ws_moveit2/install/moveit_resources_fanuc_description/share/moveit_resources_fanuc_description/meshes/collision
[1.035s] -- Installing: /home/manuel/robotic-models/ws_moveit2/install/moveit_resources_fanuc_description/share/moveit_resources_fanuc_description/meshes/collision/link_4.stl
[1.035s] -- Installing: /home/manuel/robotic-models/ws_moveit2/install/moveit_resources_fanuc_description/share/moveit_resources_fanuc_description/meshes/collision/link_2.stl
[1.035s] -- Installing: /home/manuel/robotic-models/ws_moveit2/install/moveit_resources_fanuc_description/share/moveit_resources_fanuc_description/meshes/collision/link_6.stl
[1.036s] -- Installing: /home/manuel/robotic-models/ws_moveit2/install/moveit_resources_fanuc_description/share/moveit_resources_fanuc_description/meshes/collision/link_3.stl
[1.036s] -- Installing: /home/manuel/robotic-models/ws_moveit2/install/moveit_resources_fanuc_description/share/moveit_resources_fanuc_description/meshes/collision/link_5.stl
[1.036s] -- Installing: /home/manuel/robotic-models/ws_moveit2/install/moveit_resources_fanuc_description/share/moveit_resources_fanuc_description/meshes/collision/link_1.stl
[1.036s] -- Installing: /home/manuel/robotic-models/ws_moveit2/install/moveit_resources_fanuc_description/share/moveit_resources_fanuc_description/meshes/collision/base_link.stl
[1.037s] -- Installing: /home/manuel/robotic-models/ws_moveit2/install/moveit_resources_fanuc_description/share/moveit_resources_fanuc_description/urdf
[1.038s] -- Installing: /home/manuel/robotic-models/ws_moveit2/install/moveit_resources_fanuc_description/share/moveit_resources_fanuc_description/urdf/fanuc.urdf
[1.045s] Invoked command in '/home/manuel/robotic-models/ws_moveit2/build/moveit_resources_fanuc_description' returned '0': CMAKE_PREFIX_PATH=${CMAKE_PREFIX_PATH}:/home/manuel/robotic-models/ws_moveit/install/moveit_configs_utils:/opt/ros/humble /usr/bin/cmake --install /home/manuel/robotic-models/ws_moveit2/build/moveit_resources_fanuc_description
