[0.027s] Invoking command in '/home/manuel/robotic-models/ws_moveit2/build/moveit_servo': AMENT_PREFIX_PATH=/home/manuel/robotic-models/ws_moveit2/install/moveit_ros_planning_interface:/home/manuel/robotic-models/ws_moveit2/install/moveit_ros_move_group:/home/manuel/robotic-models/ws_moveit2/install/moveit_ros_warehouse:/home/manuel/robotic-models/ws_moveit2/install/moveit_kinematics:/home/manuel/robotic-models/ws_moveit2/install/moveit_ros_planning:/home/manuel/robotic-models/ws_moveit2/install/moveit_ros_occupancy_map_monitor:/home/manuel/robotic-models/ws_moveit2/install/moveit_core:/home/manuel/robotic-models/ws_moveit2/install/moveit_resources_panda_moveit_config:/home/manuel/robotic-models/ws_moveit2/install/moveit_configs_utils:/home/manuel/robotic-models/ws_moveit2/install/srdfdom:/home/manuel/robotic-models/ws_moveit2/install/moveit_resources_panda_description:/home/manuel/robotic-models/ws_moveit2/install/moveit_common:/home/manuel/robotic-models/ws_moveit2/install/launch_param_builder:${AMENT_PREFIX_PATH} CMAKE_PREFIX_PATH=/home/manuel/robotic-models/ws_moveit2/install/moveit_ros_planning_interface:/home/manuel/robotic-models/ws_moveit2/install/moveit_ros_move_group:/home/manuel/robotic-models/ws_moveit2/install/moveit_ros_warehouse:/home/manuel/robotic-models/ws_moveit2/install/moveit_kinematics:/home/manuel/robotic-models/ws_moveit2/install/moveit_ros_planning:/home/manuel/robotic-models/ws_moveit2/install/moveit_ros_occupancy_map_monitor:/home/manuel/robotic-models/ws_moveit2/install/moveit_core:/home/manuel/robotic-models/ws_moveit2/install/moveit_resources_panda_moveit_config:/home/manuel/robotic-models/ws_moveit2/install/srdfdom:/home/manuel/robotic-models/ws_moveit2/install/moveit_resources_panda_description:/home/manuel/robotic-models/ws_moveit2/install/moveit_common:/opt/ros/humble LD_LIBRARY_PATH=/home/manuel/robotic-models/ws_moveit2/install/moveit_ros_planning_interface/lib:/home/manuel/robotic-models/ws_moveit2/install/moveit_ros_move_group/lib:/home/manuel/robotic-models/ws_moveit2/install/moveit_ros_warehouse/lib:/home/manuel/robotic-models/ws_moveit2/install/moveit_kinematics/lib:/home/manuel/robotic-models/ws_moveit2/install/moveit_ros_planning/lib:/home/manuel/robotic-models/ws_moveit2/install/moveit_ros_occupancy_map_monitor/lib:/home/manuel/robotic-models/ws_moveit2/install/moveit_core/lib:/home/manuel/robotic-models/ws_moveit2/install/srdfdom/lib:${LD_LIBRARY_PATH} PATH=/home/manuel/robotic-models/ws_moveit2/install/moveit_core/bin:${PATH} PYTHONPATH=/home/manuel/robotic-models/ws_moveit2/install/moveit_configs_utils/lib/python3.10/site-packages:/home/manuel/robotic-models/ws_moveit2/install/srdfdom/local/lib/python3.10/dist-packages:/home/manuel/robotic-models/ws_moveit2/install/launch_param_builder/lib/python3.10/site-packages:${PYTHONPATH} /usr/bin/cmake --build /home/manuel/robotic-models/ws_moveit2/build/moveit_servo -- -j16 -l16
[0.081s] [35m[1mConsolidate compiler generated dependencies of target servo_controller_input[0m
[0.081s] [35m[1mConsolidate compiler generated dependencies of target fake_command_publisher[0m
[0.082s] [35m[1mConsolidate compiler generated dependencies of target gtest_main[0m
[0.082s] [35m[1mConsolidate compiler generated dependencies of target gtest[0m
[0.085s] [35m[1mConsolidate compiler generated dependencies of target moveit_servo_lib_parameters[0m
[0.099s] [  6%] Built target gtest
[0.099s] [ 12%] Built target gtest_main
[0.101s] [ 18%] Built target fake_command_publisher
[0.116s] [ 24%] Built target servo_controller_input
[0.127s] [ 33%] Built target moveit_servo_lib_parameters
[0.142s] [35m[1mConsolidate compiler generated dependencies of target test_servo_collision[0m
[0.143s] [35m[1mConsolidate compiler generated dependencies of target test_servo_integration[0m
[0.151s] [35m[1mConsolidate compiler generated dependencies of target moveit_servo_lib[0m
[0.177s] [ 39%] Built target test_servo_integration
[0.178s] [ 45%] Built target test_servo_collision
[0.215s] [ 63%] Built target moveit_servo_lib
[0.241s] [35m[1mConsolidate compiler generated dependencies of target pose_tracking[0m
[0.245s] [ 66%] [32mBuilding CXX object CMakeFiles/servo_node.dir/src/servo_node.cpp.o[0m
[0.253s] [ 69%] [32mBuilding CXX object CMakeFiles/servo_calcs_unit_tests.dir/test/servo_calcs_unit_tests.cpp.o[0m
[0.279s] [ 75%] Built target pose_tracking
[0.318s] [ 78%] [32mBuilding CXX object CMakeFiles/test_servo_pose_tracking.dir/test/pose_tracking_test.cpp.o[0m
[0.319s] [ 81%] [32mBuilding CXX object CMakeFiles/servo_pose_tracking_demo.dir/src/cpp_interface_demo/pose_tracking_demo.cpp.o[0m
[23.972s] [ 84%] [32m[1mLinking CXX shared library libservo_node.so[0m
[26.214s] [ 84%] Built target servo_node
[26.337s] [ 87%] [32mBuilding CXX object CMakeFiles/servo_node_main.dir/src/servo_node_main.cpp.o[0m
[34.919s] [ 90%] [32m[1mLinking CXX executable servo_pose_tracking_demo[0m
[35.616s] [ 90%] Built target servo_pose_tracking_demo
[37.733s] [ 93%] [32m[1mLinking CXX executable test_servo_pose_tracking[0m
[38.375s] [ 93%] Built target test_servo_pose_tracking
[43.705s] [ 96%] [32m[1mLinking CXX executable servo_node_main[0m
[44.322s] [ 96%] Built target servo_node_main
[46.409s] [100%] [32m[1mLinking CXX executable servo_calcs_unit_tests[0m
[47.090s] [100%] Built target servo_calcs_unit_tests
[47.109s] Invoked command in '/home/manuel/robotic-models/ws_moveit2/build/moveit_servo' returned '0': AMENT_PREFIX_PATH=/home/manuel/robotic-models/ws_moveit2/install/moveit_ros_planning_interface:/home/manuel/robotic-models/ws_moveit2/install/moveit_ros_move_group:/home/manuel/robotic-models/ws_moveit2/install/moveit_ros_warehouse:/home/manuel/robotic-models/ws_moveit2/install/moveit_kinematics:/home/manuel/robotic-models/ws_moveit2/install/moveit_ros_planning:/home/manuel/robotic-models/ws_moveit2/install/moveit_ros_occupancy_map_monitor:/home/manuel/robotic-models/ws_moveit2/install/moveit_core:/home/manuel/robotic-models/ws_moveit2/install/moveit_resources_panda_moveit_config:/home/manuel/robotic-models/ws_moveit2/install/moveit_configs_utils:/home/manuel/robotic-models/ws_moveit2/install/srdfdom:/home/manuel/robotic-models/ws_moveit2/install/moveit_resources_panda_description:/home/manuel/robotic-models/ws_moveit2/install/moveit_common:/home/manuel/robotic-models/ws_moveit2/install/launch_param_builder:${AMENT_PREFIX_PATH} CMAKE_PREFIX_PATH=/home/manuel/robotic-models/ws_moveit2/install/moveit_ros_planning_interface:/home/manuel/robotic-models/ws_moveit2/install/moveit_ros_move_group:/home/manuel/robotic-models/ws_moveit2/install/moveit_ros_warehouse:/home/manuel/robotic-models/ws_moveit2/install/moveit_kinematics:/home/manuel/robotic-models/ws_moveit2/install/moveit_ros_planning:/home/manuel/robotic-models/ws_moveit2/install/moveit_ros_occupancy_map_monitor:/home/manuel/robotic-models/ws_moveit2/install/moveit_core:/home/manuel/robotic-models/ws_moveit2/install/moveit_resources_panda_moveit_config:/home/manuel/robotic-models/ws_moveit2/install/srdfdom:/home/manuel/robotic-models/ws_moveit2/install/moveit_resources_panda_description:/home/manuel/robotic-models/ws_moveit2/install/moveit_common:/opt/ros/humble LD_LIBRARY_PATH=/home/manuel/robotic-models/ws_moveit2/install/moveit_ros_planning_interface/lib:/home/manuel/robotic-models/ws_moveit2/install/moveit_ros_move_group/lib:/home/manuel/robotic-models/ws_moveit2/install/moveit_ros_warehouse/lib:/home/manuel/robotic-models/ws_moveit2/install/moveit_kinematics/lib:/home/manuel/robotic-models/ws_moveit2/install/moveit_ros_planning/lib:/home/manuel/robotic-models/ws_moveit2/install/moveit_ros_occupancy_map_monitor/lib:/home/manuel/robotic-models/ws_moveit2/install/moveit_core/lib:/home/manuel/robotic-models/ws_moveit2/install/srdfdom/lib:${LD_LIBRARY_PATH} PATH=/home/manuel/robotic-models/ws_moveit2/install/moveit_core/bin:${PATH} PYTHONPATH=/home/manuel/robotic-models/ws_moveit2/install/moveit_configs_utils/lib/python3.10/site-packages:/home/manuel/robotic-models/ws_moveit2/install/srdfdom/local/lib/python3.10/dist-packages:/home/manuel/robotic-models/ws_moveit2/install/launch_param_builder/lib/python3.10/site-packages:${PYTHONPATH} /usr/bin/cmake --build /home/manuel/robotic-models/ws_moveit2/build/moveit_servo -- -j16 -l16
[47.177s] Invoking command in '/home/manuel/robotic-models/ws_moveit2/build/moveit_servo': AMENT_PREFIX_PATH=/home/manuel/robotic-models/ws_moveit2/install/moveit_ros_planning_interface:/home/manuel/robotic-models/ws_moveit2/install/moveit_ros_move_group:/home/manuel/robotic-models/ws_moveit2/install/moveit_ros_warehouse:/home/manuel/robotic-models/ws_moveit2/install/moveit_kinematics:/home/manuel/robotic-models/ws_moveit2/install/moveit_ros_planning:/home/manuel/robotic-models/ws_moveit2/install/moveit_ros_occupancy_map_monitor:/home/manuel/robotic-models/ws_moveit2/install/moveit_core:/home/manuel/robotic-models/ws_moveit2/install/moveit_resources_panda_moveit_config:/home/manuel/robotic-models/ws_moveit2/install/moveit_configs_utils:/home/manuel/robotic-models/ws_moveit2/install/srdfdom:/home/manuel/robotic-models/ws_moveit2/install/moveit_resources_panda_description:/home/manuel/robotic-models/ws_moveit2/install/moveit_common:/home/manuel/robotic-models/ws_moveit2/install/launch_param_builder:${AMENT_PREFIX_PATH} CMAKE_PREFIX_PATH=/home/manuel/robotic-models/ws_moveit2/install/moveit_ros_planning_interface:/home/manuel/robotic-models/ws_moveit2/install/moveit_ros_move_group:/home/manuel/robotic-models/ws_moveit2/install/moveit_ros_warehouse:/home/manuel/robotic-models/ws_moveit2/install/moveit_kinematics:/home/manuel/robotic-models/ws_moveit2/install/moveit_ros_planning:/home/manuel/robotic-models/ws_moveit2/install/moveit_ros_occupancy_map_monitor:/home/manuel/robotic-models/ws_moveit2/install/moveit_core:/home/manuel/robotic-models/ws_moveit2/install/moveit_resources_panda_moveit_config:/home/manuel/robotic-models/ws_moveit2/install/srdfdom:/home/manuel/robotic-models/ws_moveit2/install/moveit_resources_panda_description:/home/manuel/robotic-models/ws_moveit2/install/moveit_common:/opt/ros/humble LD_LIBRARY_PATH=/home/manuel/robotic-models/ws_moveit2/install/moveit_ros_planning_interface/lib:/home/manuel/robotic-models/ws_moveit2/install/moveit_ros_move_group/lib:/home/manuel/robotic-models/ws_moveit2/install/moveit_ros_warehouse/lib:/home/manuel/robotic-models/ws_moveit2/install/moveit_kinematics/lib:/home/manuel/robotic-models/ws_moveit2/install/moveit_ros_planning/lib:/home/manuel/robotic-models/ws_moveit2/install/moveit_ros_occupancy_map_monitor/lib:/home/manuel/robotic-models/ws_moveit2/install/moveit_core/lib:/home/manuel/robotic-models/ws_moveit2/install/srdfdom/lib:${LD_LIBRARY_PATH} PATH=/home/manuel/robotic-models/ws_moveit2/install/moveit_core/bin:${PATH} PYTHONPATH=/home/manuel/robotic-models/ws_moveit2/install/moveit_configs_utils/lib/python3.10/site-packages:/home/manuel/robotic-models/ws_moveit2/install/srdfdom/local/lib/python3.10/dist-packages:/home/manuel/robotic-models/ws_moveit2/install/launch_param_builder/lib/python3.10/site-packages:${PYTHONPATH} /usr/bin/cmake --install /home/manuel/robotic-models/ws_moveit2/build/moveit_servo
[47.186s] -- Install configuration: "Release"
[47.187s] -- Installing: /home/manuel/robotic-models/ws_moveit2/install/moveit_servo/lib/libmoveit_servo_lib.so.2.5.5
[47.212s] -- Set runtime path of "/home/manuel/robotic-models/ws_moveit2/install/moveit_servo/lib/libmoveit_servo_lib.so.2.5.5" to ""
[47.212s] -- Installing: /home/manuel/robotic-models/ws_moveit2/install/moveit_servo/lib/libmoveit_servo_lib.so
[47.212s] -- Installing: /home/manuel/robotic-models/ws_moveit2/install/moveit_servo/lib/libmoveit_servo_lib_parameters.so.2.5.5
[47.213s] -- Set runtime path of "/home/manuel/robotic-models/ws_moveit2/install/moveit_servo/lib/libmoveit_servo_lib_parameters.so.2.5.5" to ""
[47.214s] -- Installing: /home/manuel/robotic-models/ws_moveit2/install/moveit_servo/lib/libmoveit_servo_lib_parameters.so
[47.214s] -- Installing: /home/manuel/robotic-models/ws_moveit2/install/moveit_servo/lib/libpose_tracking.so
[47.223s] -- Set runtime path of "/home/manuel/robotic-models/ws_moveit2/install/moveit_servo/lib/libpose_tracking.so" to ""
[47.223s] -- Installing: /home/manuel/robotic-models/ws_moveit2/install/moveit_servo/lib/libservo_node.so
[47.223s] -- Set runtime path of "/home/manuel/robotic-models/ws_moveit2/install/moveit_servo/lib/libservo_node.so" to ""
[47.224s] -- Installing: /home/manuel/robotic-models/ws_moveit2/install/moveit_servo/lib/libservo_controller_input.so
[47.232s] -- Set runtime path of "/home/manuel/robotic-models/ws_moveit2/install/moveit_servo/lib/libservo_controller_input.so" to ""
[47.232s] -- Installing: /home/manuel/robotic-models/ws_moveit2/install/moveit_servo/lib/moveit_servo/servo_node_main
[47.233s] -- Set runtime path of "/home/manuel/robotic-models/ws_moveit2/install/moveit_servo/lib/moveit_servo/servo_node_main" to ""
[47.233s] -- Installing: /home/manuel/robotic-models/ws_moveit2/install/moveit_servo/lib/moveit_servo/servo_pose_tracking_demo
[47.234s] -- Set runtime path of "/home/manuel/robotic-models/ws_moveit2/install/moveit_servo/lib/moveit_servo/servo_pose_tracking_demo" to ""
[47.234s] -- Installing: /home/manuel/robotic-models/ws_moveit2/install/moveit_servo/lib/moveit_servo/fake_command_publisher
[47.237s] -- Set runtime path of "/home/manuel/robotic-models/ws_moveit2/install/moveit_servo/lib/moveit_servo/fake_command_publisher" to ""
[47.237s] -- Installing: /home/manuel/robotic-models/ws_moveit2/install/moveit_servo/include
[47.237s] -- Installing: /home/manuel/robotic-models/ws_moveit2/install/moveit_servo/include/moveit_servo
[47.238s] -- Installing: /home/manuel/robotic-models/ws_moveit2/install/moveit_servo/include/moveit_servo/servo.h
[47.238s] -- Installing: /home/manuel/robotic-models/ws_moveit2/install/moveit_servo/include/moveit_servo/make_shared_from_pool.h
[47.238s] -- Installing: /home/manuel/robotic-models/ws_moveit2/install/moveit_servo/include/moveit_servo/servo_calcs.h
[47.238s] -- Installing: /home/manuel/robotic-models/ws_moveit2/install/moveit_servo/include/moveit_servo/status_codes.h
[47.238s] -- Installing: /home/manuel/robotic-models/ws_moveit2/install/moveit_servo/include/moveit_servo/enforce_limits.hpp
[47.239s] -- Installing: /home/manuel/robotic-models/ws_moveit2/install/moveit_servo/include/moveit_servo/servo_server.h
[47.239s] -- Installing: /home/manuel/robotic-models/ws_moveit2/install/moveit_servo/include/moveit_servo/parameter_descriptor_builder.hpp
[47.240s] -- Installing: /home/manuel/robotic-models/ws_moveit2/install/moveit_servo/include/moveit_servo/utilities.h
[47.240s] -- Installing: /home/manuel/robotic-models/ws_moveit2/install/moveit_servo/include/moveit_servo/collision_check.h
[47.240s] -- Installing: /home/manuel/robotic-models/ws_moveit2/install/moveit_servo/include/moveit_servo/pose_tracking.h
[47.240s] -- Installing: /home/manuel/robotic-models/ws_moveit2/install/moveit_servo/include/moveit_servo/servo_node.h
[47.240s] -- Installing: /home/manuel/robotic-models/ws_moveit2/install/moveit_servo/include/moveit_servo/servo_parameters.h
[47.241s] -- Installing: /home/manuel/robotic-models/ws_moveit2/install/moveit_servo/share/moveit_servo/launch
[47.241s] -- Installing: /home/manuel/robotic-models/ws_moveit2/install/moveit_servo/share/moveit_servo/launch/pose_tracking_example.launch.py
[47.242s] -- Installing: /home/manuel/robotic-models/ws_moveit2/install/moveit_servo/share/moveit_servo/launch/servo_example.launch.py
[47.242s] -- Installing: /home/manuel/robotic-models/ws_moveit2/install/moveit_servo/share/moveit_servo/config
[47.245s] -- Installing: /home/manuel/robotic-models/ws_moveit2/install/moveit_servo/share/moveit_servo/config/panda_simulated_config_pose_tracking.yaml
[47.245s] -- Installing: /home/manuel/robotic-models/ws_moveit2/install/moveit_servo/share/moveit_servo/config/panda_simulated_config.yaml
[47.246s] -- Installing: /home/manuel/robotic-models/ws_moveit2/install/moveit_servo/share/moveit_servo/config/pose_tracking_settings.yaml
[47.247s] -- Installing: /home/manuel/robotic-models/ws_moveit2/install/moveit_servo/share/moveit_servo/config/demo_rviz_pose_tracking.rviz
[47.247s] -- Installing: /home/manuel/robotic-models/ws_moveit2/install/moveit_servo/share/moveit_servo/config/demo_rviz_config.rviz
[47.248s] -- Installing: /home/manuel/robotic-models/ws_moveit2/install/moveit_servo/share/moveit_servo/environment/library_path.sh
[47.249s] -- Installing: /home/manuel/robotic-models/ws_moveit2/install/moveit_servo/share/moveit_servo/environment/library_path.dsv
[47.251s] -- Installing: /home/manuel/robotic-models/ws_moveit2/install/moveit_servo/share/ament_index/resource_index/package_run_dependencies/moveit_servo
[47.252s] -- Installing: /home/manuel/robotic-models/ws_moveit2/install/moveit_servo/share/ament_index/resource_index/parent_prefix_path/moveit_servo
[47.253s] -- Installing: /home/manuel/robotic-models/ws_moveit2/install/moveit_servo/share/moveit_servo/environment/ament_prefix_path.sh
[47.253s] -- Installing: /home/manuel/robotic-models/ws_moveit2/install/moveit_servo/share/moveit_servo/environment/ament_prefix_path.dsv
[47.253s] -- Installing: /home/manuel/robotic-models/ws_moveit2/install/moveit_servo/share/moveit_servo/environment/path.sh
[47.253s] -- Installing: /home/manuel/robotic-models/ws_moveit2/install/moveit_servo/share/moveit_servo/environment/path.dsv
[47.254s] -- Installing: /home/manuel/robotic-models/ws_moveit2/install/moveit_servo/share/moveit_servo/local_setup.bash
[47.263s] -- Installing: /home/manuel/robotic-models/ws_moveit2/install/moveit_servo/share/moveit_servo/local_setup.sh
[47.264s] -- Installing: /home/manuel/robotic-models/ws_moveit2/install/moveit_servo/share/moveit_servo/local_setup.zsh
[47.271s] -- Installing: /home/manuel/robotic-models/ws_moveit2/install/moveit_servo/share/moveit_servo/local_setup.dsv
[47.271s] -- Installing: /home/manuel/robotic-models/ws_moveit2/install/moveit_servo/share/moveit_servo/package.dsv
[47.272s] -- Installing: /home/manuel/robotic-models/ws_moveit2/install/moveit_servo/share/ament_index/resource_index/packages/moveit_servo
[47.273s] -- Installing: /home/manuel/robotic-models/ws_moveit2/install/moveit_servo/share/ament_index/resource_index/rclcpp_components/moveit_servo
[47.276s] -- Installing: /home/manuel/robotic-models/ws_moveit2/install/moveit_servo/share/moveit_servo/cmake/export_moveit_servoExport.cmake
[47.277s] -- Installing: /home/manuel/robotic-models/ws_moveit2/install/moveit_servo/share/moveit_servo/cmake/export_moveit_servoExport-release.cmake
[47.277s] -- Installing: /home/manuel/robotic-models/ws_moveit2/install/moveit_servo/share/moveit_servo/cmake/ament_cmake_export_targets-extras.cmake
[47.278s] -- Installing: /home/manuel/robotic-models/ws_moveit2/install/moveit_servo/share/moveit_servo/cmake/ament_cmake_export_dependencies-extras.cmake
[47.278s] -- Installing: /home/manuel/robotic-models/ws_moveit2/install/moveit_servo/share/moveit_servo/cmake/moveit_servoConfig.cmake
[47.279s] -- Installing: /home/manuel/robotic-models/ws_moveit2/install/moveit_servo/share/moveit_servo/cmake/moveit_servoConfig-version.cmake
[47.279s] -- Installing: /home/manuel/robotic-models/ws_moveit2/install/moveit_servo/share/moveit_servo/package.xml
[47.282s] Invoked command in '/home/manuel/robotic-models/ws_moveit2/build/moveit_servo' returned '0': AMENT_PREFIX_PATH=/home/manuel/robotic-models/ws_moveit2/install/moveit_ros_planning_interface:/home/manuel/robotic-models/ws_moveit2/install/moveit_ros_move_group:/home/manuel/robotic-models/ws_moveit2/install/moveit_ros_warehouse:/home/manuel/robotic-models/ws_moveit2/install/moveit_kinematics:/home/manuel/robotic-models/ws_moveit2/install/moveit_ros_planning:/home/manuel/robotic-models/ws_moveit2/install/moveit_ros_occupancy_map_monitor:/home/manuel/robotic-models/ws_moveit2/install/moveit_core:/home/manuel/robotic-models/ws_moveit2/install/moveit_resources_panda_moveit_config:/home/manuel/robotic-models/ws_moveit2/install/moveit_configs_utils:/home/manuel/robotic-models/ws_moveit2/install/srdfdom:/home/manuel/robotic-models/ws_moveit2/install/moveit_resources_panda_description:/home/manuel/robotic-models/ws_moveit2/install/moveit_common:/home/manuel/robotic-models/ws_moveit2/install/launch_param_builder:${AMENT_PREFIX_PATH} CMAKE_PREFIX_PATH=/home/manuel/robotic-models/ws_moveit2/install/moveit_ros_planning_interface:/home/manuel/robotic-models/ws_moveit2/install/moveit_ros_move_group:/home/manuel/robotic-models/ws_moveit2/install/moveit_ros_warehouse:/home/manuel/robotic-models/ws_moveit2/install/moveit_kinematics:/home/manuel/robotic-models/ws_moveit2/install/moveit_ros_planning:/home/manuel/robotic-models/ws_moveit2/install/moveit_ros_occupancy_map_monitor:/home/manuel/robotic-models/ws_moveit2/install/moveit_core:/home/manuel/robotic-models/ws_moveit2/install/moveit_resources_panda_moveit_config:/home/manuel/robotic-models/ws_moveit2/install/srdfdom:/home/manuel/robotic-models/ws_moveit2/install/moveit_resources_panda_description:/home/manuel/robotic-models/ws_moveit2/install/moveit_common:/opt/ros/humble LD_LIBRARY_PATH=/home/manuel/robotic-models/ws_moveit2/install/moveit_ros_planning_interface/lib:/home/manuel/robotic-models/ws_moveit2/install/moveit_ros_move_group/lib:/home/manuel/robotic-models/ws_moveit2/install/moveit_ros_warehouse/lib:/home/manuel/robotic-models/ws_moveit2/install/moveit_kinematics/lib:/home/manuel/robotic-models/ws_moveit2/install/moveit_ros_planning/lib:/home/manuel/robotic-models/ws_moveit2/install/moveit_ros_occupancy_map_monitor/lib:/home/manuel/robotic-models/ws_moveit2/install/moveit_core/lib:/home/manuel/robotic-models/ws_moveit2/install/srdfdom/lib:${LD_LIBRARY_PATH} PATH=/home/manuel/robotic-models/ws_moveit2/install/moveit_core/bin:${PATH} PYTHONPATH=/home/manuel/robotic-models/ws_moveit2/install/moveit_configs_utils/lib/python3.10/site-packages:/home/manuel/robotic-models/ws_moveit2/install/srdfdom/local/lib/python3.10/dist-packages:/home/manuel/robotic-models/ws_moveit2/install/launch_param_builder/lib/python3.10/site-packages:${PYTHONPATH} /usr/bin/cmake --install /home/manuel/robotic-models/ws_moveit2/build/moveit_servo
