[0.039s] Invoking command in '/home/manuel/robotic-models/ws_moveit2/build/srdfdom': CMAKE_PREFIX_PATH=/opt/ros/humble /usr/bin/cmake --build /home/manuel/robotic-models/ws_moveit2/build/srdfdom -- -j16 -l16
[0.266s] [35m[1mConsolidate compiler generated dependencies of target gtest[0m
[0.266s] [35m[1mConsolidate compiler generated dependencies of target srdfdom[0m
[0.266s] [ 18%] Built target gtest_main
[0.266s] [ 18%] Built target ament_cmake_python_copy_srdfdom
[0.267s] [ 36%] Built target gtest
[0.267s] [ 63%] Built target srdfdom
[0.267s] [35m[1mConsolidate compiler generated dependencies of target test_cpp_nl_NL.UTF-8[0m
[0.267s] [35m[1mConsolidate compiler generated dependencies of target test_cpp_C[0m
[0.267s] [100%] Built target test_cpp_C
[0.267s] [100%] Built target test_cpp_nl_NL.UTF-8
[0.436s] running egg_info
[0.436s] writing srdfdom.egg-info/PKG-INFO
[0.436s] writing dependency_links to srdfdom.egg-info/dependency_links.txt
[0.436s] writing top-level names to srdfdom.egg-info/top_level.txt
[0.439s] reading manifest file 'srdfdom.egg-info/SOURCES.txt'
[0.440s] writing manifest file 'srdfdom.egg-info/SOURCES.txt'
[0.482s] [100%] Built target ament_cmake_python_build_srdfdom_egg
[0.505s] Invoked command in '/home/manuel/robotic-models/ws_moveit2/build/srdfdom' returned '0': CMAKE_PREFIX_PATH=/opt/ros/humble /usr/bin/cmake --build /home/manuel/robotic-models/ws_moveit2/build/srdfdom -- -j16 -l16
[0.533s] Invoking command in '/home/manuel/robotic-models/ws_moveit2/build/srdfdom': CMAKE_PREFIX_PATH=/opt/ros/humble /usr/bin/cmake --install /home/manuel/robotic-models/ws_moveit2/build/srdfdom
[0.539s] -- Install configuration: "Release"
[0.539s] -- Up-to-date: /home/manuel/robotic-models/ws_moveit2/install/srdfdom/lib/libsrdfdom.so.2.0.4
[0.540s] -- Up-to-date: /home/manuel/robotic-models/ws_moveit2/install/srdfdom/lib/libsrdfdom.so
[0.540s] -- Up-to-date: /home/manuel/robotic-models/ws_moveit2/install/srdfdom/include/srdfdom
[0.541s] -- Up-to-date: /home/manuel/robotic-models/ws_moveit2/install/srdfdom/include/srdfdom/srdf_writer.h
[0.541s] -- Up-to-date: /home/manuel/robotic-models/ws_moveit2/install/srdfdom/include/srdfdom/model.h
[0.541s] -- Up-to-date: /home/manuel/robotic-models/ws_moveit2/install/srdfdom/include/srdfdom/visibility_control.h
[0.541s] -- Up-to-date: /home/manuel/robotic-models/ws_moveit2/install/srdfdom/lib/srdfdom/display_srdf
[0.542s] -- Up-to-date: /home/manuel/robotic-models/ws_moveit2/install/srdfdom/share/srdfdom/environment/pythonpath.sh
[0.543s] -- Up-to-date: /home/manuel/robotic-models/ws_moveit2/install/srdfdom/share/srdfdom/environment/pythonpath.dsv
[0.544s] -- Up-to-date: /home/manuel/robotic-models/ws_moveit2/install/srdfdom/local/lib/python3.10/dist-packages/srdfdom-2.0.4-py3.10.egg-info
[0.544s] -- Installing: /home/manuel/robotic-models/ws_moveit2/install/srdfdom/local/lib/python3.10/dist-packages/srdfdom-2.0.4-py3.10.egg-info/dependency_links.txt
[0.544s] -- Installing: /home/manuel/robotic-models/ws_moveit2/install/srdfdom/local/lib/python3.10/dist-packages/srdfdom-2.0.4-py3.10.egg-info/top_level.txt
[0.544s] -- Installing: /home/manuel/robotic-models/ws_moveit2/install/srdfdom/local/lib/python3.10/dist-packages/srdfdom-2.0.4-py3.10.egg-info/PKG-INFO
[0.545s] -- Installing: /home/manuel/robotic-models/ws_moveit2/install/srdfdom/local/lib/python3.10/dist-packages/srdfdom-2.0.4-py3.10.egg-info/SOURCES.txt
[0.545s] -- Up-to-date: /home/manuel/robotic-models/ws_moveit2/install/srdfdom/local/lib/python3.10/dist-packages/srdfdom
[0.545s] -- Up-to-date: /home/manuel/robotic-models/ws_moveit2/install/srdfdom/local/lib/python3.10/dist-packages/srdfdom/__init__.py
[0.546s] -- Up-to-date: /home/manuel/robotic-models/ws_moveit2/install/srdfdom/local/lib/python3.10/dist-packages/srdfdom/srdf.py
[0.576s] Listing '/home/manuel/robotic-models/ws_moveit2/install/srdfdom/local/lib/python3.10/dist-packages/srdfdom'...
[0.581s] -- Up-to-date: /home/manuel/robotic-models/ws_moveit2/install/srdfdom/share/srdfdom/environment/library_path.sh
[0.581s] -- Up-to-date: /home/manuel/robotic-models/ws_moveit2/install/srdfdom/share/srdfdom/environment/library_path.dsv
[0.582s] -- Up-to-date: /home/manuel/robotic-models/ws_moveit2/install/srdfdom/share/ament_index/resource_index/package_run_dependencies/srdfdom
[0.582s] -- Up-to-date: /home/manuel/robotic-models/ws_moveit2/install/srdfdom/share/ament_index/resource_index/parent_prefix_path/srdfdom
[0.582s] -- Up-to-date: /home/manuel/robotic-models/ws_moveit2/install/srdfdom/share/srdfdom/environment/ament_prefix_path.sh
[0.583s] -- Up-to-date: /home/manuel/robotic-models/ws_moveit2/install/srdfdom/share/srdfdom/environment/ament_prefix_path.dsv
[0.583s] -- Up-to-date: /home/manuel/robotic-models/ws_moveit2/install/srdfdom/share/srdfdom/environment/path.sh
[0.583s] -- Up-to-date: /home/manuel/robotic-models/ws_moveit2/install/srdfdom/share/srdfdom/environment/path.dsv
[0.583s] -- Up-to-date: /home/manuel/robotic-models/ws_moveit2/install/srdfdom/share/srdfdom/local_setup.bash
[0.583s] -- Up-to-date: /home/manuel/robotic-models/ws_moveit2/install/srdfdom/share/srdfdom/local_setup.sh
[0.583s] -- Up-to-date: /home/manuel/robotic-models/ws_moveit2/install/srdfdom/share/srdfdom/local_setup.zsh
[0.583s] -- Up-to-date: /home/manuel/robotic-models/ws_moveit2/install/srdfdom/share/srdfdom/local_setup.dsv
[0.583s] -- Installing: /home/manuel/robotic-models/ws_moveit2/install/srdfdom/share/srdfdom/package.dsv
[0.584s] -- Up-to-date: /home/manuel/robotic-models/ws_moveit2/install/srdfdom/share/ament_index/resource_index/packages/srdfdom
[0.585s] -- Up-to-date: /home/manuel/robotic-models/ws_moveit2/install/srdfdom/share/srdfdom/cmake/srdfdomTargetsExport.cmake
[0.585s] -- Up-to-date: /home/manuel/robotic-models/ws_moveit2/install/srdfdom/share/srdfdom/cmake/srdfdomTargetsExport-release.cmake
[0.585s] -- Up-to-date: /home/manuel/robotic-models/ws_moveit2/install/srdfdom/share/srdfdom/cmake/ament_cmake_export_targets-extras.cmake
[0.585s] -- Up-to-date: /home/manuel/robotic-models/ws_moveit2/install/srdfdom/share/srdfdom/cmake/ament_cmake_export_dependencies-extras.cmake
[0.585s] -- Up-to-date: /home/manuel/robotic-models/ws_moveit2/install/srdfdom/share/srdfdom/cmake/srdfdomConfig.cmake
[0.585s] -- Up-to-date: /home/manuel/robotic-models/ws_moveit2/install/srdfdom/share/srdfdom/cmake/srdfdomConfig-version.cmake
[0.586s] -- Up-to-date: /home/manuel/robotic-models/ws_moveit2/install/srdfdom/share/srdfdom/package.xml
[0.604s] Invoked command in '/home/manuel/robotic-models/ws_moveit2/build/srdfdom' returned '0': CMAKE_PREFIX_PATH=/opt/ros/humble /usr/bin/cmake --install /home/manuel/robotic-models/ws_moveit2/build/srdfdom
