[0.017s] Invoking command in '/home/manuel/robotic-models/ws_moveit2/build/moveit_ros_planning': AMENT_PREFIX_PATH=/home/manuel/robotic-models/ws_moveit2/install/moveit_ros_occupancy_map_monitor:/home/manuel/robotic-models/ws_moveit2/install/moveit_core:/home/manuel/robotic-models/ws_moveit2/install/moveit_resources_panda_moveit_config:/home/manuel/robotic-models/ws_moveit2/install/srdfdom:/home/manuel/robotic-models/ws_moveit2/install/moveit_resources_panda_description:/home/manuel/robotic-models/ws_moveit2/install/moveit_common:${AMENT_PREFIX_PATH} CMAKE_PREFIX_PATH=/home/manuel/robotic-models/ws_moveit2/install/moveit_ros_occupancy_map_monitor:/home/manuel/robotic-models/ws_moveit2/install/moveit_core:/home/manuel/robotic-models/ws_moveit2/install/moveit_resources_panda_moveit_config:/home/manuel/robotic-models/ws_moveit2/install/srdfdom:/home/manuel/robotic-models/ws_moveit2/install/moveit_resources_panda_description:/home/manuel/robotic-models/ws_moveit2/install/moveit_common:/opt/ros/humble LD_LIBRARY_PATH=/home/manuel/robotic-models/ws_moveit2/install/moveit_ros_occupancy_map_monitor/lib:/home/manuel/robotic-models/ws_moveit2/install/moveit_core/lib:/home/manuel/robotic-models/ws_moveit2/install/srdfdom/lib:${LD_LIBRARY_PATH} PATH=/home/manuel/robotic-models/ws_moveit2/install/moveit_core/bin:${PATH} PYTHONPATH=/home/manuel/robotic-models/ws_moveit2/install/srdfdom/local/lib/python3.10/dist-packages:${PYTHONPATH} /usr/bin/cmake --build /home/manuel/robotic-models/ws_moveit2/build/moveit_ros_planning -- -j16 -l16
[0.087s] [  4%] Built target moveit_rdf_loader
[0.108s] [  9%] Built target gmock
[0.136s] [ 12%] Built target moveit_constraint_sampler_manager_loader
[0.171s] [ 16%] Built target moveit_kinematics_plugin_loader
[0.194s] [ 19%] Built target gmock_main
[0.220s] [ 22%] Built target moveit_robot_model_loader
[0.248s] [ 25%] Built target moveit_list_request_adapter_plugins
[0.276s] [ 29%] Built target moveit_print_planning_model_info
[0.332s] [ 46%] Built target moveit_default_planning_request_adapter_plugins
[0.360s] [ 50%] Built target moveit_planning_pipeline
[0.389s] [ 53%] Built target moveit_collision_plugin_loader
[0.434s] [ 62%] Built target moveit_planning_scene_monitor
[0.463s] [ 66%] Built target demo_scene
[0.497s] [ 69%] Built target moveit_trajectory_execution_manager
[0.527s] [ 72%] Built target moveit_publish_scene_from_text
[0.561s] [ 77%] Built target moveit_cpp
[0.593s] [ 80%] Built target moveit_plan_execution
[0.626s] [ 83%] Built target moveit_evaluate_collision_checking_speed
[0.658s] [ 87%] Built target moveit_visualize_robot_collision_volume
[0.686s] [ 90%] Built target moveit_display_random_state
[0.720s] [ 93%] Built target moveit_print_planning_scene_info
[0.753s] [ 96%] Built target trajectory_monitor_tests
[0.780s] [100%] Built target current_state_monitor_tests
[0.790s] Invoked command in '/home/manuel/robotic-models/ws_moveit2/build/moveit_ros_planning' returned '0': AMENT_PREFIX_PATH=/home/manuel/robotic-models/ws_moveit2/install/moveit_ros_occupancy_map_monitor:/home/manuel/robotic-models/ws_moveit2/install/moveit_core:/home/manuel/robotic-models/ws_moveit2/install/moveit_resources_panda_moveit_config:/home/manuel/robotic-models/ws_moveit2/install/srdfdom:/home/manuel/robotic-models/ws_moveit2/install/moveit_resources_panda_description:/home/manuel/robotic-models/ws_moveit2/install/moveit_common:${AMENT_PREFIX_PATH} CMAKE_PREFIX_PATH=/home/manuel/robotic-models/ws_moveit2/install/moveit_ros_occupancy_map_monitor:/home/manuel/robotic-models/ws_moveit2/install/moveit_core:/home/manuel/robotic-models/ws_moveit2/install/moveit_resources_panda_moveit_config:/home/manuel/robotic-models/ws_moveit2/install/srdfdom:/home/manuel/robotic-models/ws_moveit2/install/moveit_resources_panda_description:/home/manuel/robotic-models/ws_moveit2/install/moveit_common:/opt/ros/humble LD_LIBRARY_PATH=/home/manuel/robotic-models/ws_moveit2/install/moveit_ros_occupancy_map_monitor/lib:/home/manuel/robotic-models/ws_moveit2/install/moveit_core/lib:/home/manuel/robotic-models/ws_moveit2/install/srdfdom/lib:${LD_LIBRARY_PATH} PATH=/home/manuel/robotic-models/ws_moveit2/install/moveit_core/bin:${PATH} PYTHONPATH=/home/manuel/robotic-models/ws_moveit2/install/srdfdom/local/lib/python3.10/dist-packages:${PYTHONPATH} /usr/bin/cmake --build /home/manuel/robotic-models/ws_moveit2/build/moveit_ros_planning -- -j16 -l16
[0.818s] Invoking command in '/home/manuel/robotic-models/ws_moveit2/build/moveit_ros_planning': AMENT_PREFIX_PATH=/home/manuel/robotic-models/ws_moveit2/install/moveit_ros_occupancy_map_monitor:/home/manuel/robotic-models/ws_moveit2/install/moveit_core:/home/manuel/robotic-models/ws_moveit2/install/moveit_resources_panda_moveit_config:/home/manuel/robotic-models/ws_moveit2/install/srdfdom:/home/manuel/robotic-models/ws_moveit2/install/moveit_resources_panda_description:/home/manuel/robotic-models/ws_moveit2/install/moveit_common:${AMENT_PREFIX_PATH} CMAKE_PREFIX_PATH=/home/manuel/robotic-models/ws_moveit2/install/moveit_ros_occupancy_map_monitor:/home/manuel/robotic-models/ws_moveit2/install/moveit_core:/home/manuel/robotic-models/ws_moveit2/install/moveit_resources_panda_moveit_config:/home/manuel/robotic-models/ws_moveit2/install/srdfdom:/home/manuel/robotic-models/ws_moveit2/install/moveit_resources_panda_description:/home/manuel/robotic-models/ws_moveit2/install/moveit_common:/opt/ros/humble LD_LIBRARY_PATH=/home/manuel/robotic-models/ws_moveit2/install/moveit_ros_occupancy_map_monitor/lib:/home/manuel/robotic-models/ws_moveit2/install/moveit_core/lib:/home/manuel/robotic-models/ws_moveit2/install/srdfdom/lib:${LD_LIBRARY_PATH} PATH=/home/manuel/robotic-models/ws_moveit2/install/moveit_core/bin:${PATH} PYTHONPATH=/home/manuel/robotic-models/ws_moveit2/install/srdfdom/local/lib/python3.10/dist-packages:${PYTHONPATH} /usr/bin/cmake --install /home/manuel/robotic-models/ws_moveit2/build/moveit_ros_planning
[0.825s] -- Install configuration: "Release"
[0.825s] -- Up-to-date: /home/manuel/robotic-models/ws_moveit2/install/moveit_ros_planning/include
[0.825s] -- Up-to-date: /home/manuel/robotic-models/ws_moveit2/install/moveit_ros_planning/include/moveit
[0.826s] -- Up-to-date: /home/manuel/robotic-models/ws_moveit2/install/moveit_ros_planning/include/moveit/rdf_loader
[0.826s] -- Up-to-date: /home/manuel/robotic-models/ws_moveit2/install/moveit_ros_planning/include/moveit/rdf_loader/rdf_loader.h
[0.826s] -- Up-to-date: /home/manuel/robotic-models/ws_moveit2/install/moveit_ros_planning/include/moveit/rdf_loader/synchronized_string_parameter.h
[0.827s] -- Up-to-date: /home/manuel/robotic-models/ws_moveit2/install/moveit_ros_planning/share/moveit_ros_planning/rdf_loader/test/data
[0.828s] -- Up-to-date: /home/manuel/robotic-models/ws_moveit2/install/moveit_ros_planning/share/moveit_ros_planning/rdf_loader/test/data/robin.srdf.xacro
[0.828s] -- Up-to-date: /home/manuel/robotic-models/ws_moveit2/install/moveit_ros_planning/share/moveit_ros_planning/rdf_loader/test/data/kermit.srdf
[0.828s] -- Up-to-date: /home/manuel/robotic-models/ws_moveit2/install/moveit_ros_planning/share/moveit_ros_planning/rdf_loader/test/data/gonzo.srdf
[0.828s] -- Up-to-date: /home/manuel/robotic-models/ws_moveit2/install/moveit_ros_planning/share/moveit_ros_planning/rdf_loader/test/data/kermit.urdf
[0.828s] -- Up-to-date: /home/manuel/robotic-models/ws_moveit2/install/moveit_ros_planning/share/moveit_ros_planning/rdf_loader/test/data/gonzo.urdf
[0.828s] -- Up-to-date: /home/manuel/robotic-models/ws_moveit2/install/moveit_ros_planning/share/moveit_ros_planning/rdf_loader/test/launch
[0.828s] -- Up-to-date: /home/manuel/robotic-models/ws_moveit2/install/moveit_ros_planning/share/moveit_ros_planning/rdf_loader/test/launch/test_rdf_integration.test.py
[0.829s] -- Up-to-date: /home/manuel/robotic-models/ws_moveit2/install/moveit_ros_planning/include
[0.829s] -- Up-to-date: /home/manuel/robotic-models/ws_moveit2/install/moveit_ros_planning/include/moveit
[0.829s] -- Up-to-date: /home/manuel/robotic-models/ws_moveit2/install/moveit_ros_planning/include/moveit/collision_plugin_loader
[0.829s] -- Up-to-date: /home/manuel/robotic-models/ws_moveit2/install/moveit_ros_planning/include/moveit/collision_plugin_loader/collision_plugin_loader.h
[0.829s] -- Up-to-date: /home/manuel/robotic-models/ws_moveit2/install/moveit_ros_planning/include
[0.829s] -- Up-to-date: /home/manuel/robotic-models/ws_moveit2/install/moveit_ros_planning/include/moveit
[0.829s] -- Up-to-date: /home/manuel/robotic-models/ws_moveit2/install/moveit_ros_planning/include/moveit/kinematics_plugin_loader
[0.830s] -- Up-to-date: /home/manuel/robotic-models/ws_moveit2/install/moveit_ros_planning/include/moveit/kinematics_plugin_loader/kinematics_plugin_loader.h
[0.830s] -- Up-to-date: /home/manuel/robotic-models/ws_moveit2/install/moveit_ros_planning/include
[0.830s] -- Up-to-date: /home/manuel/robotic-models/ws_moveit2/install/moveit_ros_planning/include/moveit
[0.830s] -- Up-to-date: /home/manuel/robotic-models/ws_moveit2/install/moveit_ros_planning/include/moveit/robot_model_loader
[0.830s] -- Up-to-date: /home/manuel/robotic-models/ws_moveit2/install/moveit_ros_planning/include/moveit/robot_model_loader/robot_model_loader.h
[0.831s] -- Up-to-date: /home/manuel/robotic-models/ws_moveit2/install/moveit_ros_planning/include
[0.831s] -- Up-to-date: /home/manuel/robotic-models/ws_moveit2/install/moveit_ros_planning/include/moveit
[0.831s] -- Up-to-date: /home/manuel/robotic-models/ws_moveit2/install/moveit_ros_planning/include/moveit/constraint_sampler_manager_loader
[0.831s] -- Up-to-date: /home/manuel/robotic-models/ws_moveit2/install/moveit_ros_planning/include/moveit/constraint_sampler_manager_loader/constraint_sampler_manager_loader.h
[0.831s] -- Up-to-date: /home/manuel/robotic-models/ws_moveit2/install/moveit_ros_planning/include
[0.832s] -- Up-to-date: /home/manuel/robotic-models/ws_moveit2/install/moveit_ros_planning/include/moveit
[0.832s] -- Up-to-date: /home/manuel/robotic-models/ws_moveit2/install/moveit_ros_planning/include/moveit/planning_pipeline
[0.832s] -- Up-to-date: /home/manuel/robotic-models/ws_moveit2/install/moveit_ros_planning/include/moveit/planning_pipeline/planning_pipeline.h
[0.832s] -- Up-to-date: /home/manuel/robotic-models/ws_moveit2/install/moveit_ros_planning/include/moveit_planning_pipeline_export.h
[0.834s] -- Up-to-date: /home/manuel/robotic-models/ws_moveit2/install/moveit_ros_planning/lib/moveit_ros_planning/moveit_list_request_adapter_plugins
[0.835s] -- Up-to-date: /home/manuel/robotic-models/ws_moveit2/install/moveit_ros_planning/lib/moveit_ros_planning/demo_scene
[0.835s] -- Up-to-date: /home/manuel/robotic-models/ws_moveit2/install/moveit_ros_planning/include
[0.835s] -- Up-to-date: /home/manuel/robotic-models/ws_moveit2/install/moveit_ros_planning/include/moveit
[0.835s] -- Up-to-date: /home/manuel/robotic-models/ws_moveit2/install/moveit_ros_planning/include/moveit/planning_scene_monitor
[0.835s] -- Up-to-date: /home/manuel/robotic-models/ws_moveit2/install/moveit_ros_planning/include/moveit/planning_scene_monitor/planning_scene_monitor.h
[0.836s] -- Up-to-date: /home/manuel/robotic-models/ws_moveit2/install/moveit_ros_planning/include/moveit/planning_scene_monitor/current_state_monitor.h
[0.836s] -- Up-to-date: /home/manuel/robotic-models/ws_moveit2/install/moveit_ros_planning/include/moveit/planning_scene_monitor/trajectory_monitor.h
[0.836s] -- Up-to-date: /home/manuel/robotic-models/ws_moveit2/install/moveit_ros_planning/include/moveit/planning_scene_monitor/trajectory_monitor_middleware_handle.hpp
[0.836s] -- Up-to-date: /home/manuel/robotic-models/ws_moveit2/install/moveit_ros_planning/include/moveit/planning_scene_monitor/current_state_monitor_middleware_handle.hpp
[0.836s] -- Up-to-date: /home/manuel/robotic-models/ws_moveit2/install/moveit_ros_planning/include/moveit_planning_scene_monitor_export.h
[0.837s] -- Up-to-date: /home/manuel/robotic-models/ws_moveit2/install/moveit_ros_planning/lib/moveit_ros_planning/moveit_print_planning_model_info
[0.838s] -- Up-to-date: /home/manuel/robotic-models/ws_moveit2/install/moveit_ros_planning/lib/moveit_ros_planning/moveit_print_planning_scene_info
[0.839s] -- Up-to-date: /home/manuel/robotic-models/ws_moveit2/install/moveit_ros_planning/lib/moveit_ros_planning/moveit_display_random_state
[0.840s] -- Up-to-date: /home/manuel/robotic-models/ws_moveit2/install/moveit_ros_planning/lib/moveit_ros_planning/moveit_visualize_robot_collision_volume
[0.841s] -- Up-to-date: /home/manuel/robotic-models/ws_moveit2/install/moveit_ros_planning/lib/moveit_ros_planning/moveit_evaluate_collision_checking_speed
[0.842s] -- Up-to-date: /home/manuel/robotic-models/ws_moveit2/install/moveit_ros_planning/lib/moveit_ros_planning/moveit_publish_scene_from_text
[0.843s] -- Up-to-date: /home/manuel/robotic-models/ws_moveit2/install/moveit_ros_planning/include
[0.843s] -- Up-to-date: /home/manuel/robotic-models/ws_moveit2/install/moveit_ros_planning/include/moveit
[0.843s] -- Up-to-date: /home/manuel/robotic-models/ws_moveit2/install/moveit_ros_planning/include/moveit/trajectory_execution_manager
[0.843s] -- Up-to-date: /home/manuel/robotic-models/ws_moveit2/install/moveit_ros_planning/include/moveit/trajectory_execution_manager/trajectory_execution_manager.h
[0.843s] -- Up-to-date: /home/manuel/robotic-models/ws_moveit2/install/moveit_ros_planning/include/moveit_trajectory_execution_manager_export.h
[0.843s] -- Up-to-date: /home/manuel/robotic-models/ws_moveit2/install/moveit_ros_planning/include
[0.843s] -- Up-to-date: /home/manuel/robotic-models/ws_moveit2/install/moveit_ros_planning/include/moveit
[0.843s] -- Up-to-date: /home/manuel/robotic-models/ws_moveit2/install/moveit_ros_planning/include/moveit/plan_execution
[0.844s] -- Up-to-date: /home/manuel/robotic-models/ws_moveit2/install/moveit_ros_planning/include/moveit/plan_execution/plan_representation.h
[0.844s] -- Up-to-date: /home/manuel/robotic-models/ws_moveit2/install/moveit_ros_planning/include/moveit/plan_execution/plan_execution.h
[0.844s] -- Up-to-date: /home/manuel/robotic-models/ws_moveit2/install/moveit_ros_planning/include
[0.844s] -- Up-to-date: /home/manuel/robotic-models/ws_moveit2/install/moveit_ros_planning/include/moveit
[0.844s] -- Up-to-date: /home/manuel/robotic-models/ws_moveit2/install/moveit_ros_planning/include/moveit/moveit_cpp
[0.844s] -- Up-to-date: /home/manuel/robotic-models/ws_moveit2/install/moveit_ros_planning/include/moveit/moveit_cpp/moveit_cpp.h
[0.844s] -- Up-to-date: /home/manuel/robotic-models/ws_moveit2/install/moveit_ros_planning/include/moveit/moveit_cpp/planning_component.h
[0.845s] -- Up-to-date: /home/manuel/robotic-models/ws_moveit2/install/moveit_ros_planning/lib/libmoveit_rdf_loader.so.2.5.5
[0.845s] -- Up-to-date: /home/manuel/robotic-models/ws_moveit2/install/moveit_ros_planning/lib/libmoveit_rdf_loader.so
[0.846s] -- Up-to-date: /home/manuel/robotic-models/ws_moveit2/install/moveit_ros_planning/lib/libmoveit_kinematics_plugin_loader.so.2.5.5
[0.846s] -- Up-to-date: /home/manuel/robotic-models/ws_moveit2/install/moveit_ros_planning/lib/libmoveit_kinematics_plugin_loader.so
[0.847s] -- Up-to-date: /home/manuel/robotic-models/ws_moveit2/install/moveit_ros_planning/lib/libmoveit_robot_model_loader.so.2.5.5
[0.847s] -- Up-to-date: /home/manuel/robotic-models/ws_moveit2/install/moveit_ros_planning/lib/libmoveit_robot_model_loader.so
[0.848s] -- Up-to-date: /home/manuel/robotic-models/ws_moveit2/install/moveit_ros_planning/lib/libmoveit_constraint_sampler_manager_loader.so.2.5.5
[0.848s] -- Up-to-date: /home/manuel/robotic-models/ws_moveit2/install/moveit_ros_planning/lib/libmoveit_constraint_sampler_manager_loader.so
[0.849s] -- Up-to-date: /home/manuel/robotic-models/ws_moveit2/install/moveit_ros_planning/lib/libmoveit_planning_pipeline.so.2.5.5
[0.849s] -- Up-to-date: /home/manuel/robotic-models/ws_moveit2/install/moveit_ros_planning/lib/libmoveit_planning_pipeline.so
[0.850s] -- Up-to-date: /home/manuel/robotic-models/ws_moveit2/install/moveit_ros_planning/lib/libmoveit_trajectory_execution_manager.so.2.5.5
[0.850s] -- Up-to-date: /home/manuel/robotic-models/ws_moveit2/install/moveit_ros_planning/lib/libmoveit_trajectory_execution_manager.so
[0.851s] -- Up-to-date: /home/manuel/robotic-models/ws_moveit2/install/moveit_ros_planning/lib/libmoveit_plan_execution.so.2.5.5
[0.852s] -- Up-to-date: /home/manuel/robotic-models/ws_moveit2/install/moveit_ros_planning/lib/libmoveit_plan_execution.so
[0.853s] -- Up-to-date: /home/manuel/robotic-models/ws_moveit2/install/moveit_ros_planning/lib/libmoveit_planning_scene_monitor.so.2.5.5
[0.853s] -- Up-to-date: /home/manuel/robotic-models/ws_moveit2/install/moveit_ros_planning/lib/libmoveit_planning_scene_monitor.so
[0.854s] -- Up-to-date: /home/manuel/robotic-models/ws_moveit2/install/moveit_ros_planning/lib/libmoveit_collision_plugin_loader.so.2.5.5
[0.854s] -- Up-to-date: /home/manuel/robotic-models/ws_moveit2/install/moveit_ros_planning/lib/libmoveit_collision_plugin_loader.so
[0.854s] -- Up-to-date: /home/manuel/robotic-models/ws_moveit2/install/moveit_ros_planning/lib/libmoveit_default_planning_request_adapter_plugins.so.2.5.5
[0.855s] -- Up-to-date: /home/manuel/robotic-models/ws_moveit2/install/moveit_ros_planning/lib/libmoveit_default_planning_request_adapter_plugins.so
[0.856s] -- Up-to-date: /home/manuel/robotic-models/ws_moveit2/install/moveit_ros_planning/lib/libmoveit_cpp.so.2.5.5
[0.856s] -- Up-to-date: /home/manuel/robotic-models/ws_moveit2/install/moveit_ros_planning/lib/libmoveit_cpp.so
[0.856s] -- Up-to-date: /home/manuel/robotic-models/ws_moveit2/install/moveit_ros_planning/share/moveit_ros_planning/environment/library_path.sh
[0.856s] -- Up-to-date: /home/manuel/robotic-models/ws_moveit2/install/moveit_ros_planning/share/moveit_ros_planning/environment/library_path.dsv
[0.856s] -- Up-to-date: /home/manuel/robotic-models/ws_moveit2/install/moveit_ros_planning/share/moveit_ros_planning/planning_request_adapters_plugin_description.xml
[0.857s] -- Up-to-date: /home/manuel/robotic-models/ws_moveit2/install/moveit_ros_planning/share/ament_index/resource_index/package_run_dependencies/moveit_ros_planning
[0.857s] -- Up-to-date: /home/manuel/robotic-models/ws_moveit2/install/moveit_ros_planning/share/ament_index/resource_index/parent_prefix_path/moveit_ros_planning
[0.857s] -- Up-to-date: /home/manuel/robotic-models/ws_moveit2/install/moveit_ros_planning/share/moveit_ros_planning/environment/ament_prefix_path.sh
[0.857s] -- Up-to-date: /home/manuel/robotic-models/ws_moveit2/install/moveit_ros_planning/share/moveit_ros_planning/environment/ament_prefix_path.dsv
[0.857s] -- Up-to-date: /home/manuel/robotic-models/ws_moveit2/install/moveit_ros_planning/share/moveit_ros_planning/environment/path.sh
[0.857s] -- Up-to-date: /home/manuel/robotic-models/ws_moveit2/install/moveit_ros_planning/share/moveit_ros_planning/environment/path.dsv
[0.857s] -- Up-to-date: /home/manuel/robotic-models/ws_moveit2/install/moveit_ros_planning/share/moveit_ros_planning/local_setup.bash
[0.858s] -- Up-to-date: /home/manuel/robotic-models/ws_moveit2/install/moveit_ros_planning/share/moveit_ros_planning/local_setup.sh
[0.858s] -- Up-to-date: /home/manuel/robotic-models/ws_moveit2/install/moveit_ros_planning/share/moveit_ros_planning/local_setup.zsh
[0.858s] -- Up-to-date: /home/manuel/robotic-models/ws_moveit2/install/moveit_ros_planning/share/moveit_ros_planning/local_setup.dsv
[0.858s] -- Installing: /home/manuel/robotic-models/ws_moveit2/install/moveit_ros_planning/share/moveit_ros_planning/package.dsv
[0.858s] -- Up-to-date: /home/manuel/robotic-models/ws_moveit2/install/moveit_ros_planning/share/ament_index/resource_index/packages/moveit_ros_planning
[0.858s] -- Up-to-date: /home/manuel/robotic-models/ws_moveit2/install/moveit_ros_planning/share/ament_index/resource_index/moveit_core__pluginlib__plugin/moveit_ros_planning
[0.860s] -- Up-to-date: /home/manuel/robotic-models/ws_moveit2/install/moveit_ros_planning/share/moveit_ros_planning/cmake/export_moveit_ros_planningExport.cmake
[0.861s] -- Up-to-date: /home/manuel/robotic-models/ws_moveit2/install/moveit_ros_planning/share/moveit_ros_planning/cmake/export_moveit_ros_planningExport-release.cmake
[0.861s] -- Up-to-date: /home/manuel/robotic-models/ws_moveit2/install/moveit_ros_planning/share/moveit_ros_planning/cmake/ConfigExtras.cmake
[0.861s] -- Up-to-date: /home/manuel/robotic-models/ws_moveit2/install/moveit_ros_planning/share/moveit_ros_planning/cmake/ament_cmake_export_targets-extras.cmake
[0.861s] -- Up-to-date: /home/manuel/robotic-models/ws_moveit2/install/moveit_ros_planning/share/moveit_ros_planning/cmake/ament_cmake_export_dependencies-extras.cmake
[0.861s] -- Up-to-date: /home/manuel/robotic-models/ws_moveit2/install/moveit_ros_planning/share/moveit_ros_planning/cmake/moveit_ros_planningConfig.cmake
[0.861s] -- Up-to-date: /home/manuel/robotic-models/ws_moveit2/install/moveit_ros_planning/share/moveit_ros_planning/cmake/moveit_ros_planningConfig-version.cmake
[0.861s] -- Up-to-date: /home/manuel/robotic-models/ws_moveit2/install/moveit_ros_planning/share/moveit_ros_planning/package.xml
[0.863s] Invoked command in '/home/manuel/robotic-models/ws_moveit2/build/moveit_ros_planning' returned '0': AMENT_PREFIX_PATH=/home/manuel/robotic-models/ws_moveit2/install/moveit_ros_occupancy_map_monitor:/home/manuel/robotic-models/ws_moveit2/install/moveit_core:/home/manuel/robotic-models/ws_moveit2/install/moveit_resources_panda_moveit_config:/home/manuel/robotic-models/ws_moveit2/install/srdfdom:/home/manuel/robotic-models/ws_moveit2/install/moveit_resources_panda_description:/home/manuel/robotic-models/ws_moveit2/install/moveit_common:${AMENT_PREFIX_PATH} CMAKE_PREFIX_PATH=/home/manuel/robotic-models/ws_moveit2/install/moveit_ros_occupancy_map_monitor:/home/manuel/robotic-models/ws_moveit2/install/moveit_core:/home/manuel/robotic-models/ws_moveit2/install/moveit_resources_panda_moveit_config:/home/manuel/robotic-models/ws_moveit2/install/srdfdom:/home/manuel/robotic-models/ws_moveit2/install/moveit_resources_panda_description:/home/manuel/robotic-models/ws_moveit2/install/moveit_common:/opt/ros/humble LD_LIBRARY_PATH=/home/manuel/robotic-models/ws_moveit2/install/moveit_ros_occupancy_map_monitor/lib:/home/manuel/robotic-models/ws_moveit2/install/moveit_core/lib:/home/manuel/robotic-models/ws_moveit2/install/srdfdom/lib:${LD_LIBRARY_PATH} PATH=/home/manuel/robotic-models/ws_moveit2/install/moveit_core/bin:${PATH} PYTHONPATH=/home/manuel/robotic-models/ws_moveit2/install/srdfdom/local/lib/python3.10/dist-packages:${PYTHONPATH} /usr/bin/cmake --install /home/manuel/robotic-models/ws_moveit2/build/moveit_ros_planning
