[0.025s] Invoking command in '/home/manuel/robotic-models/ws_moveit2/build/chomp_motion_planner': AMENT_PREFIX_PATH=/home/manuel/robotic-models/ws_moveit2/install/moveit_core:/home/manuel/robotic-models/ws_moveit2/install/srdfdom:/home/manuel/robotic-models/ws_moveit2/install/moveit_common:${AMENT_PREFIX_PATH} CMAKE_PREFIX_PATH=/home/manuel/robotic-models/ws_moveit2/install/moveit_core:/home/manuel/robotic-models/ws_moveit2/install/srdfdom:/home/manuel/robotic-models/ws_moveit2/install/moveit_common:/opt/ros/humble LD_LIBRARY_PATH=/home/manuel/robotic-models/ws_moveit2/install/moveit_core/lib:/home/manuel/robotic-models/ws_moveit2/install/srdfdom/lib:${LD_LIBRARY_PATH} PATH=/home/manuel/robotic-models/ws_moveit2/install/moveit_core/bin:${PATH} PYTHONPATH=/home/manuel/robotic-models/ws_moveit2/install/srdfdom/local/lib/python3.10/dist-packages:${PYTHONPATH} /usr/bin/cmake --build /home/manuel/robotic-models/ws_moveit2/build/chomp_motion_planner -- -j16 -l16
[0.078s] [35m[1mConsolidate compiler generated dependencies of target chomp_motion_planner[0m
[0.130s] [100%] Built target chomp_motion_planner
[0.149s] Invoked command in '/home/manuel/robotic-models/ws_moveit2/build/chomp_motion_planner' returned '0': AMENT_PREFIX_PATH=/home/manuel/robotic-models/ws_moveit2/install/moveit_core:/home/manuel/robotic-models/ws_moveit2/install/srdfdom:/home/manuel/robotic-models/ws_moveit2/install/moveit_common:${AMENT_PREFIX_PATH} CMAKE_PREFIX_PATH=/home/manuel/robotic-models/ws_moveit2/install/moveit_core:/home/manuel/robotic-models/ws_moveit2/install/srdfdom:/home/manuel/robotic-models/ws_moveit2/install/moveit_common:/opt/ros/humble LD_LIBRARY_PATH=/home/manuel/robotic-models/ws_moveit2/install/moveit_core/lib:/home/manuel/robotic-models/ws_moveit2/install/srdfdom/lib:${LD_LIBRARY_PATH} PATH=/home/manuel/robotic-models/ws_moveit2/install/moveit_core/bin:${PATH} PYTHONPATH=/home/manuel/robotic-models/ws_moveit2/install/srdfdom/local/lib/python3.10/dist-packages:${PYTHONPATH} /usr/bin/cmake --build /home/manuel/robotic-models/ws_moveit2/build/chomp_motion_planner -- -j16 -l16
[0.175s] Invoking command in '/home/manuel/robotic-models/ws_moveit2/build/chomp_motion_planner': AMENT_PREFIX_PATH=/home/manuel/robotic-models/ws_moveit2/install/moveit_core:/home/manuel/robotic-models/ws_moveit2/install/srdfdom:/home/manuel/robotic-models/ws_moveit2/install/moveit_common:${AMENT_PREFIX_PATH} CMAKE_PREFIX_PATH=/home/manuel/robotic-models/ws_moveit2/install/moveit_core:/home/manuel/robotic-models/ws_moveit2/install/srdfdom:/home/manuel/robotic-models/ws_moveit2/install/moveit_common:/opt/ros/humble LD_LIBRARY_PATH=/home/manuel/robotic-models/ws_moveit2/install/moveit_core/lib:/home/manuel/robotic-models/ws_moveit2/install/srdfdom/lib:${LD_LIBRARY_PATH} PATH=/home/manuel/robotic-models/ws_moveit2/install/moveit_core/bin:${PATH} PYTHONPATH=/home/manuel/robotic-models/ws_moveit2/install/srdfdom/local/lib/python3.10/dist-packages:${PYTHONPATH} /usr/bin/cmake --install /home/manuel/robotic-models/ws_moveit2/build/chomp_motion_planner
[0.178s] -- Install configuration: "Release"
[0.179s] -- Up-to-date: /home/manuel/robotic-models/ws_moveit2/install/chomp_motion_planner/lib/libchomp_motion_planner.so.2.5.5
[0.180s] -- Up-to-date: /home/manuel/robotic-models/ws_moveit2/install/chomp_motion_planner/lib/libchomp_motion_planner.so
[0.180s] -- Up-to-date: /home/manuel/robotic-models/ws_moveit2/install/chomp_motion_planner/include
[0.180s] -- Up-to-date: /home/manuel/robotic-models/ws_moveit2/install/chomp_motion_planner/include/chomp_motion_planner
[0.180s] -- Up-to-date: /home/manuel/robotic-models/ws_moveit2/install/chomp_motion_planner/include/chomp_motion_planner/chomp_parameters.h
[0.181s] -- Up-to-date: /home/manuel/robotic-models/ws_moveit2/install/chomp_motion_planner/include/chomp_motion_planner/chomp_optimizer.h
[0.181s] -- Up-to-date: /home/manuel/robotic-models/ws_moveit2/install/chomp_motion_planner/include/chomp_motion_planner/chomp_planner.h
[0.181s] -- Up-to-date: /home/manuel/robotic-models/ws_moveit2/install/chomp_motion_planner/include/chomp_motion_planner/multivariate_gaussian.h
[0.182s] -- Up-to-date: /home/manuel/robotic-models/ws_moveit2/install/chomp_motion_planner/include/chomp_motion_planner/chomp_cost.h
[0.183s] -- Up-to-date: /home/manuel/robotic-models/ws_moveit2/install/chomp_motion_planner/include/chomp_motion_planner/chomp_trajectory.h
[0.183s] -- Up-to-date: /home/manuel/robotic-models/ws_moveit2/install/chomp_motion_planner/include/chomp_motion_planner/chomp_utils.h
[0.183s] -- Up-to-date: /home/manuel/robotic-models/ws_moveit2/install/chomp_motion_planner/share/chomp_motion_planner/environment/library_path.sh
[0.183s] -- Up-to-date: /home/manuel/robotic-models/ws_moveit2/install/chomp_motion_planner/share/chomp_motion_planner/environment/library_path.dsv
[0.184s] -- Up-to-date: /home/manuel/robotic-models/ws_moveit2/install/chomp_motion_planner/share/ament_index/resource_index/package_run_dependencies/chomp_motion_planner
[0.184s] -- Up-to-date: /home/manuel/robotic-models/ws_moveit2/install/chomp_motion_planner/share/ament_index/resource_index/parent_prefix_path/chomp_motion_planner
[0.185s] -- Up-to-date: /home/manuel/robotic-models/ws_moveit2/install/chomp_motion_planner/share/chomp_motion_planner/environment/ament_prefix_path.sh
[0.185s] -- Up-to-date: /home/manuel/robotic-models/ws_moveit2/install/chomp_motion_planner/share/chomp_motion_planner/environment/ament_prefix_path.dsv
[0.185s] -- Up-to-date: /home/manuel/robotic-models/ws_moveit2/install/chomp_motion_planner/share/chomp_motion_planner/environment/path.sh
[0.185s] -- Up-to-date: /home/manuel/robotic-models/ws_moveit2/install/chomp_motion_planner/share/chomp_motion_planner/environment/path.dsv
[0.186s] -- Up-to-date: /home/manuel/robotic-models/ws_moveit2/install/chomp_motion_planner/share/chomp_motion_planner/local_setup.bash
[0.186s] -- Up-to-date: /home/manuel/robotic-models/ws_moveit2/install/chomp_motion_planner/share/chomp_motion_planner/local_setup.sh
[0.187s] -- Up-to-date: /home/manuel/robotic-models/ws_moveit2/install/chomp_motion_planner/share/chomp_motion_planner/local_setup.zsh
[0.187s] -- Up-to-date: /home/manuel/robotic-models/ws_moveit2/install/chomp_motion_planner/share/chomp_motion_planner/local_setup.dsv
[0.187s] -- Installing: /home/manuel/robotic-models/ws_moveit2/install/chomp_motion_planner/share/chomp_motion_planner/package.dsv
[0.187s] -- Up-to-date: /home/manuel/robotic-models/ws_moveit2/install/chomp_motion_planner/share/ament_index/resource_index/packages/chomp_motion_planner
[0.188s] -- Up-to-date: /home/manuel/robotic-models/ws_moveit2/install/chomp_motion_planner/share/chomp_motion_planner/cmake/chomp_motion_plannerTargetsExport.cmake
[0.188s] -- Up-to-date: /home/manuel/robotic-models/ws_moveit2/install/chomp_motion_planner/share/chomp_motion_planner/cmake/chomp_motion_plannerTargetsExport-release.cmake
[0.188s] -- Up-to-date: /home/manuel/robotic-models/ws_moveit2/install/chomp_motion_planner/share/chomp_motion_planner/cmake/ament_cmake_export_targets-extras.cmake
[0.189s] -- Up-to-date: /home/manuel/robotic-models/ws_moveit2/install/chomp_motion_planner/share/chomp_motion_planner/cmake/chomp_motion_plannerConfig.cmake
[0.189s] -- Up-to-date: /home/manuel/robotic-models/ws_moveit2/install/chomp_motion_planner/share/chomp_motion_planner/cmake/chomp_motion_plannerConfig-version.cmake
[0.189s] -- Up-to-date: /home/manuel/robotic-models/ws_moveit2/install/chomp_motion_planner/share/chomp_motion_planner/package.xml
[0.202s] Invoked command in '/home/manuel/robotic-models/ws_moveit2/build/chomp_motion_planner' returned '0': AMENT_PREFIX_PATH=/home/manuel/robotic-models/ws_moveit2/install/moveit_core:/home/manuel/robotic-models/ws_moveit2/install/srdfdom:/home/manuel/robotic-models/ws_moveit2/install/moveit_common:${AMENT_PREFIX_PATH} CMAKE_PREFIX_PATH=/home/manuel/robotic-models/ws_moveit2/install/moveit_core:/home/manuel/robotic-models/ws_moveit2/install/srdfdom:/home/manuel/robotic-models/ws_moveit2/install/moveit_common:/opt/ros/humble LD_LIBRARY_PATH=/home/manuel/robotic-models/ws_moveit2/install/moveit_core/lib:/home/manuel/robotic-models/ws_moveit2/install/srdfdom/lib:${LD_LIBRARY_PATH} PATH=/home/manuel/robotic-models/ws_moveit2/install/moveit_core/bin:${PATH} PYTHONPATH=/home/manuel/robotic-models/ws_moveit2/install/srdfdom/local/lib/python3.10/dist-packages:${PYTHONPATH} /usr/bin/cmake --install /home/manuel/robotic-models/ws_moveit2/build/chomp_motion_planner
